<?xml version="1.0" encoding="UTF-8"?>
<testsuite name="com.loyalty.avenger.cashlock.specification.GetCashLockSpec" tests="11" skipped="0" failures="0" errors="0" timestamp="2021-11-26T23:40:11" hostname="CAN-JLC-ASML7H" time="477.852">
  <properties/>
  <testcase name="TC-1. When Active collector lock their redemption from  mobile channel=  (cash redemption = true )then the collector  is not able to redeem points from their account ." classname="com.loyalty.avenger.cashlock.specification.GetCashLockSpec" time="64.548"/>
  <testcase name="TC-2. When Active  collector unlock their redemption from  mobile (cash redemption = false) then the collector is  able to redeem points from their account ." classname="com.loyalty.avenger.cashlock.specification.GetCashLockSpec" time="41.38"/>
  <testcase name="TC-3. When Active  collector lock their redemption from  WEB (cash redemption = true) then  collector is not able to redeem points from their account ." classname="com.loyalty.avenger.cashlock.specification.GetCashLockSpec" time="41.488"/>
  <testcase name="TC-4. When Active  collector unlock their redemption from  WEB (cash redemption = false) then collector is  able to redeem points from their account ." classname="com.loyalty.avenger.cashlock.specification.GetCashLockSpec" time="41.178"/>
  <testcase name="TC-5. When Active  collector lock their redemption from Celo Green (GRSC) (cash redemption = true) then collector is not able to redeem points from their account ." classname="com.loyalty.avenger.cashlock.specification.GetCashLockSpec" time="41.67"/>
  <testcase name="TC-6. When Active collector unlock their redemption from  mobile (cash redemption = false) then collector is able to redeem points from their account ." classname="com.loyalty.avenger.cashlock.specification.GetCashLockSpec" time="41.458"/>
  <testcase name="TC-7. When dormant collector lock their redemption from  WEB (cash redemption = true) then  collector is not able to redeem points from their account ." classname="com.loyalty.avenger.cashlock.specification.GetCashLockSpec" time="41.547"/>
  <testcase name="TC-8. When dormant collector unlock their redemption from  WEB (cash redemption = false) then collector is  able to redeem points from their account ." classname="com.loyalty.avenger.cashlock.specification.GetCashLockSpec" time="41.196"/>
  <testcase name="TC-09. When Victim collector  try to update their cash redemption from  WEB the collector is not able to access  their account and get Error 403 forbidden ." classname="com.loyalty.avenger.cashlock.specification.GetCashLockSpec" time="41.184"/>
  <testcase name="TC-10. When Closed collector  try to update their cash redemption from  WEB the collector is not able to access  their account and get Error 403 forbidden ." classname="com.loyalty.avenger.cashlock.specification.GetCashLockSpec" time="41.041"/>
  <testcase name="TC-11. When Cancelled collector  try to update their cash redemption from  WEB the collector is not able to access  their account and get Error 403 forbidden ." classname="com.loyalty.avenger.cashlock.specification.GetCashLockSpec" time="41.162"/>
  <system-out><![CDATA[18:40:10.892 [Test worker] DEBUG org.springframework.test.annotation.ProfileValueUtils - Retrieved @ProfileValueSourceConfiguration [null] for test class [com.loyalty.avenger.cashlock.specification.GetCashLockSpec]
18:40:10.898 [Test worker] DEBUG org.springframework.test.annotation.ProfileValueUtils - Retrieved ProfileValueSource type [class org.springframework.test.annotation.SystemProfileValueSource] for class [com.loyalty.avenger.cashlock.specification.GetCashLockSpec]
18:40:10.899 [Test worker] DEBUG org.springframework.test.annotation.ProfileValueUtils - Retrieved @ProfileValueSourceConfiguration [null] for test class [com.loyalty.avenger.cashlock.specification.GetCashLockSpec]
18:40:10.899 [Test worker] DEBUG org.springframework.test.annotation.ProfileValueUtils - Retrieved ProfileValueSource type [class org.springframework.test.annotation.SystemProfileValueSource] for class [com.loyalty.avenger.cashlock.specification.GetCashLockSpec]
18:40:10.911 [Test worker] DEBUG org.springframework.test.annotation.ProfileValueUtils - Retrieved @ProfileValueSourceConfiguration [null] for test class [com.loyalty.avenger.cashlock.specification.GetCashLockSpec]
18:40:10.911 [Test worker] DEBUG org.springframework.test.annotation.ProfileValueUtils - Retrieved ProfileValueSource type [class org.springframework.test.annotation.SystemProfileValueSource] for class [com.loyalty.avenger.cashlock.specification.GetCashLockSpec]
18:40:10.912 [Test worker] DEBUG org.springframework.test.annotation.ProfileValueUtils - Retrieved @ProfileValueSourceConfiguration [null] for test class [com.loyalty.avenger.cashlock.specification.GetCashLockSpec]
18:40:10.912 [Test worker] DEBUG org.springframework.test.annotation.ProfileValueUtils - Retrieved ProfileValueSource type [class org.springframework.test.annotation.SystemProfileValueSource] for class [com.loyalty.avenger.cashlock.specification.GetCashLockSpec]
18:40:10.912 [Test worker] DEBUG org.springframework.test.annotation.ProfileValueUtils - Retrieved @ProfileValueSourceConfiguration [null] for test class [com.loyalty.avenger.cashlock.specification.GetCashLockSpec]
18:40:10.912 [Test worker] DEBUG org.springframework.test.annotation.ProfileValueUtils - Retrieved ProfileValueSource type [class org.springframework.test.annotation.SystemProfileValueSource] for class [com.loyalty.avenger.cashlock.specification.GetCashLockSpec]
18:40:10.913 [Test worker] DEBUG org.springframework.test.annotation.ProfileValueUtils - Retrieved @ProfileValueSourceConfiguration [null] for test class [com.loyalty.avenger.cashlock.specification.GetCashLockSpec]
18:40:10.913 [Test worker] DEBUG org.springframework.test.annotation.ProfileValueUtils - Retrieved ProfileValueSource type [class org.springframework.test.annotation.SystemProfileValueSource] for class [com.loyalty.avenger.cashlock.specification.GetCashLockSpec]
18:40:10.914 [Test worker] DEBUG org.springframework.test.annotation.ProfileValueUtils - Retrieved @ProfileValueSourceConfiguration [null] for test class [com.loyalty.avenger.cashlock.specification.GetCashLockSpec]
18:40:10.914 [Test worker] DEBUG org.springframework.test.annotation.ProfileValueUtils - Retrieved ProfileValueSource type [class org.springframework.test.annotation.SystemProfileValueSource] for class [com.loyalty.avenger.cashlock.specification.GetCashLockSpec]
18:40:10.915 [Test worker] DEBUG org.springframework.test.annotation.ProfileValueUtils - Retrieved @ProfileValueSourceConfiguration [null] for test class [com.loyalty.avenger.cashlock.specification.GetCashLockSpec]
18:40:10.915 [Test worker] DEBUG org.springframework.test.annotation.ProfileValueUtils - Retrieved ProfileValueSource type [class org.springframework.test.annotation.SystemProfileValueSource] for class [com.loyalty.avenger.cashlock.specification.GetCashLockSpec]
18:40:10.916 [Test worker] DEBUG org.springframework.test.annotation.ProfileValueUtils - Retrieved @ProfileValueSourceConfiguration [null] for test class [com.loyalty.avenger.cashlock.specification.GetCashLockSpec]
18:40:10.916 [Test worker] DEBUG org.springframework.test.annotation.ProfileValueUtils - Retrieved ProfileValueSource type [class org.springframework.test.annotation.SystemProfileValueSource] for class [com.loyalty.avenger.cashlock.specification.GetCashLockSpec]
18:40:10.917 [Test worker] DEBUG org.springframework.test.annotation.ProfileValueUtils - Retrieved @ProfileValueSourceConfiguration [null] for test class [com.loyalty.avenger.cashlock.specification.GetCashLockSpec]
18:40:10.917 [Test worker] DEBUG org.springframework.test.annotation.ProfileValueUtils - Retrieved ProfileValueSource type [class org.springframework.test.annotation.SystemProfileValueSource] for class [com.loyalty.avenger.cashlock.specification.GetCashLockSpec]
18:40:10.918 [Test worker] DEBUG org.springframework.test.annotation.ProfileValueUtils - Retrieved @ProfileValueSourceConfiguration [null] for test class [com.loyalty.avenger.cashlock.specification.GetCashLockSpec]
18:40:10.918 [Test worker] DEBUG org.springframework.test.annotation.ProfileValueUtils - Retrieved ProfileValueSource type [class org.springframework.test.annotation.SystemProfileValueSource] for class [com.loyalty.avenger.cashlock.specification.GetCashLockSpec]
18:40:10.919 [Test worker] DEBUG org.springframework.test.annotation.ProfileValueUtils - Retrieved @ProfileValueSourceConfiguration [null] for test class [com.loyalty.avenger.cashlock.specification.GetCashLockSpec]
18:40:10.919 [Test worker] DEBUG org.springframework.test.annotation.ProfileValueUtils - Retrieved ProfileValueSource type [class org.springframework.test.annotation.SystemProfileValueSource] for class [com.loyalty.avenger.cashlock.specification.GetCashLockSpec]
18:40:10.926 [Test worker] DEBUG org.springframework.test.context.BootstrapUtils - Instantiating CacheAwareContextLoaderDelegate from class [org.springframework.test.context.cache.DefaultCacheAwareContextLoaderDelegate]
18:40:10.940 [Test worker] DEBUG org.springframework.test.context.BootstrapUtils - Instantiating BootstrapContext using constructor [public org.springframework.test.context.support.DefaultBootstrapContext(java.lang.Class,org.springframework.test.context.CacheAwareContextLoaderDelegate)]
18:40:10.944 [Test worker] DEBUG org.springframework.test.context.BootstrapUtils - Instantiating TestContextBootstrapper for test class [com.loyalty.avenger.cashlock.specification.GetCashLockSpec] from class [org.springframework.boot.test.context.SpringBootTestContextBootstrapper]
18:40:10.967 [Test worker] INFO org.springframework.boot.test.context.SpringBootTestContextBootstrapper - Neither @ContextConfiguration nor @ContextHierarchy found for test class [com.loyalty.avenger.cashlock.specification.GetCashLockSpec], using SpringBootContextLoader
18:40:10.974 [Test worker] DEBUG org.springframework.test.context.support.AbstractContextLoader - Did not detect default resource location for test class [com.loyalty.avenger.cashlock.specification.GetCashLockSpec]: class path resource [com/loyalty/avenger/cashlock/specification/GetCashLockSpec-context.xml] does not exist
18:40:10.975 [Test worker] DEBUG org.springframework.test.context.support.AbstractContextLoader - Did not detect default resource location for test class [com.loyalty.avenger.cashlock.specification.GetCashLockSpec]: class path resource [com/loyalty/avenger/cashlock/specification/GetCashLockSpecContext.groovy] does not exist
18:40:10.975 [Test worker] INFO org.springframework.test.context.support.AbstractContextLoader - Could not detect default resource locations for test class [com.loyalty.avenger.cashlock.specification.GetCashLockSpec]: no resource found for suffixes {-context.xml, Context.groovy}.
18:40:11.253 [Test worker] DEBUG org.springframework.boot.test.context.SpringBootTestContextBootstrapper - @TestExecutionListeners is not present for class [com.loyalty.avenger.cashlock.specification.GetCashLockSpec]: using defaults.
18:40:11.253 [Test worker] INFO org.springframework.boot.test.context.SpringBootTestContextBootstrapper - Loaded default TestExecutionListener class names from location [META-INF/spring.factories]: [org.spockframework.spring.SpringMockTestExecutionListener, org.springframework.boot.test.autoconfigure.restdocs.RestDocsTestExecutionListener, org.springframework.boot.test.autoconfigure.web.client.MockRestServiceServerResetTestExecutionListener, org.springframework.boot.test.autoconfigure.web.servlet.MockMvcPrintOnlyOnFailureTestExecutionListener, org.springframework.boot.test.autoconfigure.web.servlet.WebDriverTestExecutionListener, org.springframework.boot.test.mock.mockito.MockitoTestExecutionListener, org.springframework.boot.test.mock.mockito.ResetMocksTestExecutionListener, org.springframework.test.context.web.ServletTestExecutionListener, org.springframework.test.context.support.DirtiesContextBeforeModesTestExecutionListener, org.springframework.test.context.support.DependencyInjectionTestExecutionListener, org.springframework.test.context.support.DirtiesContextTestExecutionListener, org.springframework.test.context.transaction.TransactionalTestExecutionListener, org.springframework.test.context.jdbc.SqlScriptsTestExecutionListener]
18:40:11.277 [Test worker] INFO org.springframework.boot.test.context.SpringBootTestContextBootstrapper - Using TestExecutionListeners: [org.springframework.test.context.web.ServletTestExecutionListener@1c78f358, org.springframework.test.context.support.DirtiesContextBeforeModesTestExecutionListener@6f5ffa82, org.springframework.boot.test.mock.mockito.MockitoTestExecutionListener@7702e9fd, org.springframework.boot.test.autoconfigure.SpringBootDependencyInjectionTestExecutionListener@661113ad, org.springframework.test.context.support.DirtiesContextTestExecutionListener@3da8ce04, org.springframework.test.context.transaction.TransactionalTestExecutionListener@2d33a8d9, org.springframework.test.context.jdbc.SqlScriptsTestExecutionListener@4d9ee183, org.springframework.boot.test.autoconfigure.restdocs.RestDocsTestExecutionListener@23fc0fe6, org.springframework.boot.test.autoconfigure.web.client.MockRestServiceServerResetTestExecutionListener@585f3d73, org.springframework.boot.test.autoconfigure.web.servlet.MockMvcPrintOnlyOnFailureTestExecutionListener@689a23c1, org.springframework.boot.test.autoconfigure.web.servlet.WebDriverTestExecutionListener@523255a8, org.springframework.boot.test.mock.mockito.ResetMocksTestExecutionListener@1172f337, org.spockframework.spring.SpringMockTestExecutionListener@3067e0cf]
18:40:11.554 [Test worker] DEBUG org.springframework.test.context.support.AbstractDirtiesContextTestExecutionListener - Before test class: context [DefaultTestContext@4941bdb5 testClass = GetCashLockSpec, testInstance = [null], testMethod = [null], testException = [null], mergedContextConfiguration = [WebMergedContextConfiguration@6d50af18 testClass = GetCashLockSpec, locations = '{}', classes = '{class com.loyalty.avenger.cashlock.components.TestApplication, class com.loyalty.avenger.cashlock.components.TestApplication}', contextInitializerClasses = '[]', activeProfiles = '{int}', propertySourceLocations = '{}', propertySourceProperties = '{org.springframework.boot.test.context.SpringBootTestContextBootstrapper=true}', contextCustomizers = set[org.spockframework.spring.mock.SpockContextCustomizer@0, org.springframework.boot.test.autoconfigure.properties.PropertyMappingContextCustomizer@0, org.springframework.boot.test.autoconfigure.web.servlet.WebDriverContextCustomizerFactory$Customizer@48db58e, org.springframework.boot.test.context.filter.ExcludeFilterContextCustomizer@59323de6, org.springframework.boot.test.json.DuplicateJsonObjectContextCustomizerFactory$DuplicateJsonObjectContextCustomizer@6a0ffa3e, org.springframework.boot.test.mock.mockito.MockitoContextCustomizer@0, org.springframework.boot.test.web.client.TestRestTemplateContextCustomizer@49aecf08], resourceBasePath = 'src/main/webapp', contextLoader = 'org.springframework.boot.test.context.SpringBootContextLoader', parent = [null]], attributes = map['org.springframework.test.context.web.ServletTestExecutionListener.activateListener' -> true]], class annotated with @DirtiesContext [false] with mode [null].
18:40:11.601 [Test worker] DEBUG org.springframework.test.context.support.TestPropertySourceUtils - Adding inlined properties to environment: {spring.jmx.enabled=false, org.springframework.boot.test.context.SpringBootTestContextBootstrapper=true, server.port=-1}
2021-11-26 18:40:16.919 DEBUG 38388 --- [    Test worker] .c.l.ClasspathLoggingApplicationListener : Application started with classpath: [file:/Users/sislam/.gradle/caches/4.8.1/workerMain/gradle-worker.jar, file:/Users/sislam/IdeaProjects/cash-lock/build/classes/java/test, file:/Users/sislam/IdeaProjects/cash-lock/build/classes/groovy/test/, file:/Users/sislam/IdeaProjects/cash-lock/build/resources/test/, file:/Users/sislam/IdeaProjects/cash-lock/build/classes/java/main, file:/Users/sislam/IdeaProjects/cash-lock/build/classes/groovy/main/, file:/Users/sislam/IdeaProjects/cash-lock/build/resources/main/, file:/Users/sislam/.gradle/caches/modules-2/files-2.1/org.springframework.boot/spring-boot-starter-actuator/2.1.1.RELEASE/65b5ee49303dc91c140760fa2baa06be5199387/spring-boot-starter-actuator-2.1.1.RELEASE.jar, file:/Users/sislam/.gradle/caches/modules-2/files-2.1/org.springframework.boot/spring-boot-starter-web/2.1.1.RELEASE/fccdac7bbd88561a33868101813d9210bd7a13b9/spring-boot-starter-web-2.1.1.RELEASE.jar, file:/Users/sislam/.gradle/caches/modules-2/files-2.1/org.springframework.boot/spring-boot-starter-test/2.1.1.RELEASE/2f23b397e7a1d44879a2ee1bee64a40a32f96efa/spring-boot-starter-test-2.1.1.RELEASE.jar, file:/Users/sislam/.gradle/caches/modules-2/files-2.1/org.springframework.boot/spring-boot-starter-json/2.1.1.RELEASE/5fc133c1c1858020dd8df5192eaeea747c8b6e60/spring-boot-starter-json-2.1.1.RELEASE.jar, file:/Users/sislam/.gradle/caches/modules-2/files-2.1/org.springframework.boot/spring-boot-starter/2.1.1.RELEASE/71df6742de72887214813ff03ae0b6ec4bbcf899/spring-boot-starter-2.1.1.RELEASE.jar, file:/Users/sislam/.gradle/caches/modules-2/files-2.1/org.springframework.boot/spring-boot-starter-logging/2.1.1.RELEASE/f0cba1cfbc46eb02a3af3555e1136ef3890a1bbf/spring-boot-starter-logging-2.1.1.RELEASE.jar, file:/Users/sislam/.gradle/caches/modules-2/files-2.1/ch.qos.logback/logback-classic/1.2.3/7c4f3c474fb2c041d8028740440937705ebb473a/logback-classic-1.2.3.jar, file:/Users/sislam/.gradle/caches/modules-2/files-2.1/com.zaxxer/HikariCP/3.4.5/aa1a2c00aae8e4ba8308e19940711bb9525b103d/HikariCP-3.4.5.jar, file:/Users/sislam/.gradle/caches/modules-2/files-2.1/com.loyalty/member-service-library/0.0.35/752bd23533bc69c7bc48750e3971b5d323dbbd96/member-service-library-0.0.35.jar, file:/Users/sislam/.gradle/caches/modules-2/files-2.1/io.springfox/springfox-swagger2/2.9.2/362676bc7f4c6f9f1d568741becab0dfc198c898/springfox-swagger2-2.9.2.jar, file:/Users/sislam/.gradle/caches/modules-2/files-2.1/io.springfox/springfox-bean-validators/2.9.2/b3faf1ce16918ffc9c3b9932855dd667ab390b95/springfox-bean-validators-2.9.2.jar, file:/Users/sislam/.gradle/caches/modules-2/files-2.1/io.github.resilience4j/resilience4j-circuitbreaker/0.13.1/40839b99573e2eebad67dff3061fd1194d74b1a8/resilience4j-circuitbreaker-0.13.1.jar, file:/Users/sislam/.gradle/caches/modules-2/files-2.1/com.jayway.jsonpath/json-path/2.4.0/765a4401ceb2dc8d40553c2075eb80a8fa35c2ae/json-path-2.4.0.jar, file:/Users/sislam/.gradle/caches/modules-2/files-2.1/io.springfox/springfox-swagger-common/2.9.2/b38a41b3044af80cb7f41f67be5d158c9f6491ec/springfox-swagger-common-2.9.2.jar, file:/Users/sislam/.gradle/caches/modules-2/files-2.1/io.swagger/swagger-models/1.5.20/fb3a23bad80c5ed84db9dd150db2cba699531458/swagger-models-1.5.20.jar, file:/Users/sislam/.gradle/caches/modules-2/files-2.1/io.springfox/springfox-swagger-ui/2.9.2/d542382a88ff3ea8d4032c28b2b0325797fada7d/springfox-swagger-ui-2.9.2.jar, file:/Users/sislam/.gradle/caches/modules-2/files-2.1/io.springfox/springfox-spring-web/2.9.2/ed2ed714a6cba8804d00f80f0534901e4c7a3211/springfox-spring-web-2.9.2.jar, file:/Users/sislam/.gradle/caches/modules-2/files-2.1/io.springfox/springfox-schema/2.9.2/e268f38774b16bb51a92ccaef0dcf3dc651c0cee/springfox-schema-2.9.2.jar, file:/Users/sislam/.gradle/caches/modules-2/files-2.1/io.springfox/springfox-spi/2.9.2/6ac686190a6ceaccdae8b50d03b0501d144a6666/springfox-spi-2.9.2.jar, file:/Users/sislam/.gradle/caches/modules-2/files-2.1/io.springfox/springfox-core/2.9.2/2e26f58939c594fb5c958c3a1c7bedf83d2f2702/springfox-core-2.9.2.jar, file:/Users/sislam/.gradle/caches/modules-2/files-2.1/org.springframework.plugin/spring-plugin-metadata/1.2.0.RELEASE/97223fc496b6cab31602eedbd4202aa4fff0d44f/spring-plugin-metadata-1.2.0.RELEASE.jar, file:/Users/sislam/.gradle/caches/modules-2/files-2.1/org.springframework.plugin/spring-plugin-core/1.2.0.RELEASE/f380e7760032e7d929184f8ad8a33716b75c0657/spring-plugin-core-1.2.0.RELEASE.jar, file:/Users/sislam/.gradle/caches/modules-2/files-2.1/io.github.resilience4j/resilience4j-core/0.13.1/aa9216e031d565f88e23a02a718e3fc7213daf8d/resilience4j-core-0.13.1.jar, file:/Users/sislam/.gradle/caches/modules-2/files-2.1/org.apache.logging.log4j/log4j-to-slf4j/2.11.1/1097acadf76aa4dd721ec5807566003ae9d975de/log4j-to-slf4j-2.11.1.jar, file:/Users/sislam/.gradle/caches/modules-2/files-2.1/org.slf4j/jul-to-slf4j/1.7.25/af5364cd6679bfffb114f0dec8a157aaa283b76/jul-to-slf4j-1.7.25.jar, file:/Users/sislam/.gradle/caches/modules-2/files-2.1/org.slf4j/slf4j-api/1.7.26/77100a62c2e6f04b53977b9f541044d7d722693d/slf4j-api-1.7.26.jar, file:/Users/sislam/.gradle/caches/modules-2/files-2.1/com.microsoft.ews-java-api/ews-java-api/2.0/6f76a4ad706b5aa6534a48ea098b257de6b47627/ews-java-api-2.0.jar, file:/Users/sislam/.gradle/caches/modules-2/files-2.1/org.apache.commons/commons-lang3/3.9/122c7cee69b53ed4a7681c03d4ee4c0e2765da5/commons-lang3-3.9.jar, file:/Users/sislam/.gradle/caches/modules-2/files-2.1/org.apache.poi/poi/4.1.2/964bf41cf68bce08e4ef6b2279b559fdf8d454f4/poi-4.1.2.jar, file:/Users/sislam/.gradle/caches/modules-2/files-2.1/org.apache.httpcomponents/httpclient/4.5.4/2f8a3c0c53550b237d8f7a98a417397395af8b80/httpclient-4.5.4.jar, file:/Users/sislam/.gradle/caches/modules-2/files-2.1/org.springframework/spring-jdbc/5.2.8.RELEASE/72ab49da94436dc4e26a4874abe6046bb2df3883/spring-jdbc-5.2.8.RELEASE.jar, file:/Users/sislam/.gradle/caches/modules-2/files-2.1/mysql/mysql-connector-java/8.0.21/53fd3a0887667aae7e40a3439fff2d03d93ec4c2/mysql-connector-java-8.0.21.jar, file:/Users/sislam/.gradle/caches/modules-2/files-2.1/javax.mail/mail/1.5.0-b01/c128515e42609622ce3f7dc0b431026d80bdb688/mail-1.5.0-b01.jar, file:/Users/sislam/.gradle/caches/modules-2/files-2.1/io.jsonwebtoken/jjwt/0.9.1/54d2abfc3e63a28824d35bf600d6a5d627da681a/jjwt-0.9.1.jar, file:/Users/sislam/.gradle/caches/modules-2/files-2.1/org.springframework.boot/spring-boot-configuration-processor/2.1.1.RELEASE/1b4f9a8aab0bc68648caa0c42ad0806e30ef792c/spring-boot-configuration-processor-2.1.1.RELEASE.jar, file:/Users/sislam/IdeaProjects/cash-lock/lib/securityservice.jar, file:/Users/sislam/.gradle/caches/modules-2/files-2.1/org.spockframework/spock-spring/2.0-M3-groovy-3.0/58dc9c9580034496d59b26a3d9eb07f20196c929/spock-spring-2.0-M3-groovy-3.0.jar, file:/Users/sislam/.gradle/caches/modules-2/files-2.1/org.spockframework/spock-core/1.2-groovy-2.5/8a7cdbd646c4ac6be8d60c8c7a329bbe77441ea2/spock-core-1.2-groovy-2.5.jar, file:/Users/sislam/.gradle/caches/modules-2/files-2.1/org.codehaus.groovy/groovy-test/2.5.4/8e84d6c02c465f9359fabd0279792da6461b7a3/groovy-test-2.5.4.jar, file:/Users/sislam/.gradle/caches/modules-2/files-2.1/junit/junit/4.12/2973d150c0dc1fefe998f834810d68f278ea58ec/junit-4.12.jar, file:/Users/sislam/.gradle/caches/modules-2/files-2.1/org.junit.jupiter/junit-jupiter-params/5.3.2/606c97428ba94d06022cef6d0ae44e1eaff8ca3d/junit-jupiter-params-5.3.2.jar, file:/Users/sislam/.gradle/caches/modules-2/files-2.1/org.codehaus.groovy/groovy-test-junit5/2.5.6/3e45bab2e187d4ce3cf680507d57c5ad834102eb/groovy-test-junit5-2.5.6.jar, file:/Users/sislam/.gradle/caches/modules-2/files-2.1/org.junit.jupiter/junit-jupiter-engine/5.3.2/69350316a14c46d8f6c4c909e469ec9edf58c4f8/junit-jupiter-engine-5.3.2.jar, file:/Users/sislam/.gradle/caches/modules-2/files-2.1/org.junit.jupiter/junit-jupiter-api/5.3.2/3602b523ffae9dabc04c329d73ab39ab04b3cbe2/junit-jupiter-api-5.3.2.jar, file:/Users/sislam/.gradle/caches/modules-2/files-2.1/org.codehaus.groovy/groovy-ant/2.5.4/6e776e0703096c35c343140a0b02af88e41e0e5/groovy-ant-2.5.4.jar, file:/Users/sislam/.gradle/caches/modules-2/files-2.1/org.codehaus.groovy/groovy-cli-commons/2.5.6/8b405518664cdfc254a603002314db202c41d2c5/groovy-cli-commons-2.5.6.jar, file:/Users/sislam/.gradle/caches/modules-2/files-2.1/org.codehaus.groovy/groovy-groovysh/2.5.4/f0588ac48b5afc0f4e1c493c17549f337c344a8d/groovy-groovysh-2.5.4.jar, file:/Users/sislam/.gradle/caches/modules-2/files-2.1/org.codehaus.groovy/groovy-console/2.5.4/eb952d1f3a000dde7e960126ee07ee80b0490ca2/groovy-console-2.5.4.jar, file:/Users/sislam/.gradle/caches/modules-2/files-2.1/org.codehaus.groovy/groovy-groovydoc/2.5.4/c8053bd643f2a018b150362278f2324ec2292769/groovy-groovydoc-2.5.4.jar, file:/Users/sislam/.gradle/caches/modules-2/files-2.1/org.codehaus.groovy/groovy-docgenerator/2.5.4/ae07b7947f49e5387d0a133804a38bf4975cf3e1/groovy-docgenerator-2.5.4.jar, file:/Users/sislam/.gradle/caches/modules-2/files-2.1/org.codehaus.groovy/groovy-cli-picocli/2.5.6/ef8c444340f4f6a45c03cf804d7a21882d85415b/groovy-cli-picocli-2.5.6.jar, file:/Users/sislam/.gradle/caches/modules-2/files-2.1/org.codehaus.groovy/groovy-datetime/2.5.6/e922f49860c90823907e19c2a2e369dadb3b78ab/groovy-datetime-2.5.6.jar, file:/Users/sislam/.gradle/caches/modules-2/files-2.1/org.codehaus.groovy/groovy-jmx/2.5.4/280593ff9bb1666eb3c7365209da1a5329a78d95/groovy-jmx-2.5.4.jar, file:/Users/sislam/.gradle/caches/modules-2/files-2.1/org.codehaus.groovy/groovy-json/2.5.4/1b994708e4c7c9eaec29038cf9d84f318eed1de3/groovy-json-2.5.4.jar, file:/Users/sislam/.gradle/caches/modules-2/files-2.1/org.codehaus.groovy/groovy-jsr223/2.5.4/b92bd7e15a4c3f48521cc99ea782d2fbffd81dff/groovy-jsr223-2.5.4.jar, file:/Users/sislam/.gradle/caches/modules-2/files-2.1/org.codehaus.groovy/groovy-macro/2.5.6/9fc476ed7c23b8341dc65c52e760c44e9bcec67e/groovy-macro-2.5.6.jar, file:/Users/sislam/.gradle/caches/modules-2/files-2.1/org.codehaus.groovy/groovy-nio/2.5.4/47616d5bee4c49e24559561a0700308704634ca3/groovy-nio-2.5.4.jar, file:/Users/sislam/.gradle/caches/modules-2/files-2.1/org.codehaus.groovy/groovy-servlet/2.5.4/4e277ff126c388ad5f71653d5e609e8ab3075f81/groovy-servlet-2.5.4.jar, file:/Users/sislam/.gradle/caches/modules-2/files-2.1/org.codehaus.groovy/groovy-sql/2.5.4/2005b1c9ad89518c647ac0a8ebc42a7177c79ac9/groovy-sql-2.5.4.jar, file:/Users/sislam/.gradle/caches/modules-2/files-2.1/org.codehaus.groovy/groovy-swing/2.5.4/fe3549b48764c92755e67aaa70c492c4312aebf/groovy-swing-2.5.4.jar, file:/Users/sislam/.gradle/caches/modules-2/files-2.1/org.codehaus.groovy/groovy-templates/2.5.4/898aed180580bcec7817c4e90857b0c2a69836ba/groovy-templates-2.5.4.jar, file:/Users/sislam/.gradle/caches/modules-2/files-2.1/org.codehaus.groovy/groovy-testng/2.5.4/353052bd6714402599ec555911e86bcd06eb64ec/groovy-testng-2.5.4.jar, file:/Users/sislam/.gradle/caches/modules-2/files-2.1/org.codehaus.groovy/groovy-xml/2.5.4/3a3b3c5e17e668993de994c8ac446e4251dbcb1/groovy-xml-2.5.4.jar, file:/Users/sislam/.gradle/caches/modules-2/files-2.1/org.codehaus.groovy/groovy/2.5.4/86b94e2949bcff3a13b7ad200e4c5299b52ad994/groovy-2.5.4.jar, file:/Users/sislam/.gradle/caches/modules-2/files-2.1/ch.qos.logback/logback-core/1.2.3/864344400c3d4d92dfeb0a305dc87d953677c03c/logback-core-1.2.3.jar, file:/Users/sislam/.gradle/caches/modules-2/files-2.1/commons-codec/commons-codec/1.11/3acb4705652e16236558f0f4f2192cc33c3bd189/commons-codec-1.11.jar, file:/Users/sislam/.gradle/caches/modules-2/files-2.1/org.apache.commons/commons-collections4/4.4/62ebe7544cb7164d87e0637a2a6a2bdc981395e8/commons-collections4-4.4.jar, file:/Users/sislam/.gradle/caches/modules-2/files-2.1/org.apache.commons/commons-math3/3.6.1/e4ba98f1d4b3c80ec46392f25e094a6a2e58fcbf/commons-math3-3.6.1.jar, file:/Users/sislam/.gradle/caches/modules-2/files-2.1/com.zaxxer/SparseBitSet/1.2/8467c813d442837fcaeddbc42cf5c5359fab4933/SparseBitSet-1.2.jar, file:/Users/sislam/.gradle/caches/modules-2/files-2.1/org.apache.httpcomponents/httpcore/4.4.10/acc54d9b28bdffe4bbde89ed2e4a1e86b5285e2b/httpcore-4.4.10.jar, file:/Users/sislam/.gradle/caches/modules-2/files-2.1/commons-logging/commons-logging/1.2/4bfc12adfe4842bf07b657f0369c4cb522955686/commons-logging-1.2.jar, file:/Users/sislam/.gradle/caches/modules-2/files-2.1/org.springframework/spring-tx/5.1.3.RELEASE/ddce255764fe4211c1b189a55384037132b5afd2/spring-tx-5.1.3.RELEASE.jar, file:/Users/sislam/.gradle/caches/modules-2/files-2.1/org.springframework/spring-webmvc/5.1.3.RELEASE/2ff9c2ddccaafd5b55756ceb4a65f02acb3b847a/spring-webmvc-5.1.3.RELEASE.jar, file:/Users/sislam/.gradle/caches/modules-2/files-2.1/org.springframework/spring-web/5.1.3.RELEASE/c875df33e6c5ac0df53e727a08d42b316e69918b/spring-web-5.1.3.RELEASE.jar, file:/Users/sislam/.gradle/caches/modules-2/files-2.1/org.springframework.boot/spring-boot-actuator-autoconfigure/2.1.1.RELEASE/b1dee8c53471db2b6af1a55c1d8db32b3811ea0d/spring-boot-actuator-autoconfigure-2.1.1.RELEASE.jar, file:/Users/sislam/.gradle/caches/modules-2/files-2.1/org.springframework.boot/spring-boot-test-autoconfigure/2.1.1.RELEASE/2140feb53ecf35dd86f93749817cc064f1d6af74/spring-boot-test-autoconfigure-2.1.1.RELEASE.jar, file:/Users/sislam/.gradle/caches/modules-2/files-2.1/org.springframework.boot/spring-boot-test/2.1.1.RELEASE/df5328719c3eb7b3f305db1e147cc650b9a4829e/spring-boot-test-2.1.1.RELEASE.jar, file:/Users/sislam/.gradle/caches/modules-2/files-2.1/org.springframework.boot/spring-boot-autoconfigure/2.1.1.RELEASE/b8238b78cefe6d964f996599556af9ac8669a83d/spring-boot-autoconfigure-2.1.1.RELEASE.jar, file:/Users/sislam/.gradle/caches/modules-2/files-2.1/org.springframework.boot/spring-boot-actuator/2.1.1.RELEASE/10fc3b2d5b65bb490c0bf96aa2c016c343cd89ac/spring-boot-actuator-2.1.1.RELEASE.jar, file:/Users/sislam/.gradle/caches/modules-2/files-2.1/org.springframework.boot/spring-boot/2.1.1.RELEASE/35a3dd576bc3ad5832d0a7d7242b3b140095727b/spring-boot-2.1.1.RELEASE.jar, file:/Users/sislam/.gradle/caches/modules-2/files-2.1/org.springframework/spring-context/5.1.3.RELEASE/158929623ee0166fa930e88c3e2ca86a887088c0/spring-context-5.1.3.RELEASE.jar, file:/Users/sislam/.gradle/caches/modules-2/files-2.1/org.springframework/spring-aop/5.1.3.RELEASE/c6b69e5c73e17dd15b5a07d96ecfa2d2e7955705/spring-aop-5.1.3.RELEASE.jar, file:/Users/sislam/.gradle/caches/modules-2/files-2.1/org.springframework/spring-beans/5.1.3.RELEASE/9a15a7c84bd12516574bcaf87ffa38c1e65e8a2b/spring-beans-5.1.3.RELEASE.jar, file:/Users/sislam/.gradle/caches/modules-2/files-2.1/org.springframework/spring-test/5.1.3.RELEASE/87e9566e6d80e6b01ca3c84fb5b098e5d8149c6f/spring-test-5.1.3.RELEASE.jar, file:/Users/sislam/.gradle/caches/modules-2/files-2.1/org.springframework/spring-expression/5.1.3.RELEASE/628a471a077ab80f7fd66a5f5e42e2d67e6a9607/spring-expression-5.1.3.RELEASE.jar, file:/Users/sislam/.gradle/caches/modules-2/files-2.1/org.springframework/spring-core/5.1.3.RELEASE/b1e5325d35bfb27e42d57e9295510cad54ed8fdf/spring-core-5.1.3.RELEASE.jar, file:/Users/sislam/.gradle/caches/modules-2/files-2.1/javax.activation/activation/1.1/e6cb541461c2834bdea3eb920f1884d1eb508b50/activation-1.1.jar, file:/Users/sislam/.gradle/caches/modules-2/files-2.1/joda-time/joda-time/2.10.1/9ac3dbf89dbf2ee385185dd0cd3064fe789efee0/joda-time-2.10.1.jar, file:/Users/sislam/.gradle/caches/modules-2/files-2.1/com.fasterxml.jackson.module/jackson-module-kotlin/2.9.7/9ec9b84e8af4c4f31efcbc5c21e34da8021419f1/jackson-module-kotlin-2.9.7.jar, file:/Users/sislam/.gradle/caches/modules-2/files-2.1/com.fasterxml.jackson.datatype/jackson-datatype-jsr310/2.9.7/cbd919f1ce67533e07b98dd493247e8dbabc26b2/jackson-datatype-jsr310-2.9.7.jar, file:/Users/sislam/.gradle/caches/modules-2/files-2.1/com.fasterxml.jackson.datatype/jackson-datatype-jdk8/2.9.7/98d8f190db07f97c64c0ea3af5792f718a6c2cc1/jackson-datatype-jdk8-2.9.7.jar, file:/Users/sislam/.gradle/caches/modules-2/files-2.1/com.fasterxml.jackson.module/jackson-module-parameter-names/2.9.7/f2bdd7696beffa2dbc5dc62cd24c3906a40ffcff/jackson-module-parameter-names-2.9.7.jar, file:/Users/sislam/.gradle/caches/modules-2/files-2.1/com.fasterxml.jackson.core/jackson-databind/2.9.7/e6faad47abd3179666e89068485a1b88a195ceb7/jackson-databind-2.9.7.jar, file:/Users/sislam/.gradle/caches/modules-2/files-2.1/org.jetbrains.kotlin/kotlin-stdlib-jdk8/1.2.71/5470d1f752cd342edb77e1062bac07e838d2cea4/kotlin-stdlib-jdk8-1.2.71.jar, file:/Users/sislam/.gradle/caches/modules-2/files-2.1/org.jetbrains.kotlin/kotlin-reflect/1.2.71/7512db3b3182753bd2e48ce8d345abbadc40fe6b/kotlin-reflect-1.2.71.jar, file:/Users/sislam/.gradle/caches/modules-2/files-2.1/org.hibernate.validator/hibernate-validator/6.0.13.Final/af4232bf90ecd33c71147d67185dbb1cfe8f33df/hibernate-validator-6.0.13.Final.jar, file:/Users/sislam/.gradle/caches/modules-2/files-2.1/javax.validation/validation-api/2.0.1.Final/cb855558e6271b1b32e716d24cb85c7f583ce09e/validation-api-2.0.1.Final.jar, file:/Users/sislam/.gradle/caches/modules-2/files-2.1/io.micrometer/micrometer-core/1.1.1/5f8063266f548b710ce06a090586a625f3d682b9/micrometer-core-1.1.1.jar, file:/Users/sislam/.gradle/caches/modules-2/files-2.1/org.springframework.boot/spring-boot-starter-tomcat/2.1.1.RELEASE/4cbaa992fa5509edc74d9543ab5f8f14e20fb197/spring-boot-starter-tomcat-2.1.1.RELEASE.jar, file:/Users/sislam/.gradle/caches/modules-2/files-2.1/org.hamcrest/hamcrest-library/1.3/4785a3c21320980282f9f33d0d1264a69040538f/hamcrest-library-1.3.jar, file:/Users/sislam/.gradle/caches/modules-2/files-2.1/org.hamcrest/hamcrest-core/1.3/42a25dc3219429f0e5d060061f71acb49bf010a0/hamcrest-core-1.3.jar, file:/Users/sislam/.gradle/caches/modules-2/files-2.1/org.assertj/assertj-core/3.11.1/fdac3217b804d6900fa3650f17b5cb48e620b140/assertj-core-3.11.1.jar, file:/Users/sislam/.gradle/caches/modules-2/files-2.1/org.mockito/mockito-core/2.23.4/a35b6f8ffcfa786771eac7d7d903429e790fdf3f/mockito-core-2.23.4.jar, file:/Users/sislam/.gradle/caches/modules-2/files-2.1/org.skyscreamer/jsonassert/1.5.0/6c9d5fe2f59da598d9aefc1cfc6528ff3cf32df3/jsonassert-1.5.0.jar, file:/Users/sislam/.gradle/caches/modules-2/files-2.1/org.xmlunit/xmlunit-core/2.6.2/b0461888cdd8d3975ea8a57df96520409cadcb6c/xmlunit-core-2.6.2.jar, file:/Users/sislam/.gradle/caches/modules-2/files-2.1/org.junit.platform/junit-platform-launcher/1.3.2/4c503033e9085087cf70d241142068f1e6bd8195/junit-platform-launcher-1.3.2.jar, file:/Users/sislam/.gradle/caches/modules-2/files-2.1/org.junit.platform/junit-platform-engine/1.3.2/c54bc1d4654bd1ef15fccf512ce664184085969/junit-platform-engine-1.3.2.jar, file:/Users/sislam/.gradle/caches/modules-2/files-2.1/org.junit.platform/junit-platform-commons/1.3.2/378d1d1b162426ad031522f6d51e3bf28d1631a4/junit-platform-commons-1.3.2.jar, file:/Users/sislam/.gradle/caches/modules-2/files-2.1/org.apiguardian/apiguardian-api/1.0.0/3ef5276905e36f4d8055fe3cb0bdcc7503ffc85d/apiguardian-api-1.0.0.jar, file:/Users/sislam/.gradle/caches/modules-2/files-2.1/org.opentest4j/opentest4j/1.1.1/efd9f971e91074491ea55b19f67b13470cf4fcdd/opentest4j-1.1.1.jar, file:/Users/sislam/.gradle/caches/modules-2/files-2.1/org.apache.ant/ant-junit/1.9.13/618f3aac074fabfea4712db2635409a592da9ecd/ant-junit-1.9.13.jar, file:/Users/sislam/.gradle/caches/modules-2/files-2.1/org.apache.ant/ant/1.9.13/7aff87f91ffda6916751e39bb5688f0a53710ec4/ant-1.9.13.jar, file:/Users/sislam/.gradle/caches/modules-2/files-2.1/org.apache.ant/ant-launcher/1.9.13/24cf1a899bb4b69373dc4cd000bb52a9f46c459d/ant-launcher-1.9.13.jar, file:/Users/sislam/.gradle/caches/modules-2/files-2.1/org.apache.ant/ant-antlr/1.9.13/d5b701718c6de5620fa78e0aedb64cdcae1336cf/ant-antlr-1.9.13.jar, file:/Users/sislam/.gradle/caches/modules-2/files-2.1/commons-cli/commons-cli/1.4/c51c00206bb913cd8612b24abd9fa98ae89719b1/commons-cli-1.4.jar, file:/Users/sislam/.gradle/caches/modules-2/files-2.1/info.picocli/picocli/3.9.2/60911f3b35e76b442d47e764758f3ecc3aa876c2/picocli-3.9.2.jar, file:/Users/sislam/.gradle/caches/modules-2/files-2.1/com.thoughtworks.qdox/qdox/1.12.1/f7122f6ab1f64bdf9f5970b0e89bfb355e036897/qdox-1.12.1.jar, file:/Users/sislam/.gradle/caches/modules-2/files-2.1/jline/jline/2.14.6/c3aeac59c022bdc497c8c48ed86fa50450e4896a/jline-2.14.6.jar, file:/Users/sislam/.gradle/caches/modules-2/files-2.1/org.testng/testng/6.13.1/2495393a0b4b7d7a4b49ea1f8516376f70f482c/testng-6.13.1.jar, file:/Users/sislam/.gradle/caches/modules-2/files-2.1/org.springframework/spring-jcl/5.1.3.RELEASE/d332735dbc9c3f48cac59fb832c5719eb62bbe4d/spring-jcl-5.1.3.RELEASE.jar, file:/Users/sislam/.gradle/caches/modules-2/files-2.1/com.fasterxml.jackson.core/jackson-annotations/2.9.0/7c10d545325e3a6e72e06381afe469fd40eb701/jackson-annotations-2.9.0.jar, file:/Users/sislam/.gradle/caches/modules-2/files-2.1/com.fasterxml.jackson.core/jackson-core/2.9.7/4b7f0e0dc527fab032e9800ed231080fdc3ac015/jackson-core-2.9.7.jar, file:/Users/sislam/.gradle/caches/modules-2/files-2.1/org.jetbrains.kotlin/kotlin-stdlib-jdk7/1.2.71/4ce93f539e2133f172f1167291a911f83400a5d0/kotlin-stdlib-jdk7-1.2.71.jar, file:/Users/sislam/.gradle/caches/modules-2/files-2.1/org.jetbrains.kotlin/kotlin-stdlib/1.2.71/d9717625bb3c731561251f8dd2c67a1011d6764c/kotlin-stdlib-1.2.71.jar, file:/Users/sislam/.gradle/caches/modules-2/files-2.1/io.swagger/swagger-annotations/1.5.20/16051f93ce11ca489a5313775d825f82fcc2cd6c/swagger-annotations-1.5.20.jar, file:/Users/sislam/.gradle/caches/modules-2/files-2.1/com.google.guava/guava/20.0/89507701249388e1ed5ddcf8c41f4ce1be7831ef/guava-20.0.jar, file:/Users/sislam/.gradle/caches/modules-2/files-2.1/com.fasterxml/classmate/1.4.0/291658ac2ce2476256c7115943652c0accb5c857/classmate-1.4.0.jar, file:/Users/sislam/.gradle/caches/modules-2/files-2.1/org.mapstruct/mapstruct/1.2.0.Final/8609d6eb044e9f6c73cb24c8f2f4ed5c72a249c7/mapstruct-1.2.0.Final.jar, file:/Users/sislam/.gradle/caches/modules-2/files-2.1/io.vavr/vavr/0.9.2/8a1ef529bdae2adcacd82fa0a8d666e76a73b2ac/vavr-0.9.2.jar, file:/Users/sislam/.gradle/caches/modules-2/files-2.1/javax.annotation/javax.annotation-api/1.3.2/934c04d3cfef185a8008e7bf34331b79730a9d43/javax.annotation-api-1.3.2.jar, file:/Users/sislam/.gradle/caches/modules-2/files-2.1/org.yaml/snakeyaml/1.23/ec62d74fe50689c28c0ff5b35d3aebcaa8b5be68/snakeyaml-1.23.jar, file:/Users/sislam/.gradle/caches/modules-2/files-2.1/org.hdrhistogram/HdrHistogram/2.1.9/e4631ce165eb400edecfa32e03d3f1be53dee754/HdrHistogram-2.1.9.jar, file:/Users/sislam/.gradle/caches/modules-2/files-2.1/org.latencyutils/LatencyUtils/2.0.3/769c0b82cb2421c8256300e907298a9410a2a3d3/LatencyUtils-2.0.3.jar, file:/Users/sislam/.gradle/caches/modules-2/files-2.1/org.apache.tomcat.embed/tomcat-embed-websocket/9.0.13/91833d914b210ee93ad20b45e127e7d15268392d/tomcat-embed-websocket-9.0.13.jar, file:/Users/sislam/.gradle/caches/modules-2/files-2.1/org.apache.tomcat.embed/tomcat-embed-core/9.0.13/20c90a060e1e497e0c1398f59c058279a8ae203d/tomcat-embed-core-9.0.13.jar, file:/Users/sislam/.gradle/caches/modules-2/files-2.1/org.apache.tomcat.embed/tomcat-embed-el/9.0.13/5d8b3277df6197cb03233fe407f54012f7166c65/tomcat-embed-el-9.0.13.jar, file:/Users/sislam/.gradle/caches/modules-2/files-2.1/org.jboss.logging/jboss-logging/3.3.2.Final/3789d00e859632e6c6206adc0c71625559e6e3b0/jboss-logging-3.3.2.Final.jar, file:/Users/sislam/.gradle/caches/modules-2/files-2.1/net.minidev/json-smart/2.3/7396407491352ce4fa30de92efb158adb76b5b/json-smart-2.3.jar, file:/Users/sislam/.gradle/caches/modules-2/files-2.1/net.bytebuddy/byte-buddy/1.9.5/38ceb06ae54ba0524d14a85fe84ed03aecef5078/byte-buddy-1.9.5.jar, file:/Users/sislam/.gradle/caches/modules-2/files-2.1/net.bytebuddy/byte-buddy-agent/1.9.5/4fe3cb3ef2837bc6ac5c01ec65b210eb38b94909/byte-buddy-agent-1.9.5.jar, file:/Users/sislam/.gradle/caches/modules-2/files-2.1/org.objenesis/objenesis/2.6/639033469776fd37c08358c6b92a4761feb2af4b/objenesis-2.6.jar, file:/Users/sislam/.gradle/caches/modules-2/files-2.1/com.vaadin.external.google/android-json/0.0.20131108.vaadin1/fa26d351fe62a6a17f5cda1287c1c6110dec413f/android-json-0.0.20131108.vaadin1.jar, file:/Users/sislam/.gradle/caches/modules-2/files-2.1/com.beust/jcommander/1.72/6375e521c1e11d6563d4f25a07ce124ccf8cd171/jcommander-1.72.jar, file:/Users/sislam/.gradle/caches/modules-2/files-2.1/org.jetbrains.kotlin/kotlin-stdlib-common/1.2.71/ba18ca1aa0e40eb6f1865b324af2f4cbb691c1ec/kotlin-stdlib-common-1.2.71.jar, file:/Users/sislam/.gradle/caches/modules-2/files-2.1/org.jetbrains/annotations/13.0/919f0dfe192fb4e063e7dacadee7f8bb9a2672a9/annotations-13.0.jar, file:/Users/sislam/.gradle/caches/modules-2/files-2.1/io.vavr/vavr-match/0.9.2/7249950c1c81250132c767dddbc564ec4593890a/vavr-match-0.9.2.jar, file:/Users/sislam/.gradle/caches/modules-2/files-2.1/net.minidev/accessors-smart/1.2/c592b500269bfde36096641b01238a8350f8aa31/accessors-smart-1.2.jar, file:/Users/sislam/.gradle/caches/modules-2/files-2.1/org.apache.logging.log4j/log4j-api/2.11.1/268f0fe4df3eefe052b57c87ec48517d64fb2a10/log4j-api-2.11.1.jar, file:/Users/sislam/.gradle/caches/modules-2/files-2.1/org.ow2.asm/asm/5.0.4/da08b8cce7bbf903602a25a3a163ae252435795/asm-5.0.4.jar]

  .   ____          _            __ _ _
 /\\ / ___'_ __ _ _(_)_ __  __ _ \ \ \ \
( ( )\___ | '_ | '_| | '_ \/ _` | \ \ \ \
 \\/  ___)| |_)| | | | | || (_| |  ) ) ) )
  '  |____| .__|_| |_|_| |_\__, | / / / /
 =========|_|==============|___/=/_/_/_/
 :: Spring Boot ::        (v2.1.1.RELEASE)

2021-11-26 18:40:17.018 DEBUG 38388 --- [    Test worker] o.s.c.e.PropertySourcesPropertyResolver  : Found key 'spring.application.name' in PropertySource 'configurationProperties' with value of type String
2021-11-26 18:40:27.049  INFO 38388 --- [    Test worker] c.l.a.c.specification.GetCashLockSpec    : Starting GetCashLockSpec on CAN-JLC-ASML7H with PID 38388 (/Users/sislam/IdeaProjects/cash-lock/build/classes/groovy/test started by sislam in /Users/sislam/IdeaProjects/cash-lock)
2021-11-26 18:40:27.050  INFO 38388 --- [    Test worker] c.l.a.c.specification.GetCashLockSpec    : The following profiles are active: int
2021-11-26 18:40:27.050 DEBUG 38388 --- [    Test worker] o.s.boot.SpringApplication               : Loading source class com.loyalty.avenger.cashlock.components.TestApplication
2021-11-26 18:40:27.149 DEBUG 38388 --- [    Test worker] o.s.b.c.c.ConfigFileApplicationListener  : Activated activeProfiles int
2021-11-26 18:40:27.150 DEBUG 38388 --- [    Test worker] o.s.b.c.c.ConfigFileApplicationListener  : Loaded config file 'file:/Users/sislam/IdeaProjects/cash-lock/build/resources/test/application-int.yml' (classpath:/application-int.yml) for profile int
2021-11-26 18:40:27.153 DEBUG 38388 --- [    Test worker] o.s.w.c.s.GenericWebApplicationContext   : Refreshing org.springframework.web.context.support.GenericWebApplicationContext@2779251a
2021-11-26 18:40:27.181 DEBUG 38388 --- [    Test worker] o.s.b.f.s.DefaultListableBeanFactory     : Creating shared instance of singleton bean 'org.springframework.context.annotation.internalConfigurationAnnotationProcessor'
2021-11-26 18:40:27.203 DEBUG 38388 --- [    Test worker] o.s.b.f.s.DefaultListableBeanFactory     : Creating shared instance of singleton bean 'org.springframework.boot.autoconfigure.internalCachingMetadataReaderFactory'
2021-11-26 18:40:27.279 DEBUG 38388 --- [    Test worker] o.s.c.a.ClassPathBeanDefinitionScanner   : Identified candidate component class: file [/Users/sislam/IdeaProjects/cash-lock/build/classes/groovy/main/com/loyalty/avenger/cashlock/components/auth/GetTokenClient.class]
2021-11-26 18:40:27.283 DEBUG 38388 --- [    Test worker] o.s.c.a.ClassPathBeanDefinitionScanner   : Identified candidate component class: file [/Users/sislam/IdeaProjects/cash-lock/build/classes/groovy/main/com/loyalty/avenger/cashlock/components/config/CeloDb.class]
2021-11-26 18:40:27.285 DEBUG 38388 --- [    Test worker] o.s.c.a.ClassPathBeanDefinitionScanner   : Identified candidate component class: file [/Users/sislam/IdeaProjects/cash-lock/build/classes/groovy/main/com/loyalty/avenger/cashlock/components/config/MemberClient.class]
2021-11-26 18:40:27.292 DEBUG 38388 --- [    Test worker] o.s.c.a.ClassPathBeanDefinitionScanner   : Identified candidate component class: file [/Users/sislam/IdeaProjects/cash-lock/build/classes/groovy/main/com/loyalty/avenger/cashlock/components/config/SSLConfig.class]
2021-11-26 18:40:27.293 DEBUG 38388 --- [    Test worker] o.s.c.a.ClassPathBeanDefinitionScanner   : Identified candidate component class: file [/Users/sislam/IdeaProjects/cash-lock/build/classes/groovy/main/com/loyalty/avenger/cashlock/components/config/SecurityServiceClient.class]
2021-11-26 18:40:27.317 DEBUG 38388 --- [    Test worker] o.s.c.a.ClassPathBeanDefinitionScanner   : Identified candidate component class: file [/Users/sislam/IdeaProjects/cash-lock/build/classes/groovy/main/com/loyalty/avenger/cashlock/components/emailclient/MSExchangeEmailService.class]
2021-11-26 18:40:27.344 DEBUG 38388 --- [    Test worker] o.s.c.a.ClassPathBeanDefinitionScanner   : Identified candidate component class: file [/Users/sislam/IdeaProjects/cash-lock/build/classes/groovy/main/com/loyalty/avenger/cashlock/components/repository/CeloRepository.class]
2021-11-26 18:40:27.349 DEBUG 38388 --- [    Test worker] o.s.c.a.ClassPathBeanDefinitionScanner   : Identified candidate component class: file [/Users/sislam/IdeaProjects/cash-lock/build/classes/groovy/main/com/loyalty/avenger/cashlock/components/repository/DynamoDBIntRepository.class]
2021-11-26 18:40:27.351 DEBUG 38388 --- [    Test worker] o.s.c.a.ClassPathBeanDefinitionScanner   : Identified candidate component class: file [/Users/sislam/IdeaProjects/cash-lock/build/classes/groovy/main/com/loyalty/avenger/cashlock/components/repository/DynamoDBRepository.class]
2021-11-26 18:40:27.356 DEBUG 38388 --- [    Test worker] o.s.c.a.ClassPathBeanDefinitionScanner   : Identified candidate component class: file [/Users/sislam/IdeaProjects/cash-lock/build/classes/groovy/main/com/loyalty/avenger/cashlock/components/restclient/getcashlock/GetCashLockClient.class]
2021-11-26 18:40:27.358 DEBUG 38388 --- [    Test worker] o.s.c.a.ClassPathBeanDefinitionScanner   : Identified candidate component class: file [/Users/sislam/IdeaProjects/cash-lock/build/classes/groovy/main/com/loyalty/avenger/cashlock/components/restclient/updatecashlock/UpdateCashLockClient.class]
2021-11-26 18:40:27.377 DEBUG 38388 --- [    Test worker] o.s.c.a.ClassPathBeanDefinitionScanner   : Identified candidate component class: file [/Users/sislam/IdeaProjects/cash-lock/build/classes/groovy/main/com/loyalty/avenger/cashlock/components/validator/AuthValidator.class]
2021-11-26 18:40:27.380 DEBUG 38388 --- [    Test worker] o.s.c.a.ClassPathBeanDefinitionScanner   : Identified candidate component class: file [/Users/sislam/IdeaProjects/cash-lock/build/classes/groovy/main/com/loyalty/avenger/cashlock/components/validator/EnrollTemplateValidator.class]
2021-11-26 18:40:27.731 DEBUG 38388 --- [    Test worker] o.s.c.e.PropertySourcesPropertyResolver  : Found key 'spring.jmx.enabled' in PropertySource 'configurationProperties' with value of type String
2021-11-26 18:40:27.787 DEBUG 38388 --- [    Test worker] o.s.c.e.PropertySourcesPropertyResolver  : Found key 'spring.jmx.enabled' in PropertySource 'configurationProperties' with value of type String
2021-11-26 18:40:27.898 DEBUG 38388 --- [    Test worker] o.s.c.e.PropertySourcesPropertyResolver  : Found key 'server.port' in PropertySource 'configurationProperties' with value of type String
2021-11-26 18:40:27.899 DEBUG 38388 --- [    Test worker] o.s.c.e.PropertySourcesPropertyResolver  : Found key 'server.port' in PropertySource 'configurationProperties' with value of type String
2021-11-26 18:40:27.928 DEBUG 38388 --- [    Test worker] o.s.b.f.s.DefaultListableBeanFactory     : Creating shared instance of singleton bean 'org.springframework.boot.autoconfigure.condition.BeanTypeRegistry'
2021-11-26 18:40:28.295 DEBUG 38388 --- [    Test worker] o.s.c.e.PropertySourcesPropertyResolver  : Found key 'server.port' in PropertySource 'configurationProperties' with value of type String
2021-11-26 18:40:28.645 DEBUG 38388 --- [    Test worker] o.s.b.f.s.DefaultListableBeanFactory     : Creating shared instance of singleton bean 'propertySourcesPlaceholderConfigurer'
2021-11-26 18:40:28.655 DEBUG 38388 --- [    Test worker] o.s.b.f.s.DefaultListableBeanFactory     : Creating shared instance of singleton bean 'org.spockframework.spring.mock.SpockMockPostprocessor'
2021-11-26 18:40:28.666 DEBUG 38388 --- [    Test worker] o.s.b.f.s.DefaultListableBeanFactory     : Creating shared instance of singleton bean 'org.springframework.boot.test.mock.mockito.MockitoPostProcessor'
2021-11-26 18:40:28.704 DEBUG 38388 --- [    Test worker] o.s.b.f.s.DefaultListableBeanFactory     : Creating shared instance of singleton bean 'org.springframework.context.event.internalEventListenerProcessor'
2021-11-26 18:40:28.705 DEBUG 38388 --- [    Test worker] o.s.b.f.s.DefaultListableBeanFactory     : Creating shared instance of singleton bean 'org.springframework.boot.context.properties.ConfigurationBeanFactoryMetadata'
2021-11-26 18:40:28.705 DEBUG 38388 --- [    Test worker] o.s.b.f.s.DefaultListableBeanFactory     : Creating shared instance of singleton bean 'preserveErrorControllerTargetClassPostProcessor'
2021-11-26 18:40:28.707 DEBUG 38388 --- [    Test worker] o.s.b.f.s.DefaultListableBeanFactory     : Creating shared instance of singleton bean 'org.springframework.context.event.internalEventListenerFactory'
2021-11-26 18:40:28.707 DEBUG 38388 --- [    Test worker] o.s.b.f.s.DefaultListableBeanFactory     : Creating shared instance of singleton bean 'org.springframework.transaction.config.internalTransactionalEventListenerFactory'
2021-11-26 18:40:28.714 DEBUG 38388 --- [    Test worker] o.s.b.f.s.DefaultListableBeanFactory     : Creating shared instance of singleton bean 'org.spockframework.spring.mock.SpockMockPostprocessor$SpyPostProcessor'
2021-11-26 18:40:28.716 DEBUG 38388 --- [    Test worker] o.s.b.f.s.DefaultListableBeanFactory     : Creating shared instance of singleton bean 'org.springframework.boot.test.mock.mockito.MockitoPostProcessor$SpyPostProcessor'
2021-11-26 18:40:28.717 DEBUG 38388 --- [    Test worker] o.s.b.f.s.DefaultListableBeanFactory     : Creating shared instance of singleton bean 'org.springframework.context.annotation.internalAutowiredAnnotationProcessor'
2021-11-26 18:40:28.718 DEBUG 38388 --- [    Test worker] o.s.b.f.s.DefaultListableBeanFactory     : Creating shared instance of singleton bean 'org.springframework.context.annotation.internalCommonAnnotationProcessor'
2021-11-26 18:40:28.722 DEBUG 38388 --- [    Test worker] o.s.b.f.s.DefaultListableBeanFactory     : Creating shared instance of singleton bean 'org.springframework.boot.context.properties.ConfigurationPropertiesBindingPostProcessor'
2021-11-26 18:40:28.726 DEBUG 38388 --- [    Test worker] o.s.b.f.s.DefaultListableBeanFactory     : Creating shared instance of singleton bean 'methodValidationPostProcessor'
2021-11-26 18:40:28.743 DEBUG 38388 --- [    Test worker] o.s.b.f.s.DefaultListableBeanFactory     : Autowiring by type from bean name 'methodValidationPostProcessor' via factory method to bean named 'environment'
2021-11-26 18:40:28.759 DEBUG 38388 --- [    Test worker] o.s.b.f.s.DefaultListableBeanFactory     : Creating shared instance of singleton bean 'dataSourceInitializerPostProcessor'
2021-11-26 18:40:28.764 DEBUG 38388 --- [    Test worker] o.s.b.f.s.DefaultListableBeanFactory     : Creating shared instance of singleton bean 'persistenceExceptionTranslationPostProcessor'
2021-11-26 18:40:28.765 DEBUG 38388 --- [    Test worker] o.s.b.f.s.DefaultListableBeanFactory     : Autowiring by type from bean name 'persistenceExceptionTranslationPostProcessor' via factory method to bean named 'environment'
2021-11-26 18:40:28.773 DEBUG 38388 --- [    Test worker] o.s.b.f.s.DefaultListableBeanFactory     : Creating shared instance of singleton bean 'org.springframework.aop.config.internalAutoProxyCreator'
2021-11-26 18:40:28.787 DEBUG 38388 --- [    Test worker] o.s.b.f.s.DefaultListableBeanFactory     : Creating shared instance of singleton bean 'webServerFactoryCustomizerBeanPostProcessor'
2021-11-26 18:40:28.790 DEBUG 38388 --- [    Test worker] o.s.b.f.s.DefaultListableBeanFactory     : Creating shared instance of singleton bean 'errorPageRegistrarBeanPostProcessor'
2021-11-26 18:40:28.794 DEBUG 38388 --- [    Test worker] o.s.b.f.s.DefaultListableBeanFactory     : Creating shared instance of singleton bean 'meterRegistryPostProcessor'
2021-11-26 18:40:28.801 DEBUG 38388 --- [    Test worker] o.s.b.f.s.DefaultListableBeanFactory     : Creating shared instance of singleton bean 'org.springframework.transaction.config.internalTransactionAdvisor'
2021-11-26 18:40:28.801 DEBUG 38388 --- [    Test worker] o.s.b.f.s.DefaultListableBeanFactory     : Creating shared instance of singleton bean 'org.springframework.transaction.annotation.ProxyTransactionManagementConfiguration'
2021-11-26 18:40:28.811  INFO 38388 --- [    Test worker] trationDelegate$BeanPostProcessorChecker : Bean 'org.springframework.transaction.annotation.ProxyTransactionManagementConfiguration' of type [org.springframework.transaction.annotation.ProxyTransactionManagementConfiguration$$EnhancerBySpringCGLIB$$945957e1] is not eligible for getting processed by all BeanPostProcessors (for example: not eligible for auto-proxying)
2021-11-26 18:40:28.824 DEBUG 38388 --- [    Test worker] o.s.b.f.s.DefaultListableBeanFactory     : Creating shared instance of singleton bean 'transactionAttributeSource'
2021-11-26 18:40:28.828 DEBUG 38388 --- [    Test worker] o.s.b.f.s.DefaultListableBeanFactory     : Creating shared instance of singleton bean 'transactionInterceptor'
2021-11-26 18:40:28.846 DEBUG 38388 --- [    Test worker] o.s.u.c.s.UiApplicationContextUtils      : Unable to locate ThemeSource with name 'themeSource': using default [org.springframework.ui.context.support.ResourceBundleThemeSource@16bb2e57]
2021-11-26 18:40:28.849 DEBUG 38388 --- [    Test worker] o.s.b.f.s.DefaultListableBeanFactory     : Creating shared instance of singleton bean 'testApplication'
2021-11-26 18:40:28.866 DEBUG 38388 --- [    Test worker] o.s.b.f.s.DefaultListableBeanFactory     : Creating shared instance of singleton bean 'getTokenClient'
2021-11-26 18:40:28.892 DEBUG 38388 --- [    Test worker] o.s.c.e.PropertySourcesPropertyResolver  : Found key 'loyalty.auth-api.uri' in PropertySource 'configurationProperties' with value of type String
2021-11-26 18:40:28.892 DEBUG 38388 --- [    Test worker] o.s.c.e.PropertySourcesPropertyResolver  : Found key 'loyalty.auth-api.uri' in PropertySource 'environmentProperties' with value of type String
2021-11-26 18:40:28.893 DEBUG 38388 --- [    Test worker] o.s.c.e.PropertySourcesPropertyResolver  : Found key 'loyalty.auth-api.client_id' in PropertySource 'applicationConfig: [classpath:/application-int.yml]' with value of type String
2021-11-26 18:40:28.894 DEBUG 38388 --- [    Test worker] o.s.c.e.PropertySourcesPropertyResolver  : Found key 'loyalty.auth-api.client_id' in PropertySource 'environmentProperties' with value of type String
2021-11-26 18:40:28.894 DEBUG 38388 --- [    Test worker] o.s.c.e.PropertySourcesPropertyResolver  : Found key 'loyalty.auth-api.client_secret' in PropertySource 'applicationConfig: [classpath:/application-int.yml]' with value of type String
2021-11-26 18:40:28.894 DEBUG 38388 --- [    Test worker] o.s.c.e.PropertySourcesPropertyResolver  : Found key 'loyalty.auth-api.client_secret' in PropertySource 'environmentProperties' with value of type String
2021-11-26 18:40:28.894 DEBUG 38388 --- [    Test worker] o.s.c.e.PropertySourcesPropertyResolver  : Found key 'loyalty.auth-api.audience' in PropertySource 'configurationProperties' with value of type String
2021-11-26 18:40:28.895 DEBUG 38388 --- [    Test worker] o.s.c.e.PropertySourcesPropertyResolver  : Found key 'loyalty.auth-api.audience' in PropertySource 'environmentProperties' with value of type String
2021-11-26 18:40:28.897 DEBUG 38388 --- [    Test worker] o.s.b.f.s.DefaultListableBeanFactory     : Creating shared instance of singleton bean 'celoDb'
2021-11-26 18:40:28.904 DEBUG 38388 --- [    Test worker] o.s.c.e.PropertySourcesPropertyResolver  : Found key 'spring.datasource.celo.url' in PropertySource 'configurationProperties' with value of type String
2021-11-26 18:40:28.905 DEBUG 38388 --- [    Test worker] o.s.c.e.PropertySourcesPropertyResolver  : Found key 'spring.datasource.celo.url' in PropertySource 'environmentProperties' with value of type String
2021-11-26 18:40:28.905 DEBUG 38388 --- [    Test worker] o.s.c.e.PropertySourcesPropertyResolver  : Found key 'spring.datasource.celo.username' in PropertySource 'configurationProperties' with value of type String
2021-11-26 18:40:28.905 DEBUG 38388 --- [    Test worker] o.s.c.e.PropertySourcesPropertyResolver  : Found key 'spring.datasource.celo.username' in PropertySource 'environmentProperties' with value of type String
2021-11-26 18:40:28.906 DEBUG 38388 --- [    Test worker] o.s.c.e.PropertySourcesPropertyResolver  : Found key 'spring.datasource.celo.password' in PropertySource 'configurationProperties' with value of type String
2021-11-26 18:40:28.906 DEBUG 38388 --- [    Test worker] o.s.c.e.PropertySourcesPropertyResolver  : Found key 'spring.datasource.celo.password' in PropertySource 'environmentProperties' with value of type String
2021-11-26 18:40:28.907 DEBUG 38388 --- [    Test worker] o.s.b.f.s.DefaultListableBeanFactory     : Creating shared instance of singleton bean 'memberClient'
2021-11-26 18:40:28.914 DEBUG 38388 --- [    Test worker] o.s.c.e.PropertySourcesPropertyResolver  : Found key 'loyalty.celo-member-soap.protocol' in PropertySource 'configurationProperties' with value of type String
2021-11-26 18:40:28.914 DEBUG 38388 --- [    Test worker] o.s.c.e.PropertySourcesPropertyResolver  : Found key 'loyalty.celo-member-soap.protocol' in PropertySource 'environmentProperties' with value of type String
2021-11-26 18:40:28.915 DEBUG 38388 --- [    Test worker] o.s.c.e.PropertySourcesPropertyResolver  : Found key 'loyalty.celo-member-soap.host' in PropertySource 'configurationProperties' with value of type String
2021-11-26 18:40:28.915 DEBUG 38388 --- [    Test worker] o.s.c.e.PropertySourcesPropertyResolver  : Found key 'loyalty.celo-member-soap.host' in PropertySource 'environmentProperties' with value of type String
2021-11-26 18:40:28.916 DEBUG 38388 --- [    Test worker] o.s.c.e.PropertySourcesPropertyResolver  : Found key 'loyalty.celo-member-soap.path' in PropertySource 'configurationProperties' with value of type String
2021-11-26 18:40:28.916 DEBUG 38388 --- [    Test worker] o.s.c.e.PropertySourcesPropertyResolver  : Found key 'loyalty.celo-member-soap.path' in PropertySource 'environmentProperties' with value of type String
2021-11-26 18:40:28.918 DEBUG 38388 --- [    Test worker] o.s.b.f.s.DefaultListableBeanFactory     : Creating shared instance of singleton bean 'SSLConfig'
2021-11-26 18:40:29.125 DEBUG 38388 --- [    Test worker] o.s.b.f.s.DefaultListableBeanFactory     : Creating shared instance of singleton bean 'securityServiceClient'
2021-11-26 18:40:29.134 DEBUG 38388 --- [    Test worker] o.s.c.e.PropertySourcesPropertyResolver  : Found key 'loyalty.security-service-soap.protocol' in PropertySource 'configurationProperties' with value of type String
2021-11-26 18:40:29.134 DEBUG 38388 --- [    Test worker] o.s.c.e.PropertySourcesPropertyResolver  : Found key 'loyalty.security-service-soap.protocol' in PropertySource 'environmentProperties' with value of type String
2021-11-26 18:40:29.135 DEBUG 38388 --- [    Test worker] o.s.c.e.PropertySourcesPropertyResolver  : Found key 'loyalty.security-service-soap.host' in PropertySource 'configurationProperties' with value of type String
2021-11-26 18:40:29.135 DEBUG 38388 --- [    Test worker] o.s.c.e.PropertySourcesPropertyResolver  : Found key 'loyalty.security-service-soap.host' in PropertySource 'environmentProperties' with value of type String
2021-11-26 18:40:29.136 DEBUG 38388 --- [    Test worker] o.s.c.e.PropertySourcesPropertyResolver  : Found key 'loyalty.security-service-soap.path' in PropertySource 'configurationProperties' with value of type String
2021-11-26 18:40:29.136 DEBUG 38388 --- [    Test worker] o.s.c.e.PropertySourcesPropertyResolver  : Found key 'loyalty.security-service-soap.path' in PropertySource 'environmentProperties' with value of type String
2021-11-26 18:40:29.137 DEBUG 38388 --- [    Test worker] o.s.b.f.s.DefaultListableBeanFactory     : Creating shared instance of singleton bean 'celoRepository'
2021-11-26 18:40:29.153 DEBUG 38388 --- [    Test worker] o.s.b.f.s.DefaultListableBeanFactory     : Creating shared instance of singleton bean 'jdbcCelo'
2021-11-26 18:40:29.159 DEBUG 38388 --- [    Test worker] o.s.b.f.s.DefaultListableBeanFactory     : Creating shared instance of singleton bean 'celo'
2021-11-26 18:40:29.328 DEBUG 38388 --- [    Test worker] o.s.b.f.s.DefaultListableBeanFactory     : Creating shared instance of singleton bean 'org.springframework.boot.autoconfigure.jdbc.DataSourceInitializerInvoker'
2021-11-26 18:40:29.331 DEBUG 38388 --- [    Test worker] o.s.b.f.s.DefaultListableBeanFactory     : Creating shared instance of singleton bean 'spring.datasource-org.springframework.boot.autoconfigure.jdbc.DataSourceProperties'
2021-11-26 18:40:29.347 DEBUG 38388 --- [    Test worker] o.s.b.f.s.DefaultListableBeanFactory     : Autowiring by type from bean name 'org.springframework.boot.autoconfigure.jdbc.DataSourceInitializerInvoker' via constructor to bean named 'spring.datasource-org.springframework.boot.autoconfigure.jdbc.DataSourceProperties'
2021-11-26 18:40:29.347 DEBUG 38388 --- [    Test worker] o.s.b.f.s.DefaultListableBeanFactory     : Autowiring by type from bean name 'org.springframework.boot.autoconfigure.jdbc.DataSourceInitializerInvoker' via constructor to bean named 'org.springframework.web.context.support.GenericWebApplicationContext@2779251a'
2021-11-26 18:40:29.405 DEBUG 38388 --- [    Test worker] o.s.b.f.s.DefaultListableBeanFactory     : Creating shared instance of singleton bean 'dynamoDBIntRepository'
2021-11-26 18:40:29.413 DEBUG 38388 --- [    Test worker] o.s.c.e.PropertySourcesPropertyResolver  : Found key 'spring.datasource.dynamo-db.end-to-end' in PropertySource 'configurationProperties' with value of type String
2021-11-26 18:40:29.413 DEBUG 38388 --- [    Test worker] o.s.c.e.PropertySourcesPropertyResolver  : Found key 'spring.datasource.dynamo-db.end-to-end' in PropertySource 'environmentProperties' with value of type String
2021-11-26 18:40:29.414 DEBUG 38388 --- [    Test worker] o.s.c.e.PropertySourcesPropertyResolver  : Found key 'cloud.aws.region.static' in PropertySource 'configurationProperties' with value of type String
2021-11-26 18:40:29.414 DEBUG 38388 --- [    Test worker] o.s.c.e.PropertySourcesPropertyResolver  : Found key 'cloud.aws.region.static' in PropertySource 'environmentProperties' with value of type String
2021-11-26 18:40:29.422 DEBUG 38388 --- [    Test worker] o.s.b.f.s.DefaultListableBeanFactory     : Creating shared instance of singleton bean 'dynamoDBRepository'
2021-11-26 18:40:29.427 DEBUG 38388 --- [    Test worker] o.s.c.e.PropertySourcesPropertyResolver  : Found key 'spring.datasource.dynamo-db.email-verification' in PropertySource 'configurationProperties' with value of type String
2021-11-26 18:40:29.427 DEBUG 38388 --- [    Test worker] o.s.c.e.PropertySourcesPropertyResolver  : Found key 'spring.datasource.dynamo-db.email-verification' in PropertySource 'environmentProperties' with value of type String
2021-11-26 18:40:29.428 DEBUG 38388 --- [    Test worker] o.s.c.e.PropertySourcesPropertyResolver  : Found key 'cloud.aws.region.static' in PropertySource 'configurationProperties' with value of type String
2021-11-26 18:40:29.428 DEBUG 38388 --- [    Test worker] o.s.c.e.PropertySourcesPropertyResolver  : Found key 'cloud.aws.region.static' in PropertySource 'environmentProperties' with value of type String
2021-11-26 18:40:29.434 DEBUG 38388 --- [    Test worker] o.s.b.f.s.DefaultListableBeanFactory     : Creating shared instance of singleton bean 'getCashLockClient'
2021-11-26 18:40:29.442 DEBUG 38388 --- [    Test worker] o.s.c.e.PropertySourcesPropertyResolver  : Found key 'loyalty.cashlock-api.uri' in PropertySource 'configurationProperties' with value of type String
2021-11-26 18:40:29.442 DEBUG 38388 --- [    Test worker] o.s.c.e.PropertySourcesPropertyResolver  : Found key 'loyalty.cashlock-api.uri' in PropertySource 'environmentProperties' with value of type String
2021-11-26 18:40:29.443 DEBUG 38388 --- [    Test worker] o.s.c.e.PropertySourcesPropertyResolver  : Found key 'loyalty.cashlock-api.path' in PropertySource 'configurationProperties' with value of type String
2021-11-26 18:40:29.443 DEBUG 38388 --- [    Test worker] o.s.c.e.PropertySourcesPropertyResolver  : Found key 'loyalty.cashlock-api.path' in PropertySource 'environmentProperties' with value of type String
2021-11-26 18:40:29.445 DEBUG 38388 --- [    Test worker] o.s.b.f.s.DefaultListableBeanFactory     : Creating shared instance of singleton bean 'updateCashLockClient'
2021-11-26 18:40:29.454 DEBUG 38388 --- [    Test worker] o.s.c.e.PropertySourcesPropertyResolver  : Found key 'loyalty.cashlock-api.uri' in PropertySource 'configurationProperties' with value of type String
2021-11-26 18:40:29.454 DEBUG 38388 --- [    Test worker] o.s.c.e.PropertySourcesPropertyResolver  : Found key 'loyalty.cashlock-api.uri' in PropertySource 'environmentProperties' with value of type String
2021-11-26 18:40:29.454 DEBUG 38388 --- [    Test worker] o.s.c.e.PropertySourcesPropertyResolver  : Found key 'loyalty.cashlock-api.put_request' in PropertySource 'applicationConfig: [classpath:/application-int.yml]' with value of type String
2021-11-26 18:40:29.454 DEBUG 38388 --- [    Test worker] o.s.c.e.PropertySourcesPropertyResolver  : Found key 'loyalty.cashlock-api.put_request' in PropertySource 'environmentProperties' with value of type String
2021-11-26 18:40:29.456 DEBUG 38388 --- [    Test worker] o.s.b.f.s.DefaultListableBeanFactory     : Creating shared instance of singleton bean 'memberService'
2021-11-26 18:40:30.287 DEBUG 38388 --- [    Test worker] o.s.b.f.s.DefaultListableBeanFactory     : Creating shared instance of singleton bean 'securityService'
2021-11-26 18:40:30.467 DEBUG 38388 --- [    Test worker] o.s.b.f.s.DefaultListableBeanFactory     : Creating shared instance of singleton bean 'org.springframework.boot.autoconfigure.AutoConfigurationPackages'
2021-11-26 18:40:30.470 DEBUG 38388 --- [    Test worker] o.s.b.f.s.DefaultListableBeanFactory     : Creating shared instance of singleton bean 'org.springframework.boot.autoconfigure.context.PropertyPlaceholderAutoConfiguration'
2021-11-26 18:40:30.474 DEBUG 38388 --- [    Test worker] o.s.b.f.s.DefaultListableBeanFactory     : Creating shared instance of singleton bean 'org.springframework.boot.autoconfigure.websocket.servlet.WebSocketServletAutoConfiguration$TomcatWebSocketConfiguration'
2021-11-26 18:40:30.480 DEBUG 38388 --- [    Test worker] o.s.b.f.s.DefaultListableBeanFactory     : Creating shared instance of singleton bean 'websocketServletWebServerCustomizer'
2021-11-26 18:40:30.489 DEBUG 38388 --- [    Test worker] o.s.b.f.s.DefaultListableBeanFactory     : Creating shared instance of singleton bean 'org.springframework.boot.autoconfigure.websocket.servlet.WebSocketServletAutoConfiguration'
2021-11-26 18:40:30.494 DEBUG 38388 --- [    Test worker] o.s.b.f.s.DefaultListableBeanFactory     : Creating shared instance of singleton bean 'org.springframework.boot.autoconfigure.web.servlet.ServletWebServerFactoryConfiguration$EmbeddedTomcat'
2021-11-26 18:40:30.498 DEBUG 38388 --- [    Test worker] o.s.b.f.s.DefaultListableBeanFactory     : Creating shared instance of singleton bean 'tomcatServletWebServerFactory'
2021-11-26 18:40:30.553 DEBUG 38388 --- [    Test worker] o.s.b.f.s.DefaultListableBeanFactory     : Creating shared instance of singleton bean 'servletWebServerFactoryCustomizer'
2021-11-26 18:40:30.553 DEBUG 38388 --- [    Test worker] o.s.b.f.s.DefaultListableBeanFactory     : Creating shared instance of singleton bean 'org.springframework.boot.autoconfigure.web.servlet.ServletWebServerFactoryAutoConfiguration'
2021-11-26 18:40:30.560 DEBUG 38388 --- [    Test worker] o.s.b.f.s.DefaultListableBeanFactory     : Creating shared instance of singleton bean 'server-org.springframework.boot.autoconfigure.web.ServerProperties'
2021-11-26 18:40:30.571 DEBUG 38388 --- [    Test worker] o.s.b.f.s.DefaultListableBeanFactory     : Autowiring by type from bean name 'servletWebServerFactoryCustomizer' via factory method to bean named 'server-org.springframework.boot.autoconfigure.web.ServerProperties'
2021-11-26 18:40:30.576 DEBUG 38388 --- [    Test worker] o.s.b.f.s.DefaultListableBeanFactory     : Creating shared instance of singleton bean 'tomcatServletWebServerFactoryCustomizer'
2021-11-26 18:40:30.577 DEBUG 38388 --- [    Test worker] o.s.b.f.s.DefaultListableBeanFactory     : Autowiring by type from bean name 'tomcatServletWebServerFactoryCustomizer' via factory method to bean named 'server-org.springframework.boot.autoconfigure.web.ServerProperties'
2021-11-26 18:40:30.581 DEBUG 38388 --- [    Test worker] o.s.b.f.s.DefaultListableBeanFactory     : Creating shared instance of singleton bean 'tomcatWebServerFactoryCustomizer'
2021-11-26 18:40:30.581 DEBUG 38388 --- [    Test worker] o.s.b.f.s.DefaultListableBeanFactory     : Creating shared instance of singleton bean 'org.springframework.boot.autoconfigure.web.embedded.EmbeddedWebServerFactoryCustomizerAutoConfiguration$TomcatWebServerFactoryCustomizerConfiguration'
2021-11-26 18:40:30.587 DEBUG 38388 --- [    Test worker] o.s.b.f.s.DefaultListableBeanFactory     : Autowiring by type from bean name 'tomcatWebServerFactoryCustomizer' via factory method to bean named 'environment'
2021-11-26 18:40:30.587 DEBUG 38388 --- [    Test worker] o.s.b.f.s.DefaultListableBeanFactory     : Autowiring by type from bean name 'tomcatWebServerFactoryCustomizer' via factory method to bean named 'server-org.springframework.boot.autoconfigure.web.ServerProperties'
2021-11-26 18:40:30.593 DEBUG 38388 --- [    Test worker] o.s.b.f.s.DefaultListableBeanFactory     : Creating shared instance of singleton bean 'localeCharsetMappingsCustomizer'
2021-11-26 18:40:30.594 DEBUG 38388 --- [    Test worker] o.s.b.f.s.DefaultListableBeanFactory     : Creating shared instance of singleton bean 'org.springframework.boot.autoconfigure.web.servlet.HttpEncodingAutoConfiguration'
2021-11-26 18:40:30.594 DEBUG 38388 --- [    Test worker] ocalVariableTableParameterNameDiscoverer : Cannot find '.class' file for class [class org.springframework.boot.autoconfigure.web.servlet.HttpEncodingAutoConfiguration$$EnhancerBySpringCGLIB$$67ae0e83] - unable to determine constructor/method parameter names
2021-11-26 18:40:30.596 DEBUG 38388 --- [    Test worker] o.s.b.f.s.DefaultListableBeanFactory     : Creating shared instance of singleton bean 'spring.http-org.springframework.boot.autoconfigure.http.HttpProperties'
2021-11-26 18:40:30.598 DEBUG 38388 --- [    Test worker] o.s.b.f.s.DefaultListableBeanFactory     : Autowiring by type from bean name 'org.springframework.boot.autoconfigure.web.servlet.HttpEncodingAutoConfiguration' via constructor to bean named 'spring.http-org.springframework.boot.autoconfigure.http.HttpProperties'
2021-11-26 18:40:30.638 DEBUG 38388 --- [    Test worker] o.s.b.f.s.DefaultListableBeanFactory     : Creating shared instance of singleton bean 'errorPageCustomizer'
2021-11-26 18:40:30.638 DEBUG 38388 --- [    Test worker] o.s.b.f.s.DefaultListableBeanFactory     : Creating shared instance of singleton bean 'org.springframework.boot.autoconfigure.web.servlet.error.ErrorMvcAutoConfiguration'
2021-11-26 18:40:30.639 DEBUG 38388 --- [    Test worker] ocalVariableTableParameterNameDiscoverer : Cannot find '.class' file for class [class org.springframework.boot.autoconfigure.web.servlet.error.ErrorMvcAutoConfiguration$$EnhancerBySpringCGLIB$$c0055d66] - unable to determine constructor/method parameter names
2021-11-26 18:40:30.641 DEBUG 38388 --- [    Test worker] o.s.b.f.s.DefaultListableBeanFactory     : Creating shared instance of singleton bean 'dispatcherServletRegistration'
2021-11-26 18:40:30.641 DEBUG 38388 --- [    Test worker] o.s.b.f.s.DefaultListableBeanFactory     : Creating shared instance of singleton bean 'org.springframework.boot.autoconfigure.web.servlet.DispatcherServletAutoConfiguration$DispatcherServletRegistrationConfiguration'
2021-11-26 18:40:30.642 DEBUG 38388 --- [    Test worker] ocalVariableTableParameterNameDiscoverer : Cannot find '.class' file for class [class org.springframework.boot.autoconfigure.web.servlet.DispatcherServletAutoConfiguration$DispatcherServletRegistrationConfiguration$$EnhancerBySpringCGLIB$$46607c51] - unable to determine constructor/method parameter names
2021-11-26 18:40:30.644 DEBUG 38388 --- [    Test worker] o.s.b.f.s.DefaultListableBeanFactory     : Creating shared instance of singleton bean 'spring.mvc-org.springframework.boot.autoconfigure.web.servlet.WebMvcProperties'
2021-11-26 18:40:30.649 DEBUG 38388 --- [    Test worker] o.s.b.f.s.DefaultListableBeanFactory     : Autowiring by type from bean name 'org.springframework.boot.autoconfigure.web.servlet.DispatcherServletAutoConfiguration$DispatcherServletRegistrationConfiguration' via constructor to bean named 'spring.mvc-org.springframework.boot.autoconfigure.web.servlet.WebMvcProperties'
2021-11-26 18:40:30.651 DEBUG 38388 --- [    Test worker] o.s.b.f.s.DefaultListableBeanFactory     : Creating shared instance of singleton bean 'multipartConfigElement'
2021-11-26 18:40:30.651 DEBUG 38388 --- [    Test worker] o.s.b.f.s.DefaultListableBeanFactory     : Creating shared instance of singleton bean 'org.springframework.boot.autoconfigure.web.servlet.MultipartAutoConfiguration'
2021-11-26 18:40:30.652 DEBUG 38388 --- [    Test worker] ocalVariableTableParameterNameDiscoverer : Cannot find '.class' file for class [class org.springframework.boot.autoconfigure.web.servlet.MultipartAutoConfiguration$$EnhancerBySpringCGLIB$$d69e9690] - unable to determine constructor/method parameter names
2021-11-26 18:40:30.653 DEBUG 38388 --- [    Test worker] o.s.b.f.s.DefaultListableBeanFactory     : Creating shared instance of singleton bean 'spring.servlet.multipart-org.springframework.boot.autoconfigure.web.servlet.MultipartProperties'
2021-11-26 18:40:30.658 DEBUG 38388 --- [    Test worker] o.s.b.f.s.DefaultListableBeanFactory     : Autowiring by type from bean name 'org.springframework.boot.autoconfigure.web.servlet.MultipartAutoConfiguration' via constructor to bean named 'spring.servlet.multipart-org.springframework.boot.autoconfigure.web.servlet.MultipartProperties'
2021-11-26 18:40:30.679 DEBUG 38388 --- [    Test worker] o.s.b.f.s.DefaultListableBeanFactory     : Creating shared instance of singleton bean 'dispatcherServlet'
2021-11-26 18:40:30.680 DEBUG 38388 --- [    Test worker] o.s.b.f.s.DefaultListableBeanFactory     : Creating shared instance of singleton bean 'org.springframework.boot.autoconfigure.web.servlet.DispatcherServletAutoConfiguration$DispatcherServletConfiguration'
2021-11-26 18:40:30.681 DEBUG 38388 --- [    Test worker] ocalVariableTableParameterNameDiscoverer : Cannot find '.class' file for class [class org.springframework.boot.autoconfigure.web.servlet.DispatcherServletAutoConfiguration$DispatcherServletConfiguration$$EnhancerBySpringCGLIB$$e458e7aa] - unable to determine constructor/method parameter names
2021-11-26 18:40:30.681 DEBUG 38388 --- [    Test worker] o.s.b.f.s.DefaultListableBeanFactory     : Autowiring by type from bean name 'org.springframework.boot.autoconfigure.web.servlet.DispatcherServletAutoConfiguration$DispatcherServletConfiguration' via constructor to bean named 'spring.http-org.springframework.boot.autoconfigure.http.HttpProperties'
2021-11-26 18:40:30.681 DEBUG 38388 --- [    Test worker] o.s.b.f.s.DefaultListableBeanFactory     : Autowiring by type from bean name 'org.springframework.boot.autoconfigure.web.servlet.DispatcherServletAutoConfiguration$DispatcherServletConfiguration' via constructor to bean named 'spring.mvc-org.springframework.boot.autoconfigure.web.servlet.WebMvcProperties'
2021-11-26 18:40:30.719 DEBUG 38388 --- [    Test worker] o.s.b.f.s.DefaultListableBeanFactory     : Autowiring by type from bean name 'dispatcherServletRegistration' via factory method to bean named 'dispatcherServlet'
2021-11-26 18:40:30.733 DEBUG 38388 --- [    Test worker] o.s.b.f.s.DefaultListableBeanFactory     : Autowiring by type from bean name 'org.springframework.boot.autoconfigure.web.servlet.error.ErrorMvcAutoConfiguration' via constructor to bean named 'server-org.springframework.boot.autoconfigure.web.ServerProperties'
2021-11-26 18:40:30.734 DEBUG 38388 --- [    Test worker] o.s.b.f.s.DefaultListableBeanFactory     : Autowiring by type from bean name 'org.springframework.boot.autoconfigure.web.servlet.error.ErrorMvcAutoConfiguration' via constructor to bean named 'dispatcherServletRegistration'
2021-11-26 18:40:30.735 DEBUG 38388 --- [    Test worker] o.s.b.f.s.DefaultListableBeanFactory     : Creating shared instance of singleton bean 'conventionErrorViewResolver'
2021-11-26 18:40:30.736 DEBUG 38388 --- [    Test worker] o.s.b.f.s.DefaultListableBeanFactory     : Creating shared instance of singleton bean 'org.springframework.boot.autoconfigure.web.servlet.error.ErrorMvcAutoConfiguration$DefaultErrorViewResolverConfiguration'
2021-11-26 18:40:30.736 DEBUG 38388 --- [    Test worker] ocalVariableTableParameterNameDiscoverer : Cannot find '.class' file for class [class org.springframework.boot.autoconfigure.web.servlet.error.ErrorMvcAutoConfiguration$DefaultErrorViewResolverConfiguration$$EnhancerBySpringCGLIB$$d49a3206] - unable to determine constructor/method parameter names
2021-11-26 18:40:30.738 DEBUG 38388 --- [    Test worker] o.s.b.f.s.DefaultListableBeanFactory     : Creating shared instance of singleton bean 'spring.resources-org.springframework.boot.autoconfigure.web.ResourceProperties'
2021-11-26 18:40:30.744 DEBUG 38388 --- [    Test worker] o.s.b.f.s.DefaultListableBeanFactory     : Autowiring by type from bean name 'org.springframework.boot.autoconfigure.web.servlet.error.ErrorMvcAutoConfiguration$DefaultErrorViewResolverConfiguration' via constructor to bean named 'org.springframework.web.context.support.GenericWebApplicationContext@2779251a'
2021-11-26 18:40:30.744 DEBUG 38388 --- [    Test worker] o.s.b.f.s.DefaultListableBeanFactory     : Autowiring by type from bean name 'org.springframework.boot.autoconfigure.web.servlet.error.ErrorMvcAutoConfiguration$DefaultErrorViewResolverConfiguration' via constructor to bean named 'spring.resources-org.springframework.boot.autoconfigure.web.ResourceProperties'
2021-11-26 18:40:30.775 DEBUG 38388 --- [    Test worker] o.s.b.f.s.DefaultListableBeanFactory     : Creating shared instance of singleton bean 'org.springframework.boot.autoconfigure.web.servlet.DispatcherServletAutoConfiguration'
2021-11-26 18:40:30.781 DEBUG 38388 --- [    Test worker] o.s.b.f.s.DefaultListableBeanFactory     : Creating shared instance of singleton bean 'org.springframework.boot.autoconfigure.task.TaskExecutionAutoConfiguration'
2021-11-26 18:40:30.782 DEBUG 38388 --- [    Test worker] ocalVariableTableParameterNameDiscoverer : Cannot find '.class' file for class [class org.springframework.boot.autoconfigure.task.TaskExecutionAutoConfiguration$$EnhancerBySpringCGLIB$$1ff8f0b7] - unable to determine constructor/method parameter names
2021-11-26 18:40:30.785 DEBUG 38388 --- [    Test worker] o.s.b.f.s.DefaultListableBeanFactory     : Creating shared instance of singleton bean 'spring.task.execution-org.springframework.boot.autoconfigure.task.TaskExecutionProperties'
2021-11-26 18:40:30.787 DEBUG 38388 --- [    Test worker] o.s.b.f.s.DefaultListableBeanFactory     : Autowiring by type from bean name 'org.springframework.boot.autoconfigure.task.TaskExecutionAutoConfiguration' via constructor to bean named 'spring.task.execution-org.springframework.boot.autoconfigure.task.TaskExecutionProperties'
2021-11-26 18:40:30.794 DEBUG 38388 --- [    Test worker] o.s.b.f.s.DefaultListableBeanFactory     : Creating shared instance of singleton bean 'taskExecutorBuilder'
2021-11-26 18:40:30.802 DEBUG 38388 --- [    Test worker] o.s.b.f.s.DefaultListableBeanFactory     : Creating shared instance of singleton bean 'org.springframework.boot.autoconfigure.validation.ValidationAutoConfiguration'
2021-11-26 18:40:30.808 DEBUG 38388 --- [    Test worker] o.s.b.f.s.DefaultListableBeanFactory     : Creating shared instance of singleton bean 'defaultValidator'
2021-11-26 18:40:30.836 DEBUG 38388 --- [    Test worker] o.s.b.f.s.DefaultListableBeanFactory     : Creating shared instance of singleton bean 'org.springframework.boot.autoconfigure.web.servlet.error.ErrorMvcAutoConfiguration$WhitelabelErrorViewConfiguration'
2021-11-26 18:40:30.841 DEBUG 38388 --- [    Test worker] o.s.b.f.s.DefaultListableBeanFactory     : Creating shared instance of singleton bean 'error'
2021-11-26 18:40:30.846 DEBUG 38388 --- [    Test worker] o.s.b.f.s.DefaultListableBeanFactory     : Creating shared instance of singleton bean 'beanNameViewResolver'
2021-11-26 18:40:30.854 DEBUG 38388 --- [    Test worker] o.s.b.f.s.DefaultListableBeanFactory     : Creating shared instance of singleton bean 'errorAttributes'
2021-11-26 18:40:30.860 DEBUG 38388 --- [    Test worker] o.s.b.f.s.DefaultListableBeanFactory     : Creating shared instance of singleton bean 'basicErrorController'
2021-11-26 18:40:30.861 DEBUG 38388 --- [    Test worker] o.s.b.f.s.DefaultListableBeanFactory     : Autowiring by type from bean name 'basicErrorController' via factory method to bean named 'errorAttributes'
2021-11-26 18:40:30.873 DEBUG 38388 --- [    Test worker] o.s.b.f.s.DefaultListableBeanFactory     : Creating shared instance of singleton bean 'org.springframework.boot.autoconfigure.web.servlet.WebMvcAutoConfiguration$WebMvcAutoConfigurationAdapter$FaviconConfiguration'
2021-11-26 18:40:30.874 DEBUG 38388 --- [    Test worker] ocalVariableTableParameterNameDiscoverer : Cannot find '.class' file for class [class org.springframework.boot.autoconfigure.web.servlet.WebMvcAutoConfiguration$WebMvcAutoConfigurationAdapter$FaviconConfiguration$$EnhancerBySpringCGLIB$$5d877b8c] - unable to determine constructor/method parameter names
2021-11-26 18:40:30.874 DEBUG 38388 --- [    Test worker] o.s.b.f.s.DefaultListableBeanFactory     : Autowiring by type from bean name 'org.springframework.boot.autoconfigure.web.servlet.WebMvcAutoConfiguration$WebMvcAutoConfigurationAdapter$FaviconConfiguration' via constructor to bean named 'spring.resources-org.springframework.boot.autoconfigure.web.ResourceProperties'
2021-11-26 18:40:30.880 DEBUG 38388 --- [    Test worker] o.s.b.f.s.DefaultListableBeanFactory     : Creating shared instance of singleton bean 'faviconHandlerMapping'
2021-11-26 18:40:30.888 DEBUG 38388 --- [    Test worker] o.s.b.f.s.DefaultListableBeanFactory     : Creating shared instance of singleton bean 'faviconRequestHandler'
2021-11-26 18:40:30.945 DEBUG 38388 --- [    Test worker] o.s.w.s.handler.SimpleUrlHandlerMapping  : Patterns [/**/favicon.ico] in 'faviconHandlerMapping'
2021-11-26 18:40:30.947 DEBUG 38388 --- [    Test worker] o.s.b.f.s.DefaultListableBeanFactory     : Creating shared instance of singleton bean 'org.springframework.boot.autoconfigure.web.servlet.WebMvcAutoConfiguration$EnableWebMvcConfiguration'
2021-11-26 18:40:30.947 DEBUG 38388 --- [    Test worker] ocalVariableTableParameterNameDiscoverer : Cannot find '.class' file for class [class org.springframework.boot.autoconfigure.web.servlet.WebMvcAutoConfiguration$EnableWebMvcConfiguration$$EnhancerBySpringCGLIB$$ff46a861] - unable to determine constructor/method parameter names
2021-11-26 18:40:30.951 DEBUG 38388 --- [    Test worker] o.s.b.f.s.DefaultListableBeanFactory     : Autowiring by type from bean name 'org.springframework.boot.autoconfigure.web.servlet.WebMvcAutoConfiguration$EnableWebMvcConfiguration' via constructor to bean named 'org.springframework.beans.factory.support.DefaultListableBeanFactory@47ed058d'
2021-11-26 18:40:30.960 DEBUG 38388 --- [    Test worker] o.s.b.f.s.DefaultListableBeanFactory     : Creating shared instance of singleton bean 'org.springframework.boot.autoconfigure.web.servlet.WebMvcAutoConfiguration$WebMvcAutoConfigurationAdapter'
2021-11-26 18:40:30.960 DEBUG 38388 --- [    Test worker] ocalVariableTableParameterNameDiscoverer : Cannot find '.class' file for class [class org.springframework.boot.autoconfigure.web.servlet.WebMvcAutoConfiguration$WebMvcAutoConfigurationAdapter$$EnhancerBySpringCGLIB$$a14a7346] - unable to determine constructor/method parameter names
2021-11-26 18:40:30.961 DEBUG 38388 --- [    Test worker] o.s.b.f.s.DefaultListableBeanFactory     : Autowiring by type from bean name 'org.springframework.boot.autoconfigure.web.servlet.WebMvcAutoConfiguration$WebMvcAutoConfigurationAdapter' via constructor to bean named 'spring.resources-org.springframework.boot.autoconfigure.web.ResourceProperties'
2021-11-26 18:40:30.961 DEBUG 38388 --- [    Test worker] o.s.b.f.s.DefaultListableBeanFactory     : Autowiring by type from bean name 'org.springframework.boot.autoconfigure.web.servlet.WebMvcAutoConfiguration$WebMvcAutoConfigurationAdapter' via constructor to bean named 'spring.mvc-org.springframework.boot.autoconfigure.web.servlet.WebMvcProperties'
2021-11-26 18:40:30.961 DEBUG 38388 --- [    Test worker] o.s.b.f.s.DefaultListableBeanFactory     : Autowiring by type from bean name 'org.springframework.boot.autoconfigure.web.servlet.WebMvcAutoConfiguration$WebMvcAutoConfigurationAdapter' via constructor to bean named 'org.springframework.beans.factory.support.DefaultListableBeanFactory@47ed058d'
2021-11-26 18:40:30.970 DEBUG 38388 --- [    Test worker] o.s.b.f.s.DefaultListableBeanFactory     : Creating shared instance of singleton bean 'metricsWebMvcConfigurer'
2021-11-26 18:40:30.971 DEBUG 38388 --- [    Test worker] o.s.b.f.s.DefaultListableBeanFactory     : Creating shared instance of singleton bean 'org.springframework.boot.actuate.autoconfigure.metrics.web.servlet.WebMvcMetricsAutoConfiguration'
2021-11-26 18:40:30.971 DEBUG 38388 --- [    Test worker] ocalVariableTableParameterNameDiscoverer : Cannot find '.class' file for class [class org.springframework.boot.actuate.autoconfigure.metrics.web.servlet.WebMvcMetricsAutoConfiguration$$EnhancerBySpringCGLIB$$a7fb1189] - unable to determine constructor/method parameter names
2021-11-26 18:40:30.973 DEBUG 38388 --- [    Test worker] o.s.b.f.s.DefaultListableBeanFactory     : Creating shared instance of singleton bean 'management.metrics-org.springframework.boot.actuate.autoconfigure.metrics.MetricsProperties'
2021-11-26 18:40:30.976 DEBUG 38388 --- [    Test worker] o.s.b.f.s.DefaultListableBeanFactory     : Autowiring by type from bean name 'org.springframework.boot.actuate.autoconfigure.metrics.web.servlet.WebMvcMetricsAutoConfiguration' via constructor to bean named 'management.metrics-org.springframework.boot.actuate.autoconfigure.metrics.MetricsProperties'
2021-11-26 18:40:30.981 DEBUG 38388 --- [    Test worker] o.s.b.f.s.DefaultListableBeanFactory     : Creating shared instance of singleton bean 'simpleMeterRegistry'
2021-11-26 18:40:30.981 DEBUG 38388 --- [    Test worker] o.s.b.f.s.DefaultListableBeanFactory     : Creating shared instance of singleton bean 'org.springframework.boot.actuate.autoconfigure.metrics.export.simple.SimpleMetricsExportAutoConfiguration'
2021-11-26 18:40:30.987 DEBUG 38388 --- [    Test worker] o.s.b.f.s.DefaultListableBeanFactory     : Creating shared instance of singleton bean 'simpleConfig'
2021-11-26 18:40:30.989 DEBUG 38388 --- [    Test worker] o.s.b.f.s.DefaultListableBeanFactory     : Creating shared instance of singleton bean 'management.metrics.export.simple-org.springframework.boot.actuate.autoconfigure.metrics.export.simple.SimpleProperties'
2021-11-26 18:40:30.991 DEBUG 38388 --- [    Test worker] o.s.b.f.s.DefaultListableBeanFactory     : Autowiring by type from bean name 'simpleConfig' via factory method to bean named 'management.metrics.export.simple-org.springframework.boot.actuate.autoconfigure.metrics.export.simple.SimpleProperties'
2021-11-26 18:40:31.001 DEBUG 38388 --- [    Test worker] o.s.b.f.s.DefaultListableBeanFactory     : Creating shared instance of singleton bean 'micrometerClock'
2021-11-26 18:40:31.002 DEBUG 38388 --- [    Test worker] o.s.b.f.s.DefaultListableBeanFactory     : Creating shared instance of singleton bean 'org.springframework.boot.actuate.autoconfigure.metrics.MetricsAutoConfiguration'
2021-11-26 18:40:31.011 DEBUG 38388 --- [    Test worker] o.s.b.f.s.DefaultListableBeanFactory     : Autowiring by type from bean name 'simpleMeterRegistry' via factory method to bean named 'simpleConfig'
2021-11-26 18:40:31.011 DEBUG 38388 --- [    Test worker] o.s.b.f.s.DefaultListableBeanFactory     : Autowiring by type from bean name 'simpleMeterRegistry' via factory method to bean named 'micrometerClock'
2021-11-26 18:40:31.049 DEBUG 38388 --- [    Test worker] o.s.b.f.s.DefaultListableBeanFactory     : Creating shared instance of singleton bean 'jvmGcMetrics'
2021-11-26 18:40:31.050 DEBUG 38388 --- [    Test worker] o.s.b.f.s.DefaultListableBeanFactory     : Creating shared instance of singleton bean 'org.springframework.boot.actuate.autoconfigure.metrics.JvmMetricsAutoConfiguration'
2021-11-26 18:40:31.068 DEBUG 38388 --- [    Test worker] o.s.b.f.s.DefaultListableBeanFactory     : Creating shared instance of singleton bean 'jvmMemoryMetrics'
2021-11-26 18:40:31.072 DEBUG 38388 --- [    Test worker] o.s.b.f.s.DefaultListableBeanFactory     : Creating shared instance of singleton bean 'jvmThreadMetrics'
2021-11-26 18:40:31.075 DEBUG 38388 --- [    Test worker] o.s.b.f.s.DefaultListableBeanFactory     : Creating shared instance of singleton bean 'classLoaderMetrics'
2021-11-26 18:40:31.078 DEBUG 38388 --- [    Test worker] o.s.b.f.s.DefaultListableBeanFactory     : Creating shared instance of singleton bean 'logbackMetrics'
2021-11-26 18:40:31.079 DEBUG 38388 --- [    Test worker] o.s.b.f.s.DefaultListableBeanFactory     : Creating shared instance of singleton bean 'org.springframework.boot.actuate.autoconfigure.metrics.LogbackMetricsAutoConfiguration'
2021-11-26 18:40:31.089 DEBUG 38388 --- [    Test worker] o.s.b.f.s.DefaultListableBeanFactory     : Creating shared instance of singleton bean 'uptimeMetrics'
2021-11-26 18:40:31.090 DEBUG 38388 --- [    Test worker] o.s.b.f.s.DefaultListableBeanFactory     : Creating shared instance of singleton bean 'org.springframework.boot.actuate.autoconfigure.metrics.SystemMetricsAutoConfiguration'
2021-11-26 18:40:31.099 DEBUG 38388 --- [    Test worker] o.s.b.f.s.DefaultListableBeanFactory     : Creating shared instance of singleton bean 'processorMetrics'
2021-11-26 18:40:31.103 DEBUG 38388 --- [    Test worker] o.s.b.f.s.DefaultListableBeanFactory     : Creating shared instance of singleton bean 'fileDescriptorMetrics'
2021-11-26 18:40:31.108 DEBUG 38388 --- [    Test worker] o.s.b.f.s.DefaultListableBeanFactory     : Creating shared instance of singleton bean 'propertiesMeterFilter'
2021-11-26 18:40:31.109 DEBUG 38388 --- [    Test worker] o.s.b.f.s.DefaultListableBeanFactory     : Autowiring by type from bean name 'propertiesMeterFilter' via factory method to bean named 'management.metrics-org.springframework.boot.actuate.autoconfigure.metrics.MetricsProperties'
2021-11-26 18:40:31.115 DEBUG 38388 --- [    Test worker] o.s.b.f.s.DefaultListableBeanFactory     : Creating shared instance of singleton bean 'metricsHttpClientUriTagFilter'
2021-11-26 18:40:31.116 DEBUG 38388 --- [    Test worker] o.s.b.f.s.DefaultListableBeanFactory     : Creating shared instance of singleton bean 'org.springframework.boot.actuate.autoconfigure.metrics.web.client.HttpClientMetricsAutoConfiguration'
2021-11-26 18:40:31.116 DEBUG 38388 --- [    Test worker] ocalVariableTableParameterNameDiscoverer : Cannot find '.class' file for class [class org.springframework.boot.actuate.autoconfigure.metrics.web.client.HttpClientMetricsAutoConfiguration$$EnhancerBySpringCGLIB$$d5304750] - unable to determine constructor/method parameter names
2021-11-26 18:40:31.117 DEBUG 38388 --- [    Test worker] o.s.b.f.s.DefaultListableBeanFactory     : Autowiring by type from bean name 'org.springframework.boot.actuate.autoconfigure.metrics.web.client.HttpClientMetricsAutoConfiguration' via constructor to bean named 'management.metrics-org.springframework.boot.actuate.autoconfigure.metrics.MetricsProperties'
2021-11-26 18:40:31.130 DEBUG 38388 --- [    Test worker] o.s.b.f.s.DefaultListableBeanFactory     : Creating shared instance of singleton bean 'metricsHttpServerUriTagFilter'
2021-11-26 18:40:31.169 DEBUG 38388 --- [    Test worker] o.s.b.f.s.DefaultListableBeanFactory     : Creating shared instance of singleton bean 'webMvcTagsProvider'
2021-11-26 18:40:31.172 DEBUG 38388 --- [    Test worker] o.s.b.f.s.DefaultListableBeanFactory     : Autowiring by type from bean name 'metricsWebMvcConfigurer' via factory method to bean named 'simpleMeterRegistry'
2021-11-26 18:40:31.172 DEBUG 38388 --- [    Test worker] o.s.b.f.s.DefaultListableBeanFactory     : Autowiring by type from bean name 'metricsWebMvcConfigurer' via factory method to bean named 'webMvcTagsProvider'
2021-11-26 18:40:31.177 DEBUG 38388 --- [    Test worker] o.s.b.f.s.DefaultListableBeanFactory     : Creating shared instance of singleton bean 'requestMappingHandlerAdapter'
2021-11-26 18:40:31.217 DEBUG 38388 --- [    Test worker] o.s.b.f.s.DefaultListableBeanFactory     : Creating shared instance of singleton bean 'mvcContentNegotiationManager'
2021-11-26 18:40:31.224 DEBUG 38388 --- [    Test worker] o.s.b.f.s.DefaultListableBeanFactory     : Creating shared instance of singleton bean 'messageConverters'
2021-11-26 18:40:31.225 DEBUG 38388 --- [    Test worker] o.s.b.f.s.DefaultListableBeanFactory     : Creating shared instance of singleton bean 'org.springframework.boot.autoconfigure.http.HttpMessageConvertersAutoConfiguration'
2021-11-26 18:40:31.225 DEBUG 38388 --- [    Test worker] ocalVariableTableParameterNameDiscoverer : Cannot find '.class' file for class [class org.springframework.boot.autoconfigure.http.HttpMessageConvertersAutoConfiguration$$EnhancerBySpringCGLIB$$ae8d2375] - unable to determine constructor/method parameter names
2021-11-26 18:40:31.230 DEBUG 38388 --- [    Test worker] o.s.b.f.s.DefaultListableBeanFactory     : Creating shared instance of singleton bean 'stringHttpMessageConverter'
2021-11-26 18:40:31.230 DEBUG 38388 --- [    Test worker] o.s.b.f.s.DefaultListableBeanFactory     : Creating shared instance of singleton bean 'org.springframework.boot.autoconfigure.http.HttpMessageConvertersAutoConfiguration$StringHttpMessageConverterConfiguration'
2021-11-26 18:40:31.230 DEBUG 38388 --- [    Test worker] ocalVariableTableParameterNameDiscoverer : Cannot find '.class' file for class [class org.springframework.boot.autoconfigure.http.HttpMessageConvertersAutoConfiguration$StringHttpMessageConverterConfiguration$$EnhancerBySpringCGLIB$$e19aea15] - unable to determine constructor/method parameter names
2021-11-26 18:40:31.231 DEBUG 38388 --- [    Test worker] o.s.b.f.s.DefaultListableBeanFactory     : Autowiring by type from bean name 'org.springframework.boot.autoconfigure.http.HttpMessageConvertersAutoConfiguration$StringHttpMessageConverterConfiguration' via constructor to bean named 'spring.http-org.springframework.boot.autoconfigure.http.HttpProperties'
2021-11-26 18:40:31.244 DEBUG 38388 --- [    Test worker] o.s.b.f.s.DefaultListableBeanFactory     : Creating shared instance of singleton bean 'mappingJackson2HttpMessageConverter'
2021-11-26 18:40:31.244 DEBUG 38388 --- [    Test worker] o.s.b.f.s.DefaultListableBeanFactory     : Creating shared instance of singleton bean 'org.springframework.boot.autoconfigure.http.JacksonHttpMessageConvertersConfiguration$MappingJackson2HttpMessageConverterConfiguration'
2021-11-26 18:40:31.251 DEBUG 38388 --- [    Test worker] o.s.b.f.s.DefaultListableBeanFactory     : Creating shared instance of singleton bean 'jacksonObjectMapper'
2021-11-26 18:40:31.252 DEBUG 38388 --- [    Test worker] o.s.b.f.s.DefaultListableBeanFactory     : Creating shared instance of singleton bean 'org.springframework.boot.autoconfigure.jackson.JacksonAutoConfiguration$JacksonObjectMapperConfiguration'
2021-11-26 18:40:31.262 DEBUG 38388 --- [    Test worker] o.s.b.f.s.DefaultListableBeanFactory     : Creating shared instance of singleton bean 'jacksonObjectMapperBuilder'
2021-11-26 18:40:31.262 DEBUG 38388 --- [    Test worker] o.s.b.f.s.DefaultListableBeanFactory     : Creating shared instance of singleton bean 'org.springframework.boot.autoconfigure.jackson.JacksonAutoConfiguration$JacksonObjectMapperBuilderConfiguration'
2021-11-26 18:40:31.263 DEBUG 38388 --- [    Test worker] ocalVariableTableParameterNameDiscoverer : Cannot find '.class' file for class [class org.springframework.boot.autoconfigure.jackson.JacksonAutoConfiguration$JacksonObjectMapperBuilderConfiguration$$EnhancerBySpringCGLIB$$a239998b] - unable to determine constructor/method parameter names
2021-11-26 18:40:31.263 DEBUG 38388 --- [    Test worker] o.s.b.f.s.DefaultListableBeanFactory     : Autowiring by type from bean name 'org.springframework.boot.autoconfigure.jackson.JacksonAutoConfiguration$JacksonObjectMapperBuilderConfiguration' via constructor to bean named 'org.springframework.web.context.support.GenericWebApplicationContext@2779251a'
2021-11-26 18:40:31.276 DEBUG 38388 --- [    Test worker] o.s.b.f.s.DefaultListableBeanFactory     : Creating shared instance of singleton bean 'standardJacksonObjectMapperBuilderCustomizer'
2021-11-26 18:40:31.276 DEBUG 38388 --- [    Test worker] o.s.b.f.s.DefaultListableBeanFactory     : Creating shared instance of singleton bean 'org.springframework.boot.autoconfigure.jackson.JacksonAutoConfiguration$Jackson2ObjectMapperBuilderCustomizerConfiguration'
2021-11-26 18:40:31.286 DEBUG 38388 --- [    Test worker] o.s.b.f.s.DefaultListableBeanFactory     : Creating shared instance of singleton bean 'spring.jackson-org.springframework.boot.autoconfigure.jackson.JacksonProperties'
2021-11-26 18:40:31.290 DEBUG 38388 --- [    Test worker] o.s.b.f.s.DefaultListableBeanFactory     : Autowiring by type from bean name 'standardJacksonObjectMapperBuilderCustomizer' via factory method to bean named 'org.springframework.web.context.support.GenericWebApplicationContext@2779251a'
2021-11-26 18:40:31.291 DEBUG 38388 --- [    Test worker] o.s.b.f.s.DefaultListableBeanFactory     : Autowiring by type from bean name 'standardJacksonObjectMapperBuilderCustomizer' via factory method to bean named 'spring.jackson-org.springframework.boot.autoconfigure.jackson.JacksonProperties'
2021-11-26 18:40:31.300 DEBUG 38388 --- [    Test worker] o.s.b.f.s.DefaultListableBeanFactory     : Autowiring by type from bean name 'jacksonObjectMapperBuilder' via factory method to bean named 'standardJacksonObjectMapperBuilderCustomizer'
2021-11-26 18:40:31.307 DEBUG 38388 --- [    Test worker] o.s.b.f.s.DefaultListableBeanFactory     : Creating shared instance of singleton bean 'parameterNamesModule'
2021-11-26 18:40:31.307 DEBUG 38388 --- [    Test worker] o.s.b.f.s.DefaultListableBeanFactory     : Creating shared instance of singleton bean 'org.springframework.boot.autoconfigure.jackson.JacksonAutoConfiguration$ParameterNamesModuleConfiguration'
2021-11-26 18:40:31.332 DEBUG 38388 --- [    Test worker] o.s.b.f.s.DefaultListableBeanFactory     : Creating shared instance of singleton bean 'jsonComponentModule'
2021-11-26 18:40:31.332 DEBUG 38388 --- [    Test worker] o.s.b.f.s.DefaultListableBeanFactory     : Creating shared instance of singleton bean 'org.springframework.boot.autoconfigure.jackson.JacksonAutoConfiguration'
2021-11-26 18:40:31.356 DEBUG 38388 --- [    Test worker] o.s.b.f.s.DefaultListableBeanFactory     : Autowiring by type from bean name 'jacksonObjectMapper' via factory method to bean named 'jacksonObjectMapperBuilder'
2021-11-26 18:40:31.384 DEBUG 38388 --- [    Test worker] o.s.b.f.s.DefaultListableBeanFactory     : Autowiring by type from bean name 'mappingJackson2HttpMessageConverter' via factory method to bean named 'jacksonObjectMapper'
2021-11-26 18:40:31.597 DEBUG 38388 --- [    Test worker] o.s.b.f.s.DefaultListableBeanFactory     : Creating shared instance of singleton bean 'mvcConversionService'
2021-11-26 18:40:31.611 DEBUG 38388 --- [    Test worker] o.s.b.f.s.DefaultListableBeanFactory     : Creating shared instance of singleton bean 'mvcValidator'
2021-11-26 18:40:31.620 DEBUG 38388 --- [    Test worker] o.s.b.f.s.DefaultListableBeanFactory     : Creating shared instance of singleton bean 'applicationTaskExecutor'
2021-11-26 18:40:31.622 DEBUG 38388 --- [    Test worker] o.s.b.f.s.DefaultListableBeanFactory     : Autowiring by type from bean name 'applicationTaskExecutor' via factory method to bean named 'taskExecutorBuilder'
2021-11-26 18:40:31.636  INFO 38388 --- [    Test worker] o.s.s.concurrent.ThreadPoolTaskExecutor  : Initializing ExecutorService 'applicationTaskExecutor'
2021-11-26 18:40:31.659 DEBUG 38388 --- [    Test worker] s.w.s.m.m.a.RequestMappingHandlerAdapter : ControllerAdvice beans: 0 @ModelAttribute, 0 @InitBinder, 1 RequestBodyAdvice, 1 ResponseBodyAdvice
2021-11-26 18:40:31.707 DEBUG 38388 --- [    Test worker] o.s.b.f.s.DefaultListableBeanFactory     : Creating shared instance of singleton bean 'requestMappingHandlerMapping'
2021-11-26 18:40:31.718 DEBUG 38388 --- [    Test worker] o.s.b.f.s.DefaultListableBeanFactory     : Creating shared instance of singleton bean 'mvcResourceUrlProvider'
2021-11-26 18:40:31.761 DEBUG 38388 --- [    Test worker] s.w.s.m.m.a.RequestMappingHandlerMapping : 2 mappings in 'requestMappingHandlerMapping'
2021-11-26 18:40:31.762 DEBUG 38388 --- [    Test worker] o.s.b.f.s.DefaultListableBeanFactory     : Creating shared instance of singleton bean 'mvcPathMatcher'
2021-11-26 18:40:31.765 DEBUG 38388 --- [    Test worker] o.s.b.f.s.DefaultListableBeanFactory     : Creating shared instance of singleton bean 'mvcUrlPathHelper'
2021-11-26 18:40:31.768 DEBUG 38388 --- [    Test worker] o.s.b.f.s.DefaultListableBeanFactory     : Creating shared instance of singleton bean 'viewControllerHandlerMapping'
2021-11-26 18:40:31.771 DEBUG 38388 --- [    Test worker] o.s.b.f.s.DefaultListableBeanFactory     : Creating shared instance of singleton bean 'beanNameHandlerMapping'
2021-11-26 18:40:31.781 DEBUG 38388 --- [    Test worker] o.s.b.f.s.DefaultListableBeanFactory     : Creating shared instance of singleton bean 'resourceHandlerMapping'
2021-11-26 18:40:31.787 DEBUG 38388 --- [    Test worker] o.s.w.s.handler.SimpleUrlHandlerMapping  : Patterns [/webjars/**, /**] in 'resourceHandlerMapping'
2021-11-26 18:40:31.788 DEBUG 38388 --- [    Test worker] o.s.b.f.s.DefaultListableBeanFactory     : Creating shared instance of singleton bean 'defaultServletHandlerMapping'
2021-11-26 18:40:31.789 DEBUG 38388 --- [    Test worker] o.s.b.f.s.DefaultListableBeanFactory     : Creating shared instance of singleton bean 'mvcUriComponentsContributor'
2021-11-26 18:40:31.793 DEBUG 38388 --- [    Test worker] o.s.b.f.s.DefaultListableBeanFactory     : Creating shared instance of singleton bean 'httpRequestHandlerAdapter'
2021-11-26 18:40:31.796 DEBUG 38388 --- [    Test worker] o.s.b.f.s.DefaultListableBeanFactory     : Creating shared instance of singleton bean 'simpleControllerHandlerAdapter'
2021-11-26 18:40:31.799 DEBUG 38388 --- [    Test worker] o.s.b.f.s.DefaultListableBeanFactory     : Creating shared instance of singleton bean 'handlerExceptionResolver'
2021-11-26 18:40:31.806 DEBUG 38388 --- [    Test worker] .m.m.a.ExceptionHandlerExceptionResolver : ControllerAdvice beans: 0 @ExceptionHandler, 1 ResponseBodyAdvice
2021-11-26 18:40:31.812 DEBUG 38388 --- [    Test worker] o.s.b.f.s.DefaultListableBeanFactory     : Creating shared instance of singleton bean 'mvcViewResolver'
2021-11-26 18:40:31.821 DEBUG 38388 --- [    Test worker] o.s.b.f.s.DefaultListableBeanFactory     : Creating shared instance of singleton bean 'defaultViewResolver'
2021-11-26 18:40:31.836 DEBUG 38388 --- [    Test worker] o.s.b.f.s.DefaultListableBeanFactory     : Creating shared instance of singleton bean 'viewResolver'
2021-11-26 18:40:31.837 DEBUG 38388 --- [    Test worker] o.s.b.f.s.DefaultListableBeanFactory     : Autowiring by type from bean name 'viewResolver' via factory method to bean named 'org.springframework.beans.factory.support.DefaultListableBeanFactory@47ed058d'
2021-11-26 18:40:31.845 DEBUG 38388 --- [    Test worker] o.s.b.f.s.DefaultListableBeanFactory     : Creating shared instance of singleton bean 'groovyMarkupViewResolver'
2021-11-26 18:40:31.846 DEBUG 38388 --- [    Test worker] o.s.b.f.s.DefaultListableBeanFactory     : Creating shared instance of singleton bean 'org.springframework.boot.autoconfigure.groovy.template.GroovyTemplateAutoConfiguration$GroovyWebConfiguration'
2021-11-26 18:40:31.846 DEBUG 38388 --- [    Test worker] ocalVariableTableParameterNameDiscoverer : Cannot find '.class' file for class [class org.springframework.boot.autoconfigure.groovy.template.GroovyTemplateAutoConfiguration$GroovyWebConfiguration$$EnhancerBySpringCGLIB$$2460cf7b] - unable to determine constructor/method parameter names
2021-11-26 18:40:31.847 DEBUG 38388 --- [    Test worker] o.s.b.f.s.DefaultListableBeanFactory     : Creating shared instance of singleton bean 'spring.groovy.template-org.springframework.boot.autoconfigure.groovy.template.GroovyTemplateProperties'
2021-11-26 18:40:31.852 DEBUG 38388 --- [    Test worker] o.s.b.f.s.DefaultListableBeanFactory     : Autowiring by type from bean name 'org.springframework.boot.autoconfigure.groovy.template.GroovyTemplateAutoConfiguration$GroovyWebConfiguration' via constructor to bean named 'spring.groovy.template-org.springframework.boot.autoconfigure.groovy.template.GroovyTemplateProperties'
2021-11-26 18:40:31.867 DEBUG 38388 --- [    Test worker] o.s.b.f.s.DefaultListableBeanFactory     : Creating shared instance of singleton bean 'welcomePageHandlerMapping'
2021-11-26 18:40:31.868 DEBUG 38388 --- [    Test worker] o.s.b.f.s.DefaultListableBeanFactory     : Autowiring by type from bean name 'welcomePageHandlerMapping' via factory method to bean named 'org.springframework.web.context.support.GenericWebApplicationContext@2779251a'
2021-11-26 18:40:31.882 DEBUG 38388 --- [    Test worker] o.s.b.f.s.DefaultListableBeanFactory     : Creating shared instance of singleton bean 'requestContextFilter'
2021-11-26 18:40:31.891 DEBUG 38388 --- [    Test worker] o.s.b.f.s.DefaultListableBeanFactory     : Creating shared instance of singleton bean 'org.springframework.boot.autoconfigure.web.servlet.WebMvcAutoConfiguration'
2021-11-26 18:40:31.894 DEBUG 38388 --- [    Test worker] o.s.b.f.s.DefaultListableBeanFactory     : Creating shared instance of singleton bean 'hiddenHttpMethodFilter'
2021-11-26 18:40:31.903 DEBUG 38388 --- [    Test worker] o.s.b.f.s.DefaultListableBeanFactory     : Creating shared instance of singleton bean 'formContentFilter'
2021-11-26 18:40:31.913 DEBUG 38388 --- [    Test worker] o.s.b.f.s.DefaultListableBeanFactory     : Creating shared instance of singleton bean 'org.springframework.boot.actuate.autoconfigure.audit.AuditAutoConfiguration$AuditEventRepositoryConfiguration'
2021-11-26 18:40:31.916 DEBUG 38388 --- [    Test worker] o.s.b.f.s.DefaultListableBeanFactory     : Creating shared instance of singleton bean 'auditEventRepository'
2021-11-26 18:40:31.921 DEBUG 38388 --- [    Test worker] o.s.b.f.s.DefaultListableBeanFactory     : Creating shared instance of singleton bean 'org.springframework.boot.actuate.autoconfigure.audit.AuditAutoConfiguration'
2021-11-26 18:40:31.921 DEBUG 38388 --- [    Test worker] ocalVariableTableParameterNameDiscoverer : Cannot find '.class' file for class [class org.springframework.boot.actuate.autoconfigure.audit.AuditAutoConfiguration$$EnhancerBySpringCGLIB$$360e6050] - unable to determine constructor/method parameter names
2021-11-26 18:40:31.925 DEBUG 38388 --- [    Test worker] o.s.b.f.s.DefaultListableBeanFactory     : Creating shared instance of singleton bean 'auditListener'
2021-11-26 18:40:31.932 DEBUG 38388 --- [    Test worker] o.s.b.f.s.DefaultListableBeanFactory     : Creating shared instance of singleton bean 'org.springframework.boot.actuate.autoconfigure.audit.AuditEventsEndpointAutoConfiguration'
2021-11-26 18:40:31.935 DEBUG 38388 --- [    Test worker] o.s.b.f.s.DefaultListableBeanFactory     : Creating shared instance of singleton bean 'auditEventsEndpoint'
2021-11-26 18:40:31.935 DEBUG 38388 --- [    Test worker] o.s.b.f.s.DefaultListableBeanFactory     : Autowiring by type from bean name 'auditEventsEndpoint' via factory method to bean named 'auditEventRepository'
2021-11-26 18:40:31.941 DEBUG 38388 --- [    Test worker] o.s.b.f.s.DefaultListableBeanFactory     : Creating shared instance of singleton bean 'org.springframework.boot.actuate.autoconfigure.beans.BeansEndpointAutoConfiguration'
2021-11-26 18:40:31.945 DEBUG 38388 --- [    Test worker] o.s.b.f.s.DefaultListableBeanFactory     : Creating shared instance of singleton bean 'beansEndpoint'
2021-11-26 18:40:31.946 DEBUG 38388 --- [    Test worker] o.s.b.f.s.DefaultListableBeanFactory     : Autowiring by type from bean name 'beansEndpoint' via factory method to bean named 'org.springframework.web.context.support.GenericWebApplicationContext@2779251a'
2021-11-26 18:40:31.952 DEBUG 38388 --- [    Test worker] o.s.b.f.s.DefaultListableBeanFactory     : Creating shared instance of singleton bean 'org.springframework.boot.autoconfigure.jdbc.metadata.DataSourcePoolMetadataProvidersConfiguration$HikariPoolDataSourceMetadataProviderConfiguration'
2021-11-26 18:40:31.957 DEBUG 38388 --- [    Test worker] o.s.b.f.s.DefaultListableBeanFactory     : Creating shared instance of singleton bean 'hikariPoolDataSourceMetadataProvider'
2021-11-26 18:40:31.962 DEBUG 38388 --- [    Test worker] o.s.b.f.s.DefaultListableBeanFactory     : Creating shared instance of singleton bean 'org.springframework.boot.autoconfigure.jdbc.metadata.DataSourcePoolMetadataProvidersConfiguration'
2021-11-26 18:40:31.966 DEBUG 38388 --- [    Test worker] o.s.b.f.s.DefaultListableBeanFactory     : Creating shared instance of singleton bean 'org.springframework.boot.autoconfigure.jdbc.DataSourceInitializationConfiguration'
2021-11-26 18:40:31.971 DEBUG 38388 --- [    Test worker] o.s.b.f.s.DefaultListableBeanFactory     : Creating shared instance of singleton bean 'org.springframework.boot.autoconfigure.jdbc.DataSourceAutoConfiguration'
2021-11-26 18:40:31.975 DEBUG 38388 --- [    Test worker] o.s.b.f.s.DefaultListableBeanFactory     : Creating shared instance of singleton bean 'org.springframework.boot.actuate.autoconfigure.cache.CachesEndpointAutoConfiguration'
2021-11-26 18:40:31.979 DEBUG 38388 --- [    Test worker] o.s.b.f.s.DefaultListableBeanFactory     : Creating shared instance of singleton bean 'cachesEndpoint'
2021-11-26 18:40:31.990 DEBUG 38388 --- [    Test worker] o.s.b.f.s.DefaultListableBeanFactory     : Creating shared instance of singleton bean 'cachesEndpointWebExtension'
2021-11-26 18:40:31.991 DEBUG 38388 --- [    Test worker] o.s.b.f.s.DefaultListableBeanFactory     : Autowiring by type from bean name 'cachesEndpointWebExtension' via factory method to bean named 'cachesEndpoint'
2021-11-26 18:40:31.996 DEBUG 38388 --- [    Test worker] o.s.b.f.s.DefaultListableBeanFactory     : Creating shared instance of singleton bean 'org.springframework.boot.actuate.autoconfigure.web.servlet.ServletManagementContextAutoConfiguration'
2021-11-26 18:40:32.001 DEBUG 38388 --- [    Test worker] o.s.b.f.s.DefaultListableBeanFactory     : Creating shared instance of singleton bean 'servletWebChildContextFactory'
2021-11-26 18:40:32.012 DEBUG 38388 --- [    Test worker] o.s.b.f.s.DefaultListableBeanFactory     : Creating shared instance of singleton bean 'managementServletContext'
2021-11-26 18:40:32.013 DEBUG 38388 --- [    Test worker] o.s.b.f.s.DefaultListableBeanFactory     : Creating shared instance of singleton bean 'management.endpoints.web-org.springframework.boot.actuate.autoconfigure.endpoint.web.WebEndpointProperties'
2021-11-26 18:40:32.016 DEBUG 38388 --- [    Test worker] o.s.b.f.s.DefaultListableBeanFactory     : Autowiring by type from bean name 'managementServletContext' via factory method to bean named 'management.endpoints.web-org.springframework.boot.actuate.autoconfigure.endpoint.web.WebEndpointProperties'
2021-11-26 18:40:32.019 DEBUG 38388 --- [    Test worker] o.s.b.f.s.DefaultListableBeanFactory     : Creating shared instance of singleton bean 'org.springframework.boot.actuate.autoconfigure.jdbc.DataSourceHealthIndicatorAutoConfiguration'
2021-11-26 18:40:32.020 DEBUG 38388 --- [    Test worker] ocalVariableTableParameterNameDiscoverer : Cannot find '.class' file for class [class org.springframework.boot.actuate.autoconfigure.jdbc.DataSourceHealthIndicatorAutoConfiguration$$EnhancerBySpringCGLIB$$33da967] - unable to determine constructor/method parameter names
2021-11-26 18:40:32.029 DEBUG 38388 --- [    Test worker] o.s.b.f.s.DefaultListableBeanFactory     : Creating shared instance of singleton bean 'healthAggregator'
2021-11-26 18:40:32.029 DEBUG 38388 --- [    Test worker] o.s.b.f.s.DefaultListableBeanFactory     : Creating shared instance of singleton bean 'org.springframework.boot.actuate.autoconfigure.health.HealthIndicatorAutoConfiguration'
2021-11-26 18:40:32.030 DEBUG 38388 --- [    Test worker] ocalVariableTableParameterNameDiscoverer : Cannot find '.class' file for class [class org.springframework.boot.actuate.autoconfigure.health.HealthIndicatorAutoConfiguration$$EnhancerBySpringCGLIB$$9ddb73a1] - unable to determine constructor/method parameter names
2021-11-26 18:40:32.031 DEBUG 38388 --- [    Test worker] o.s.b.f.s.DefaultListableBeanFactory     : Creating shared instance of singleton bean 'management.health.status-org.springframework.boot.actuate.autoconfigure.health.HealthIndicatorProperties'
2021-11-26 18:40:32.033 DEBUG 38388 --- [    Test worker] o.s.b.f.s.DefaultListableBeanFactory     : Autowiring by type from bean name 'org.springframework.boot.actuate.autoconfigure.health.HealthIndicatorAutoConfiguration' via constructor to bean named 'management.health.status-org.springframework.boot.actuate.autoconfigure.health.HealthIndicatorProperties'
2021-11-26 18:40:32.045 DEBUG 38388 --- [    Test worker] o.s.b.f.s.DefaultListableBeanFactory     : Creating shared instance of singleton bean 'dbHealthIndicator'
2021-11-26 18:40:32.056 DEBUG 38388 --- [    Test worker] o.s.b.f.s.DefaultListableBeanFactory     : Creating shared instance of singleton bean 'org.springframework.boot.actuate.autoconfigure.system.DiskSpaceHealthIndicatorAutoConfiguration'
2021-11-26 18:40:32.060 DEBUG 38388 --- [    Test worker] o.s.b.f.s.DefaultListableBeanFactory     : Creating shared instance of singleton bean 'diskSpaceHealthIndicator'
2021-11-26 18:40:32.061 DEBUG 38388 --- [    Test worker] o.s.b.f.s.DefaultListableBeanFactory     : Creating shared instance of singleton bean 'diskSpaceHealthIndicatorProperties'
2021-11-26 18:40:32.065 DEBUG 38388 --- [    Test worker] o.s.b.f.s.DefaultListableBeanFactory     : Autowiring by type from bean name 'diskSpaceHealthIndicator' via factory method to bean named 'diskSpaceHealthIndicatorProperties'
2021-11-26 18:40:32.068 DEBUG 38388 --- [    Test worker] o.s.b.f.s.DefaultListableBeanFactory     : Creating shared instance of singleton bean 'healthIndicatorRegistry'
2021-11-26 18:40:32.069 DEBUG 38388 --- [    Test worker] o.s.b.f.s.DefaultListableBeanFactory     : Autowiring by type from bean name 'healthIndicatorRegistry' via factory method to bean named 'org.springframework.web.context.support.GenericWebApplicationContext@2779251a'
2021-11-26 18:40:32.076 DEBUG 38388 --- [    Test worker] o.s.b.f.s.DefaultListableBeanFactory     : Creating shared instance of singleton bean 'org.springframework.boot.actuate.autoconfigure.health.HealthEndpointConfiguration'
2021-11-26 18:40:32.081 DEBUG 38388 --- [    Test worker] o.s.b.f.s.DefaultListableBeanFactory     : Creating shared instance of singleton bean 'healthEndpoint'
2021-11-26 18:40:32.082 DEBUG 38388 --- [    Test worker] o.s.b.f.s.DefaultListableBeanFactory     : Autowiring by type from bean name 'healthEndpoint' via factory method to bean named 'healthAggregator'
2021-11-26 18:40:32.083 DEBUG 38388 --- [    Test worker] o.s.b.f.s.DefaultListableBeanFactory     : Autowiring by type from bean name 'healthEndpoint' via factory method to bean named 'healthIndicatorRegistry'
2021-11-26 18:40:32.088 DEBUG 38388 --- [    Test worker] o.s.b.f.s.DefaultListableBeanFactory     : Creating shared instance of singleton bean 'org.springframework.boot.actuate.autoconfigure.health.HealthEndpointWebExtensionConfiguration$ServletWebHealthConfiguration'
2021-11-26 18:40:32.093 DEBUG 38388 --- [    Test worker] o.s.b.f.s.DefaultListableBeanFactory     : Creating shared instance of singleton bean 'healthEndpointWebExtension'
2021-11-26 18:40:32.095 DEBUG 38388 --- [    Test worker] o.s.b.f.s.DefaultListableBeanFactory     : Creating shared instance of singleton bean 'healthWebEndpointResponseMapper'
2021-11-26 18:40:32.096 DEBUG 38388 --- [    Test worker] o.s.b.f.s.DefaultListableBeanFactory     : Creating shared instance of singleton bean 'org.springframework.boot.actuate.autoconfigure.health.HealthEndpointWebExtensionConfiguration'
2021-11-26 18:40:32.102 DEBUG 38388 --- [    Test worker] o.s.b.f.s.DefaultListableBeanFactory     : Creating shared instance of singleton bean 'createHealthStatusHttpMapper'
2021-11-26 18:40:32.102 DEBUG 38388 --- [    Test worker] o.s.b.f.s.DefaultListableBeanFactory     : Autowiring by type from bean name 'createHealthStatusHttpMapper' via factory method to bean named 'management.health.status-org.springframework.boot.actuate.autoconfigure.health.HealthIndicatorProperties'
2021-11-26 18:40:32.107 DEBUG 38388 --- [    Test worker] o.s.b.f.s.DefaultListableBeanFactory     : Creating shared instance of singleton bean 'management.endpoint.health-org.springframework.boot.actuate.autoconfigure.health.HealthEndpointProperties'
2021-11-26 18:40:32.110 DEBUG 38388 --- [    Test worker] o.s.b.f.s.DefaultListableBeanFactory     : Autowiring by type from bean name 'healthWebEndpointResponseMapper' via factory method to bean named 'createHealthStatusHttpMapper'
2021-11-26 18:40:32.110 DEBUG 38388 --- [    Test worker] o.s.b.f.s.DefaultListableBeanFactory     : Autowiring by type from bean name 'healthWebEndpointResponseMapper' via factory method to bean named 'management.endpoint.health-org.springframework.boot.actuate.autoconfigure.health.HealthEndpointProperties'
2021-11-26 18:40:32.114 DEBUG 38388 --- [    Test worker] o.s.b.f.s.DefaultListableBeanFactory     : Autowiring by type from bean name 'healthEndpointWebExtension' via factory method to bean named 'healthEndpoint'
2021-11-26 18:40:32.114 DEBUG 38388 --- [    Test worker] o.s.b.f.s.DefaultListableBeanFactory     : Autowiring by type from bean name 'healthEndpointWebExtension' via factory method to bean named 'healthWebEndpointResponseMapper'
2021-11-26 18:40:32.118 DEBUG 38388 --- [    Test worker] o.s.b.f.s.DefaultListableBeanFactory     : Creating shared instance of singleton bean 'org.springframework.boot.actuate.autoconfigure.health.HealthEndpointAutoConfiguration'
2021-11-26 18:40:32.122 DEBUG 38388 --- [    Test worker] o.s.b.f.s.DefaultListableBeanFactory     : Creating shared instance of singleton bean 'org.springframework.boot.actuate.autoconfigure.condition.ConditionsReportEndpointAutoConfiguration'
2021-11-26 18:40:32.126 DEBUG 38388 --- [    Test worker] o.s.b.f.s.DefaultListableBeanFactory     : Creating shared instance of singleton bean 'conditionsReportEndpoint'
2021-11-26 18:40:32.127 DEBUG 38388 --- [    Test worker] o.s.b.f.s.DefaultListableBeanFactory     : Autowiring by type from bean name 'conditionsReportEndpoint' via factory method to bean named 'org.springframework.web.context.support.GenericWebApplicationContext@2779251a'
2021-11-26 18:40:32.131 DEBUG 38388 --- [    Test worker] o.s.b.f.s.DefaultListableBeanFactory     : Creating shared instance of singleton bean 'org.springframework.boot.actuate.autoconfigure.context.ShutdownEndpointAutoConfiguration'
2021-11-26 18:40:32.137 DEBUG 38388 --- [    Test worker] o.s.b.f.s.DefaultListableBeanFactory     : Creating shared instance of singleton bean 'org.springframework.boot.actuate.autoconfigure.context.properties.ConfigurationPropertiesReportEndpointAutoConfiguration'
2021-11-26 18:40:32.137 DEBUG 38388 --- [    Test worker] ocalVariableTableParameterNameDiscoverer : Cannot find '.class' file for class [class org.springframework.boot.actuate.autoconfigure.context.properties.ConfigurationPropertiesReportEndpointAutoConfiguration$$EnhancerBySpringCGLIB$$f0dc10ec] - unable to determine constructor/method parameter names
2021-11-26 18:40:32.139 DEBUG 38388 --- [    Test worker] o.s.b.f.s.DefaultListableBeanFactory     : Creating shared instance of singleton bean 'management.endpoint.configprops-org.springframework.boot.actuate.autoconfigure.context.properties.ConfigurationPropertiesReportEndpointProperties'
2021-11-26 18:40:32.142 DEBUG 38388 --- [    Test worker] o.s.b.f.s.DefaultListableBeanFactory     : Autowiring by type from bean name 'org.springframework.boot.actuate.autoconfigure.context.properties.ConfigurationPropertiesReportEndpointAutoConfiguration' via constructor to bean named 'management.endpoint.configprops-org.springframework.boot.actuate.autoconfigure.context.properties.ConfigurationPropertiesReportEndpointProperties'
2021-11-26 18:40:32.147 DEBUG 38388 --- [    Test worker] o.s.b.f.s.DefaultListableBeanFactory     : Creating shared instance of singleton bean 'configurationPropertiesReportEndpoint'
2021-11-26 18:40:32.160 DEBUG 38388 --- [    Test worker] o.s.b.f.s.DefaultListableBeanFactory     : Creating shared instance of singleton bean 'org.springframework.boot.actuate.autoconfigure.endpoint.EndpointAutoConfiguration'
2021-11-26 18:40:32.164 DEBUG 38388 --- [    Test worker] o.s.b.f.s.DefaultListableBeanFactory     : Creating shared instance of singleton bean 'endpointOperationParameterMapper'
2021-11-26 18:40:32.169 DEBUG 38388 --- [    Test worker] o.s.b.f.s.DefaultListableBeanFactory     : Creating shared instance of singleton bean 'endpointCachingOperationInvokerAdvisor'
2021-11-26 18:40:32.170 DEBUG 38388 --- [    Test worker] o.s.b.f.s.DefaultListableBeanFactory     : Autowiring by type from bean name 'endpointCachingOperationInvokerAdvisor' via factory method to bean named 'environment'
2021-11-26 18:40:32.174 DEBUG 38388 --- [    Test worker] o.s.b.f.s.DefaultListableBeanFactory     : Creating shared instance of singleton bean 'org.springframework.boot.actuate.autoconfigure.endpoint.jmx.JmxEndpointAutoConfiguration'
2021-11-26 18:40:32.175 DEBUG 38388 --- [    Test worker] ocalVariableTableParameterNameDiscoverer : Cannot find '.class' file for class [class org.springframework.boot.actuate.autoconfigure.endpoint.jmx.JmxEndpointAutoConfiguration$$EnhancerBySpringCGLIB$$452345ca] - unable to determine constructor/method parameter names
2021-11-26 18:40:32.176 DEBUG 38388 --- [    Test worker] o.s.b.f.s.DefaultListableBeanFactory     : Creating shared instance of singleton bean 'management.endpoints.jmx-org.springframework.boot.actuate.autoconfigure.endpoint.jmx.JmxEndpointProperties'
2021-11-26 18:40:32.177 DEBUG 38388 --- [    Test worker] o.s.b.f.s.DefaultListableBeanFactory     : Autowiring by type from bean name 'management.endpoints.jmx-org.springframework.boot.actuate.autoconfigure.endpoint.jmx.JmxEndpointProperties' via constructor to bean named 'environment'
2021-11-26 18:40:32.180 DEBUG 38388 --- [    Test worker] o.s.b.f.s.DefaultListableBeanFactory     : Autowiring by type from bean name 'org.springframework.boot.actuate.autoconfigure.endpoint.jmx.JmxEndpointAutoConfiguration' via constructor to bean named 'org.springframework.web.context.support.GenericWebApplicationContext@2779251a'
2021-11-26 18:40:32.180 DEBUG 38388 --- [    Test worker] o.s.b.f.s.DefaultListableBeanFactory     : Autowiring by type from bean name 'org.springframework.boot.actuate.autoconfigure.endpoint.jmx.JmxEndpointAutoConfiguration' via constructor to bean named 'management.endpoints.jmx-org.springframework.boot.actuate.autoconfigure.endpoint.jmx.JmxEndpointProperties'
2021-11-26 18:40:32.185 DEBUG 38388 --- [    Test worker] o.s.b.f.s.DefaultListableBeanFactory     : Creating shared instance of singleton bean 'jmxAnnotationEndpointDiscoverer'
2021-11-26 18:40:32.186 DEBUG 38388 --- [    Test worker] o.s.b.f.s.DefaultListableBeanFactory     : Autowiring by type from bean name 'jmxAnnotationEndpointDiscoverer' via factory method to bean named 'endpointOperationParameterMapper'
2021-11-26 18:40:32.194 DEBUG 38388 --- [    Test worker] o.s.b.f.s.DefaultListableBeanFactory     : Creating shared instance of singleton bean 'jmxIncludeExcludePropertyEndpointFilter'
2021-11-26 18:40:32.204 DEBUG 38388 --- [    Test worker] o.s.b.f.s.DefaultListableBeanFactory     : Creating shared instance of singleton bean 'org.springframework.boot.actuate.autoconfigure.endpoint.web.WebEndpointAutoConfiguration$WebEndpointServletConfiguration'
2021-11-26 18:40:32.209 DEBUG 38388 --- [    Test worker] o.s.b.f.s.DefaultListableBeanFactory     : Creating shared instance of singleton bean 'servletEndpointDiscoverer'
2021-11-26 18:40:32.209 DEBUG 38388 --- [    Test worker] o.s.b.f.s.DefaultListableBeanFactory     : Autowiring by type from bean name 'servletEndpointDiscoverer' via factory method to bean named 'org.springframework.web.context.support.GenericWebApplicationContext@2779251a'
2021-11-26 18:40:32.213 DEBUG 38388 --- [    Test worker] o.s.b.f.s.DefaultListableBeanFactory     : Creating shared instance of singleton bean 'webEndpointPathMapper'
2021-11-26 18:40:32.213 DEBUG 38388 --- [    Test worker] o.s.b.f.s.DefaultListableBeanFactory     : Creating shared instance of singleton bean 'org.springframework.boot.actuate.autoconfigure.endpoint.web.WebEndpointAutoConfiguration'
2021-11-26 18:40:32.214 DEBUG 38388 --- [    Test worker] ocalVariableTableParameterNameDiscoverer : Cannot find '.class' file for class [class org.springframework.boot.actuate.autoconfigure.endpoint.web.WebEndpointAutoConfiguration$$EnhancerBySpringCGLIB$$25d1f5cc] - unable to determine constructor/method parameter names
2021-11-26 18:40:32.214 DEBUG 38388 --- [    Test worker] o.s.b.f.s.DefaultListableBeanFactory     : Autowiring by type from bean name 'org.springframework.boot.actuate.autoconfigure.endpoint.web.WebEndpointAutoConfiguration' via constructor to bean named 'org.springframework.web.context.support.GenericWebApplicationContext@2779251a'
2021-11-26 18:40:32.215 DEBUG 38388 --- [    Test worker] o.s.b.f.s.DefaultListableBeanFactory     : Autowiring by type from bean name 'org.springframework.boot.actuate.autoconfigure.endpoint.web.WebEndpointAutoConfiguration' via constructor to bean named 'management.endpoints.web-org.springframework.boot.actuate.autoconfigure.endpoint.web.WebEndpointProperties'
2021-11-26 18:40:32.225 DEBUG 38388 --- [    Test worker] o.s.b.f.s.DefaultListableBeanFactory     : Creating shared instance of singleton bean 'servletExposeExcludePropertyEndpointFilter'
2021-11-26 18:40:32.226 DEBUG 38388 --- [    Test worker] o.s.b.f.s.DefaultListableBeanFactory     : Creating shared instance of singleton bean 'org.springframework.boot.actuate.autoconfigure.endpoint.web.ServletEndpointManagementContextConfiguration'
2021-11-26 18:40:32.229 DEBUG 38388 --- [    Test worker] o.s.b.f.s.DefaultListableBeanFactory     : Autowiring by type from bean name 'servletExposeExcludePropertyEndpointFilter' via factory method to bean named 'management.endpoints.web-org.springframework.boot.actuate.autoconfigure.endpoint.web.WebEndpointProperties'
2021-11-26 18:40:32.238 DEBUG 38388 --- [    Test worker] o.s.b.f.s.DefaultListableBeanFactory     : Creating shared instance of singleton bean 'endpointMediaTypes'
2021-11-26 18:40:32.240 DEBUG 38388 --- [    Test worker] o.s.b.f.s.DefaultListableBeanFactory     : Creating shared instance of singleton bean 'webEndpointDiscoverer'
2021-11-26 18:40:32.241 DEBUG 38388 --- [    Test worker] o.s.b.f.s.DefaultListableBeanFactory     : Autowiring by type from bean name 'webEndpointDiscoverer' via factory method to bean named 'endpointOperationParameterMapper'
2021-11-26 18:40:32.241 DEBUG 38388 --- [    Test worker] o.s.b.f.s.DefaultListableBeanFactory     : Autowiring by type from bean name 'webEndpointDiscoverer' via factory method to bean named 'endpointMediaTypes'
2021-11-26 18:40:32.243 DEBUG 38388 --- [    Test worker] o.s.b.f.s.DefaultListableBeanFactory     : Creating shared instance of singleton bean 'webExposeExcludePropertyEndpointFilter'
2021-11-26 18:40:32.251 DEBUG 38388 --- [    Test worker] o.s.b.f.s.DefaultListableBeanFactory     : Creating shared instance of singleton bean 'controllerEndpointDiscoverer'
2021-11-26 18:40:32.253 DEBUG 38388 --- [    Test worker] o.s.b.f.s.DefaultListableBeanFactory     : Creating shared instance of singleton bean 'controllerExposeExcludePropertyEndpointFilter'
2021-11-26 18:40:32.260 DEBUG 38388 --- [    Test worker] o.s.b.f.s.DefaultListableBeanFactory     : Creating shared instance of singleton bean 'pathMappedEndpoints'
2021-11-26 18:40:32.263 DEBUG 38388 --- [    Test worker] o.s.b.f.s.DefaultListableBeanFactory     : Autowiring by type from bean name 'pathMappedEndpoints' via factory method to bean named 'jmxAnnotationEndpointDiscoverer'
2021-11-26 18:40:32.264 DEBUG 38388 --- [    Test worker] o.s.b.f.s.DefaultListableBeanFactory     : Autowiring by type from bean name 'pathMappedEndpoints' via factory method to bean named 'servletEndpointDiscoverer'
2021-11-26 18:40:32.264 DEBUG 38388 --- [    Test worker] o.s.b.f.s.DefaultListableBeanFactory     : Autowiring by type from bean name 'pathMappedEndpoints' via factory method to bean named 'webEndpointDiscoverer'
2021-11-26 18:40:32.264 DEBUG 38388 --- [    Test worker] o.s.b.f.s.DefaultListableBeanFactory     : Autowiring by type from bean name 'pathMappedEndpoints' via factory method to bean named 'controllerEndpointDiscoverer'
2021-11-26 18:40:32.264 DEBUG 38388 --- [    Test worker] o.s.b.f.s.DefaultListableBeanFactory     : Autowiring by type from bean name 'pathMappedEndpoints' via factory method to bean named 'management.endpoints.web-org.springframework.boot.actuate.autoconfigure.endpoint.web.WebEndpointProperties'
2021-11-26 18:40:32.271 DEBUG 38388 --- [    Test worker] o.s.b.f.s.DefaultListableBeanFactory     : Creating shared instance of singleton bean 'environmentEndpoint'
2021-11-26 18:40:32.272 DEBUG 38388 --- [    Test worker] o.s.b.f.s.DefaultListableBeanFactory     : Creating shared instance of singleton bean 'org.springframework.boot.actuate.autoconfigure.env.EnvironmentEndpointAutoConfiguration'
2021-11-26 18:40:32.273 DEBUG 38388 --- [    Test worker] ocalVariableTableParameterNameDiscoverer : Cannot find '.class' file for class [class org.springframework.boot.actuate.autoconfigure.env.EnvironmentEndpointAutoConfiguration$$EnhancerBySpringCGLIB$$a097aa91] - unable to determine constructor/method parameter names
2021-11-26 18:40:32.274 DEBUG 38388 --- [    Test worker] o.s.b.f.s.DefaultListableBeanFactory     : Creating shared instance of singleton bean 'management.endpoint.env-org.springframework.boot.actuate.autoconfigure.env.EnvironmentEndpointProperties'
2021-11-26 18:40:32.278 DEBUG 38388 --- [    Test worker] o.s.b.f.s.DefaultListableBeanFactory     : Autowiring by type from bean name 'org.springframework.boot.actuate.autoconfigure.env.EnvironmentEndpointAutoConfiguration' via constructor to bean named 'management.endpoint.env-org.springframework.boot.actuate.autoconfigure.env.EnvironmentEndpointProperties'
2021-11-26 18:40:32.281 DEBUG 38388 --- [    Test worker] o.s.b.f.s.DefaultListableBeanFactory     : Autowiring by type from bean name 'environmentEndpoint' via factory method to bean named 'environment'
2021-11-26 18:40:32.289 DEBUG 38388 --- [    Test worker] o.s.b.f.s.DefaultListableBeanFactory     : Creating shared instance of singleton bean 'infoEndpoint'
2021-11-26 18:40:32.290 DEBUG 38388 --- [    Test worker] o.s.b.f.s.DefaultListableBeanFactory     : Creating shared instance of singleton bean 'org.springframework.boot.actuate.autoconfigure.info.InfoEndpointAutoConfiguration'
2021-11-26 18:40:32.298 DEBUG 38388 --- [    Test worker] o.s.b.f.s.DefaultListableBeanFactory     : Creating shared instance of singleton bean 'envInfoContributor'
2021-11-26 18:40:32.298 DEBUG 38388 --- [    Test worker] o.s.b.f.s.DefaultListableBeanFactory     : Creating shared instance of singleton bean 'org.springframework.boot.actuate.autoconfigure.info.InfoContributorAutoConfiguration'
2021-11-26 18:40:32.299 DEBUG 38388 --- [    Test worker] ocalVariableTableParameterNameDiscoverer : Cannot find '.class' file for class [class org.springframework.boot.actuate.autoconfigure.info.InfoContributorAutoConfiguration$$EnhancerBySpringCGLIB$$babeaa55] - unable to determine constructor/method parameter names
2021-11-26 18:40:32.301 DEBUG 38388 --- [    Test worker] o.s.b.f.s.DefaultListableBeanFactory     : Creating shared instance of singleton bean 'management.info-org.springframework.boot.actuate.autoconfigure.info.InfoContributorProperties'
2021-11-26 18:40:32.305 DEBUG 38388 --- [    Test worker] o.s.b.f.s.DefaultListableBeanFactory     : Autowiring by type from bean name 'org.springframework.boot.actuate.autoconfigure.info.InfoContributorAutoConfiguration' via constructor to bean named 'management.info-org.springframework.boot.actuate.autoconfigure.info.InfoContributorProperties'
2021-11-26 18:40:32.310 DEBUG 38388 --- [    Test worker] o.s.b.f.s.DefaultListableBeanFactory     : Autowiring by type from bean name 'envInfoContributor' via factory method to bean named 'environment'
2021-11-26 18:40:32.320 DEBUG 38388 --- [    Test worker] o.s.b.f.s.DefaultListableBeanFactory     : Creating shared instance of singleton bean 'loggersEndpoint'
2021-11-26 18:40:32.320 DEBUG 38388 --- [    Test worker] o.s.b.f.s.DefaultListableBeanFactory     : Creating shared instance of singleton bean 'org.springframework.boot.actuate.autoconfigure.logging.LoggersEndpointAutoConfiguration'
2021-11-26 18:40:32.324 DEBUG 38388 --- [    Test worker] o.s.b.f.s.DefaultListableBeanFactory     : Autowiring by type from bean name 'loggersEndpoint' via factory method to bean named 'springBootLoggingSystem'
2021-11-26 18:40:32.331 DEBUG 38388 --- [    Test worker] o.s.b.f.s.DefaultListableBeanFactory     : Creating shared instance of singleton bean 'heapDumpWebEndpoint'
2021-11-26 18:40:32.332 DEBUG 38388 --- [    Test worker] o.s.b.f.s.DefaultListableBeanFactory     : Creating shared instance of singleton bean 'org.springframework.boot.actuate.autoconfigure.management.HeapDumpWebEndpointAutoConfiguration'
2021-11-26 18:40:32.340 DEBUG 38388 --- [    Test worker] o.s.b.f.s.DefaultListableBeanFactory     : Creating shared instance of singleton bean 'dumpEndpoint'
2021-11-26 18:40:32.340 DEBUG 38388 --- [    Test worker] o.s.b.f.s.DefaultListableBeanFactory     : Creating shared instance of singleton bean 'org.springframework.boot.actuate.autoconfigure.management.ThreadDumpEndpointAutoConfiguration'
2021-11-26 18:40:32.349 DEBUG 38388 --- [    Test worker] o.s.b.f.s.DefaultListableBeanFactory     : Creating shared instance of singleton bean 'metricsEndpoint'
2021-11-26 18:40:32.349 DEBUG 38388 --- [    Test worker] o.s.b.f.s.DefaultListableBeanFactory     : Creating shared instance of singleton bean 'org.springframework.boot.actuate.autoconfigure.metrics.MetricsEndpointAutoConfiguration'
2021-11-26 18:40:32.354 DEBUG 38388 --- [    Test worker] o.s.b.f.s.DefaultListableBeanFactory     : Autowiring by type from bean name 'metricsEndpoint' via factory method to bean named 'simpleMeterRegistry'
2021-11-26 18:40:32.361 DEBUG 38388 --- [    Test worker] o.s.b.f.s.DefaultListableBeanFactory     : Creating shared instance of singleton bean 'scheduledTasksEndpoint'
2021-11-26 18:40:32.361 DEBUG 38388 --- [    Test worker] o.s.b.f.s.DefaultListableBeanFactory     : Creating shared instance of singleton bean 'org.springframework.boot.actuate.autoconfigure.scheduling.ScheduledTasksEndpointAutoConfiguration'
2021-11-26 18:40:32.372 DEBUG 38388 --- [    Test worker] o.s.b.f.s.DefaultListableBeanFactory     : Creating shared instance of singleton bean 'httpTraceEndpoint'
2021-11-26 18:40:32.373 DEBUG 38388 --- [    Test worker] o.s.b.f.s.DefaultListableBeanFactory     : Creating shared instance of singleton bean 'org.springframework.boot.actuate.autoconfigure.trace.http.HttpTraceEndpointAutoConfiguration'
2021-11-26 18:40:32.380 DEBUG 38388 --- [    Test worker] o.s.b.f.s.DefaultListableBeanFactory     : Creating shared instance of singleton bean 'traceRepository'
2021-11-26 18:40:32.380 DEBUG 38388 --- [    Test worker] o.s.b.f.s.DefaultListableBeanFactory     : Creating shared instance of singleton bean 'org.springframework.boot.actuate.autoconfigure.trace.http.HttpTraceAutoConfiguration'
2021-11-26 18:40:32.390 DEBUG 38388 --- [    Test worker] o.s.b.f.s.DefaultListableBeanFactory     : Autowiring by type from bean name 'httpTraceEndpoint' via factory method to bean named 'traceRepository'
2021-11-26 18:40:32.395 DEBUG 38388 --- [    Test worker] o.s.b.f.s.DefaultListableBeanFactory     : Creating shared instance of singleton bean 'mappingsEndpoint'
2021-11-26 18:40:32.395 DEBUG 38388 --- [    Test worker] o.s.b.f.s.DefaultListableBeanFactory     : Creating shared instance of singleton bean 'org.springframework.boot.actuate.autoconfigure.web.mappings.MappingsEndpointAutoConfiguration'
2021-11-26 18:40:32.400 DEBUG 38388 --- [    Test worker] o.s.b.f.s.DefaultListableBeanFactory     : Autowiring by type from bean name 'mappingsEndpoint' via factory method to bean named 'org.springframework.web.context.support.GenericWebApplicationContext@2779251a'
2021-11-26 18:40:32.405 DEBUG 38388 --- [    Test worker] o.s.b.f.s.DefaultListableBeanFactory     : Creating shared instance of singleton bean 'dispatcherServletMappingDescriptionProvider'
2021-11-26 18:40:32.405 DEBUG 38388 --- [    Test worker] o.s.b.f.s.DefaultListableBeanFactory     : Creating shared instance of singleton bean 'org.springframework.boot.actuate.autoconfigure.web.mappings.MappingsEndpointAutoConfiguration$ServletWebConfiguration$SpringMvcConfiguration'
2021-11-26 18:40:32.417 DEBUG 38388 --- [    Test worker] o.s.b.f.s.DefaultListableBeanFactory     : Creating shared instance of singleton bean 'servletMappingDescriptionProvider'
2021-11-26 18:40:32.417 DEBUG 38388 --- [    Test worker] o.s.b.f.s.DefaultListableBeanFactory     : Creating shared instance of singleton bean 'org.springframework.boot.actuate.autoconfigure.web.mappings.MappingsEndpointAutoConfiguration$ServletWebConfiguration'
2021-11-26 18:40:32.427 DEBUG 38388 --- [    Test worker] o.s.b.f.s.DefaultListableBeanFactory     : Creating shared instance of singleton bean 'filterMappingDescriptionProvider'
2021-11-26 18:40:32.443 DEBUG 38388 --- [    Test worker] o.s.b.f.s.DefaultListableBeanFactory     : Creating shared instance of singleton bean 'environmentEndpointWebExtension'
2021-11-26 18:40:32.445 DEBUG 38388 --- [    Test worker] o.s.b.f.s.DefaultListableBeanFactory     : Autowiring by type from bean name 'environmentEndpointWebExtension' via factory method to bean named 'environmentEndpoint'
2021-11-26 18:40:32.497 DEBUG 38388 --- [    Test worker] o.s.b.f.s.DefaultListableBeanFactory     : Creating shared instance of singleton bean 'org.springframework.boot.autoconfigure.info.ProjectInfoAutoConfiguration'
2021-11-26 18:40:32.498 DEBUG 38388 --- [    Test worker] ocalVariableTableParameterNameDiscoverer : Cannot find '.class' file for class [class org.springframework.boot.autoconfigure.info.ProjectInfoAutoConfiguration$$EnhancerBySpringCGLIB$$d05364fa] - unable to determine constructor/method parameter names
2021-11-26 18:40:32.499 DEBUG 38388 --- [    Test worker] o.s.b.f.s.DefaultListableBeanFactory     : Creating shared instance of singleton bean 'spring.info-org.springframework.boot.autoconfigure.info.ProjectInfoProperties'
2021-11-26 18:40:32.502 DEBUG 38388 --- [    Test worker] o.s.b.f.s.DefaultListableBeanFactory     : Autowiring by type from bean name 'org.springframework.boot.autoconfigure.info.ProjectInfoAutoConfiguration' via constructor to bean named 'spring.info-org.springframework.boot.autoconfigure.info.ProjectInfoProperties'
2021-11-26 18:40:32.506 DEBUG 38388 --- [    Test worker] o.s.b.f.s.DefaultListableBeanFactory     : Creating shared instance of singleton bean 'org.springframework.boot.actuate.autoconfigure.logging.LogFileWebEndpointAutoConfiguration'
2021-11-26 18:40:32.507 DEBUG 38388 --- [    Test worker] ocalVariableTableParameterNameDiscoverer : Cannot find '.class' file for class [class org.springframework.boot.actuate.autoconfigure.logging.LogFileWebEndpointAutoConfiguration$$EnhancerBySpringCGLIB$$8e45e06a] - unable to determine constructor/method parameter names
2021-11-26 18:40:32.508 DEBUG 38388 --- [    Test worker] o.s.b.f.s.DefaultListableBeanFactory     : Creating shared instance of singleton bean 'management.endpoint.logfile-org.springframework.boot.actuate.autoconfigure.logging.LogFileWebEndpointProperties'
2021-11-26 18:40:32.511 DEBUG 38388 --- [    Test worker] o.s.b.f.s.DefaultListableBeanFactory     : Autowiring by type from bean name 'org.springframework.boot.actuate.autoconfigure.logging.LogFileWebEndpointAutoConfiguration' via constructor to bean named 'management.endpoint.logfile-org.springframework.boot.actuate.autoconfigure.logging.LogFileWebEndpointProperties'
2021-11-26 18:40:32.515 DEBUG 38388 --- [    Test worker] o.s.b.f.s.DefaultListableBeanFactory     : Creating shared instance of singleton bean 'org.springframework.boot.actuate.autoconfigure.metrics.CompositeMeterRegistryAutoConfiguration'
2021-11-26 18:40:32.520 DEBUG 38388 --- [    Test worker] o.s.b.f.s.DefaultListableBeanFactory     : Creating shared instance of singleton bean 'org.springframework.boot.actuate.autoconfigure.metrics.jdbc.DataSourcePoolMetricsAutoConfiguration$HikariDataSourceMetricsConfiguration'
2021-11-26 18:40:32.521 DEBUG 38388 --- [    Test worker] ocalVariableTableParameterNameDiscoverer : Cannot find '.class' file for class [class org.springframework.boot.actuate.autoconfigure.metrics.jdbc.DataSourcePoolMetricsAutoConfiguration$HikariDataSourceMetricsConfiguration$$EnhancerBySpringCGLIB$$dad1968e] - unable to determine constructor/method parameter names
2021-11-26 18:40:32.521 DEBUG 38388 --- [    Test worker] o.s.b.f.s.DefaultListableBeanFactory     : Autowiring by type from bean name 'org.springframework.boot.actuate.autoconfigure.metrics.jdbc.DataSourcePoolMetricsAutoConfiguration$HikariDataSourceMetricsConfiguration' via constructor to bean named 'simpleMeterRegistry'
2021-11-26 18:40:32.530 DEBUG 38388 --- [    Test worker] o.s.b.f.s.DefaultListableBeanFactory     : Creating shared instance of singleton bean 'org.springframework.boot.actuate.autoconfigure.metrics.jdbc.DataSourcePoolMetricsAutoConfiguration$DataSourcePoolMetadataMetricsConfiguration'
2021-11-26 18:40:32.531 DEBUG 38388 --- [    Test worker] ocalVariableTableParameterNameDiscoverer : Cannot find '.class' file for class [class org.springframework.boot.actuate.autoconfigure.metrics.jdbc.DataSourcePoolMetricsAutoConfiguration$DataSourcePoolMetadataMetricsConfiguration$$EnhancerBySpringCGLIB$$8016320b] - unable to determine constructor/method parameter names
2021-11-26 18:40:32.539 DEBUG 38388 --- [    Test worker] o.s.b.f.s.DefaultListableBeanFactory     : Autowiring by type from bean name 'org.springframework.boot.actuate.autoconfigure.metrics.jdbc.DataSourcePoolMetricsAutoConfiguration$DataSourcePoolMetadataMetricsConfiguration' via constructor to bean named 'simpleMeterRegistry'
2021-11-26 18:40:32.539 DEBUG 38388 --- [    Test worker] o.s.b.f.s.DefaultListableBeanFactory     : Autowiring by type from bean name 'org.springframework.boot.actuate.autoconfigure.metrics.jdbc.DataSourcePoolMetricsAutoConfiguration$DataSourcePoolMetadataMetricsConfiguration' via constructor to bean named 'hikariPoolDataSourceMetadataProvider'
2021-11-26 18:40:32.550 DEBUG 38388 --- [    Test worker] o.s.b.f.s.DefaultListableBeanFactory     : Creating shared instance of singleton bean 'org.springframework.boot.actuate.autoconfigure.metrics.jdbc.DataSourcePoolMetricsAutoConfiguration'
2021-11-26 18:40:32.553 DEBUG 38388 --- [    Test worker] o.s.b.f.s.DefaultListableBeanFactory     : Creating shared instance of singleton bean 'org.springframework.boot.actuate.autoconfigure.metrics.web.client.RestTemplateMetricsConfiguration'
2021-11-26 18:40:32.554 DEBUG 38388 --- [    Test worker] ocalVariableTableParameterNameDiscoverer : Cannot find '.class' file for class [class org.springframework.boot.actuate.autoconfigure.metrics.web.client.RestTemplateMetricsConfiguration$$EnhancerBySpringCGLIB$$4a19173a] - unable to determine constructor/method parameter names
2021-11-26 18:40:32.554 DEBUG 38388 --- [    Test worker] o.s.b.f.s.DefaultListableBeanFactory     : Autowiring by type from bean name 'org.springframework.boot.actuate.autoconfigure.metrics.web.client.RestTemplateMetricsConfiguration' via constructor to bean named 'management.metrics-org.springframework.boot.actuate.autoconfigure.metrics.MetricsProperties'
2021-11-26 18:40:32.560 DEBUG 38388 --- [    Test worker] o.s.b.f.s.DefaultListableBeanFactory     : Creating shared instance of singleton bean 'restTemplateTagConfigurer'
2021-11-26 18:40:32.565 DEBUG 38388 --- [    Test worker] o.s.b.f.s.DefaultListableBeanFactory     : Creating shared instance of singleton bean 'metricsRestTemplateCustomizer'
2021-11-26 18:40:32.566 DEBUG 38388 --- [    Test worker] o.s.b.f.s.DefaultListableBeanFactory     : Autowiring by type from bean name 'metricsRestTemplateCustomizer' via factory method to bean named 'simpleMeterRegistry'
2021-11-26 18:40:32.566 DEBUG 38388 --- [    Test worker] o.s.b.f.s.DefaultListableBeanFactory     : Autowiring by type from bean name 'metricsRestTemplateCustomizer' via factory method to bean named 'restTemplateTagConfigurer'
2021-11-26 18:40:32.572 DEBUG 38388 --- [    Test worker] o.s.b.f.s.DefaultListableBeanFactory     : Creating shared instance of singleton bean 'webMvcMetricsFilter'
2021-11-26 18:40:32.572 DEBUG 38388 --- [    Test worker] o.s.b.f.s.DefaultListableBeanFactory     : Autowiring by type from bean name 'webMvcMetricsFilter' via factory method to bean named 'simpleMeterRegistry'
2021-11-26 18:40:32.572 DEBUG 38388 --- [    Test worker] o.s.b.f.s.DefaultListableBeanFactory     : Autowiring by type from bean name 'webMvcMetricsFilter' via factory method to bean named 'webMvcTagsProvider'
2021-11-26 18:40:32.582 DEBUG 38388 --- [    Test worker] o.s.b.f.s.DefaultListableBeanFactory     : Creating shared instance of singleton bean 'org.springframework.boot.actuate.autoconfigure.metrics.web.tomcat.TomcatMetricsAutoConfiguration'
2021-11-26 18:40:32.586 DEBUG 38388 --- [    Test worker] o.s.b.f.s.DefaultListableBeanFactory     : Creating shared instance of singleton bean 'tomcatMetricsBinder'
2021-11-26 18:40:32.590 DEBUG 38388 --- [    Test worker] o.s.b.f.s.DefaultListableBeanFactory     : Autowiring by type from bean name 'tomcatMetricsBinder' via factory method to bean named 'simpleMeterRegistry'
2021-11-26 18:40:32.597 DEBUG 38388 --- [    Test worker] o.s.b.f.s.DefaultListableBeanFactory     : Creating shared instance of singleton bean 'org.springframework.boot.actuate.autoconfigure.trace.http.HttpTraceAutoConfiguration$ServletTraceFilterConfiguration'
2021-11-26 18:40:32.602 DEBUG 38388 --- [    Test worker] o.s.b.f.s.DefaultListableBeanFactory     : Creating shared instance of singleton bean 'httpTraceFilter'
2021-11-26 18:40:32.603 DEBUG 38388 --- [    Test worker] o.s.b.f.s.DefaultListableBeanFactory     : Creating shared instance of singleton bean 'httpExchangeTracer'
2021-11-26 18:40:32.604 DEBUG 38388 --- [    Test worker] o.s.b.f.s.DefaultListableBeanFactory     : Creating shared instance of singleton bean 'management.trace.http-org.springframework.boot.actuate.autoconfigure.trace.http.HttpTraceProperties'
2021-11-26 18:40:32.608 DEBUG 38388 --- [    Test worker] o.s.b.f.s.DefaultListableBeanFactory     : Autowiring by type from bean name 'httpExchangeTracer' via factory method to bean named 'management.trace.http-org.springframework.boot.actuate.autoconfigure.trace.http.HttpTraceProperties'
2021-11-26 18:40:32.613 DEBUG 38388 --- [    Test worker] o.s.b.f.s.DefaultListableBeanFactory     : Autowiring by type from bean name 'httpTraceFilter' via factory method to bean named 'traceRepository'
2021-11-26 18:40:32.613 DEBUG 38388 --- [    Test worker] o.s.b.f.s.DefaultListableBeanFactory     : Autowiring by type from bean name 'httpTraceFilter' via factory method to bean named 'httpExchangeTracer'
2021-11-26 18:40:32.625 DEBUG 38388 --- [    Test worker] o.s.b.f.s.DefaultListableBeanFactory     : Creating shared instance of singleton bean 'org.springframework.boot.autoconfigure.context.ConfigurationPropertiesAutoConfiguration'
2021-11-26 18:40:32.629 DEBUG 38388 --- [    Test worker] o.s.b.f.s.DefaultListableBeanFactory     : Creating shared instance of singleton bean 'org.springframework.boot.autoconfigure.dao.PersistenceExceptionTranslationAutoConfiguration'
2021-11-26 18:40:32.634 DEBUG 38388 --- [    Test worker] o.s.b.f.s.DefaultListableBeanFactory     : Creating shared instance of singleton bean 'org.springframework.boot.autoconfigure.groovy.template.GroovyTemplateAutoConfiguration$GroovyMarkupConfiguration'
2021-11-26 18:40:32.635 DEBUG 38388 --- [    Test worker] ocalVariableTableParameterNameDiscoverer : Cannot find '.class' file for class [class org.springframework.boot.autoconfigure.groovy.template.GroovyTemplateAutoConfiguration$GroovyMarkupConfiguration$$EnhancerBySpringCGLIB$$7bab8de1] - unable to determine constructor/method parameter names
2021-11-26 18:40:32.636 DEBUG 38388 --- [    Test worker] o.s.b.f.s.DefaultListableBeanFactory     : Autowiring by type from bean name 'org.springframework.boot.autoconfigure.groovy.template.GroovyTemplateAutoConfiguration$GroovyMarkupConfiguration' via constructor to bean named 'org.springframework.web.context.support.GenericWebApplicationContext@2779251a'
2021-11-26 18:40:32.636 DEBUG 38388 --- [    Test worker] o.s.b.f.s.DefaultListableBeanFactory     : Autowiring by type from bean name 'org.springframework.boot.autoconfigure.groovy.template.GroovyTemplateAutoConfiguration$GroovyMarkupConfiguration' via constructor to bean named 'spring.groovy.template-org.springframework.boot.autoconfigure.groovy.template.GroovyTemplateProperties'
2021-11-26 18:40:32.641  WARN 38388 --- [    Test worker] .b.a.g.t.GroovyTemplateAutoConfiguration : Cannot find template location: classpath:/templates/ (please add some templates, check your Groovy configuration, or set spring.groovy.template.check-template-location=false)
2021-11-26 18:40:32.641 DEBUG 38388 --- [    Test worker] o.s.b.f.s.DefaultListableBeanFactory     : Creating shared instance of singleton bean 'groovyMarkupConfigurer'
2021-11-26 18:40:32.905 DEBUG 38388 --- [    Test worker] o.s.b.f.s.DefaultListableBeanFactory     : Creating shared instance of singleton bean 'org.springframework.boot.autoconfigure.groovy.template.GroovyTemplateAutoConfiguration'
2021-11-26 18:40:32.910 DEBUG 38388 --- [    Test worker] o.s.b.f.s.DefaultListableBeanFactory     : Creating shared instance of singleton bean 'org.springframework.boot.autoconfigure.http.JacksonHttpMessageConvertersConfiguration'
2021-11-26 18:40:32.915 DEBUG 38388 --- [    Test worker] o.s.b.f.s.DefaultListableBeanFactory     : Creating shared instance of singleton bean 'org.springframework.boot.autoconfigure.http.codec.CodecsAutoConfiguration$LoggingCodecConfiguration'
2021-11-26 18:40:32.919 DEBUG 38388 --- [    Test worker] o.s.b.f.s.DefaultListableBeanFactory     : Creating shared instance of singleton bean 'loggingCodecCustomizer'
2021-11-26 18:40:32.920 DEBUG 38388 --- [    Test worker] o.s.b.f.s.DefaultListableBeanFactory     : Autowiring by type from bean name 'loggingCodecCustomizer' via factory method to bean named 'spring.http-org.springframework.boot.autoconfigure.http.HttpProperties'
2021-11-26 18:40:32.924 DEBUG 38388 --- [    Test worker] o.s.b.f.s.DefaultListableBeanFactory     : Creating shared instance of singleton bean 'org.springframework.boot.autoconfigure.http.codec.CodecsAutoConfiguration$JacksonCodecConfiguration'
2021-11-26 18:40:32.927 DEBUG 38388 --- [    Test worker] o.s.b.f.s.DefaultListableBeanFactory     : Creating shared instance of singleton bean 'jacksonCodecCustomizer'
2021-11-26 18:40:32.927 DEBUG 38388 --- [    Test worker] o.s.b.f.s.DefaultListableBeanFactory     : Autowiring by type from bean name 'jacksonCodecCustomizer' via factory method to bean named 'jacksonObjectMapper'
2021-11-26 18:40:32.931 DEBUG 38388 --- [    Test worker] o.s.b.f.s.DefaultListableBeanFactory     : Creating shared instance of singleton bean 'org.springframework.boot.autoconfigure.http.codec.CodecsAutoConfiguration'
2021-11-26 18:40:32.935 DEBUG 38388 --- [    Test worker] o.s.b.f.s.DefaultListableBeanFactory     : Creating shared instance of singleton bean 'org.springframework.boot.autoconfigure.jdbc.JdbcTemplateAutoConfiguration$JdbcTemplateConfiguration'
2021-11-26 18:40:32.935 DEBUG 38388 --- [    Test worker] ocalVariableTableParameterNameDiscoverer : Cannot find '.class' file for class [class org.springframework.boot.autoconfigure.jdbc.JdbcTemplateAutoConfiguration$JdbcTemplateConfiguration$$EnhancerBySpringCGLIB$$ace4864e] - unable to determine constructor/method parameter names
2021-11-26 18:40:32.937 DEBUG 38388 --- [    Test worker] o.s.b.f.s.DefaultListableBeanFactory     : Creating shared instance of singleton bean 'spring.jdbc-org.springframework.boot.autoconfigure.jdbc.JdbcProperties'
2021-11-26 18:40:32.939 DEBUG 38388 --- [    Test worker] o.s.b.f.s.DefaultListableBeanFactory     : Autowiring by type from bean name 'org.springframework.boot.autoconfigure.jdbc.JdbcTemplateAutoConfiguration$JdbcTemplateConfiguration' via constructor to bean named 'celo'
2021-11-26 18:40:32.940 DEBUG 38388 --- [    Test worker] o.s.b.f.s.DefaultListableBeanFactory     : Autowiring by type from bean name 'org.springframework.boot.autoconfigure.jdbc.JdbcTemplateAutoConfiguration$JdbcTemplateConfiguration' via constructor to bean named 'spring.jdbc-org.springframework.boot.autoconfigure.jdbc.JdbcProperties'
2021-11-26 18:40:32.943 DEBUG 38388 --- [    Test worker] o.s.b.f.s.DefaultListableBeanFactory     : Creating shared instance of singleton bean 'org.springframework.boot.autoconfigure.jdbc.JdbcTemplateAutoConfiguration$NamedParameterJdbcTemplateConfiguration'
2021-11-26 18:40:32.947 DEBUG 38388 --- [    Test worker] o.s.b.f.s.DefaultListableBeanFactory     : Creating shared instance of singleton bean 'namedParameterJdbcTemplate'
2021-11-26 18:40:32.947 DEBUG 38388 --- [    Test worker] o.s.b.f.s.DefaultListableBeanFactory     : Autowiring by type from bean name 'namedParameterJdbcTemplate' via factory method to bean named 'jdbcCelo'
2021-11-26 18:40:32.954 DEBUG 38388 --- [    Test worker] o.s.b.f.s.DefaultListableBeanFactory     : Creating shared instance of singleton bean 'org.springframework.boot.autoconfigure.jdbc.JdbcTemplateAutoConfiguration'
2021-11-26 18:40:32.957 DEBUG 38388 --- [    Test worker] o.s.b.f.s.DefaultListableBeanFactory     : Creating shared instance of singleton bean 'org.springframework.boot.autoconfigure.task.TaskSchedulingAutoConfiguration'
2021-11-26 18:40:32.960 DEBUG 38388 --- [    Test worker] o.s.b.f.s.DefaultListableBeanFactory     : Creating shared instance of singleton bean 'taskSchedulerBuilder'
2021-11-26 18:40:32.961 DEBUG 38388 --- [    Test worker] o.s.b.f.s.DefaultListableBeanFactory     : Creating shared instance of singleton bean 'spring.task.scheduling-org.springframework.boot.autoconfigure.task.TaskSchedulingProperties'
2021-11-26 18:40:32.963 DEBUG 38388 --- [    Test worker] o.s.b.f.s.DefaultListableBeanFactory     : Autowiring by type from bean name 'taskSchedulerBuilder' via factory method to bean named 'spring.task.scheduling-org.springframework.boot.autoconfigure.task.TaskSchedulingProperties'
2021-11-26 18:40:32.968 DEBUG 38388 --- [    Test worker] o.s.b.f.s.DefaultListableBeanFactory     : Creating shared instance of singleton bean 'org.springframework.boot.autoconfigure.jdbc.DataSourceTransactionManagerAutoConfiguration$DataSourceTransactionManagerConfiguration'
2021-11-26 18:40:32.968 DEBUG 38388 --- [    Test worker] ocalVariableTableParameterNameDiscoverer : Cannot find '.class' file for class [class org.springframework.boot.autoconfigure.jdbc.DataSourceTransactionManagerAutoConfiguration$DataSourceTransactionManagerConfiguration$$EnhancerBySpringCGLIB$$4159f050] - unable to determine constructor/method parameter names
2021-11-26 18:40:32.969 DEBUG 38388 --- [    Test worker] o.s.b.f.s.DefaultListableBeanFactory     : Autowiring by type from bean name 'org.springframework.boot.autoconfigure.jdbc.DataSourceTransactionManagerAutoConfiguration$DataSourceTransactionManagerConfiguration' via constructor to bean named 'celo'
2021-11-26 18:40:32.970 DEBUG 38388 --- [    Test worker] o.s.b.f.s.DefaultListableBeanFactory     : Creating shared instance of singleton bean 'platformTransactionManagerCustomizers'
2021-11-26 18:40:32.970 DEBUG 38388 --- [    Test worker] o.s.b.f.s.DefaultListableBeanFactory     : Creating shared instance of singleton bean 'org.springframework.boot.autoconfigure.transaction.TransactionAutoConfiguration'
2021-11-26 18:40:32.977 DEBUG 38388 --- [    Test worker] o.s.b.f.s.DefaultListableBeanFactory     : Creating shared instance of singleton bean 'spring.transaction-org.springframework.boot.autoconfigure.transaction.TransactionProperties'
2021-11-26 18:40:32.985 DEBUG 38388 --- [    Test worker] o.s.b.f.s.DefaultListableBeanFactory     : Creating shared instance of singleton bean 'transactionManager'
2021-11-26 18:40:32.986 DEBUG 38388 --- [    Test worker] o.s.b.f.s.DefaultListableBeanFactory     : Autowiring by type from bean name 'transactionManager' via factory method to bean named 'spring.datasource-org.springframework.boot.autoconfigure.jdbc.DataSourceProperties'
2021-11-26 18:40:32.998 DEBUG 38388 --- [    Test worker] o.s.b.f.s.DefaultListableBeanFactory     : Creating shared instance of singleton bean 'org.springframework.boot.autoconfigure.jdbc.DataSourceTransactionManagerAutoConfiguration'
2021-11-26 18:40:33.001 DEBUG 38388 --- [    Test worker] o.s.b.f.s.DefaultListableBeanFactory     : Creating shared instance of singleton bean 'org.springframework.boot.autoconfigure.transaction.TransactionAutoConfiguration$EnableTransactionManagementConfiguration$CglibAutoProxyConfiguration'
2021-11-26 18:40:33.004 DEBUG 38388 --- [    Test worker] o.s.b.f.s.DefaultListableBeanFactory     : Creating shared instance of singleton bean 'org.springframework.boot.autoconfigure.transaction.TransactionAutoConfiguration$EnableTransactionManagementConfiguration'
2021-11-26 18:40:33.008 DEBUG 38388 --- [    Test worker] o.s.b.f.s.DefaultListableBeanFactory     : Creating shared instance of singleton bean 'org.springframework.boot.autoconfigure.transaction.TransactionAutoConfiguration$TransactionTemplateConfiguration'
2021-11-26 18:40:33.009 DEBUG 38388 --- [    Test worker] ocalVariableTableParameterNameDiscoverer : Cannot find '.class' file for class [class org.springframework.boot.autoconfigure.transaction.TransactionAutoConfiguration$TransactionTemplateConfiguration$$EnhancerBySpringCGLIB$$92e3b523] - unable to determine constructor/method parameter names
2021-11-26 18:40:33.010 DEBUG 38388 --- [    Test worker] o.s.b.f.s.DefaultListableBeanFactory     : Autowiring by type from bean name 'org.springframework.boot.autoconfigure.transaction.TransactionAutoConfiguration$TransactionTemplateConfiguration' via constructor to bean named 'transactionManager'
2021-11-26 18:40:33.015 DEBUG 38388 --- [    Test worker] o.s.b.f.s.DefaultListableBeanFactory     : Creating shared instance of singleton bean 'transactionTemplate'
2021-11-26 18:40:33.025 DEBUG 38388 --- [    Test worker] o.s.b.f.s.DefaultListableBeanFactory     : Creating shared instance of singleton bean 'org.springframework.boot.autoconfigure.web.client.RestTemplateAutoConfiguration'
2021-11-26 18:40:33.025 DEBUG 38388 --- [    Test worker] ocalVariableTableParameterNameDiscoverer : Cannot find '.class' file for class [class org.springframework.boot.autoconfigure.web.client.RestTemplateAutoConfiguration$$EnhancerBySpringCGLIB$$2f6f5162] - unable to determine constructor/method parameter names
2021-11-26 18:40:33.029 DEBUG 38388 --- [    Test worker] o.s.b.f.s.DefaultListableBeanFactory     : Creating shared instance of singleton bean 'restTemplateBuilder'
2021-11-26 18:40:33.038 DEBUG 38388 --- [    Test worker] o.s.b.f.s.DefaultListableBeanFactory     : Creating shared instance of singleton bean 'org.springframework.boot.autoconfigure.web.embedded.EmbeddedWebServerFactoryCustomizerAutoConfiguration'
2021-11-26 18:40:33.044 DEBUG 38388 --- [    Test worker] o.s.b.f.s.DefaultListableBeanFactory     : Creating shared instance of singleton bean 'characterEncodingFilter'
2021-11-26 18:40:33.056 DEBUG 38388 --- [    Test worker] o.s.b.f.s.DefaultListableBeanFactory     : Creating shared instance of singleton bean 'multipartResolver'
2021-11-26 18:40:33.060 DEBUG 38388 --- [    Test worker] o.s.b.f.s.DefaultListableBeanFactory     : Creating shared instance of singleton bean 'org.springframework.boot.actuate.autoconfigure.endpoint.web.ServletEndpointManagementContextConfiguration$WebMvcServletEndpointManagementContextConfiguration'
2021-11-26 18:40:33.060 DEBUG 38388 --- [    Test worker] ocalVariableTableParameterNameDiscoverer : Cannot find '.class' file for class [class org.springframework.boot.actuate.autoconfigure.endpoint.web.ServletEndpointManagementContextConfiguration$WebMvcServletEndpointManagementContextConfiguration$$EnhancerBySpringCGLIB$$4a8dafbc] - unable to determine constructor/method parameter names
2021-11-26 18:40:33.061 DEBUG 38388 --- [    Test worker] o.s.b.f.s.DefaultListableBeanFactory     : Autowiring by type from bean name 'org.springframework.boot.actuate.autoconfigure.endpoint.web.ServletEndpointManagementContextConfiguration$WebMvcServletEndpointManagementContextConfiguration' via constructor to bean named 'org.springframework.web.context.support.GenericWebApplicationContext@2779251a'
2021-11-26 18:40:33.065 DEBUG 38388 --- [    Test worker] o.s.b.f.s.DefaultListableBeanFactory     : Creating shared instance of singleton bean 'servletEndpointRegistrar'
2021-11-26 18:40:33.066 DEBUG 38388 --- [    Test worker] o.s.b.f.s.DefaultListableBeanFactory     : Autowiring by type from bean name 'servletEndpointRegistrar' via factory method to bean named 'management.endpoints.web-org.springframework.boot.actuate.autoconfigure.endpoint.web.WebEndpointProperties'
2021-11-26 18:40:33.066 DEBUG 38388 --- [    Test worker] o.s.b.f.s.DefaultListableBeanFactory     : Autowiring by type from bean name 'servletEndpointRegistrar' via factory method to bean named 'servletEndpointDiscoverer'
2021-11-26 18:40:33.072 DEBUG 38388 --- [    Test worker] o.s.b.f.s.DefaultListableBeanFactory     : Creating shared instance of singleton bean 'org.springframework.boot.actuate.autoconfigure.endpoint.web.servlet.WebMvcEndpointManagementContextConfiguration'
2021-11-26 18:40:33.075 DEBUG 38388 --- [    Test worker] o.s.b.f.s.DefaultListableBeanFactory     : Creating shared instance of singleton bean 'webEndpointServletHandlerMapping'
2021-11-26 18:40:33.078 DEBUG 38388 --- [    Test worker] o.s.b.f.s.DefaultListableBeanFactory     : Creating shared instance of singleton bean 'management.endpoints.web.cors-org.springframework.boot.actuate.autoconfigure.endpoint.web.CorsEndpointProperties'
2021-11-26 18:40:33.081 DEBUG 38388 --- [    Test worker] o.s.b.f.s.DefaultListableBeanFactory     : Autowiring by type from bean name 'webEndpointServletHandlerMapping' via factory method to bean named 'webEndpointDiscoverer'
2021-11-26 18:40:33.081 DEBUG 38388 --- [    Test worker] o.s.b.f.s.DefaultListableBeanFactory     : Autowiring by type from bean name 'webEndpointServletHandlerMapping' via factory method to bean named 'servletEndpointDiscoverer'
2021-11-26 18:40:33.081 DEBUG 38388 --- [    Test worker] o.s.b.f.s.DefaultListableBeanFactory     : Autowiring by type from bean name 'webEndpointServletHandlerMapping' via factory method to bean named 'controllerEndpointDiscoverer'
2021-11-26 18:40:33.081 DEBUG 38388 --- [    Test worker] o.s.b.f.s.DefaultListableBeanFactory     : Autowiring by type from bean name 'webEndpointServletHandlerMapping' via factory method to bean named 'endpointMediaTypes'
2021-11-26 18:40:33.081 DEBUG 38388 --- [    Test worker] o.s.b.f.s.DefaultListableBeanFactory     : Autowiring by type from bean name 'webEndpointServletHandlerMapping' via factory method to bean named 'management.endpoints.web.cors-org.springframework.boot.actuate.autoconfigure.endpoint.web.CorsEndpointProperties'
2021-11-26 18:40:33.081 DEBUG 38388 --- [    Test worker] o.s.b.f.s.DefaultListableBeanFactory     : Autowiring by type from bean name 'webEndpointServletHandlerMapping' via factory method to bean named 'management.endpoints.web-org.springframework.boot.actuate.autoconfigure.endpoint.web.WebEndpointProperties'
2021-11-26 18:40:33.086  INFO 38388 --- [    Test worker] o.s.b.a.e.web.EndpointLinksResolver      : Exposing 2 endpoint(s) beneath base path ''
2021-11-26 18:40:33.101 DEBUG 38388 --- [    Test worker] o.s.b.f.s.DefaultListableBeanFactory     : Creating shared instance of singleton bean 'controllerEndpointHandlerMapping'
2021-11-26 18:40:33.101 DEBUG 38388 --- [    Test worker] o.s.b.f.s.DefaultListableBeanFactory     : Autowiring by type from bean name 'controllerEndpointHandlerMapping' via factory method to bean named 'controllerEndpointDiscoverer'
2021-11-26 18:40:33.102 DEBUG 38388 --- [    Test worker] o.s.b.f.s.DefaultListableBeanFactory     : Autowiring by type from bean name 'controllerEndpointHandlerMapping' via factory method to bean named 'management.endpoints.web.cors-org.springframework.boot.actuate.autoconfigure.endpoint.web.CorsEndpointProperties'
2021-11-26 18:40:33.102 DEBUG 38388 --- [    Test worker] o.s.b.f.s.DefaultListableBeanFactory     : Autowiring by type from bean name 'controllerEndpointHandlerMapping' via factory method to bean named 'management.endpoints.web-org.springframework.boot.actuate.autoconfigure.endpoint.web.WebEndpointProperties'
2021-11-26 18:40:33.113 DEBUG 38388 --- [    Test worker] o.s.b.f.s.DefaultListableBeanFactory     : Creating shared instance of singleton bean 'org.springframework.boot.actuate.autoconfigure.web.server.ManagementContextAutoConfiguration$SameManagementContextConfiguration$EnableSameManagementContextConfiguration'
2021-11-26 18:40:33.118 DEBUG 38388 --- [    Test worker] o.s.b.f.s.DefaultListableBeanFactory     : Creating shared instance of singleton bean 'org.springframework.boot.actuate.autoconfigure.web.server.ManagementContextAutoConfiguration$SameManagementContextConfiguration'
2021-11-26 18:40:33.118 DEBUG 38388 --- [    Test worker] ocalVariableTableParameterNameDiscoverer : Cannot find '.class' file for class [class org.springframework.boot.actuate.autoconfigure.web.server.ManagementContextAutoConfiguration$SameManagementContextConfiguration$$EnhancerBySpringCGLIB$$6ecf2d19] - unable to determine constructor/method parameter names
2021-11-26 18:40:33.120 DEBUG 38388 --- [    Test worker] o.s.b.f.s.DefaultListableBeanFactory     : Autowiring by type from bean name 'org.springframework.boot.actuate.autoconfigure.web.server.ManagementContextAutoConfiguration$SameManagementContextConfiguration' via constructor to bean named 'environment'
2021-11-26 18:40:33.123 DEBUG 38388 --- [    Test worker] o.s.b.f.s.DefaultListableBeanFactory     : Creating shared instance of singleton bean 'org.springframework.boot.actuate.autoconfigure.web.server.ManagementContextAutoConfiguration'
2021-11-26 18:40:33.126 DEBUG 38388 --- [    Test worker] o.s.b.f.s.DefaultListableBeanFactory     : Creating shared instance of singleton bean 'management.server-org.springframework.boot.actuate.autoconfigure.web.server.ManagementServerProperties'
2021-11-26 18:40:33.176 DEBUG 38388 --- [    Test worker] ConditionEvaluationReportLoggingListener : 


============================
CONDITIONS EVALUATION REPORT
============================


Positive matches:
-----------------

   AuditAutoConfiguration#auditListener matched:
      - @ConditionalOnMissingBean (types: org.springframework.boot.actuate.audit.listener.AbstractAuditListener; SearchStrategy: all) did not find any beans (OnBeanCondition)

   AuditAutoConfiguration.AuditEventRepositoryConfiguration matched:
      - @ConditionalOnMissingBean (types: org.springframework.boot.actuate.audit.AuditEventRepository; SearchStrategy: all) did not find any beans (OnBeanCondition)

   AuditEventsEndpointAutoConfiguration#auditEventsEndpoint matched:
      - @ConditionalOnBean (types: org.springframework.boot.actuate.audit.AuditEventRepository; SearchStrategy: all) found bean 'auditEventRepository'; @ConditionalOnMissingBean (types: org.springframework.boot.actuate.audit.AuditEventsEndpoint; SearchStrategy: all) did not find any beans (OnBeanCondition)
      - @ConditionalOnEnabledEndpoint no property management.endpoint.auditevents.enabled found so using endpoint default (OnEnabledEndpointCondition)

   BeansEndpointAutoConfiguration#beansEndpoint matched:
      - @ConditionalOnMissingBean (types: org.springframework.boot.actuate.beans.BeansEndpoint; SearchStrategy: all) did not find any beans (OnBeanCondition)
      - @ConditionalOnEnabledEndpoint no property management.endpoint.beans.enabled found so using endpoint default (OnEnabledEndpointCondition)

   CacheMeterBinderProvidersConfiguration matched:
      - @ConditionalOnClass found required class 'io.micrometer.core.instrument.binder.MeterBinder' (OnClassCondition)

   CachesEndpointAutoConfiguration matched:
      - @ConditionalOnClass found required class 'org.springframework.cache.CacheManager' (OnClassCondition)

   CachesEndpointAutoConfiguration#cachesEndpoint matched:
      - @ConditionalOnMissingBean (types: org.springframework.boot.actuate.cache.CachesEndpoint; SearchStrategy: all) did not find any beans (OnBeanCondition)
      - @ConditionalOnEnabledEndpoint no property management.endpoint.caches.enabled found so using endpoint default (OnEnabledEndpointCondition)

   CachesEndpointAutoConfiguration#cachesEndpointWebExtension matched:
      - @ConditionalOnBean (types: org.springframework.boot.actuate.cache.CachesEndpoint; SearchStrategy: all) found bean 'cachesEndpoint'; @ConditionalOnMissingBean (types: org.springframework.boot.actuate.cache.CachesEndpointWebExtension; SearchStrategy: all) did not find any beans (OnBeanCondition)
      - @ConditionalOnEnabledEndpoint no property management.endpoint.caches.enabled found so using endpoint default (OnEnabledEndpointCondition)

   CodecsAutoConfiguration matched:
      - @ConditionalOnClass found required class 'org.springframework.http.codec.CodecConfigurer' (OnClassCondition)

   CodecsAutoConfiguration.JacksonCodecConfiguration matched:
      - @ConditionalOnClass found required class 'com.fasterxml.jackson.databind.ObjectMapper' (OnClassCondition)

   CodecsAutoConfiguration.JacksonCodecConfiguration#jacksonCodecCustomizer matched:
      - @ConditionalOnBean (types: com.fasterxml.jackson.databind.ObjectMapper; SearchStrategy: all) found bean 'jacksonObjectMapper' (OnBeanCondition)

   CompositeMeterRegistryAutoConfiguration matched:
      - @ConditionalOnClass found required class 'io.micrometer.core.instrument.composite.CompositeMeterRegistry' (OnClassCondition)

   ConditionsReportEndpointAutoConfiguration#conditionsReportEndpoint matched:
      - @ConditionalOnMissingBean (types: org.springframework.boot.actuate.autoconfigure.condition.ConditionsReportEndpoint; SearchStrategy: current) did not find any beans (OnBeanCondition)
      - @ConditionalOnEnabledEndpoint no property management.endpoint.conditions.enabled found so using endpoint default (OnEnabledEndpointCondition)

   ConfigurationPropertiesReportEndpointAutoConfiguration#configurationPropertiesReportEndpoint matched:
      - @ConditionalOnMissingBean (types: org.springframework.boot.actuate.context.properties.ConfigurationPropertiesReportEndpoint; SearchStrategy: all) did not find any beans (OnBeanCondition)
      - @ConditionalOnEnabledEndpoint no property management.endpoint.configprops.enabled found so using endpoint default (OnEnabledEndpointCondition)

   DataSourceAutoConfiguration matched:
      - @ConditionalOnClass found required classes 'javax.sql.DataSource', 'org.springframework.jdbc.datasource.embedded.EmbeddedDatabaseType' (OnClassCondition)

   DataSourceConfiguration.Hikari matched:
      - @ConditionalOnClass found required class 'com.zaxxer.hikari.HikariDataSource' (OnClassCondition)
      - @ConditionalOnProperty (spring.datasource.type=com.zaxxer.hikari.HikariDataSource) matched (OnPropertyCondition)

   DataSourceHealthIndicatorAutoConfiguration matched:
      - @ConditionalOnClass found required classes 'org.springframework.jdbc.core.JdbcTemplate', 'org.springframework.jdbc.datasource.lookup.AbstractRoutingDataSource' (OnClassCondition)
      - @ConditionalOnEnabledHealthIndicator management.health.defaults.enabled is considered true (OnEnabledHealthIndicatorCondition)
      - @ConditionalOnBean (types: javax.sql.DataSource; SearchStrategy: all) found bean 'celo' (OnBeanCondition)

   DataSourceHealthIndicatorAutoConfiguration#dbHealthIndicator matched:
      - @ConditionalOnMissingBean (names: dbHealthIndicator; SearchStrategy: all) did not find any beans (OnBeanCondition)

   DataSourcePoolMetadataProvidersConfiguration.HikariPoolDataSourceMetadataProviderConfiguration matched:
      - @ConditionalOnClass found required class 'com.zaxxer.hikari.HikariDataSource' (OnClassCondition)

   DataSourcePoolMetricsAutoConfiguration matched:
      - @ConditionalOnClass found required classes 'javax.sql.DataSource', 'io.micrometer.core.instrument.MeterRegistry' (OnClassCondition)
      - @ConditionalOnBean (types: javax.sql.DataSource,io.micrometer.core.instrument.MeterRegistry; SearchStrategy: all) found beans 'celo', 'simpleMeterRegistry' (OnBeanCondition)

   DataSourcePoolMetricsAutoConfiguration.DataSourcePoolMetadataMetricsConfiguration matched:
      - @ConditionalOnBean (types: org.springframework.boot.jdbc.metadata.DataSourcePoolMetadataProvider; SearchStrategy: all) found bean 'hikariPoolDataSourceMetadataProvider' (OnBeanCondition)

   DataSourcePoolMetricsAutoConfiguration.HikariDataSourceMetricsConfiguration matched:
      - @ConditionalOnClass found required class 'com.zaxxer.hikari.HikariDataSource' (OnClassCondition)

   DataSourceTransactionManagerAutoConfiguration matched:
      - @ConditionalOnClass found required classes 'org.springframework.jdbc.core.JdbcTemplate', 'org.springframework.transaction.PlatformTransactionManager' (OnClassCondition)

   DataSourceTransactionManagerAutoConfiguration.DataSourceTransactionManagerConfiguration matched:
      - @ConditionalOnSingleCandidate (types: javax.sql.DataSource; SearchStrategy: all) found a primary bean from beans 'celo' (OnBeanCondition)

   DataSourceTransactionManagerAutoConfiguration.DataSourceTransactionManagerConfiguration#transactionManager matched:
      - @ConditionalOnMissingBean (types: org.springframework.transaction.PlatformTransactionManager; SearchStrategy: all) did not find any beans (OnBeanCondition)

   DiskSpaceHealthIndicatorAutoConfiguration matched:
      - @ConditionalOnEnabledHealthIndicator management.health.defaults.enabled is considered true (OnEnabledHealthIndicatorCondition)

   DiskSpaceHealthIndicatorAutoConfiguration#diskSpaceHealthIndicator matched:
      - @ConditionalOnMissingBean (names: diskSpaceHealthIndicator; SearchStrategy: all) did not find any beans (OnBeanCondition)

   DispatcherServletAutoConfiguration matched:
      - @ConditionalOnClass found required class 'org.springframework.web.servlet.DispatcherServlet' (OnClassCondition)
      - found 'session' scope (OnWebApplicationCondition)

   DispatcherServletAutoConfiguration.DispatcherServletConfiguration matched:
      - @ConditionalOnClass found required class 'javax.servlet.ServletRegistration' (OnClassCondition)
      - Default DispatcherServlet did not find dispatcher servlet beans (DispatcherServletAutoConfiguration.DefaultDispatcherServletCondition)

   DispatcherServletAutoConfiguration.DispatcherServletRegistrationConfiguration matched:
      - @ConditionalOnClass found required class 'javax.servlet.ServletRegistration' (OnClassCondition)
      - DispatcherServlet Registration did not find servlet registration bean (DispatcherServletAutoConfiguration.DispatcherServletRegistrationCondition)

   DispatcherServletAutoConfiguration.DispatcherServletRegistrationConfiguration#dispatcherServletRegistration matched:
      - @ConditionalOnBean (names: dispatcherServlet; types: org.springframework.web.servlet.DispatcherServlet; SearchStrategy: all) found bean 'dispatcherServlet' (OnBeanCondition)

   EmbeddedWebServerFactoryCustomizerAutoConfiguration matched:
      - @ConditionalOnWebApplication (required) found 'session' scope (OnWebApplicationCondition)

   EmbeddedWebServerFactoryCustomizerAutoConfiguration.TomcatWebServerFactoryCustomizerConfiguration matched:
      - @ConditionalOnClass found required classes 'org.apache.catalina.startup.Tomcat', 'org.apache.coyote.UpgradeProtocol' (OnClassCondition)

   EndpointAutoConfiguration#endpointCachingOperationInvokerAdvisor matched:
      - @ConditionalOnMissingBean (types: org.springframework.boot.actuate.endpoint.invoker.cache.CachingOperationInvokerAdvisor; SearchStrategy: all) did not find any beans (OnBeanCondition)

   EndpointAutoConfiguration#endpointOperationParameterMapper matched:
      - @ConditionalOnMissingBean (types: org.springframework.boot.actuate.endpoint.invoke.ParameterValueMapper; SearchStrategy: all) did not find any beans (OnBeanCondition)

   EnvironmentEndpointAutoConfiguration#environmentEndpoint matched:
      - @ConditionalOnMissingBean (types: org.springframework.boot.actuate.env.EnvironmentEndpoint; SearchStrategy: all) did not find any beans (OnBeanCondition)
      - @ConditionalOnEnabledEndpoint no property management.endpoint.env.enabled found so using endpoint default (OnEnabledEndpointCondition)

   EnvironmentEndpointAutoConfiguration#environmentEndpointWebExtension matched:
      - @ConditionalOnBean (types: org.springframework.boot.actuate.env.EnvironmentEndpoint; SearchStrategy: all) found bean 'environmentEndpoint'; @ConditionalOnMissingBean (types: org.springframework.boot.actuate.env.EnvironmentEndpointWebExtension; SearchStrategy: all) did not find any beans (OnBeanCondition)
      - @ConditionalOnEnabledEndpoint no property management.endpoint.env.enabled found so using endpoint default (OnEnabledEndpointCondition)

   ErrorMvcAutoConfiguration matched:
      - @ConditionalOnClass found required classes 'javax.servlet.Servlet', 'org.springframework.web.servlet.DispatcherServlet' (OnClassCondition)
      - found 'session' scope (OnWebApplicationCondition)

   ErrorMvcAutoConfiguration#basicErrorController matched:
      - @ConditionalOnMissingBean (types: org.springframework.boot.web.servlet.error.ErrorController; SearchStrategy: current) did not find any beans (OnBeanCondition)

   ErrorMvcAutoConfiguration#errorAttributes matched:
      - @ConditionalOnMissingBean (types: org.springframework.boot.web.servlet.error.ErrorAttributes; SearchStrategy: current) did not find any beans (OnBeanCondition)

   ErrorMvcAutoConfiguration.DefaultErrorViewResolverConfiguration#conventionErrorViewResolver matched:
      - @ConditionalOnBean (types: org.springframework.web.servlet.DispatcherServlet; SearchStrategy: all) found bean 'dispatcherServlet'; @ConditionalOnMissingBean (types: org.springframework.boot.autoconfigure.web.servlet.error.DefaultErrorViewResolver; SearchStrategy: all) did not find any beans (OnBeanCondition)

   ErrorMvcAutoConfiguration.WhitelabelErrorViewConfiguration matched:
      - @ConditionalOnProperty (server.error.whitelabel.enabled) matched (OnPropertyCondition)
      - ErrorTemplate Missing did not find error template view (ErrorMvcAutoConfiguration.ErrorTemplateMissingCondition)

   ErrorMvcAutoConfiguration.WhitelabelErrorViewConfiguration#beanNameViewResolver matched:
      - @ConditionalOnMissingBean (types: org.springframework.web.servlet.view.BeanNameViewResolver; SearchStrategy: all) did not find any beans (OnBeanCondition)

   ErrorMvcAutoConfiguration.WhitelabelErrorViewConfiguration#defaultErrorView matched:
      - @ConditionalOnMissingBean (names: error; SearchStrategy: all) did not find any beans (OnBeanCondition)

   GenericCacheConfiguration matched:
      - Cache org.springframework.boot.autoconfigure.cache.GenericCacheConfiguration automatic cache type (CacheCondition)

   GroovyTemplateAutoConfiguration matched:
      - @ConditionalOnClass found required class 'groovy.text.markup.MarkupTemplateEngine' (OnClassCondition)

   GroovyTemplateAutoConfiguration.GroovyMarkupConfiguration matched:
      - @ConditionalOnClass found required class 'org.springframework.web.servlet.view.groovy.GroovyMarkupConfigurer' (OnClassCondition)

   GroovyTemplateAutoConfiguration.GroovyMarkupConfiguration#groovyMarkupConfigurer matched:
      - @ConditionalOnMissingBean (types: org.springframework.web.servlet.view.groovy.GroovyMarkupConfig; SearchStrategy: all) did not find any beans (OnBeanCondition)

   GroovyTemplateAutoConfiguration.GroovyWebConfiguration matched:
      - @ConditionalOnClass found required classes 'javax.servlet.Servlet', 'org.springframework.context.i18n.LocaleContextHolder', 'org.springframework.web.servlet.view.UrlBasedViewResolver' (OnClassCondition)
      - found 'session' scope (OnWebApplicationCondition)
      - @ConditionalOnProperty (spring.groovy.template.enabled) matched (OnPropertyCondition)

   GroovyTemplateAutoConfiguration.GroovyWebConfiguration#groovyMarkupViewResolver matched:
      - @ConditionalOnMissingBean (names: groovyMarkupViewResolver; SearchStrategy: all) did not find any beans (OnBeanCondition)

   HealthEndpointConfiguration matched:
      - @ConditionalOnSingleCandidate (types: org.springframework.boot.actuate.health.HealthIndicatorRegistry; SearchStrategy: all) found a primary bean from beans 'healthIndicatorRegistry' (OnBeanCondition)

   HealthEndpointConfiguration#healthEndpoint matched:
      - @ConditionalOnMissingBean (types: org.springframework.boot.actuate.health.HealthEndpoint; SearchStrategy: all) did not find any beans (OnBeanCondition)
      - @ConditionalOnEnabledEndpoint no property management.endpoint.health.enabled found so using endpoint default (OnEnabledEndpointCondition)

   HealthEndpointWebExtensionConfiguration#createHealthStatusHttpMapper matched:
      - @ConditionalOnMissingBean (types: org.springframework.boot.actuate.health.HealthStatusHttpMapper; SearchStrategy: all) did not find any beans (OnBeanCondition)

   HealthEndpointWebExtensionConfiguration#healthWebEndpointResponseMapper matched:
      - @ConditionalOnMissingBean (types: org.springframework.boot.actuate.health.HealthWebEndpointResponseMapper; SearchStrategy: all) did not find any beans (OnBeanCondition)

   HealthEndpointWebExtensionConfiguration.ServletWebHealthConfiguration matched:
      - found 'session' scope (OnWebApplicationCondition)

   HealthEndpointWebExtensionConfiguration.ServletWebHealthConfiguration#healthEndpointWebExtension matched:
      - @ConditionalOnBean (types: org.springframework.boot.actuate.health.HealthEndpoint; SearchStrategy: all) found bean 'healthEndpoint'; @ConditionalOnMissingBean (types: org.springframework.boot.actuate.health.HealthEndpointWebExtension; SearchStrategy: all) did not find any beans (OnBeanCondition)
      - @ConditionalOnEnabledEndpoint no property management.endpoint.health.enabled found so using endpoint default (OnEnabledEndpointCondition)

   HealthIndicatorAutoConfiguration#healthAggregator matched:
      - @ConditionalOnMissingBean (types: org.springframework.boot.actuate.health.HealthAggregator; SearchStrategy: all) did not find any beans (OnBeanCondition)

   HealthIndicatorAutoConfiguration#healthIndicatorRegistry matched:
      - @ConditionalOnMissingBean (types: org.springframework.boot.actuate.health.HealthIndicatorRegistry; SearchStrategy: all) did not find any beans (OnBeanCondition)

   HeapDumpWebEndpointAutoConfiguration#heapDumpWebEndpoint matched:
      - @ConditionalOnMissingBean (types: org.springframework.boot.actuate.management.HeapDumpWebEndpoint; SearchStrategy: all) did not find any beans (OnBeanCondition)
      - @ConditionalOnEnabledEndpoint no property management.endpoint.heapdump.enabled found so using endpoint default (OnEnabledEndpointCondition)

   HttpClientMetricsAutoConfiguration matched:
      - @ConditionalOnClass found required class 'io.micrometer.core.instrument.MeterRegistry' (OnClassCondition)
      - @ConditionalOnBean (types: io.micrometer.core.instrument.MeterRegistry; SearchStrategy: all) found bean 'simpleMeterRegistry' (OnBeanCondition)

   HttpEncodingAutoConfiguration matched:
      - @ConditionalOnClass found required class 'org.springframework.web.filter.CharacterEncodingFilter' (OnClassCondition)
      - found 'session' scope (OnWebApplicationCondition)
      - @ConditionalOnProperty (spring.http.encoding.enabled) matched (OnPropertyCondition)

   HttpEncodingAutoConfiguration#characterEncodingFilter matched:
      - @ConditionalOnMissingBean (types: org.springframework.web.filter.CharacterEncodingFilter; SearchStrategy: all) did not find any beans (OnBeanCondition)

   HttpMessageConvertersAutoConfiguration matched:
      - @ConditionalOnClass found required class 'org.springframework.http.converter.HttpMessageConverter' (OnClassCondition)

   HttpMessageConvertersAutoConfiguration#messageConverters matched:
      - @ConditionalOnMissingBean (types: org.springframework.boot.autoconfigure.http.HttpMessageConverters; SearchStrategy: all) did not find any beans (OnBeanCondition)

   HttpMessageConvertersAutoConfiguration.StringHttpMessageConverterConfiguration matched:
      - @ConditionalOnClass found required class 'org.springframework.http.converter.StringHttpMessageConverter' (OnClassCondition)

   HttpMessageConvertersAutoConfiguration.StringHttpMessageConverterConfiguration#stringHttpMessageConverter matched:
      - @ConditionalOnMissingBean (types: org.springframework.http.converter.StringHttpMessageConverter; SearchStrategy: all) did not find any beans (OnBeanCondition)

   HttpTraceAutoConfiguration matched:
      - @ConditionalOnWebApplication (required) found 'session' scope (OnWebApplicationCondition)
      - @ConditionalOnProperty (management.trace.http.enabled) matched (OnPropertyCondition)

   HttpTraceAutoConfiguration#httpExchangeTracer matched:
      - @ConditionalOnMissingBean (types: org.springframework.boot.actuate.trace.http.HttpExchangeTracer; SearchStrategy: all) did not find any beans (OnBeanCondition)

   HttpTraceAutoConfiguration#traceRepository matched:
      - @ConditionalOnMissingBean (types: org.springframework.boot.actuate.trace.http.HttpTraceRepository; SearchStrategy: all) did not find any beans (OnBeanCondition)

   HttpTraceAutoConfiguration.ServletTraceFilterConfiguration matched:
      - found 'session' scope (OnWebApplicationCondition)

   HttpTraceAutoConfiguration.ServletTraceFilterConfiguration#httpTraceFilter matched:
      - @ConditionalOnMissingBean (types: org.springframework.boot.actuate.web.trace.servlet.HttpTraceFilter; SearchStrategy: all) did not find any beans (OnBeanCondition)

   HttpTraceEndpointAutoConfiguration#httpTraceEndpoint matched:
      - @ConditionalOnBean (types: org.springframework.boot.actuate.trace.http.HttpTraceRepository; SearchStrategy: all) found bean 'traceRepository'; @ConditionalOnMissingBean (types: org.springframework.boot.actuate.trace.http.HttpTraceEndpoint; SearchStrategy: all) did not find any beans (OnBeanCondition)
      - @ConditionalOnEnabledEndpoint no property management.endpoint.httptrace.enabled found so using endpoint default (OnEnabledEndpointCondition)

   InfoContributorAutoConfiguration#envInfoContributor matched:
      - @ConditionalOnEnabledInfoContributor management.info.defaults.enabled is considered true (OnEnabledInfoContributorCondition)

   InfoEndpointAutoConfiguration#infoEndpoint matched:
      - @ConditionalOnMissingBean (types: org.springframework.boot.actuate.info.InfoEndpoint; SearchStrategy: all) did not find any beans (OnBeanCondition)
      - @ConditionalOnEnabledEndpoint no property management.endpoint.info.enabled found so using endpoint default (OnEnabledEndpointCondition)

   JacksonAutoConfiguration matched:
      - @ConditionalOnClass found required class 'com.fasterxml.jackson.databind.ObjectMapper' (OnClassCondition)

   JacksonAutoConfiguration.Jackson2ObjectMapperBuilderCustomizerConfiguration matched:
      - @ConditionalOnClass found required class 'org.springframework.http.converter.json.Jackson2ObjectMapperBuilder' (OnClassCondition)

   JacksonAutoConfiguration.JacksonObjectMapperBuilderConfiguration matched:
      - @ConditionalOnClass found required class 'org.springframework.http.converter.json.Jackson2ObjectMapperBuilder' (OnClassCondition)

   JacksonAutoConfiguration.JacksonObjectMapperBuilderConfiguration#jacksonObjectMapperBuilder matched:
      - @ConditionalOnMissingBean (types: org.springframework.http.converter.json.Jackson2ObjectMapperBuilder; SearchStrategy: all) did not find any beans (OnBeanCondition)

   JacksonAutoConfiguration.JacksonObjectMapperConfiguration matched:
      - @ConditionalOnClass found required class 'org.springframework.http.converter.json.Jackson2ObjectMapperBuilder' (OnClassCondition)

   JacksonAutoConfiguration.JacksonObjectMapperConfiguration#jacksonObjectMapper matched:
      - @ConditionalOnMissingBean (types: com.fasterxml.jackson.databind.ObjectMapper; SearchStrategy: all) did not find any beans (OnBeanCondition)

   JacksonAutoConfiguration.ParameterNamesModuleConfiguration matched:
      - @ConditionalOnClass found required class 'com.fasterxml.jackson.module.paramnames.ParameterNamesModule' (OnClassCondition)

   JacksonAutoConfiguration.ParameterNamesModuleConfiguration#parameterNamesModule matched:
      - @ConditionalOnMissingBean (types: com.fasterxml.jackson.module.paramnames.ParameterNamesModule; SearchStrategy: all) did not find any beans (OnBeanCondition)

   JacksonHttpMessageConvertersConfiguration.MappingJackson2HttpMessageConverterConfiguration matched:
      - @ConditionalOnClass found required class 'com.fasterxml.jackson.databind.ObjectMapper' (OnClassCondition)
      - @ConditionalOnProperty (spring.http.converters.preferred-json-mapper=jackson) matched (OnPropertyCondition)
      - @ConditionalOnBean (types: com.fasterxml.jackson.databind.ObjectMapper; SearchStrategy: all) found bean 'jacksonObjectMapper' (OnBeanCondition)

   JacksonHttpMessageConvertersConfiguration.MappingJackson2HttpMessageConverterConfiguration#mappingJackson2HttpMessageConverter matched:
      - @ConditionalOnMissingBean (types: org.springframework.http.converter.json.MappingJackson2HttpMessageConverter; SearchStrategy: all) did not find any beans (OnBeanCondition)

   JdbcTemplateAutoConfiguration matched:
      - @ConditionalOnClass found required classes 'javax.sql.DataSource', 'org.springframework.jdbc.core.JdbcTemplate' (OnClassCondition)
      - @ConditionalOnSingleCandidate (types: javax.sql.DataSource; SearchStrategy: all) found a primary bean from beans 'celo' (OnBeanCondition)

   JdbcTemplateAutoConfiguration.NamedParameterJdbcTemplateConfiguration#namedParameterJdbcTemplate matched:
      - @ConditionalOnSingleCandidate (types: org.springframework.jdbc.core.JdbcTemplate; SearchStrategy: all) found a primary bean from beans 'jdbcCelo'; @ConditionalOnMissingBean (types: org.springframework.jdbc.core.namedparam.NamedParameterJdbcOperations; SearchStrategy: all) did not find any beans (OnBeanCondition)

   JmxEndpointAutoConfiguration#jmxAnnotationEndpointDiscoverer matched:
      - @ConditionalOnMissingBean (types: org.springframework.boot.actuate.endpoint.jmx.JmxEndpointsSupplier; SearchStrategy: all) did not find any beans (OnBeanCondition)

   JvmMetricsAutoConfiguration matched:
      - @ConditionalOnClass found required class 'io.micrometer.core.instrument.MeterRegistry' (OnClassCondition)
      - @ConditionalOnProperty (management.metrics.binders.jvm.enabled) matched (OnPropertyCondition)
      - @ConditionalOnBean (types: io.micrometer.core.instrument.MeterRegistry; SearchStrategy: all) found bean 'simpleMeterRegistry' (OnBeanCondition)

   JvmMetricsAutoConfiguration#classLoaderMetrics matched:
      - @ConditionalOnMissingBean (types: io.micrometer.core.instrument.binder.jvm.ClassLoaderMetrics; SearchStrategy: all) did not find any beans (OnBeanCondition)

   JvmMetricsAutoConfiguration#jvmGcMetrics matched:
      - @ConditionalOnMissingBean (types: io.micrometer.core.instrument.binder.jvm.JvmGcMetrics; SearchStrategy: all) did not find any beans (OnBeanCondition)

   JvmMetricsAutoConfiguration#jvmMemoryMetrics matched:
      - @ConditionalOnMissingBean (types: io.micrometer.core.instrument.binder.jvm.JvmMemoryMetrics; SearchStrategy: all) did not find any beans (OnBeanCondition)

   JvmMetricsAutoConfiguration#jvmThreadMetrics matched:
      - @ConditionalOnMissingBean (types: io.micrometer.core.instrument.binder.jvm.JvmThreadMetrics; SearchStrategy: all) did not find any beans (OnBeanCondition)

   LogbackMetricsAutoConfiguration matched:
      - @ConditionalOnClass found required classes 'io.micrometer.core.instrument.MeterRegistry', 'ch.qos.logback.classic.LoggerContext', 'org.slf4j.LoggerFactory' (OnClassCondition)
      - @ConditionalOnProperty (management.metrics.binders.logback.enabled) matched (OnPropertyCondition)
      - LogbackLoggingCondition ILoggerFactory is a Logback LoggerContext (LogbackMetricsAutoConfiguration.LogbackLoggingCondition)
      - @ConditionalOnBean (types: io.micrometer.core.instrument.MeterRegistry; SearchStrategy: all) found bean 'simpleMeterRegistry' (OnBeanCondition)

   LogbackMetricsAutoConfiguration#logbackMetrics matched:
      - @ConditionalOnMissingBean (types: io.micrometer.core.instrument.binder.logging.LogbackMetrics; SearchStrategy: all) did not find any beans (OnBeanCondition)

   LoggersEndpointAutoConfiguration#loggersEndpoint matched:
      - Logging System enabled (LoggersEndpointAutoConfiguration.OnEnabledLoggingSystemCondition)
      - @ConditionalOnBean (types: org.springframework.boot.logging.LoggingSystem; SearchStrategy: all) found bean 'springBootLoggingSystem'; @ConditionalOnMissingBean (types: org.springframework.boot.actuate.logging.LoggersEndpoint; SearchStrategy: all) did not find any beans (OnBeanCondition)
      - @ConditionalOnEnabledEndpoint no property management.endpoint.loggers.enabled found so using endpoint default (OnEnabledEndpointCondition)

   ManagementContextAutoConfiguration.SameManagementContextConfiguration matched:
      - Management Port actual port type (SAME) matched required type (OnManagementPortCondition)

   MappingsEndpointAutoConfiguration#mappingsEndpoint matched:
      - @ConditionalOnEnabledEndpoint no property management.endpoint.mappings.enabled found so using endpoint default (OnEnabledEndpointCondition)

   MappingsEndpointAutoConfiguration.ServletWebConfiguration matched:
      - found 'session' scope (OnWebApplicationCondition)

   MappingsEndpointAutoConfiguration.ServletWebConfiguration.SpringMvcConfiguration matched:
      - @ConditionalOnClass found required class 'org.springframework.web.servlet.DispatcherServlet' (OnClassCondition)
      - @ConditionalOnBean (types: org.springframework.web.servlet.DispatcherServlet; SearchStrategy: all) found bean 'dispatcherServlet' (OnBeanCondition)

   MetricsAutoConfiguration matched:
      - @ConditionalOnClass found required class 'io.micrometer.core.annotation.Timed' (OnClassCondition)

   MetricsAutoConfiguration#micrometerClock matched:
      - @ConditionalOnMissingBean (types: io.micrometer.core.instrument.Clock; SearchStrategy: all) did not find any beans (OnBeanCondition)

   MetricsEndpointAutoConfiguration matched:
      - @ConditionalOnClass found required class 'io.micrometer.core.annotation.Timed' (OnClassCondition)

   MetricsEndpointAutoConfiguration#metricsEndpoint matched:
      - @ConditionalOnBean (types: io.micrometer.core.instrument.MeterRegistry; SearchStrategy: all) found bean 'simpleMeterRegistry'; @ConditionalOnMissingBean (types: org.springframework.boot.actuate.metrics.MetricsEndpoint; SearchStrategy: all) did not find any beans (OnBeanCondition)
      - @ConditionalOnEnabledEndpoint no property management.endpoint.metrics.enabled found so using endpoint default (OnEnabledEndpointCondition)

   MultipartAutoConfiguration matched:
      - @ConditionalOnClass found required classes 'javax.servlet.Servlet', 'org.springframework.web.multipart.support.StandardServletMultipartResolver', 'javax.servlet.MultipartConfigElement' (OnClassCondition)
      - found 'session' scope (OnWebApplicationCondition)
      - @ConditionalOnProperty (spring.servlet.multipart.enabled) matched (OnPropertyCondition)

   MultipartAutoConfiguration#multipartConfigElement matched:
      - @ConditionalOnMissingBean (types: javax.servlet.MultipartConfigElement,org.springframework.web.multipart.commons.CommonsMultipartResolver; SearchStrategy: all) did not find any beans (OnBeanCondition)

   MultipartAutoConfiguration#multipartResolver matched:
      - @ConditionalOnMissingBean (types: org.springframework.web.multipart.MultipartResolver; SearchStrategy: all) did not find any beans (OnBeanCondition)

   NoOpCacheConfiguration matched:
      - Cache org.springframework.boot.autoconfigure.cache.NoOpCacheConfiguration automatic cache type (CacheCondition)

   PersistenceExceptionTranslationAutoConfiguration matched:
      - @ConditionalOnClass found required class 'org.springframework.dao.annotation.PersistenceExceptionTranslationPostProcessor' (OnClassCondition)

   PersistenceExceptionTranslationAutoConfiguration#persistenceExceptionTranslationPostProcessor matched:
      - @ConditionalOnProperty (spring.dao.exceptiontranslation.enabled) matched (OnPropertyCondition)
      - @ConditionalOnMissingBean (types: org.springframework.dao.annotation.PersistenceExceptionTranslationPostProcessor; SearchStrategy: all) did not find any beans (OnBeanCondition)

   PropertyPlaceholderAutoConfiguration#propertySourcesPlaceholderConfigurer matched:
      - @ConditionalOnMissingBean (types: org.springframework.context.support.PropertySourcesPlaceholderConfigurer; SearchStrategy: current) did not find any beans (OnBeanCondition)

   RestTemplateAutoConfiguration matched:
      - @ConditionalOnClass found required class 'org.springframework.web.client.RestTemplate' (OnClassCondition)

   RestTemplateAutoConfiguration#restTemplateBuilder matched:
      - @ConditionalOnMissingBean (types: org.springframework.boot.web.client.RestTemplateBuilder; SearchStrategy: all) did not find any beans (OnBeanCondition)

   RestTemplateMetricsConfiguration matched:
      - @ConditionalOnClass found required class 'org.springframework.web.client.RestTemplate' (OnClassCondition)

   RestTemplateMetricsConfiguration#restTemplateTagConfigurer matched:
      - @ConditionalOnMissingBean (types: org.springframework.boot.actuate.metrics.web.client.RestTemplateExchangeTagsProvider; SearchStrategy: all) did not find any beans (OnBeanCondition)

   ScheduledTasksEndpointAutoConfiguration#scheduledTasksEndpoint matched:
      - @ConditionalOnMissingBean (types: org.springframework.boot.actuate.scheduling.ScheduledTasksEndpoint; SearchStrategy: all) did not find any beans (OnBeanCondition)
      - @ConditionalOnEnabledEndpoint no property management.endpoint.scheduledtasks.enabled found so using endpoint default (OnEnabledEndpointCondition)

   ServletEndpointManagementContextConfiguration matched:
      - found 'session' scope (OnWebApplicationCondition)

   ServletEndpointManagementContextConfiguration.WebMvcServletEndpointManagementContextConfiguration matched:
      - @ConditionalOnClass found required class 'org.springframework.web.servlet.DispatcherServlet' (OnClassCondition)

   ServletManagementContextAutoConfiguration matched:
      - @ConditionalOnClass found required class 'javax.servlet.Servlet' (OnClassCondition)
      - found 'session' scope (OnWebApplicationCondition)

   ServletWebServerFactoryAutoConfiguration matched:
      - @ConditionalOnClass found required class 'javax.servlet.ServletRequest' (OnClassCondition)
      - found 'session' scope (OnWebApplicationCondition)

   ServletWebServerFactoryAutoConfiguration#tomcatServletWebServerFactoryCustomizer matched:
      - @ConditionalOnClass found required class 'org.apache.catalina.startup.Tomcat' (OnClassCondition)

   ServletWebServerFactoryConfiguration.EmbeddedTomcat matched:
      - @ConditionalOnClass found required classes 'javax.servlet.Servlet', 'org.apache.catalina.startup.Tomcat', 'org.apache.coyote.UpgradeProtocol' (OnClassCondition)
      - @ConditionalOnMissingBean (types: org.springframework.boot.web.servlet.server.ServletWebServerFactory; SearchStrategy: current) did not find any beans (OnBeanCondition)

   SimpleCacheConfiguration matched:
      - Cache org.springframework.boot.autoconfigure.cache.SimpleCacheConfiguration automatic cache type (CacheCondition)

   SimpleMetricsExportAutoConfiguration matched:
      - @ConditionalOnProperty (management.metrics.export.simple.enabled=true) matched (OnPropertyCondition)
      - @ConditionalOnBean (types: io.micrometer.core.instrument.Clock; SearchStrategy: all) found bean 'micrometerClock'; @ConditionalOnMissingBean (types: io.micrometer.core.instrument.MeterRegistry; SearchStrategy: all) did not find any beans (OnBeanCondition)

   SimpleMetricsExportAutoConfiguration#simpleConfig matched:
      - @ConditionalOnMissingBean (types: io.micrometer.core.instrument.simple.SimpleConfig; SearchStrategy: all) did not find any beans (OnBeanCondition)

   SystemMetricsAutoConfiguration matched:
      - @ConditionalOnClass found required class 'io.micrometer.core.instrument.MeterRegistry' (OnClassCondition)
      - @ConditionalOnBean (types: io.micrometer.core.instrument.MeterRegistry; SearchStrategy: all) found bean 'simpleMeterRegistry' (OnBeanCondition)

   SystemMetricsAutoConfiguration#fileDescriptorMetrics matched:
      - @ConditionalOnProperty (management.metrics.binders.files.enabled) matched (OnPropertyCondition)
      - @ConditionalOnMissingBean (types: io.micrometer.core.instrument.binder.system.FileDescriptorMetrics; SearchStrategy: all) did not find any beans (OnBeanCondition)

   SystemMetricsAutoConfiguration#processorMetrics matched:
      - @ConditionalOnProperty (management.metrics.binders.processor.enabled) matched (OnPropertyCondition)
      - @ConditionalOnMissingBean (types: io.micrometer.core.instrument.binder.system.ProcessorMetrics; SearchStrategy: all) did not find any beans (OnBeanCondition)

   SystemMetricsAutoConfiguration#uptimeMetrics matched:
      - @ConditionalOnProperty (management.metrics.binders.uptime.enabled) matched (OnPropertyCondition)
      - @ConditionalOnMissingBean (types: io.micrometer.core.instrument.binder.system.UptimeMetrics; SearchStrategy: all) did not find any beans (OnBeanCondition)

   TaskExecutionAutoConfiguration matched:
      - @ConditionalOnClass found required class 'org.springframework.scheduling.concurrent.ThreadPoolTaskExecutor' (OnClassCondition)

   TaskExecutionAutoConfiguration#applicationTaskExecutor matched:
      - @ConditionalOnMissingBean (types: java.util.concurrent.Executor; SearchStrategy: all) did not find any beans (OnBeanCondition)

   TaskExecutionAutoConfiguration#taskExecutorBuilder matched:
      - @ConditionalOnMissingBean (types: org.springframework.boot.task.TaskExecutorBuilder; SearchStrategy: all) did not find any beans (OnBeanCondition)

   TaskSchedulingAutoConfiguration matched:
      - @ConditionalOnClass found required class 'org.springframework.scheduling.concurrent.ThreadPoolTaskScheduler' (OnClassCondition)

   TaskSchedulingAutoConfiguration#taskSchedulerBuilder matched:
      - @ConditionalOnMissingBean (types: org.springframework.boot.task.TaskSchedulerBuilder; SearchStrategy: all) did not find any beans (OnBeanCondition)

   ThreadDumpEndpointAutoConfiguration#dumpEndpoint matched:
      - @ConditionalOnMissingBean (types: org.springframework.boot.actuate.management.ThreadDumpEndpoint; SearchStrategy: all) did not find any beans (OnBeanCondition)
      - @ConditionalOnEnabledEndpoint no property management.endpoint.threaddump.enabled found so using endpoint default (OnEnabledEndpointCondition)

   TomcatMetricsAutoConfiguration matched:
      - @ConditionalOnClass found required classes 'io.micrometer.core.instrument.binder.tomcat.TomcatMetrics', 'org.apache.catalina.Manager' (OnClassCondition)
      - @ConditionalOnWebApplication (required) found 'session' scope (OnWebApplicationCondition)

   TomcatMetricsAutoConfiguration#tomcatMetricsBinder matched:
      - @ConditionalOnBean (types: io.micrometer.core.instrument.MeterRegistry; SearchStrategy: all) found bean 'simpleMeterRegistry'; @ConditionalOnMissingBean (types: io.micrometer.core.instrument.binder.tomcat.TomcatMetrics,org.springframework.boot.actuate.metrics.web.tomcat.TomcatMetricsBinder; SearchStrategy: all) did not find any beans (OnBeanCondition)

   TransactionAutoConfiguration matched:
      - @ConditionalOnClass found required class 'org.springframework.transaction.PlatformTransactionManager' (OnClassCondition)

   TransactionAutoConfiguration#platformTransactionManagerCustomizers matched:
      - @ConditionalOnMissingBean (types: org.springframework.boot.autoconfigure.transaction.TransactionManagerCustomizers; SearchStrategy: all) did not find any beans (OnBeanCondition)

   TransactionAutoConfiguration.EnableTransactionManagementConfiguration matched:
      - @ConditionalOnBean (types: org.springframework.transaction.PlatformTransactionManager; SearchStrategy: all) found bean 'transactionManager'; @ConditionalOnMissingBean (types: org.springframework.transaction.annotation.AbstractTransactionManagementConfiguration; SearchStrategy: all) did not find any beans (OnBeanCondition)

   TransactionAutoConfiguration.EnableTransactionManagementConfiguration.CglibAutoProxyConfiguration matched:
      - @ConditionalOnProperty (spring.aop.proxy-target-class=true) matched (OnPropertyCondition)

   TransactionAutoConfiguration.TransactionTemplateConfiguration matched:
      - @ConditionalOnSingleCandidate (types: org.springframework.transaction.PlatformTransactionManager; SearchStrategy: all) found a primary bean from beans 'transactionManager' (OnBeanCondition)

   TransactionAutoConfiguration.TransactionTemplateConfiguration#transactionTemplate matched:
      - @ConditionalOnMissingBean (types: org.springframework.transaction.support.TransactionTemplate; SearchStrategy: all) did not find any beans (OnBeanCondition)

   ValidationAutoConfiguration matched:
      - @ConditionalOnClass found required class 'javax.validation.executable.ExecutableValidator' (OnClassCondition)
      - @ConditionalOnResource found location classpath:META-INF/services/javax.validation.spi.ValidationProvider (OnResourceCondition)

   ValidationAutoConfiguration#defaultValidator matched:
      - @ConditionalOnMissingBean (types: javax.validation.Validator; SearchStrategy: all) did not find any beans (OnBeanCondition)

   ValidationAutoConfiguration#methodValidationPostProcessor matched:
      - @ConditionalOnMissingBean (types: org.springframework.validation.beanvalidation.MethodValidationPostProcessor; SearchStrategy: all) did not find any beans (OnBeanCondition)

   WebEndpointAutoConfiguration matched:
      - @ConditionalOnWebApplication (required) found 'session' scope (OnWebApplicationCondition)

   WebEndpointAutoConfiguration#controllerEndpointDiscoverer matched:
      - @ConditionalOnMissingBean (types: org.springframework.boot.actuate.endpoint.web.annotation.ControllerEndpointsSupplier; SearchStrategy: all) did not find any beans (OnBeanCondition)

   WebEndpointAutoConfiguration#endpointMediaTypes matched:
      - @ConditionalOnMissingBean (types: org.springframework.boot.actuate.endpoint.web.EndpointMediaTypes; SearchStrategy: all) did not find any beans (OnBeanCondition)

   WebEndpointAutoConfiguration#pathMappedEndpoints matched:
      - @ConditionalOnMissingBean (types: org.springframework.boot.actuate.endpoint.web.PathMappedEndpoints; SearchStrategy: all) did not find any beans (OnBeanCondition)

   WebEndpointAutoConfiguration#webEndpointDiscoverer matched:
      - @ConditionalOnMissingBean (types: org.springframework.boot.actuate.endpoint.web.WebEndpointsSupplier; SearchStrategy: all) did not find any beans (OnBeanCondition)

   WebEndpointAutoConfiguration.WebEndpointServletConfiguration matched:
      - found 'session' scope (OnWebApplicationCondition)

   WebEndpointAutoConfiguration.WebEndpointServletConfiguration#servletEndpointDiscoverer matched:
      - @ConditionalOnMissingBean (types: org.springframework.boot.actuate.endpoint.web.annotation.ServletEndpointsSupplier; SearchStrategy: all) did not find any beans (OnBeanCondition)

   WebMvcAutoConfiguration matched:
      - @ConditionalOnClass found required classes 'javax.servlet.Servlet', 'org.springframework.web.servlet.DispatcherServlet', 'org.springframework.web.servlet.config.annotation.WebMvcConfigurer' (OnClassCondition)
      - found 'session' scope (OnWebApplicationCondition)
      - @ConditionalOnMissingBean (types: org.springframework.web.servlet.config.annotation.WebMvcConfigurationSupport; SearchStrategy: all) did not find any beans (OnBeanCondition)

   WebMvcAutoConfiguration#formContentFilter matched:
      - @ConditionalOnProperty (spring.mvc.formcontent.filter.enabled) matched (OnPropertyCondition)
      - @ConditionalOnMissingBean (types: org.springframework.web.filter.FormContentFilter; SearchStrategy: all) did not find any beans (OnBeanCondition)

   WebMvcAutoConfiguration#hiddenHttpMethodFilter matched:
      - @ConditionalOnProperty (spring.mvc.hiddenmethod.filter.enabled) matched (OnPropertyCondition)
      - @ConditionalOnMissingBean (types: org.springframework.web.filter.HiddenHttpMethodFilter; SearchStrategy: all) did not find any beans (OnBeanCondition)

   WebMvcAutoConfiguration.WebMvcAutoConfigurationAdapter#defaultViewResolver matched:
      - @ConditionalOnMissingBean (types: org.springframework.web.servlet.view.InternalResourceViewResolver; SearchStrategy: all) did not find any beans (OnBeanCondition)

   WebMvcAutoConfiguration.WebMvcAutoConfigurationAdapter#requestContextFilter matched:
      - @ConditionalOnMissingBean (types: org.springframework.web.context.request.RequestContextListener,org.springframework.web.filter.RequestContextFilter; SearchStrategy: all) did not find any beans (OnBeanCondition)

   WebMvcAutoConfiguration.WebMvcAutoConfigurationAdapter#viewResolver matched:
      - @ConditionalOnBean (types: org.springframework.web.servlet.ViewResolver; SearchStrategy: all) found beans 'defaultViewResolver', 'beanNameViewResolver', 'mvcViewResolver'; @ConditionalOnMissingBean (names: viewResolver; types: org.springframework.web.servlet.view.ContentNegotiatingViewResolver; SearchStrategy: all) did not find any beans (OnBeanCondition)

   WebMvcAutoConfiguration.WebMvcAutoConfigurationAdapter.FaviconConfiguration matched:
      - @ConditionalOnProperty (spring.mvc.favicon.enabled) matched (OnPropertyCondition)

   WebMvcEndpointManagementContextConfiguration matched:
      - @ConditionalOnClass found required class 'org.springframework.web.servlet.DispatcherServlet' (OnClassCondition)
      - found 'session' scope (OnWebApplicationCondition)
      - @ConditionalOnBean (types: org.springframework.web.servlet.DispatcherServlet,org.springframework.boot.actuate.endpoint.web.WebEndpointsSupplier; SearchStrategy: all) found beans 'webEndpointDiscoverer', 'dispatcherServlet' (OnBeanCondition)

   WebMvcEndpointManagementContextConfiguration#controllerEndpointHandlerMapping matched:
      - @ConditionalOnMissingBean (types: org.springframework.boot.actuate.endpoint.web.servlet.ControllerEndpointHandlerMapping; SearchStrategy: all) did not find any beans (OnBeanCondition)

   WebMvcEndpointManagementContextConfiguration#webEndpointServletHandlerMapping matched:
      - @ConditionalOnMissingBean (types: org.springframework.boot.actuate.endpoint.web.servlet.WebMvcEndpointHandlerMapping; SearchStrategy: all) did not find any beans (OnBeanCondition)

   WebMvcMetricsAutoConfiguration matched:
      - @ConditionalOnClass found required class 'org.springframework.web.servlet.DispatcherServlet' (OnClassCondition)
      - found 'session' scope (OnWebApplicationCondition)
      - @ConditionalOnBean (types: io.micrometer.core.instrument.MeterRegistry; SearchStrategy: all) found bean 'simpleMeterRegistry' (OnBeanCondition)

   WebMvcMetricsAutoConfiguration#webMvcTagsProvider matched:
      - @ConditionalOnMissingBean (types: org.springframework.boot.actuate.metrics.web.servlet.WebMvcTagsProvider; SearchStrategy: all) did not find any beans (OnBeanCondition)

   WebSocketServletAutoConfiguration matched:
      - @ConditionalOnClass found required classes 'javax.servlet.Servlet', 'javax.websocket.server.ServerContainer' (OnClassCondition)
      - found 'session' scope (OnWebApplicationCondition)

   WebSocketServletAutoConfiguration.TomcatWebSocketConfiguration matched:
      - @ConditionalOnClass found required classes 'org.apache.catalina.startup.Tomcat', 'org.apache.tomcat.websocket.server.WsSci' (OnClassCondition)

   WebSocketServletAutoConfiguration.TomcatWebSocketConfiguration#websocketServletWebServerCustomizer matched:
      - @ConditionalOnMissingBean (names: websocketServletWebServerCustomizer; SearchStrategy: all) did not find any beans (OnBeanCondition)


Negative matches:
-----------------

   ActiveMQAutoConfiguration:
      Did not match:
         - @ConditionalOnClass did not find required class 'javax.jms.ConnectionFactory' (OnClassCondition)

   AopAutoConfiguration:
      Did not match:
         - @ConditionalOnClass did not find required class 'org.aspectj.lang.annotation.Aspect' (OnClassCondition)

   AppOpticsMetricsExportAutoConfiguration:
      Did not match:
         - @ConditionalOnClass did not find required class 'io.micrometer.appoptics.AppOpticsMeterRegistry' (OnClassCondition)

   ArtemisAutoConfiguration:
      Did not match:
         - @ConditionalOnClass did not find required class 'javax.jms.ConnectionFactory' (OnClassCondition)

   AtlasMetricsExportAutoConfiguration:
      Did not match:
         - @ConditionalOnClass did not find required class 'io.micrometer.atlas.AtlasMeterRegistry' (OnClassCondition)

   AuditAutoConfiguration#authenticationAuditListener:
      Did not match:
         - @ConditionalOnClass did not find required class 'org.springframework.security.authentication.event.AbstractAuthenticationEvent' (OnClassCondition)

   AuditAutoConfiguration#authorizationAuditListener:
      Did not match:
         - @ConditionalOnClass did not find required class 'org.springframework.security.access.event.AbstractAuthorizationEvent' (OnClassCondition)

   BatchAutoConfiguration:
      Did not match:
         - @ConditionalOnClass did not find required class 'org.springframework.batch.core.launch.JobLauncher' (OnClassCondition)

   CacheAutoConfiguration:
      Did not match:
         - @ConditionalOnBean (types: org.springframework.cache.interceptor.CacheAspectSupport; SearchStrategy: all) did not find any beans of type org.springframework.cache.interceptor.CacheAspectSupport (OnBeanCondition)
      Matched:
         - @ConditionalOnClass found required class 'org.springframework.cache.CacheManager' (OnClassCondition)

   CacheAutoConfiguration.CacheManagerJpaDependencyConfiguration:
      Did not match:
         - @ConditionalOnClass did not find required class 'org.springframework.orm.jpa.LocalContainerEntityManagerFactoryBean' (OnClassCondition)
         - Ancestor org.springframework.boot.autoconfigure.cache.CacheAutoConfiguration did not match (ConditionEvaluationReport.AncestorsMatchedCondition)

   CacheMeterBinderProvidersConfiguration.CaffeineCacheMeterBinderProviderConfiguration:
      Did not match:
         - @ConditionalOnClass did not find required classes 'org.springframework.cache.caffeine.CaffeineCache', 'com.github.benmanes.caffeine.cache.Cache' (OnClassCondition)

   CacheMeterBinderProvidersConfiguration.EhCache2CacheMeterBinderProviderConfiguration:
      Did not match:
         - @ConditionalOnClass did not find required classes 'org.springframework.cache.ehcache.EhCacheCache', 'net.sf.ehcache.Ehcache' (OnClassCondition)

   CacheMeterBinderProvidersConfiguration.HazelcastCacheMeterBinderProviderConfiguration:
      Did not match:
         - @ConditionalOnClass did not find required classes 'com.hazelcast.spring.cache.HazelcastCache', 'com.hazelcast.core.Hazelcast' (OnClassCondition)

   CacheMeterBinderProvidersConfiguration.JCacheCacheMeterBinderProviderConfiguration:
      Did not match:
         - @ConditionalOnClass did not find required classes 'org.springframework.cache.jcache.JCacheCache', 'javax.cache.CacheManager' (OnClassCondition)

   CacheMetricsAutoConfiguration:
      Did not match:
         - @ConditionalOnBean (types: org.springframework.cache.CacheManager; SearchStrategy: all) did not find any beans of type org.springframework.cache.CacheManager (OnBeanCondition)

   CaffeineCacheConfiguration:
      Did not match:
         - @ConditionalOnClass did not find required classes 'com.github.benmanes.caffeine.cache.Caffeine', 'org.springframework.cache.caffeine.CaffeineCacheManager' (OnClassCondition)

   CassandraAutoConfiguration:
      Did not match:
         - @ConditionalOnClass did not find required class 'com.datastax.driver.core.Cluster' (OnClassCondition)

   CassandraDataAutoConfiguration:
      Did not match:
         - @ConditionalOnClass did not find required class 'com.datastax.driver.core.Cluster' (OnClassCondition)

   CassandraHealthIndicatorAutoConfiguration:
      Did not match:
         - @ConditionalOnClass did not find required class 'com.datastax.driver.core.Cluster' (OnClassCondition)

   CassandraReactiveDataAutoConfiguration:
      Did not match:
         - @ConditionalOnClass did not find required class 'com.datastax.driver.core.Cluster' (OnClassCondition)

   CassandraReactiveHealthIndicatorAutoConfiguration:
      Did not match:
         - @ConditionalOnClass did not find required class 'com.datastax.driver.core.Cluster' (OnClassCondition)

   CassandraReactiveRepositoriesAutoConfiguration:
      Did not match:
         - @ConditionalOnClass did not find required class 'org.springframework.data.cassandra.ReactiveSession' (OnClassCondition)

   CassandraRepositoriesAutoConfiguration:
      Did not match:
         - @ConditionalOnClass did not find required class 'com.datastax.driver.core.Session' (OnClassCondition)

   ClientHttpConnectorAutoConfiguration:
      Did not match:
         - @ConditionalOnClass did not find required class 'org.springframework.web.reactive.function.client.WebClient' (OnClassCondition)

   CloudFoundryActuatorAutoConfiguration:
      Did not match:
         - @ConditionalOnCloudPlatform did not find CLOUD_FOUNDRY (OnCloudPlatformCondition)
      Matched:
         - @ConditionalOnClass found required class 'org.springframework.web.servlet.DispatcherServlet' (OnClassCondition)
         - found 'session' scope (OnWebApplicationCondition)
         - @ConditionalOnProperty (management.cloudfoundry.enabled) matched (OnPropertyCondition)

   CloudServiceConnectorsAutoConfiguration:
      Did not match:
         - @ConditionalOnClass did not find required class 'org.springframework.cloud.config.java.CloudScanConfiguration' (OnClassCondition)

   CompositeMeterRegistryConfiguration:
      Did not match:
         - NoneNestedConditions 1 matched 1 did not; NestedCondition on CompositeMeterRegistryConfiguration.MultipleNonPrimaryMeterRegistriesCondition.SingleInjectableMeterRegistry @ConditionalOnSingleCandidate (types: io.micrometer.core.instrument.MeterRegistry; SearchStrategy: all) found a primary bean from beans 'simpleMeterRegistry'; NestedCondition on CompositeMeterRegistryConfiguration.MultipleNonPrimaryMeterRegistriesCondition.NoMeterRegistryCondition @ConditionalOnMissingBean (types: io.micrometer.core.instrument.MeterRegistry; SearchStrategy: all) found beans of type 'io.micrometer.core.instrument.MeterRegistry' simpleMeterRegistry (CompositeMeterRegistryConfiguration.MultipleNonPrimaryMeterRegistriesCondition)

   CouchbaseAutoConfiguration:
      Did not match:
         - @ConditionalOnClass did not find required class 'com.couchbase.client.java.Cluster' (OnClassCondition)

   CouchbaseCacheConfiguration:
      Did not match:
         - @ConditionalOnClass did not find required classes 'com.couchbase.client.java.Bucket', 'com.couchbase.client.spring.cache.CouchbaseCacheManager' (OnClassCondition)

   CouchbaseDataAutoConfiguration:
      Did not match:
         - @ConditionalOnClass did not find required class 'com.couchbase.client.java.Bucket' (OnClassCondition)

   CouchbaseHealthIndicatorAutoConfiguration:
      Did not match:
         - @ConditionalOnClass did not find required class 'com.couchbase.client.java.Cluster' (OnClassCondition)

   CouchbaseReactiveDataAutoConfiguration:
      Did not match:
         - @ConditionalOnClass did not find required class 'com.couchbase.client.java.Bucket' (OnClassCondition)

   CouchbaseReactiveHealthIndicatorAutoConfiguration:
      Did not match:
         - @ConditionalOnClass did not find required class 'com.couchbase.client.java.Cluster' (OnClassCondition)

   CouchbaseReactiveRepositoriesAutoConfiguration:
      Did not match:
         - @ConditionalOnClass did not find required class 'com.couchbase.client.java.Bucket' (OnClassCondition)

   CouchbaseRepositoriesAutoConfiguration:
      Did not match:
         - @ConditionalOnClass did not find required class 'com.couchbase.client.java.Bucket' (OnClassCondition)

   DataSourceAutoConfiguration.EmbeddedDatabaseConfiguration:
      Did not match:
         - EmbeddedDataSource found supported pooled data source (DataSourceAutoConfiguration.EmbeddedDatabaseCondition)

   DataSourceAutoConfiguration.PooledDataSourceConfiguration:
      Did not match:
         - @ConditionalOnMissingBean (types: javax.sql.DataSource,javax.sql.XADataSource; SearchStrategy: all) found beans of type 'javax.sql.DataSource' celo (OnBeanCondition)
      Matched:
         - AnyNestedCondition 1 matched 1 did not; NestedCondition on DataSourceAutoConfiguration.PooledDataSourceCondition.PooledDataSourceAvailable PooledDataSource found supported DataSource; NestedCondition on DataSourceAutoConfiguration.PooledDataSourceCondition.ExplicitType @ConditionalOnProperty (spring.datasource.type) did not find property 'type' (DataSourceAutoConfiguration.PooledDataSourceCondition)

   DataSourceConfiguration.Dbcp2:
      Did not match:
         - @ConditionalOnClass did not find required class 'org.apache.commons.dbcp2.BasicDataSource' (OnClassCondition)

   DataSourceConfiguration.Generic:
      Did not match:
         - @ConditionalOnProperty (spring.datasource.type) did not find property 'spring.datasource.type' (OnPropertyCondition)

   DataSourceConfiguration.Tomcat:
      Did not match:
         - @ConditionalOnClass did not find required class 'org.apache.tomcat.jdbc.pool.DataSource' (OnClassCondition)

   DataSourceJmxConfiguration:
      Did not match:
         - @ConditionalOnProperty (spring.jmx.enabled=true) found different value in property 'enabled' (OnPropertyCondition)

   DataSourcePoolMetadataProvidersConfiguration.CommonsDbcp2PoolDataSourceMetadataProviderConfiguration:
      Did not match:
         - @ConditionalOnClass did not find required class 'org.apache.commons.dbcp2.BasicDataSource' (OnClassCondition)

   DataSourcePoolMetadataProvidersConfiguration.TomcatDataSourcePoolMetadataProviderConfiguration:
      Did not match:
         - @ConditionalOnClass did not find required class 'org.apache.tomcat.jdbc.pool.DataSource' (OnClassCondition)

   DatadogMetricsExportAutoConfiguration:
      Did not match:
         - @ConditionalOnClass did not find required class 'io.micrometer.datadog.DatadogMeterRegistry' (OnClassCondition)

   DispatcherServletAutoConfiguration.DispatcherServletConfiguration#multipartResolver:
      Did not match:
         - @ConditionalOnBean (types: org.springframework.web.multipart.MultipartResolver; SearchStrategy: all) did not find any beans of type org.springframework.web.multipart.MultipartResolver (OnBeanCondition)

   DynatraceMetricsExportAutoConfiguration:
      Did not match:
         - @ConditionalOnClass did not find required class 'io.micrometer.dynatrace.DynatraceMeterRegistry' (OnClassCondition)

   EhCacheCacheConfiguration:
      Did not match:
         - @ConditionalOnClass did not find required classes 'net.sf.ehcache.Cache', 'org.springframework.cache.ehcache.EhCacheCacheManager' (OnClassCondition)

   ElasticMetricsExportAutoConfiguration:
      Did not match:
         - @ConditionalOnClass did not find required class 'io.micrometer.elastic.ElasticMeterRegistry' (OnClassCondition)

   ElasticSearchClientHealthIndicatorAutoConfiguration:
      Did not match:
         - @ConditionalOnClass did not find required class 'org.elasticsearch.client.Client' (OnClassCondition)

   ElasticSearchJestHealthIndicatorAutoConfiguration:
      Did not match:
         - @ConditionalOnClass did not find required class 'io.searchbox.client.JestClient' (OnClassCondition)

   ElasticSearchRestHealthIndicatorAutoConfiguration:
      Did not match:
         - @ConditionalOnClass did not find required class 'org.elasticsearch.client.RestClient' (OnClassCondition)

   ElasticsearchAutoConfiguration:
      Did not match:
         - @ConditionalOnClass did not find required class 'org.elasticsearch.client.Client' (OnClassCondition)

   ElasticsearchDataAutoConfiguration:
      Did not match:
         - @ConditionalOnClass did not find required class 'org.elasticsearch.client.Client' (OnClassCondition)

   ElasticsearchRepositoriesAutoConfiguration:
      Did not match:
         - @ConditionalOnClass did not find required class 'org.elasticsearch.client.Client' (OnClassCondition)

   EmbeddedLdapAutoConfiguration:
      Did not match:
         - @ConditionalOnClass did not find required class 'com.unboundid.ldap.listener.InMemoryDirectoryServer' (OnClassCondition)

   EmbeddedMongoAutoConfiguration:
      Did not match:
         - @ConditionalOnClass did not find required class 'com.mongodb.MongoClient' (OnClassCondition)

   EmbeddedWebServerFactoryCustomizerAutoConfiguration.JettyWebServerFactoryCustomizerConfiguration:
      Did not match:
         - @ConditionalOnClass did not find required classes 'org.eclipse.jetty.server.Server', 'org.eclipse.jetty.util.Loader', 'org.eclipse.jetty.webapp.WebAppContext' (OnClassCondition)

   EmbeddedWebServerFactoryCustomizerAutoConfiguration.NettyWebServerFactoryCustomizerConfiguration:
      Did not match:
         - @ConditionalOnClass did not find required class 'reactor.netty.http.server.HttpServer' (OnClassCondition)

   EmbeddedWebServerFactoryCustomizerAutoConfiguration.UndertowWebServerFactoryCustomizerConfiguration:
      Did not match:
         - @ConditionalOnClass did not find required classes 'io.undertow.Undertow', 'org.xnio.SslClientAuthMode' (OnClassCondition)

   ErrorWebFluxAutoConfiguration:
      Did not match:
         - @ConditionalOnClass did not find required class 'org.springframework.web.reactive.config.WebFluxConfigurer' (OnClassCondition)

   FlywayAutoConfiguration:
      Did not match:
         - @ConditionalOnClass did not find required class 'org.flywaydb.core.Flyway' (OnClassCondition)

   FlywayEndpointAutoConfiguration:
      Did not match:
         - @ConditionalOnClass did not find required class 'org.flywaydb.core.Flyway' (OnClassCondition)

   FreeMarkerAutoConfiguration:
      Did not match:
         - @ConditionalOnClass did not find required class 'freemarker.template.Configuration' (OnClassCondition)

   GangliaMetricsExportAutoConfiguration:
      Did not match:
         - @ConditionalOnClass did not find required class 'io.micrometer.ganglia.GangliaMeterRegistry' (OnClassCondition)

   GraphiteMetricsExportAutoConfiguration:
      Did not match:
         - @ConditionalOnClass did not find required class 'io.micrometer.graphite.GraphiteMeterRegistry' (OnClassCondition)

   GsonAutoConfiguration:
      Did not match:
         - @ConditionalOnClass did not find required class 'com.google.gson.Gson' (OnClassCondition)

   GsonHttpMessageConvertersConfiguration:
      Did not match:
         - @ConditionalOnClass did not find required class 'com.google.gson.Gson' (OnClassCondition)

   H2ConsoleAutoConfiguration:
      Did not match:
         - @ConditionalOnClass did not find required class 'org.h2.server.web.WebServlet' (OnClassCondition)

   HazelcastAutoConfiguration:
      Did not match:
         - @ConditionalOnClass did not find required class 'com.hazelcast.core.HazelcastInstance' (OnClassCondition)

   HazelcastCacheConfiguration:
      Did not match:
         - @ConditionalOnClass did not find required classes 'com.hazelcast.core.HazelcastInstance', 'com.hazelcast.spring.cache.HazelcastCacheManager' (OnClassCondition)

   HazelcastJpaDependencyAutoConfiguration:
      Did not match:
         - @ConditionalOnClass did not find required class 'com.hazelcast.core.HazelcastInstance' (OnClassCondition)

   HealthEndpointWebExtensionConfiguration.ReactiveWebHealthConfiguration:
      Did not match:
         - did not find reactive web application classes (OnWebApplicationCondition)

   HealthIndicatorAutoConfiguration#applicationHealthIndicator:
      Did not match:
         - @ConditionalOnMissingBean (types: org.springframework.boot.actuate.health.HealthIndicator,org.springframework.boot.actuate.health.ReactiveHealthIndicator; SearchStrategy: all) found beans of type 'org.springframework.boot.actuate.health.HealthIndicator' diskSpaceHealthIndicator, dbHealthIndicator (OnBeanCondition)

   HealthIndicatorAutoConfiguration.ReactiveHealthIndicatorConfiguration:
      Did not match:
         - @ConditionalOnClass did not find required class 'reactor.core.publisher.Flux' (OnClassCondition)

   HibernateJpaAutoConfiguration:
      Did not match:
         - @ConditionalOnClass did not find required class 'javax.persistence.EntityManager' (OnClassCondition)

   HibernateMetricsAutoConfiguration:
      Did not match:
         - @ConditionalOnClass did not find required class 'javax.persistence.EntityManagerFactory' (OnClassCondition)

   HttpHandlerAutoConfiguration:
      Did not match:
         - @ConditionalOnClass did not find required class 'org.springframework.web.reactive.DispatcherHandler' (OnClassCondition)

   HttpTraceAutoConfiguration.ReactiveTraceFilterConfiguration:
      Did not match:
         - did not find reactive web application classes (OnWebApplicationCondition)

   HumioMetricsExportAutoConfiguration:
      Did not match:
         - @ConditionalOnClass did not find required class 'io.micrometer.humio.HumioMeterRegistry' (OnClassCondition)

   HypermediaAutoConfiguration:
      Did not match:
         - @ConditionalOnClass did not find required class 'org.springframework.hateoas.Resource' (OnClassCondition)

   InfinispanCacheConfiguration:
      Did not match:
         - @ConditionalOnClass did not find required class 'org.infinispan.spring.provider.SpringEmbeddedCacheManager' (OnClassCondition)

   InfluxDbAutoConfiguration:
      Did not match:
         - @ConditionalOnClass did not find required class 'org.influxdb.InfluxDB' (OnClassCondition)

   InfluxDbHealthIndicatorAutoConfiguration:
      Did not match:
         - @ConditionalOnClass did not find required class 'org.influxdb.InfluxDB' (OnClassCondition)

   InfluxMetricsExportAutoConfiguration:
      Did not match:
         - @ConditionalOnClass did not find required class 'io.micrometer.influx.InfluxMeterRegistry' (OnClassCondition)

   InfoContributorAutoConfiguration#buildInfoContributor:
      Did not match:
         - @ConditionalOnSingleCandidate (types: org.springframework.boot.info.BuildProperties; SearchStrategy: all) did not find any beans (OnBeanCondition)
      Matched:
         - @ConditionalOnEnabledInfoContributor management.info.defaults.enabled is considered true (OnEnabledInfoContributorCondition)

   InfoContributorAutoConfiguration#gitInfoContributor:
      Did not match:
         - @ConditionalOnSingleCandidate (types: org.springframework.boot.info.GitProperties; SearchStrategy: all) did not find any beans (OnBeanCondition)
      Matched:
         - @ConditionalOnEnabledInfoContributor management.info.defaults.enabled is considered true (OnEnabledInfoContributorCondition)

   IntegrationAutoConfiguration:
      Did not match:
         - @ConditionalOnClass did not find required class 'org.springframework.integration.config.EnableIntegration' (OnClassCondition)

   IntegrationGraphEndpointAutoConfiguration:
      Did not match:
         - @ConditionalOnClass did not find required class 'org.springframework.integration.graph.IntegrationGraphServer' (OnClassCondition)

   JCacheCacheConfiguration:
      Did not match:
         - @ConditionalOnClass did not find required classes 'javax.cache.Caching', 'org.springframework.cache.jcache.JCacheCacheManager' (OnClassCondition)

   JacksonAutoConfiguration.JodaDateTimeJacksonConfiguration:
      Did not match:
         - @ConditionalOnClass did not find required classes 'com.fasterxml.jackson.datatype.joda.ser.DateTimeSerializer', 'com.fasterxml.jackson.datatype.joda.cfg.JacksonJodaDateFormat' (OnClassCondition)

   JacksonHttpMessageConvertersConfiguration.MappingJackson2XmlHttpMessageConverterConfiguration:
      Did not match:
         - @ConditionalOnClass did not find required class 'com.fasterxml.jackson.dataformat.xml.XmlMapper' (OnClassCondition)

   JdbcRepositoriesAutoConfiguration:
      Did not match:
         - @ConditionalOnClass did not find required class 'org.springframework.data.jdbc.repository.config.JdbcConfiguration' (OnClassCondition)

   JdbcTemplateAutoConfiguration.JdbcTemplateConfiguration#jdbcTemplate:
      Did not match:
         - @ConditionalOnMissingBean (types: org.springframework.jdbc.core.JdbcOperations; SearchStrategy: all) found beans of type 'org.springframework.jdbc.core.JdbcOperations' jdbcCelo (OnBeanCondition)

   JerseyAutoConfiguration:
      Did not match:
         - @ConditionalOnClass did not find required class 'org.glassfish.jersey.server.spring.SpringComponentProvider' (OnClassCondition)

   JerseyServerMetricsAutoConfiguration:
      Did not match:
         - @ConditionalOnClass did not find required class 'io.micrometer.jersey2.server.MetricsApplicationEventListener' (OnClassCondition)

   JerseyWebEndpointManagementContextConfiguration:
      Did not match:
         - @ConditionalOnClass did not find required class 'org.glassfish.jersey.server.ResourceConfig' (OnClassCondition)

   JestAutoConfiguration:
      Did not match:
         - @ConditionalOnClass did not find required class 'io.searchbox.client.JestClient' (OnClassCondition)

   JettyMetricsAutoConfiguration:
      Did not match:
         - @ConditionalOnClass did not find required class 'org.eclipse.jetty.server.Server' (OnClassCondition)

   JmsAutoConfiguration:
      Did not match:
         - @ConditionalOnClass did not find required class 'javax.jms.Message' (OnClassCondition)

   JmsHealthIndicatorAutoConfiguration:
      Did not match:
         - @ConditionalOnClass did not find required class 'javax.jms.ConnectionFactory' (OnClassCondition)

   JmxAutoConfiguration:
      Did not match:
         - @ConditionalOnProperty (spring.jmx.enabled=true) found different value in property 'enabled' (OnPropertyCondition)
      Matched:
         - @ConditionalOnClass found required class 'org.springframework.jmx.export.MBeanExporter' (OnClassCondition)

   JmxEndpointAutoConfiguration#jmxMBeanExporter:
      Did not match:
         - @ConditionalOnSingleCandidate (types: javax.management.MBeanServer; SearchStrategy: all) did not find any beans (OnBeanCondition)

   JmxMetricsExportAutoConfiguration:
      Did not match:
         - @ConditionalOnClass did not find required class 'io.micrometer.jmx.JmxMeterRegistry' (OnClassCondition)

   JndiConnectionFactoryAutoConfiguration:
      Did not match:
         - @ConditionalOnClass did not find required class 'org.springframework.jms.core.JmsTemplate' (OnClassCondition)

   JndiDataSourceAutoConfiguration:
      Did not match:
         - @ConditionalOnProperty (spring.datasource.jndi-name) did not find property 'jndi-name' (OnPropertyCondition)
      Matched:
         - @ConditionalOnClass found required classes 'javax.sql.DataSource', 'org.springframework.jdbc.datasource.embedded.EmbeddedDatabaseType' (OnClassCondition)

   JolokiaEndpointAutoConfiguration:
      Did not match:
         - @ConditionalOnClass did not find required class 'org.jolokia.http.AgentServlet' (OnClassCondition)

   JooqAutoConfiguration:
      Did not match:
         - @ConditionalOnClass did not find required class 'org.jooq.DSLContext' (OnClassCondition)

   JpaRepositoriesAutoConfiguration:
      Did not match:
         - @ConditionalOnClass did not find required class 'org.springframework.data.jpa.repository.JpaRepository' (OnClassCondition)

   JsonbAutoConfiguration:
      Did not match:
         - @ConditionalOnClass did not find required class 'javax.json.bind.Jsonb' (OnClassCondition)

   JsonbHttpMessageConvertersConfiguration:
      Did not match:
         - @ConditionalOnClass did not find required class 'javax.json.bind.Jsonb' (OnClassCondition)

   JtaAutoConfiguration:
      Did not match:
         - @ConditionalOnClass did not find required class 'javax.transaction.Transaction' (OnClassCondition)

   KafkaAutoConfiguration:
      Did not match:
         - @ConditionalOnClass did not find required class 'org.springframework.kafka.core.KafkaTemplate' (OnClassCondition)

   KafkaMetricsAutoConfiguration:
      Did not match:
         - @ConditionalOnClass did not find required class 'org.apache.kafka.clients.consumer.KafkaConsumer' (OnClassCondition)

   KairosMetricsExportAutoConfiguration:
      Did not match:
         - @ConditionalOnClass did not find required class 'io.micrometer.kairos.KairosMeterRegistry' (OnClassCondition)

   LdapAutoConfiguration:
      Did not match:
         - @ConditionalOnClass did not find required class 'org.springframework.ldap.core.ContextSource' (OnClassCondition)

   LdapHealthIndicatorAutoConfiguration:
      Did not match:
         - @ConditionalOnClass did not find required class 'org.springframework.ldap.core.LdapOperations' (OnClassCondition)

   LdapRepositoriesAutoConfiguration:
      Did not match:
         - @ConditionalOnClass did not find required class 'org.springframework.data.ldap.repository.LdapRepository' (OnClassCondition)

   LiquibaseAutoConfiguration:
      Did not match:
         - @ConditionalOnClass did not find required class 'liquibase.change.DatabaseChange' (OnClassCondition)

   LiquibaseEndpointAutoConfiguration:
      Did not match:
         - @ConditionalOnClass did not find required class 'liquibase.integration.spring.SpringLiquibase' (OnClassCondition)

   Log4J2MetricsAutoConfiguration:
      Did not match:
         - @ConditionalOnClass did not find required class 'org.apache.logging.log4j.core.LoggerContext' (OnClassCondition)

   LogFileWebEndpointAutoConfiguration#logFileWebEndpoint:
      Did not match:
         - Log File did not find logging file (LogFileWebEndpointAutoConfiguration.LogFileCondition)

   MailHealthIndicatorAutoConfiguration:
      Did not match:
         - @ConditionalOnClass did not find required class 'org.springframework.mail.javamail.JavaMailSenderImpl' (OnClassCondition)

   MailSenderAutoConfiguration:
      Did not match:
         - @ConditionalOnClass did not find required class 'org.springframework.mail.MailSender' (OnClassCondition)

   MailSenderValidatorAutoConfiguration:
      Did not match:
         - @ConditionalOnSingleCandidate did not find required type 'org.springframework.mail.javamail.JavaMailSenderImpl' (OnBeanCondition)

   ManagementContextAutoConfiguration.DifferentManagementContextConfiguration:
      Did not match:
         - Management Port actual port type (SAME) did not match required type (DIFFERENT) (OnManagementPortCondition)

   ManagementWebSecurityAutoConfiguration:
      Did not match:
         - @ConditionalOnClass did not find required class 'org.springframework.security.config.annotation.web.configuration.WebSecurityConfigurerAdapter' (OnClassCondition)

   MappingsEndpointAutoConfiguration.ReactiveWebConfiguration:
      Did not match:
         - @ConditionalOnClass did not find required class 'org.springframework.web.reactive.DispatcherHandler' (OnClassCondition)

   MessageSourceAutoConfiguration:
      Did not match:
         - ResourceBundle did not find bundle with basename messages (MessageSourceAutoConfiguration.ResourceBundleCondition)

   MongoAutoConfiguration:
      Did not match:
         - @ConditionalOnClass did not find required class 'com.mongodb.MongoClient' (OnClassCondition)

   MongoDataAutoConfiguration:
      Did not match:
         - @ConditionalOnClass did not find required class 'com.mongodb.client.MongoClient' (OnClassCondition)

   MongoHealthIndicatorAutoConfiguration:
      Did not match:
         - @ConditionalOnClass did not find required class 'org.springframework.data.mongodb.core.MongoTemplate' (OnClassCondition)

   MongoReactiveAutoConfiguration:
      Did not match:
         - @ConditionalOnClass did not find required class 'com.mongodb.reactivestreams.client.MongoClient' (OnClassCondition)

   MongoReactiveDataAutoConfiguration:
      Did not match:
         - @ConditionalOnClass did not find required class 'com.mongodb.reactivestreams.client.MongoClient' (OnClassCondition)

   MongoReactiveHealthIndicatorAutoConfiguration:
      Did not match:
         - @ConditionalOnClass did not find required class 'reactor.core.publisher.Flux' (OnClassCondition)

   MongoReactiveRepositoriesAutoConfiguration:
      Did not match:
         - @ConditionalOnClass did not find required class 'com.mongodb.reactivestreams.client.MongoClient' (OnClassCondition)

   MongoRepositoriesAutoConfiguration:
      Did not match:
         - @ConditionalOnClass did not find required class 'com.mongodb.MongoClient' (OnClassCondition)

   MustacheAutoConfiguration:
      Did not match:
         - @ConditionalOnClass did not find required class 'com.samskivert.mustache.Mustache' (OnClassCondition)

   Neo4jDataAutoConfiguration:
      Did not match:
         - @ConditionalOnClass did not find required class 'org.neo4j.ogm.session.SessionFactory' (OnClassCondition)

   Neo4jHealthIndicatorAutoConfiguration:
      Did not match:
         - @ConditionalOnClass did not find required class 'org.neo4j.ogm.session.SessionFactory' (OnClassCondition)

   Neo4jRepositoriesAutoConfiguration:
      Did not match:
         - @ConditionalOnClass did not find required class 'org.neo4j.ogm.session.Neo4jSession' (OnClassCondition)

   NewRelicMetricsExportAutoConfiguration:
      Did not match:
         - @ConditionalOnClass did not find required class 'io.micrometer.newrelic.NewRelicMeterRegistry' (OnClassCondition)

   NoOpMeterRegistryConfiguration:
      Did not match:
         - @ConditionalOnMissingBean (types: io.micrometer.core.instrument.MeterRegistry; SearchStrategy: all) found beans of type 'io.micrometer.core.instrument.MeterRegistry' simpleMeterRegistry (OnBeanCondition)

   OAuth2ClientAutoConfiguration:
      Did not match:
         - @ConditionalOnClass did not find required class 'org.springframework.security.config.annotation.web.configuration.EnableWebSecurity' (OnClassCondition)

   OAuth2ResourceServerAutoConfiguration:
      Did not match:
         - @ConditionalOnClass did not find required class 'org.springframework.security.oauth2.server.resource.authentication.JwtAuthenticationToken' (OnClassCondition)

   ProjectInfoAutoConfiguration#buildProperties:
      Did not match:
         - @ConditionalOnResource did not find resource '${spring.info.build.location:classpath:META-INF/build-info.properties}' (OnResourceCondition)

   ProjectInfoAutoConfiguration#gitProperties:
      Did not match:
         - GitResource did not find git info at classpath:git.properties (ProjectInfoAutoConfiguration.GitResourceAvailableCondition)

   PrometheusMetricsExportAutoConfiguration:
      Did not match:
         - @ConditionalOnClass did not find required class 'io.micrometer.prometheus.PrometheusMeterRegistry' (OnClassCondition)

   QuartzAutoConfiguration:
      Did not match:
         - @ConditionalOnClass did not find required class 'org.quartz.Scheduler' (OnClassCondition)

   RabbitAutoConfiguration:
      Did not match:
         - @ConditionalOnClass did not find required class 'com.rabbitmq.client.Channel' (OnClassCondition)

   RabbitHealthIndicatorAutoConfiguration:
      Did not match:
         - @ConditionalOnClass did not find required class 'org.springframework.amqp.rabbit.core.RabbitTemplate' (OnClassCondition)

   RabbitMetricsAutoConfiguration:
      Did not match:
         - @ConditionalOnClass did not find required class 'com.rabbitmq.client.ConnectionFactory' (OnClassCondition)

   ReactiveCloudFoundryActuatorAutoConfiguration:
      Did not match:
         - @ConditionalOnWebApplication did not find reactive web application classes (OnWebApplicationCondition)

   ReactiveManagementContextAutoConfiguration:
      Did not match:
         - @ConditionalOnClass did not find required class 'reactor.core.publisher.Flux' (OnClassCondition)

   ReactiveManagementWebSecurityAutoConfiguration:
      Did not match:
         - @ConditionalOnClass did not find required class 'org.springframework.security.config.annotation.web.reactive.EnableWebFluxSecurity' (OnClassCondition)

   ReactiveOAuth2ClientAutoConfiguration:
      Did not match:
         - @ConditionalOnClass did not find required class 'reactor.core.publisher.Flux' (OnClassCondition)

   ReactiveOAuth2ResourceServerAutoConfiguration:
      Did not match:
         - @ConditionalOnClass did not find required class 'org.springframework.security.config.annotation.web.reactive.EnableWebFluxSecurity' (OnClassCondition)

   ReactiveSecurityAutoConfiguration:
      Did not match:
         - @ConditionalOnClass did not find required class 'reactor.core.publisher.Flux' (OnClassCondition)

   ReactiveUserDetailsServiceAutoConfiguration:
      Did not match:
         - @ConditionalOnClass did not find required class 'org.springframework.security.authentication.ReactiveAuthenticationManager' (OnClassCondition)

   ReactiveWebServerFactoryAutoConfiguration:
      Did not match:
         - @ConditionalOnWebApplication did not find reactive web application classes (OnWebApplicationCondition)

   ReactorCoreAutoConfiguration:
      Did not match:
         - @ConditionalOnClass did not find required class 'reactor.core.publisher.Flux' (OnClassCondition)

   RedisAutoConfiguration:
      Did not match:
         - @ConditionalOnClass did not find required class 'org.springframework.data.redis.core.RedisOperations' (OnClassCondition)

   RedisCacheConfiguration:
      Did not match:
         - @ConditionalOnClass did not find required class 'org.springframework.data.redis.connection.RedisConnectionFactory' (OnClassCondition)

   RedisHealthIndicatorAutoConfiguration:
      Did not match:
         - @ConditionalOnClass did not find required class 'org.springframework.data.redis.connection.RedisConnectionFactory' (OnClassCondition)

   RedisReactiveAutoConfiguration:
      Did not match:
         - @ConditionalOnClass did not find required class 'reactor.core.publisher.Flux' (OnClassCondition)

   RedisReactiveHealthIndicatorAutoConfiguration:
      Did not match:
         - @ConditionalOnClass did not find required class 'reactor.core.publisher.Flux' (OnClassCondition)

   RedisRepositoriesAutoConfiguration:
      Did not match:
         - @ConditionalOnClass did not find required class 'org.springframework.data.redis.repository.configuration.EnableRedisRepositories' (OnClassCondition)

   RepositoryRestMvcAutoConfiguration:
      Did not match:
         - @ConditionalOnClass did not find required class 'org.springframework.data.rest.webmvc.config.RepositoryRestMvcConfiguration' (OnClassCondition)

   RestClientAutoConfiguration:
      Did not match:
         - @ConditionalOnClass did not find required class 'org.elasticsearch.client.RestClient' (OnClassCondition)

   SecurityAutoConfiguration:
      Did not match:
         - @ConditionalOnClass did not find required class 'org.springframework.security.authentication.DefaultAuthenticationEventPublisher' (OnClassCondition)

   SecurityFilterAutoConfiguration:
      Did not match:
         - @ConditionalOnClass did not find required class 'org.springframework.security.config.http.SessionCreationPolicy' (OnClassCondition)

   SecurityRequestMatcherProviderAutoConfiguration:
      Did not match:
         - @ConditionalOnClass did not find required class 'org.springframework.security.web.util.matcher.RequestMatcher' (OnClassCondition)

   SendGridAutoConfiguration:
      Did not match:
         - @ConditionalOnClass did not find required class 'com.sendgrid.SendGrid' (OnClassCondition)

   ServletEndpointManagementContextConfiguration.JerseyServletEndpointManagementContextConfiguration:
      Did not match:
         - @ConditionalOnClass did not find required class 'org.glassfish.jersey.server.ResourceConfig' (OnClassCondition)

   ServletManagementContextAutoConfiguration.ApplicationContextFilterConfiguration:
      Did not match:
         - @ConditionalOnProperty (management.server.add-application-context-header=true) did not find property 'add-application-context-header' (OnPropertyCondition)

   ServletWebServerFactoryConfiguration.EmbeddedJetty:
      Did not match:
         - @ConditionalOnClass did not find required classes 'org.eclipse.jetty.server.Server', 'org.eclipse.jetty.util.Loader', 'org.eclipse.jetty.webapp.WebAppContext' (OnClassCondition)

   ServletWebServerFactoryConfiguration.EmbeddedUndertow:
      Did not match:
         - @ConditionalOnClass did not find required classes 'io.undertow.Undertow', 'org.xnio.SslClientAuthMode' (OnClassCondition)

   SessionAutoConfiguration:
      Did not match:
         - @ConditionalOnClass did not find required class 'org.springframework.session.Session' (OnClassCondition)

   SessionsEndpointAutoConfiguration:
      Did not match:
         - @ConditionalOnClass did not find required class 'org.springframework.session.FindByIndexNameSessionRepository' (OnClassCondition)

   ShutdownEndpointAutoConfiguration#shutdownEndpoint:
      Did not match:
         - @ConditionalOnEnabledEndpoint no property management.endpoint.shutdown.enabled found so using endpoint default (OnEnabledEndpointCondition)
      Matched:
         - @ConditionalOnMissingBean (types: org.springframework.boot.actuate.context.ShutdownEndpoint; SearchStrategy: all) did not find any beans (OnBeanCondition)

   SignalFxMetricsExportAutoConfiguration:
      Did not match:
         - @ConditionalOnClass did not find required class 'io.micrometer.signalfx.SignalFxMeterRegistry' (OnClassCondition)

   SolrAutoConfiguration:
      Did not match:
         - @ConditionalOnClass did not find required class 'org.apache.solr.client.solrj.impl.CloudSolrClient' (OnClassCondition)

   SolrHealthIndicatorAutoConfiguration:
      Did not match:
         - @ConditionalOnClass did not find required class 'org.apache.solr.client.solrj.SolrClient' (OnClassCondition)

   SolrRepositoriesAutoConfiguration:
      Did not match:
         - @ConditionalOnClass did not find required class 'org.apache.solr.client.solrj.SolrClient' (OnClassCondition)

   SpringApplicationAdminJmxAutoConfiguration:
      Did not match:
         - @ConditionalOnProperty (spring.application.admin.enabled=true) did not find property 'enabled' (OnPropertyCondition)

   SpringDataWebAutoConfiguration:
      Did not match:
         - @ConditionalOnClass did not find required class 'org.springframework.data.web.PageableHandlerMethodArgumentResolver' (OnClassCondition)

   StatsdMetricsExportAutoConfiguration:
      Did not match:
         - @ConditionalOnClass did not find required class 'io.micrometer.statsd.StatsdMeterRegistry' (OnClassCondition)

   TaskSchedulingAutoConfiguration#taskScheduler:
      Did not match:
         - @ConditionalOnBean (names: org.springframework.context.annotation.internalScheduledAnnotationProcessor; SearchStrategy: all) did not find any beans named org.springframework.context.annotation.internalScheduledAnnotationProcessor (OnBeanCondition)

   ThymeleafAutoConfiguration:
      Did not match:
         - @ConditionalOnClass did not find required class 'org.thymeleaf.templatemode.TemplateMode' (OnClassCondition)

   TransactionAutoConfiguration.EnableTransactionManagementConfiguration.JdkDynamicAutoProxyConfiguration:
      Did not match:
         - @ConditionalOnProperty (spring.aop.proxy-target-class=false) did not find property 'proxy-target-class' (OnPropertyCondition)

   UserDetailsServiceAutoConfiguration:
      Did not match:
         - @ConditionalOnClass did not find required class 'org.springframework.security.authentication.AuthenticationManager' (OnClassCondition)

   WavefrontMetricsExportAutoConfiguration:
      Did not match:
         - @ConditionalOnClass did not find required class 'io.micrometer.wavefront.WavefrontMeterRegistry' (OnClassCondition)

   WebClientAutoConfiguration:
      Did not match:
         - @ConditionalOnClass did not find required class 'org.springframework.web.reactive.function.client.WebClient' (OnClassCondition)

   WebClientMetricsConfiguration:
      Did not match:
         - @ConditionalOnClass did not find required class 'org.springframework.web.reactive.function.client.WebClient' (OnClassCondition)

   WebFluxAutoConfiguration:
      Did not match:
         - @ConditionalOnClass did not find required class 'org.springframework.web.reactive.config.WebFluxConfigurer' (OnClassCondition)

   WebFluxEndpointManagementContextConfiguration:
      Did not match:
         - @ConditionalOnClass did not find required class 'org.springframework.web.reactive.DispatcherHandler' (OnClassCondition)

   WebFluxMetricsAutoConfiguration:
      Did not match:
         - @ConditionalOnWebApplication did not find reactive web application classes (OnWebApplicationCondition)

   WebMvcAutoConfiguration.ResourceChainCustomizerConfiguration:
      Did not match:
         - @ConditionalOnEnabledResourceChain did not find class org.webjars.WebJarAssetLocator (OnEnabledResourceChainCondition)

   WebMvcAutoConfiguration.WebMvcAutoConfigurationAdapter#beanNameViewResolver:
      Did not match:
         - @ConditionalOnMissingBean (types: org.springframework.web.servlet.view.BeanNameViewResolver; SearchStrategy: all) found beans of type 'org.springframework.web.servlet.view.BeanNameViewResolver' beanNameViewResolver (OnBeanCondition)

   WebMvcAutoConfiguration.WebMvcAutoConfigurationAdapter#localeResolver:
      Did not match:
         - @ConditionalOnProperty (spring.mvc.locale) did not find property 'locale' (OnPropertyCondition)

   WebServiceTemplateAutoConfiguration:
      Did not match:
         - @ConditionalOnClass did not find required class 'org.springframework.oxm.Marshaller' (OnClassCondition)

   WebServicesAutoConfiguration:
      Did not match:
         - @ConditionalOnClass did not find required class 'org.springframework.ws.transport.http.MessageDispatcherServlet' (OnClassCondition)

   WebSocketMessagingAutoConfiguration:
      Did not match:
         - @ConditionalOnClass did not find required class 'org.springframework.web.socket.config.annotation.WebSocketMessageBrokerConfigurer' (OnClassCondition)

   WebSocketReactiveAutoConfiguration:
      Did not match:
         - @ConditionalOnWebApplication did not find reactive web application classes (OnWebApplicationCondition)

   WebSocketServletAutoConfiguration.JettyWebSocketConfiguration:
      Did not match:
         - @ConditionalOnClass did not find required class 'org.eclipse.jetty.websocket.jsr356.server.deploy.WebSocketServerContainerInitializer' (OnClassCondition)

   WebSocketServletAutoConfiguration.UndertowWebSocketConfiguration:
      Did not match:
         - @ConditionalOnClass did not find required class 'io.undertow.websockets.jsr.Bootstrap' (OnClassCondition)

   XADataSourceAutoConfiguration:
      Did not match:
         - @ConditionalOnClass did not find required class 'javax.transaction.TransactionManager' (OnClassCondition)


Exclusions:
-----------

    None


Unconditional classes:
----------------------

    org.springframework.boot.actuate.autoconfigure.management.HeapDumpWebEndpointAutoConfiguration

    org.springframework.boot.actuate.autoconfigure.scheduling.ScheduledTasksEndpointAutoConfiguration

    org.springframework.boot.actuate.autoconfigure.health.HealthIndicatorAutoConfiguration

    org.springframework.boot.actuate.autoconfigure.info.InfoContributorAutoConfiguration

    org.springframework.boot.autoconfigure.context.PropertyPlaceholderAutoConfiguration

    org.springframework.boot.actuate.autoconfigure.logging.LogFileWebEndpointAutoConfiguration

    org.springframework.boot.actuate.autoconfigure.env.EnvironmentEndpointAutoConfiguration

    org.springframework.boot.actuate.autoconfigure.context.ShutdownEndpointAutoConfiguration

    org.springframework.boot.actuate.autoconfigure.health.HealthEndpointAutoConfiguration

    org.springframework.boot.actuate.autoconfigure.context.properties.ConfigurationPropertiesReportEndpointAutoConfiguration

    org.springframework.boot.actuate.autoconfigure.trace.http.HttpTraceEndpointAutoConfiguration

    org.springframework.boot.actuate.autoconfigure.logging.LoggersEndpointAutoConfiguration

    org.springframework.boot.actuate.autoconfigure.info.InfoEndpointAutoConfiguration

    org.springframework.boot.autoconfigure.context.ConfigurationPropertiesAutoConfiguration

    org.springframework.boot.actuate.autoconfigure.endpoint.jmx.JmxEndpointAutoConfiguration

    org.springframework.boot.actuate.autoconfigure.endpoint.EndpointAutoConfiguration

    org.springframework.boot.actuate.autoconfigure.beans.BeansEndpointAutoConfiguration

    org.springframework.boot.actuate.autoconfigure.condition.ConditionsReportEndpointAutoConfiguration

    org.springframework.boot.actuate.autoconfigure.web.server.ManagementContextAutoConfiguration

    org.springframework.boot.actuate.autoconfigure.audit.AuditEventsEndpointAutoConfiguration

    org.springframework.boot.actuate.autoconfigure.web.mappings.MappingsEndpointAutoConfiguration

    org.springframework.boot.actuate.autoconfigure.audit.AuditAutoConfiguration

    org.springframework.boot.actuate.autoconfigure.management.ThreadDumpEndpointAutoConfiguration

    org.springframework.boot.autoconfigure.info.ProjectInfoAutoConfiguration



2021-11-26 18:40:33.188  INFO 38388 --- [    Test worker] c.l.a.c.specification.GetCashLockSpec    : Started GetCashLockSpec in 21.569 seconds (JVM running for 23.044)
2021-11-26 18:40:33.205 DEBUG 38388 --- [    Test worker] c.DefaultCacheAwareContextLoaderDelegate : Storing ApplicationContext in cache under key [[WebMergedContextConfiguration@6d50af18 testClass = GetCashLockSpec, locations = '{}', classes = '{class com.loyalty.avenger.cashlock.components.TestApplication, class com.loyalty.avenger.cashlock.components.TestApplication}', contextInitializerClasses = '[]', activeProfiles = '{int}', propertySourceLocations = '{}', propertySourceProperties = '{org.springframework.boot.test.context.SpringBootTestContextBootstrapper=true}', contextCustomizers = set[org.spockframework.spring.mock.SpockContextCustomizer@0, org.springframework.boot.test.autoconfigure.properties.PropertyMappingContextCustomizer@0, org.springframework.boot.test.autoconfigure.web.servlet.WebDriverContextCustomizerFactory$Customizer@48db58e, org.springframework.boot.test.context.filter.ExcludeFilterContextCustomizer@59323de6, org.springframework.boot.test.json.DuplicateJsonObjectContextCustomizerFactory$DuplicateJsonObjectContextCustomizer@6a0ffa3e, org.springframework.boot.test.mock.mockito.MockitoContextCustomizer@0, org.springframework.boot.test.web.client.TestRestTemplateContextCustomizer@49aecf08], resourceBasePath = 'src/main/webapp', contextLoader = 'org.springframework.boot.test.context.SpringBootContextLoader', parent = [null]]]
2021-11-26 18:40:33.205 DEBUG 38388 --- [    Test worker] org.springframework.test.context.cache   : Spring test ApplicationContext cache statistics: [DefaultContextCache@2fb6ab0d size = 1, maxSize = 32, parentContextCount = 0, hitCount = 0, missCount = 1]
2021-11-26 18:40:33.207 DEBUG 38388 --- [    Test worker] o.s.t.c.w.ServletTestExecutionListener   : Setting up MockHttpServletRequest, MockHttpServletResponse, ServletWebRequest, and RequestContextHolder for test context [DefaultTestContext@4941bdb5 testClass = GetCashLockSpec, testInstance = com.loyalty.avenger.cashlock.specification.GetCashLockSpec@4ad443f4, testMethod = [null], testException = [null], mergedContextConfiguration = [WebMergedContextConfiguration@6d50af18 testClass = GetCashLockSpec, locations = '{}', classes = '{class com.loyalty.avenger.cashlock.components.TestApplication, class com.loyalty.avenger.cashlock.components.TestApplication}', contextInitializerClasses = '[]', activeProfiles = '{int}', propertySourceLocations = '{}', propertySourceProperties = '{org.springframework.boot.test.context.SpringBootTestContextBootstrapper=true}', contextCustomizers = set[org.spockframework.spring.mock.SpockContextCustomizer@0, org.springframework.boot.test.autoconfigure.properties.PropertyMappingContextCustomizer@0, org.springframework.boot.test.autoconfigure.web.servlet.WebDriverContextCustomizerFactory$Customizer@48db58e, org.springframework.boot.test.context.filter.ExcludeFilterContextCustomizer@59323de6, org.springframework.boot.test.json.DuplicateJsonObjectContextCustomizerFactory$DuplicateJsonObjectContextCustomizer@6a0ffa3e, org.springframework.boot.test.mock.mockito.MockitoContextCustomizer@0, org.springframework.boot.test.web.client.TestRestTemplateContextCustomizer@49aecf08], resourceBasePath = 'src/main/webapp', contextLoader = 'org.springframework.boot.test.context.SpringBootContextLoader', parent = [null]], attributes = map['org.springframework.test.context.web.ServletTestExecutionListener.activateListener' -> true]].
2021-11-26 18:40:33.238 DEBUG 38388 --- [    Test worker] DependencyInjectionTestExecutionListener : Performing dependency injection for test context [[DefaultTestContext@4941bdb5 testClass = GetCashLockSpec, testInstance = com.loyalty.avenger.cashlock.specification.GetCashLockSpec@4ad443f4, testMethod = [null], testException = [null], mergedContextConfiguration = [WebMergedContextConfiguration@6d50af18 testClass = GetCashLockSpec, locations = '{}', classes = '{class com.loyalty.avenger.cashlock.components.TestApplication, class com.loyalty.avenger.cashlock.components.TestApplication}', contextInitializerClasses = '[]', activeProfiles = '{int}', propertySourceLocations = '{}', propertySourceProperties = '{org.springframework.boot.test.context.SpringBootTestContextBootstrapper=true}', contextCustomizers = set[org.spockframework.spring.mock.SpockContextCustomizer@0, org.springframework.boot.test.autoconfigure.properties.PropertyMappingContextCustomizer@0, org.springframework.boot.test.autoconfigure.web.servlet.WebDriverContextCustomizerFactory$Customizer@48db58e, org.springframework.boot.test.context.filter.ExcludeFilterContextCustomizer@59323de6, org.springframework.boot.test.json.DuplicateJsonObjectContextCustomizerFactory$DuplicateJsonObjectContextCustomizer@6a0ffa3e, org.springframework.boot.test.mock.mockito.MockitoContextCustomizer@0, org.springframework.boot.test.web.client.TestRestTemplateContextCustomizer@49aecf08], resourceBasePath = 'src/main/webapp', contextLoader = 'org.springframework.boot.test.context.SpringBootContextLoader', parent = [null]], attributes = map['org.springframework.test.context.web.ServletTestExecutionListener.activateListener' -> true, 'org.springframework.test.context.web.ServletTestExecutionListener.populatedRequestContextHolder' -> true, 'org.springframework.test.context.web.ServletTestExecutionListener.resetRequestContextHolder' -> true]]].
2021-11-26 18:40:33.239 DEBUG 38388 --- [    Test worker] c.DefaultCacheAwareContextLoaderDelegate : Retrieved ApplicationContext from cache with key [[WebMergedContextConfiguration@6d50af18 testClass = GetCashLockSpec, locations = '{}', classes = '{class com.loyalty.avenger.cashlock.components.TestApplication, class com.loyalty.avenger.cashlock.components.TestApplication}', contextInitializerClasses = '[]', activeProfiles = '{int}', propertySourceLocations = '{}', propertySourceProperties = '{org.springframework.boot.test.context.SpringBootTestContextBootstrapper=true}', contextCustomizers = set[org.spockframework.spring.mock.SpockContextCustomizer@0, org.springframework.boot.test.autoconfigure.properties.PropertyMappingContextCustomizer@0, org.springframework.boot.test.autoconfigure.web.servlet.WebDriverContextCustomizerFactory$Customizer@48db58e, org.springframework.boot.test.context.filter.ExcludeFilterContextCustomizer@59323de6, org.springframework.boot.test.json.DuplicateJsonObjectContextCustomizerFactory$DuplicateJsonObjectContextCustomizer@6a0ffa3e, org.springframework.boot.test.mock.mockito.MockitoContextCustomizer@0, org.springframework.boot.test.web.client.TestRestTemplateContextCustomizer@49aecf08], resourceBasePath = 'src/main/webapp', contextLoader = 'org.springframework.boot.test.context.SpringBootContextLoader', parent = [null]]]
2021-11-26 18:40:33.239 DEBUG 38388 --- [    Test worker] org.springframework.test.context.cache   : Spring test ApplicationContext cache statistics: [DefaultContextCache@2fb6ab0d size = 1, maxSize = 32, parentContextCount = 0, hitCount = 1, missCount = 1]
2021-11-26 18:40:33.261 DEBUG 38388 --- [    Test worker] c.DefaultCacheAwareContextLoaderDelegate : Retrieved ApplicationContext from cache with key [[WebMergedContextConfiguration@6d50af18 testClass = GetCashLockSpec, locations = '{}', classes = '{class com.loyalty.avenger.cashlock.components.TestApplication, class com.loyalty.avenger.cashlock.components.TestApplication}', contextInitializerClasses = '[]', activeProfiles = '{int}', propertySourceLocations = '{}', propertySourceProperties = '{org.springframework.boot.test.context.SpringBootTestContextBootstrapper=true}', contextCustomizers = set[org.spockframework.spring.mock.SpockContextCustomizer@0, org.springframework.boot.test.autoconfigure.properties.PropertyMappingContextCustomizer@0, org.springframework.boot.test.autoconfigure.web.servlet.WebDriverContextCustomizerFactory$Customizer@48db58e, org.springframework.boot.test.context.filter.ExcludeFilterContextCustomizer@59323de6, org.springframework.boot.test.json.DuplicateJsonObjectContextCustomizerFactory$DuplicateJsonObjectContextCustomizer@6a0ffa3e, org.springframework.boot.test.mock.mockito.MockitoContextCustomizer@0, org.springframework.boot.test.web.client.TestRestTemplateContextCustomizer@49aecf08], resourceBasePath = 'src/main/webapp', contextLoader = 'org.springframework.boot.test.context.SpringBootContextLoader', parent = [null]]]
2021-11-26 18:40:33.261 DEBUG 38388 --- [    Test worker] org.springframework.test.context.cache   : Spring test ApplicationContext cache statistics: [DefaultContextCache@2fb6ab0d size = 1, maxSize = 32, parentContextCount = 0, hitCount = 2, missCount = 1]
2021-11-26 18:40:33.266 DEBUG 38388 --- [    Test worker] tractDirtiesContextTestExecutionListener : Before test method: context [DefaultTestContext@4941bdb5 testClass = GetCashLockSpec, testInstance = com.loyalty.avenger.cashlock.specification.GetCashLockSpec@4ad443f4, testMethod = $spock_feature_1_0@GetCashLockSpec, testException = [null], mergedContextConfiguration = [WebMergedContextConfiguration@6d50af18 testClass = GetCashLockSpec, locations = '{}', classes = '{class com.loyalty.avenger.cashlock.components.TestApplication, class com.loyalty.avenger.cashlock.components.TestApplication}', contextInitializerClasses = '[]', activeProfiles = '{int}', propertySourceLocations = '{}', propertySourceProperties = '{org.springframework.boot.test.context.SpringBootTestContextBootstrapper=true}', contextCustomizers = set[org.spockframework.spring.mock.SpockContextCustomizer@0, org.springframework.boot.test.autoconfigure.properties.PropertyMappingContextCustomizer@0, org.springframework.boot.test.autoconfigure.web.servlet.WebDriverContextCustomizerFactory$Customizer@48db58e, org.springframework.boot.test.context.filter.ExcludeFilterContextCustomizer@59323de6, org.springframework.boot.test.json.DuplicateJsonObjectContextCustomizerFactory$DuplicateJsonObjectContextCustomizer@6a0ffa3e, org.springframework.boot.test.mock.mockito.MockitoContextCustomizer@0, org.springframework.boot.test.web.client.TestRestTemplateContextCustomizer@49aecf08], resourceBasePath = 'src/main/webapp', contextLoader = 'org.springframework.boot.test.context.SpringBootContextLoader', parent = [null]], attributes = map['org.springframework.test.context.web.ServletTestExecutionListener.activateListener' -> true, 'org.springframework.test.context.web.ServletTestExecutionListener.populatedRequestContextHolder' -> true, 'org.springframework.test.context.web.ServletTestExecutionListener.resetRequestContextHolder' -> true]], class annotated with @DirtiesContext [false] with mode [null], method annotated with @DirtiesContext [false] with mode [null].
2021-11-26 18:40:33.270 DEBUG 38388 --- [    Test worker] c.DefaultCacheAwareContextLoaderDelegate : Retrieved ApplicationContext from cache with key [[WebMergedContextConfiguration@6d50af18 testClass = GetCashLockSpec, locations = '{}', classes = '{class com.loyalty.avenger.cashlock.components.TestApplication, class com.loyalty.avenger.cashlock.components.TestApplication}', contextInitializerClasses = '[]', activeProfiles = '{int}', propertySourceLocations = '{}', propertySourceProperties = '{org.springframework.boot.test.context.SpringBootTestContextBootstrapper=true}', contextCustomizers = set[org.spockframework.spring.mock.SpockContextCustomizer@0, org.springframework.boot.test.autoconfigure.properties.PropertyMappingContextCustomizer@0, org.springframework.boot.test.autoconfigure.web.servlet.WebDriverContextCustomizerFactory$Customizer@48db58e, org.springframework.boot.test.context.filter.ExcludeFilterContextCustomizer@59323de6, org.springframework.boot.test.json.DuplicateJsonObjectContextCustomizerFactory$DuplicateJsonObjectContextCustomizer@6a0ffa3e, org.springframework.boot.test.mock.mockito.MockitoContextCustomizer@0, org.springframework.boot.test.web.client.TestRestTemplateContextCustomizer@49aecf08], resourceBasePath = 'src/main/webapp', contextLoader = 'org.springframework.boot.test.context.SpringBootContextLoader', parent = [null]]]
2021-11-26 18:40:33.270 DEBUG 38388 --- [    Test worker] org.springframework.test.context.cache   : Spring test ApplicationContext cache statistics: [DefaultContextCache@2fb6ab0d size = 1, maxSize = 32, parentContextCount = 0, hitCount = 3, missCount = 1]
2021-11-26 18:40:33.661 DEBUG 38388 --- [    Test worker] c.DefaultCacheAwareContextLoaderDelegate : Retrieved ApplicationContext from cache with key [[WebMergedContextConfiguration@6d50af18 testClass = GetCashLockSpec, locations = '{}', classes = '{class com.loyalty.avenger.cashlock.components.TestApplication, class com.loyalty.avenger.cashlock.components.TestApplication}', contextInitializerClasses = '[]', activeProfiles = '{int}', propertySourceLocations = '{}', propertySourceProperties = '{org.springframework.boot.test.context.SpringBootTestContextBootstrapper=true}', contextCustomizers = set[org.spockframework.spring.mock.SpockContextCustomizer@0, org.springframework.boot.test.autoconfigure.properties.PropertyMappingContextCustomizer@0, org.springframework.boot.test.autoconfigure.web.servlet.WebDriverContextCustomizerFactory$Customizer@48db58e, org.springframework.boot.test.context.filter.ExcludeFilterContextCustomizer@59323de6, org.springframework.boot.test.json.DuplicateJsonObjectContextCustomizerFactory$DuplicateJsonObjectContextCustomizer@6a0ffa3e, org.springframework.boot.test.mock.mockito.MockitoContextCustomizer@0, org.springframework.boot.test.web.client.TestRestTemplateContextCustomizer@49aecf08], resourceBasePath = 'src/main/webapp', contextLoader = 'org.springframework.boot.test.context.SpringBootContextLoader', parent = [null]]]
2021-11-26 18:40:33.661 DEBUG 38388 --- [    Test worker] org.springframework.test.context.cache   : Spring test ApplicationContext cache statistics: [DefaultContextCache@2fb6ab0d size = 1, maxSize = 32, parentContextCount = 0, hitCount = 4, missCount = 1]
2021-11-26 18:40:33.702 DEBUG 38388 --- [    Test worker] o.s.jdbc.core.JdbcTemplate               : Executing SQL query [select mem.member_id
from cpm.cpm_member mem
join cpm.cpm_customer cu
on mem.customer_id = cu.customer_id
JOIN CPM.cpm_member_card mc
ON mc.member_id=mem.member_id
join cpm.cpm_mbr_earning_pref mep
on mep.member_id = mem.member_id
join cpm.cpm_mbr_opt_in_pref f
on f.member_id = mem.member_id
and mem.`status` = 31
and mem.is_ghost = '0' 
and f.category = 4 
and f.sub_category = 36 
and mem.test_member = 0
and mep.earning_ratio != 100
and mem.membership_type != 829
and mem.member_id < 90000000000
and cu.email not in ('abc@abc.com', 'test@test.com', 'hellothere@gmail.com', 'CoUZM@gmai', 'CoUZM@gmail.com', 'abc^&amp;@#@loyalty.com', 'lvukadin@loyalty.com', 'awcawec@aedcace.cas', 'jbulatao@loyalty.com', 'jhellinga@loyalty.com', 'abc@loyalty.com', '15ekha@loyalty.com', 'test@loyalty.com')
and cu.email like '%_@__%.___%'
and mep.is_active = 1
limit 100]
2021-11-26 18:40:33.708 DEBUG 38388 --- [    Test worker] o.s.jdbc.datasource.DataSourceUtils      : Fetching JDBC Connection from DataSource
2021-11-26 18:40:33.709  INFO 38388 --- [    Test worker] com.zaxxer.hikari.HikariDataSource       : HikariPool-1 - Starting...
2021-11-26 18:40:34.209  INFO 38388 --- [    Test worker] com.zaxxer.hikari.HikariDataSource       : HikariPool-1 - Start completed.
2021-11-26 18:40:34.429  INFO 38388 --- [    Test worker] c.l.a.cashlock.components.util.Logger    : 

[TEST AUTOMATION]
Card Number: 80000003398, New Security Pin: 1111

2021-11-26 18:41:14.521  INFO 38388 --- [    Test worker] c.l.a.cashlock.components.util.Logger    : 

[TEST AUTOMATION]
URI: https://oauth-int.airmiles.ca/oauth/token
Body Parameters: grant_type=password&client_id=nRGyXItWmxlCgGf0CG2aj8XFk069TFa9&audience=https%3A%2F%2Fmembers.loyalty.com&client_secret=Y0YOqWqx9pmdYMNk-f72zDNdIfOkYPxJCL9tjuZBGVZajArlvZqs8RsGLxqdkDuc&username=80000003398&password=1111&channel=MOBILE

2021-11-26 18:41:15.362  WARN 38388 --- [    Test worker] o.a.h.c.protocol.ResponseProcessCookies  : Invalid cookie header: "Set-Cookie: did=s%3Av0%3A581d8ce0-4f12-11ec-8d09-71395ed4dbfc.FJUqzjs5G9QpNOEE6OAO2qqSbPnWVLt0Z%2F0fJnFvmXo; Max-Age=31557600; Path=/; Expires=Sun, 27 Nov 2022 05:41:14 GMT; HttpOnly; Secure; SameSite=None". Invalid 'expires' attribute: Sun, 27 Nov 2022 05:41:14 GMT
2021-11-26 18:41:15.363  WARN 38388 --- [    Test worker] o.a.h.c.protocol.ResponseProcessCookies  : Invalid cookie header: "Set-Cookie: did_compat=s%3Av0%3A581d8ce0-4f12-11ec-8d09-71395ed4dbfc.FJUqzjs5G9QpNOEE6OAO2qqSbPnWVLt0Z%2F0fJnFvmXo; Max-Age=31557600; Path=/; Expires=Sun, 27 Nov 2022 05:41:15 GMT; HttpOnly; Secure". Invalid 'expires' attribute: Sun, 27 Nov 2022 05:41:15 GMT
2021-11-26 18:41:15.398  INFO 38388 --- [    Test worker] c.l.a.cashlock.components.util.Logger    : 

[TEST AUTOMATION]
Access token: eyJhbGciOiJSUzI1NiIsInR5cCI6IkpXVCIsImtpZCI6IlFqSkNOVVZHTVVVMk1rWkVRamcyTURsRk4wVTVOREF5UmpnM01UUXpOemsxTmpnM056UXdOUSJ9.eyJodHRwczovL21lbWJlcnMubG95YWx0eS5jb20vdmVyc2lvbiI6IjIiLCJodHRwczovL21lbWJlcnMubG95YWx0eS5jb20vbWVtYmVySWQiOiI5OTc5ZTNiOS0zYTczLTNmYzItYjk1Ny0yMGM4ZGFkY2Y5ZjIiLCJodHRwczovL21lbWJlcnMubG95YWx0eS5jb20vY29sbGVjdG9yTnVtYmVyIjoiODAwMDAwMDMzOTgiLCJodHRwczovL21lbWJlcnMubG95YWx0eS5jb20vaW5mb3JtYXRpb25TdXBwcmVzc2lvbiI6ZmFsc2UsImh0dHBzOi8vbWVtYmVycy5sb3lhbHR5LmNvbS9pc0F1dGhlbnRpY2F0ZWQiOnRydWUsImlzcyI6Imh0dHBzOi8vb2F1dGgtaW50LmFpcm1pbGVzLmNhLyIsInN1YiI6ImF1dGgwfHYyLTgwMDAwMDAzMzk4IiwiYXVkIjoiaHR0cHM6Ly9tZW1iZXJzLmxveWFsdHkuY29tIiwiaWF0IjoxNjM3OTcwMDc1LCJleHAiOjE2Mzc5NzA2NzUsImF6cCI6Im5SR3lYSXRXbXhsQ2dHZjBDRzJhajhYRmswNjlURmE5Iiwic2NvcGUiOiJtZW1iZXJiYW5uZXIiLCJndHkiOiJwYXNzd29yZCJ9.KG2EBvltOh_E24ggcdxWT2pumHAifK4EiB054yvJ6jFWiIVauB0AqdIO_NDrJLBwn5BNgJ5RHnjvNz0D1mZaPIB3kk20X98xHXzm6hOG0PQ-8Yrqt6eQQleyoO4QLtgHrQvEg6w9UopIwtS77ItaUxatsJ04Wbw_Va5bugsIeg-Oj6jW3L4LLznfmE8xgTrHlDGCC8Nkh3HOEUyLv8whbc91KhsN7U-3S-HyAJikF1HYno7P-95KGsDkCTuGq0uQRG3ixQ__LK2RBz2lLPJTDPcJmQR-fV2FNWOtcXxdWqMk-L52tamaUAZHQBWCrTSAi-l44LOQd0MTsdXHQCF5Aw

2021-11-26 18:41:15.421  INFO 38388 --- [    Test worker] c.l.a.cashlock.components.util.Logger    : 

[TEST AUTOMATION]
URI: https://int.airmilesapis.ca/member-preference/cash-lock
Body Parameters: {"cashRedemptionLocked":"true"}

{"cashRedemptionLocked":"true"}
2021-11-26 18:41:15.826  INFO 38388 --- [    Test worker] c.l.a.cashlock.components.util.Logger    : 

[TEST AUTOMATION]
Status Code
Expected Result Data: 200
Actual  Result  Data: 200

2021-11-26 18:41:15.830  INFO 38388 --- [    Test worker] c.l.a.cashlock.components.util.Logger    : 

[TEST AUTOMATION]
cashRedemptionLocked
Expected Result Data: true
Actual  Result  Data: true

2021-11-26 18:41:15.840  INFO 38388 --- [    Test worker] c.l.a.cashlock.components.util.Logger    : 

[TEST AUTOMATION]
URI: https://int.airmilesapis.ca/member-preference/cash-lock


2021-11-26 18:41:16.085  INFO 38388 --- [    Test worker] c.l.a.cashlock.components.util.Logger    : 

[TEST AUTOMATION]
Status Code
Expected Result Data: 200
Actual  Result  Data: 200

2021-11-26 18:41:16.086  INFO 38388 --- [    Test worker] c.l.a.cashlock.components.util.Logger    : 

[TEST AUTOMATION]
cashRedemptionLocked
Expected Result Data: true
Actual  Result  Data: true

2021-11-26 18:41:16.099 DEBUG 38388 --- [    Test worker] c.DefaultCacheAwareContextLoaderDelegate : Retrieved ApplicationContext from cache with key [[WebMergedContextConfiguration@6d50af18 testClass = GetCashLockSpec, locations = '{}', classes = '{class com.loyalty.avenger.cashlock.components.TestApplication, class com.loyalty.avenger.cashlock.components.TestApplication}', contextInitializerClasses = '[]', activeProfiles = '{int}', propertySourceLocations = '{}', propertySourceProperties = '{org.springframework.boot.test.context.SpringBootTestContextBootstrapper=true}', contextCustomizers = set[org.spockframework.spring.mock.SpockContextCustomizer@0, org.springframework.boot.test.autoconfigure.properties.PropertyMappingContextCustomizer@0, org.springframework.boot.test.autoconfigure.web.servlet.WebDriverContextCustomizerFactory$Customizer@48db58e, org.springframework.boot.test.context.filter.ExcludeFilterContextCustomizer@59323de6, org.springframework.boot.test.json.DuplicateJsonObjectContextCustomizerFactory$DuplicateJsonObjectContextCustomizer@6a0ffa3e, org.springframework.boot.test.mock.mockito.MockitoContextCustomizer@0, org.springframework.boot.test.web.client.TestRestTemplateContextCustomizer@49aecf08], resourceBasePath = 'src/main/webapp', contextLoader = 'org.springframework.boot.test.context.SpringBootContextLoader', parent = [null]]]
2021-11-26 18:41:16.100 DEBUG 38388 --- [    Test worker] org.springframework.test.context.cache   : Spring test ApplicationContext cache statistics: [DefaultContextCache@2fb6ab0d size = 1, maxSize = 32, parentContextCount = 0, hitCount = 5, missCount = 1]
2021-11-26 18:41:16.100 DEBUG 38388 --- [    Test worker] c.DefaultCacheAwareContextLoaderDelegate : Retrieved ApplicationContext from cache with key [[WebMergedContextConfiguration@6d50af18 testClass = GetCashLockSpec, locations = '{}', classes = '{class com.loyalty.avenger.cashlock.components.TestApplication, class com.loyalty.avenger.cashlock.components.TestApplication}', contextInitializerClasses = '[]', activeProfiles = '{int}', propertySourceLocations = '{}', propertySourceProperties = '{org.springframework.boot.test.context.SpringBootTestContextBootstrapper=true}', contextCustomizers = set[org.spockframework.spring.mock.SpockContextCustomizer@0, org.springframework.boot.test.autoconfigure.properties.PropertyMappingContextCustomizer@0, org.springframework.boot.test.autoconfigure.web.servlet.WebDriverContextCustomizerFactory$Customizer@48db58e, org.springframework.boot.test.context.filter.ExcludeFilterContextCustomizer@59323de6, org.springframework.boot.test.json.DuplicateJsonObjectContextCustomizerFactory$DuplicateJsonObjectContextCustomizer@6a0ffa3e, org.springframework.boot.test.mock.mockito.MockitoContextCustomizer@0, org.springframework.boot.test.web.client.TestRestTemplateContextCustomizer@49aecf08], resourceBasePath = 'src/main/webapp', contextLoader = 'org.springframework.boot.test.context.SpringBootContextLoader', parent = [null]]]
2021-11-26 18:41:16.100 DEBUG 38388 --- [    Test worker] org.springframework.test.context.cache   : Spring test ApplicationContext cache statistics: [DefaultContextCache@2fb6ab0d size = 1, maxSize = 32, parentContextCount = 0, hitCount = 6, missCount = 1]
2021-11-26 18:41:16.101 DEBUG 38388 --- [    Test worker] c.DefaultCacheAwareContextLoaderDelegate : Retrieved ApplicationContext from cache with key [[WebMergedContextConfiguration@6d50af18 testClass = GetCashLockSpec, locations = '{}', classes = '{class com.loyalty.avenger.cashlock.components.TestApplication, class com.loyalty.avenger.cashlock.components.TestApplication}', contextInitializerClasses = '[]', activeProfiles = '{int}', propertySourceLocations = '{}', propertySourceProperties = '{org.springframework.boot.test.context.SpringBootTestContextBootstrapper=true}', contextCustomizers = set[org.spockframework.spring.mock.SpockContextCustomizer@0, org.springframework.boot.test.autoconfigure.properties.PropertyMappingContextCustomizer@0, org.springframework.boot.test.autoconfigure.web.servlet.WebDriverContextCustomizerFactory$Customizer@48db58e, org.springframework.boot.test.context.filter.ExcludeFilterContextCustomizer@59323de6, org.springframework.boot.test.json.DuplicateJsonObjectContextCustomizerFactory$DuplicateJsonObjectContextCustomizer@6a0ffa3e, org.springframework.boot.test.mock.mockito.MockitoContextCustomizer@0, org.springframework.boot.test.web.client.TestRestTemplateContextCustomizer@49aecf08], resourceBasePath = 'src/main/webapp', contextLoader = 'org.springframework.boot.test.context.SpringBootContextLoader', parent = [null]]]
2021-11-26 18:41:16.101 DEBUG 38388 --- [    Test worker] org.springframework.test.context.cache   : Spring test ApplicationContext cache statistics: [DefaultContextCache@2fb6ab0d size = 1, maxSize = 32, parentContextCount = 0, hitCount = 7, missCount = 1]
2021-11-26 18:41:16.105 DEBUG 38388 --- [    Test worker] tractDirtiesContextTestExecutionListener : After test method: context [DefaultTestContext@4941bdb5 testClass = GetCashLockSpec, testInstance = com.loyalty.avenger.cashlock.specification.GetCashLockSpec@4ad443f4, testMethod = $spock_feature_1_0@GetCashLockSpec, testException = [null], mergedContextConfiguration = [WebMergedContextConfiguration@6d50af18 testClass = GetCashLockSpec, locations = '{}', classes = '{class com.loyalty.avenger.cashlock.components.TestApplication, class com.loyalty.avenger.cashlock.components.TestApplication}', contextInitializerClasses = '[]', activeProfiles = '{int}', propertySourceLocations = '{}', propertySourceProperties = '{org.springframework.boot.test.context.SpringBootTestContextBootstrapper=true}', contextCustomizers = set[org.spockframework.spring.mock.SpockContextCustomizer@0, org.springframework.boot.test.autoconfigure.properties.PropertyMappingContextCustomizer@0, org.springframework.boot.test.autoconfigure.web.servlet.WebDriverContextCustomizerFactory$Customizer@48db58e, org.springframework.boot.test.context.filter.ExcludeFilterContextCustomizer@59323de6, org.springframework.boot.test.json.DuplicateJsonObjectContextCustomizerFactory$DuplicateJsonObjectContextCustomizer@6a0ffa3e, org.springframework.boot.test.mock.mockito.MockitoContextCustomizer@0, org.springframework.boot.test.web.client.TestRestTemplateContextCustomizer@49aecf08], resourceBasePath = 'src/main/webapp', contextLoader = 'org.springframework.boot.test.context.SpringBootContextLoader', parent = [null]], attributes = map['org.springframework.test.context.web.ServletTestExecutionListener.activateListener' -> true, 'org.springframework.test.context.web.ServletTestExecutionListener.populatedRequestContextHolder' -> true, 'org.spockframework.spring.SpringMockTestExecutionListener.MOCKED_BEANS_LIST' -> list[[empty]], 'org.springframework.test.context.web.ServletTestExecutionListener.resetRequestContextHolder' -> true]], class annotated with @DirtiesContext [false] with mode [null], method annotated with @DirtiesContext [false] with mode [null].
2021-11-26 18:41:16.105 DEBUG 38388 --- [    Test worker] o.s.t.c.w.ServletTestExecutionListener   : Resetting RequestContextHolder for test context [DefaultTestContext@4941bdb5 testClass = GetCashLockSpec, testInstance = com.loyalty.avenger.cashlock.specification.GetCashLockSpec@4ad443f4, testMethod = $spock_feature_1_0@GetCashLockSpec, testException = [null], mergedContextConfiguration = [WebMergedContextConfiguration@6d50af18 testClass = GetCashLockSpec, locations = '{}', classes = '{class com.loyalty.avenger.cashlock.components.TestApplication, class com.loyalty.avenger.cashlock.components.TestApplication}', contextInitializerClasses = '[]', activeProfiles = '{int}', propertySourceLocations = '{}', propertySourceProperties = '{org.springframework.boot.test.context.SpringBootTestContextBootstrapper=true}', contextCustomizers = set[org.spockframework.spring.mock.SpockContextCustomizer@0, org.springframework.boot.test.autoconfigure.properties.PropertyMappingContextCustomizer@0, org.springframework.boot.test.autoconfigure.web.servlet.WebDriverContextCustomizerFactory$Customizer@48db58e, org.springframework.boot.test.context.filter.ExcludeFilterContextCustomizer@59323de6, org.springframework.boot.test.json.DuplicateJsonObjectContextCustomizerFactory$DuplicateJsonObjectContextCustomizer@6a0ffa3e, org.springframework.boot.test.mock.mockito.MockitoContextCustomizer@0, org.springframework.boot.test.web.client.TestRestTemplateContextCustomizer@49aecf08], resourceBasePath = 'src/main/webapp', contextLoader = 'org.springframework.boot.test.context.SpringBootContextLoader', parent = [null]], attributes = map['org.springframework.test.context.web.ServletTestExecutionListener.activateListener' -> true, 'org.springframework.test.context.web.ServletTestExecutionListener.populatedRequestContextHolder' -> true, 'org.spockframework.spring.SpringMockTestExecutionListener.MOCKED_BEANS_LIST' -> list[[empty]], 'org.springframework.test.context.web.ServletTestExecutionListener.resetRequestContextHolder' -> true]].
2021-11-26 18:41:16.107 DEBUG 38388 --- [    Test worker] c.DefaultCacheAwareContextLoaderDelegate : Retrieved ApplicationContext from cache with key [[WebMergedContextConfiguration@6d50af18 testClass = GetCashLockSpec, locations = '{}', classes = '{class com.loyalty.avenger.cashlock.components.TestApplication, class com.loyalty.avenger.cashlock.components.TestApplication}', contextInitializerClasses = '[]', activeProfiles = '{int}', propertySourceLocations = '{}', propertySourceProperties = '{org.springframework.boot.test.context.SpringBootTestContextBootstrapper=true}', contextCustomizers = set[org.spockframework.spring.mock.SpockContextCustomizer@0, org.springframework.boot.test.autoconfigure.properties.PropertyMappingContextCustomizer@0, org.springframework.boot.test.autoconfigure.web.servlet.WebDriverContextCustomizerFactory$Customizer@48db58e, org.springframework.boot.test.context.filter.ExcludeFilterContextCustomizer@59323de6, org.springframework.boot.test.json.DuplicateJsonObjectContextCustomizerFactory$DuplicateJsonObjectContextCustomizer@6a0ffa3e, org.springframework.boot.test.mock.mockito.MockitoContextCustomizer@0, org.springframework.boot.test.web.client.TestRestTemplateContextCustomizer@49aecf08], resourceBasePath = 'src/main/webapp', contextLoader = 'org.springframework.boot.test.context.SpringBootContextLoader', parent = [null]]]
2021-11-26 18:41:16.107 DEBUG 38388 --- [    Test worker] org.springframework.test.context.cache   : Spring test ApplicationContext cache statistics: [DefaultContextCache@2fb6ab0d size = 1, maxSize = 32, parentContextCount = 0, hitCount = 8, missCount = 1]
2021-11-26 18:41:16.108 DEBUG 38388 --- [    Test worker] o.s.t.c.w.ServletTestExecutionListener   : Setting up MockHttpServletRequest, MockHttpServletResponse, ServletWebRequest, and RequestContextHolder for test context [DefaultTestContext@4941bdb5 testClass = GetCashLockSpec, testInstance = com.loyalty.avenger.cashlock.specification.GetCashLockSpec@3591f18c, testMethod = [null], testException = [null], mergedContextConfiguration = [WebMergedContextConfiguration@6d50af18 testClass = GetCashLockSpec, locations = '{}', classes = '{class com.loyalty.avenger.cashlock.components.TestApplication, class com.loyalty.avenger.cashlock.components.TestApplication}', contextInitializerClasses = '[]', activeProfiles = '{int}', propertySourceLocations = '{}', propertySourceProperties = '{org.springframework.boot.test.context.SpringBootTestContextBootstrapper=true}', contextCustomizers = set[org.spockframework.spring.mock.SpockContextCustomizer@0, org.springframework.boot.test.autoconfigure.properties.PropertyMappingContextCustomizer@0, org.springframework.boot.test.autoconfigure.web.servlet.WebDriverContextCustomizerFactory$Customizer@48db58e, org.springframework.boot.test.context.filter.ExcludeFilterContextCustomizer@59323de6, org.springframework.boot.test.json.DuplicateJsonObjectContextCustomizerFactory$DuplicateJsonObjectContextCustomizer@6a0ffa3e, org.springframework.boot.test.mock.mockito.MockitoContextCustomizer@0, org.springframework.boot.test.web.client.TestRestTemplateContextCustomizer@49aecf08], resourceBasePath = 'src/main/webapp', contextLoader = 'org.springframework.boot.test.context.SpringBootContextLoader', parent = [null]], attributes = map['org.springframework.test.context.web.ServletTestExecutionListener.activateListener' -> true, 'org.spockframework.spring.SpringMockTestExecutionListener.MOCKED_BEANS_LIST' -> list[[empty]], 'org.springframework.test.context.support.DependencyInjectionTestExecutionListener.reinjectDependencies' -> true]].
2021-11-26 18:41:16.108 DEBUG 38388 --- [    Test worker] DependencyInjectionTestExecutionListener : Performing dependency injection for test context [[DefaultTestContext@4941bdb5 testClass = GetCashLockSpec, testInstance = com.loyalty.avenger.cashlock.specification.GetCashLockSpec@3591f18c, testMethod = [null], testException = [null], mergedContextConfiguration = [WebMergedContextConfiguration@6d50af18 testClass = GetCashLockSpec, locations = '{}', classes = '{class com.loyalty.avenger.cashlock.components.TestApplication, class com.loyalty.avenger.cashlock.components.TestApplication}', contextInitializerClasses = '[]', activeProfiles = '{int}', propertySourceLocations = '{}', propertySourceProperties = '{org.springframework.boot.test.context.SpringBootTestContextBootstrapper=true}', contextCustomizers = set[org.spockframework.spring.mock.SpockContextCustomizer@0, org.springframework.boot.test.autoconfigure.properties.PropertyMappingContextCustomizer@0, org.springframework.boot.test.autoconfigure.web.servlet.WebDriverContextCustomizerFactory$Customizer@48db58e, org.springframework.boot.test.context.filter.ExcludeFilterContextCustomizer@59323de6, org.springframework.boot.test.json.DuplicateJsonObjectContextCustomizerFactory$DuplicateJsonObjectContextCustomizer@6a0ffa3e, org.springframework.boot.test.mock.mockito.MockitoContextCustomizer@0, org.springframework.boot.test.web.client.TestRestTemplateContextCustomizer@49aecf08], resourceBasePath = 'src/main/webapp', contextLoader = 'org.springframework.boot.test.context.SpringBootContextLoader', parent = [null]], attributes = map['org.springframework.test.context.web.ServletTestExecutionListener.activateListener' -> true, 'org.spockframework.spring.SpringMockTestExecutionListener.MOCKED_BEANS_LIST' -> list[[empty]], 'org.springframework.test.context.web.ServletTestExecutionListener.populatedRequestContextHolder' -> true, 'org.springframework.test.context.web.ServletTestExecutionListener.resetRequestContextHolder' -> true, 'org.springframework.test.context.support.DependencyInjectionTestExecutionListener.reinjectDependencies' -> true]]].
2021-11-26 18:41:16.108 DEBUG 38388 --- [    Test worker] c.DefaultCacheAwareContextLoaderDelegate : Retrieved ApplicationContext from cache with key [[WebMergedContextConfiguration@6d50af18 testClass = GetCashLockSpec, locations = '{}', classes = '{class com.loyalty.avenger.cashlock.components.TestApplication, class com.loyalty.avenger.cashlock.components.TestApplication}', contextInitializerClasses = '[]', activeProfiles = '{int}', propertySourceLocations = '{}', propertySourceProperties = '{org.springframework.boot.test.context.SpringBootTestContextBootstrapper=true}', contextCustomizers = set[org.spockframework.spring.mock.SpockContextCustomizer@0, org.springframework.boot.test.autoconfigure.properties.PropertyMappingContextCustomizer@0, org.springframework.boot.test.autoconfigure.web.servlet.WebDriverContextCustomizerFactory$Customizer@48db58e, org.springframework.boot.test.context.filter.ExcludeFilterContextCustomizer@59323de6, org.springframework.boot.test.json.DuplicateJsonObjectContextCustomizerFactory$DuplicateJsonObjectContextCustomizer@6a0ffa3e, org.springframework.boot.test.mock.mockito.MockitoContextCustomizer@0, org.springframework.boot.test.web.client.TestRestTemplateContextCustomizer@49aecf08], resourceBasePath = 'src/main/webapp', contextLoader = 'org.springframework.boot.test.context.SpringBootContextLoader', parent = [null]]]
2021-11-26 18:41:16.108 DEBUG 38388 --- [    Test worker] org.springframework.test.context.cache   : Spring test ApplicationContext cache statistics: [DefaultContextCache@2fb6ab0d size = 1, maxSize = 32, parentContextCount = 0, hitCount = 9, missCount = 1]
2021-11-26 18:41:16.109 DEBUG 38388 --- [    Test worker] c.DefaultCacheAwareContextLoaderDelegate : Retrieved ApplicationContext from cache with key [[WebMergedContextConfiguration@6d50af18 testClass = GetCashLockSpec, locations = '{}', classes = '{class com.loyalty.avenger.cashlock.components.TestApplication, class com.loyalty.avenger.cashlock.components.TestApplication}', contextInitializerClasses = '[]', activeProfiles = '{int}', propertySourceLocations = '{}', propertySourceProperties = '{org.springframework.boot.test.context.SpringBootTestContextBootstrapper=true}', contextCustomizers = set[org.spockframework.spring.mock.SpockContextCustomizer@0, org.springframework.boot.test.autoconfigure.properties.PropertyMappingContextCustomizer@0, org.springframework.boot.test.autoconfigure.web.servlet.WebDriverContextCustomizerFactory$Customizer@48db58e, org.springframework.boot.test.context.filter.ExcludeFilterContextCustomizer@59323de6, org.springframework.boot.test.json.DuplicateJsonObjectContextCustomizerFactory$DuplicateJsonObjectContextCustomizer@6a0ffa3e, org.springframework.boot.test.mock.mockito.MockitoContextCustomizer@0, org.springframework.boot.test.web.client.TestRestTemplateContextCustomizer@49aecf08], resourceBasePath = 'src/main/webapp', contextLoader = 'org.springframework.boot.test.context.SpringBootContextLoader', parent = [null]]]
2021-11-26 18:41:16.109 DEBUG 38388 --- [    Test worker] org.springframework.test.context.cache   : Spring test ApplicationContext cache statistics: [DefaultContextCache@2fb6ab0d size = 1, maxSize = 32, parentContextCount = 0, hitCount = 10, missCount = 1]
2021-11-26 18:41:16.110 DEBUG 38388 --- [    Test worker] tractDirtiesContextTestExecutionListener : Before test method: context [DefaultTestContext@4941bdb5 testClass = GetCashLockSpec, testInstance = com.loyalty.avenger.cashlock.specification.GetCashLockSpec@3591f18c, testMethod = $spock_feature_1_1@GetCashLockSpec, testException = [null], mergedContextConfiguration = [WebMergedContextConfiguration@6d50af18 testClass = GetCashLockSpec, locations = '{}', classes = '{class com.loyalty.avenger.cashlock.components.TestApplication, class com.loyalty.avenger.cashlock.components.TestApplication}', contextInitializerClasses = '[]', activeProfiles = '{int}', propertySourceLocations = '{}', propertySourceProperties = '{org.springframework.boot.test.context.SpringBootTestContextBootstrapper=true}', contextCustomizers = set[org.spockframework.spring.mock.SpockContextCustomizer@0, org.springframework.boot.test.autoconfigure.properties.PropertyMappingContextCustomizer@0, org.springframework.boot.test.autoconfigure.web.servlet.WebDriverContextCustomizerFactory$Customizer@48db58e, org.springframework.boot.test.context.filter.ExcludeFilterContextCustomizer@59323de6, org.springframework.boot.test.json.DuplicateJsonObjectContextCustomizerFactory$DuplicateJsonObjectContextCustomizer@6a0ffa3e, org.springframework.boot.test.mock.mockito.MockitoContextCustomizer@0, org.springframework.boot.test.web.client.TestRestTemplateContextCustomizer@49aecf08], resourceBasePath = 'src/main/webapp', contextLoader = 'org.springframework.boot.test.context.SpringBootContextLoader', parent = [null]], attributes = map['org.springframework.test.context.web.ServletTestExecutionListener.activateListener' -> true, 'org.spockframework.spring.SpringMockTestExecutionListener.MOCKED_BEANS_LIST' -> list[[empty]], 'org.springframework.test.context.web.ServletTestExecutionListener.populatedRequestContextHolder' -> true, 'org.springframework.test.context.web.ServletTestExecutionListener.resetRequestContextHolder' -> true]], class annotated with @DirtiesContext [false] with mode [null], method annotated with @DirtiesContext [false] with mode [null].
2021-11-26 18:41:16.111 DEBUG 38388 --- [    Test worker] c.DefaultCacheAwareContextLoaderDelegate : Retrieved ApplicationContext from cache with key [[WebMergedContextConfiguration@6d50af18 testClass = GetCashLockSpec, locations = '{}', classes = '{class com.loyalty.avenger.cashlock.components.TestApplication, class com.loyalty.avenger.cashlock.components.TestApplication}', contextInitializerClasses = '[]', activeProfiles = '{int}', propertySourceLocations = '{}', propertySourceProperties = '{org.springframework.boot.test.context.SpringBootTestContextBootstrapper=true}', contextCustomizers = set[org.spockframework.spring.mock.SpockContextCustomizer@0, org.springframework.boot.test.autoconfigure.properties.PropertyMappingContextCustomizer@0, org.springframework.boot.test.autoconfigure.web.servlet.WebDriverContextCustomizerFactory$Customizer@48db58e, org.springframework.boot.test.context.filter.ExcludeFilterContextCustomizer@59323de6, org.springframework.boot.test.json.DuplicateJsonObjectContextCustomizerFactory$DuplicateJsonObjectContextCustomizer@6a0ffa3e, org.springframework.boot.test.mock.mockito.MockitoContextCustomizer@0, org.springframework.boot.test.web.client.TestRestTemplateContextCustomizer@49aecf08], resourceBasePath = 'src/main/webapp', contextLoader = 'org.springframework.boot.test.context.SpringBootContextLoader', parent = [null]]]
2021-11-26 18:41:16.111 DEBUG 38388 --- [    Test worker] org.springframework.test.context.cache   : Spring test ApplicationContext cache statistics: [DefaultContextCache@2fb6ab0d size = 1, maxSize = 32, parentContextCount = 0, hitCount = 11, missCount = 1]
2021-11-26 18:41:16.111 DEBUG 38388 --- [    Test worker] c.DefaultCacheAwareContextLoaderDelegate : Retrieved ApplicationContext from cache with key [[WebMergedContextConfiguration@6d50af18 testClass = GetCashLockSpec, locations = '{}', classes = '{class com.loyalty.avenger.cashlock.components.TestApplication, class com.loyalty.avenger.cashlock.components.TestApplication}', contextInitializerClasses = '[]', activeProfiles = '{int}', propertySourceLocations = '{}', propertySourceProperties = '{org.springframework.boot.test.context.SpringBootTestContextBootstrapper=true}', contextCustomizers = set[org.spockframework.spring.mock.SpockContextCustomizer@0, org.springframework.boot.test.autoconfigure.properties.PropertyMappingContextCustomizer@0, org.springframework.boot.test.autoconfigure.web.servlet.WebDriverContextCustomizerFactory$Customizer@48db58e, org.springframework.boot.test.context.filter.ExcludeFilterContextCustomizer@59323de6, org.springframework.boot.test.json.DuplicateJsonObjectContextCustomizerFactory$DuplicateJsonObjectContextCustomizer@6a0ffa3e, org.springframework.boot.test.mock.mockito.MockitoContextCustomizer@0, org.springframework.boot.test.web.client.TestRestTemplateContextCustomizer@49aecf08], resourceBasePath = 'src/main/webapp', contextLoader = 'org.springframework.boot.test.context.SpringBootContextLoader', parent = [null]]]
2021-11-26 18:41:16.111 DEBUG 38388 --- [    Test worker] org.springframework.test.context.cache   : Spring test ApplicationContext cache statistics: [DefaultContextCache@2fb6ab0d size = 1, maxSize = 32, parentContextCount = 0, hitCount = 12, missCount = 1]
2021-11-26 18:41:16.113 DEBUG 38388 --- [    Test worker] o.s.jdbc.core.JdbcTemplate               : Executing SQL query [select mem.member_id
from cpm.cpm_member mem
join cpm.cpm_customer cu
on mem.customer_id = cu.customer_id
JOIN CPM.cpm_member_card mc
ON mc.member_id=mem.member_id
join cpm.cpm_mbr_earning_pref mep
on mep.member_id = mem.member_id
join cpm.cpm_mbr_opt_in_pref f
on f.member_id = mem.member_id
and mem.`status` = 31
and mem.is_ghost = '0' 
and f.category = 4 
and f.sub_category = 36 
and mem.test_member = 0
and mep.earning_ratio != 100
and mem.membership_type != 829
and mem.member_id < 90000000000
and cu.email not in ('abc@abc.com', 'test@test.com', 'hellothere@gmail.com', 'CoUZM@gmai', 'CoUZM@gmail.com', 'abc^&amp;@#@loyalty.com', 'lvukadin@loyalty.com', 'awcawec@aedcace.cas', 'jbulatao@loyalty.com', 'jhellinga@loyalty.com', 'abc@loyalty.com', '15ekha@loyalty.com', 'test@loyalty.com')
and cu.email like '%_@__%.___%'
and mep.is_active = 1
limit 100]
2021-11-26 18:41:16.113 DEBUG 38388 --- [    Test worker] o.s.jdbc.datasource.DataSourceUtils      : Fetching JDBC Connection from DataSource
2021-11-26 18:41:16.309  INFO 38388 --- [    Test worker] c.l.a.cashlock.components.util.Logger    : 

[TEST AUTOMATION]
Card Number: 80000006348, New Security Pin: 1111

2021-11-26 18:41:56.329  INFO 38388 --- [    Test worker] c.l.a.cashlock.components.util.Logger    : 

[TEST AUTOMATION]
URI: https://oauth-int.airmiles.ca/oauth/token
Body Parameters: grant_type=password&client_id=nRGyXItWmxlCgGf0CG2aj8XFk069TFa9&audience=https%3A%2F%2Fmembers.loyalty.com&client_secret=Y0YOqWqx9pmdYMNk-f72zDNdIfOkYPxJCL9tjuZBGVZajArlvZqs8RsGLxqdkDuc&username=80000006348&password=1111&channel=MOBILE

2021-11-26 18:41:56.931  WARN 38388 --- [    Test worker] o.a.h.c.protocol.ResponseProcessCookies  : Invalid cookie header: "Set-Cookie: did=s%3Av0%3A70eb57c0-4f12-11ec-8d09-71395ed4dbfc.VsLWnQ%2FziCUB2cunST1u42MRsHD5RIs88NdmBji71%2Bg; Max-Age=31557600; Path=/; Expires=Sun, 27 Nov 2022 05:41:56 GMT; HttpOnly; Secure; SameSite=None". Invalid 'expires' attribute: Sun, 27 Nov 2022 05:41:56 GMT
2021-11-26 18:41:56.932  WARN 38388 --- [    Test worker] o.a.h.c.protocol.ResponseProcessCookies  : Invalid cookie header: "Set-Cookie: did_compat=s%3Av0%3A70eb57c0-4f12-11ec-8d09-71395ed4dbfc.VsLWnQ%2FziCUB2cunST1u42MRsHD5RIs88NdmBji71%2Bg; Max-Age=31557600; Path=/; Expires=Sun, 27 Nov 2022 05:41:56 GMT; HttpOnly; Secure". Invalid 'expires' attribute: Sun, 27 Nov 2022 05:41:56 GMT
2021-11-26 18:41:56.933  INFO 38388 --- [    Test worker] c.l.a.cashlock.components.util.Logger    : 

[TEST AUTOMATION]
Access token: eyJhbGciOiJSUzI1NiIsInR5cCI6IkpXVCIsImtpZCI6IlFqSkNOVVZHTVVVMk1rWkVRamcyTURsRk4wVTVOREF5UmpnM01UUXpOemsxTmpnM056UXdOUSJ9.eyJodHRwczovL21lbWJlcnMubG95YWx0eS5jb20vdmVyc2lvbiI6IjIiLCJodHRwczovL21lbWJlcnMubG95YWx0eS5jb20vbWVtYmVySWQiOiI3NTFhOTExOS02NjQwLTNhZTUtYjVlOC1iYmQ2NTI3Njk4YWMiLCJodHRwczovL21lbWJlcnMubG95YWx0eS5jb20vY29sbGVjdG9yTnVtYmVyIjoiODAwMDAwMDYzNDgiLCJodHRwczovL21lbWJlcnMubG95YWx0eS5jb20vaW5mb3JtYXRpb25TdXBwcmVzc2lvbiI6ZmFsc2UsImh0dHBzOi8vbWVtYmVycy5sb3lhbHR5LmNvbS9pc0F1dGhlbnRpY2F0ZWQiOnRydWUsImlzcyI6Imh0dHBzOi8vb2F1dGgtaW50LmFpcm1pbGVzLmNhLyIsInN1YiI6ImF1dGgwfHYyLTgwMDAwMDA2MzQ4IiwiYXVkIjoiaHR0cHM6Ly9tZW1iZXJzLmxveWFsdHkuY29tIiwiaWF0IjoxNjM3OTcwMTE2LCJleHAiOjE2Mzc5NzA3MTYsImF6cCI6Im5SR3lYSXRXbXhsQ2dHZjBDRzJhajhYRmswNjlURmE5Iiwic2NvcGUiOiJtZW1iZXJiYW5uZXIiLCJndHkiOiJwYXNzd29yZCJ9.kUEYyiJavAODOBdznHhGr1nUhCrIPsR0ct7QzjosMd8BRVULgWKXXp0lr69_ijafWeOMNRIitP8j1eM6Wl41-Y9UpRWczU9SJdbk7OU6Wf5JM7_mhZXaDuVUkm0JMnJEYYIMjzQpGrZu9RHWQrq8ROAXrbrbY15htIohhEqwQpRUmYHYE_fnmGAVKEatFxW_7F18fW4c4tPQJKhsDludUWQoRWdBYxI4_5MZHnfvn-AEhm7-A69ehtYOYVn2TgXn34V6Yq5zweoHlm4UN987g3b0xUpBBhYcjSgxCastNLEffnclplJC56yt2DeQD7kxf8WYH497UxFfYAExbNYxYA

2021-11-26 18:41:56.934  INFO 38388 --- [    Test worker] c.l.a.cashlock.components.util.Logger    : 

[TEST AUTOMATION]
URI: https://int.airmilesapis.ca/member-preference/cash-lock
Body Parameters: {"cashRedemptionLocked":"false"}

{"cashRedemptionLocked":"false"}
2021-11-26 18:41:57.191  INFO 38388 --- [    Test worker] c.l.a.cashlock.components.util.Logger    : 

[TEST AUTOMATION]
Status Code
Expected Result Data: 200
Actual  Result  Data: 200

2021-11-26 18:41:57.192  INFO 38388 --- [    Test worker] c.l.a.cashlock.components.util.Logger    : 

[TEST AUTOMATION]
cashRedemptionLocked
Expected Result Data: false
Actual  Result  Data: false

2021-11-26 18:41:57.192  INFO 38388 --- [    Test worker] c.l.a.cashlock.components.util.Logger    : 

[TEST AUTOMATION]
URI: https://int.airmilesapis.ca/member-preference/cash-lock


2021-11-26 18:41:57.477  INFO 38388 --- [    Test worker] c.l.a.cashlock.components.util.Logger    : 

[TEST AUTOMATION]
Status Code
Expected Result Data: 200
Actual  Result  Data: 200

2021-11-26 18:41:57.478  INFO 38388 --- [    Test worker] c.l.a.cashlock.components.util.Logger    : 

[TEST AUTOMATION]
cashRedemptionLocked
Expected Result Data: false
Actual  Result  Data: false

2021-11-26 18:41:57.479 DEBUG 38388 --- [    Test worker] c.DefaultCacheAwareContextLoaderDelegate : Retrieved ApplicationContext from cache with key [[WebMergedContextConfiguration@6d50af18 testClass = GetCashLockSpec, locations = '{}', classes = '{class com.loyalty.avenger.cashlock.components.TestApplication, class com.loyalty.avenger.cashlock.components.TestApplication}', contextInitializerClasses = '[]', activeProfiles = '{int}', propertySourceLocations = '{}', propertySourceProperties = '{org.springframework.boot.test.context.SpringBootTestContextBootstrapper=true}', contextCustomizers = set[org.spockframework.spring.mock.SpockContextCustomizer@0, org.springframework.boot.test.autoconfigure.properties.PropertyMappingContextCustomizer@0, org.springframework.boot.test.autoconfigure.web.servlet.WebDriverContextCustomizerFactory$Customizer@48db58e, org.springframework.boot.test.context.filter.ExcludeFilterContextCustomizer@59323de6, org.springframework.boot.test.json.DuplicateJsonObjectContextCustomizerFactory$DuplicateJsonObjectContextCustomizer@6a0ffa3e, org.springframework.boot.test.mock.mockito.MockitoContextCustomizer@0, org.springframework.boot.test.web.client.TestRestTemplateContextCustomizer@49aecf08], resourceBasePath = 'src/main/webapp', contextLoader = 'org.springframework.boot.test.context.SpringBootContextLoader', parent = [null]]]
2021-11-26 18:41:57.479 DEBUG 38388 --- [    Test worker] org.springframework.test.context.cache   : Spring test ApplicationContext cache statistics: [DefaultContextCache@2fb6ab0d size = 1, maxSize = 32, parentContextCount = 0, hitCount = 13, missCount = 1]
2021-11-26 18:41:57.480 DEBUG 38388 --- [    Test worker] c.DefaultCacheAwareContextLoaderDelegate : Retrieved ApplicationContext from cache with key [[WebMergedContextConfiguration@6d50af18 testClass = GetCashLockSpec, locations = '{}', classes = '{class com.loyalty.avenger.cashlock.components.TestApplication, class com.loyalty.avenger.cashlock.components.TestApplication}', contextInitializerClasses = '[]', activeProfiles = '{int}', propertySourceLocations = '{}', propertySourceProperties = '{org.springframework.boot.test.context.SpringBootTestContextBootstrapper=true}', contextCustomizers = set[org.spockframework.spring.mock.SpockContextCustomizer@0, org.springframework.boot.test.autoconfigure.properties.PropertyMappingContextCustomizer@0, org.springframework.boot.test.autoconfigure.web.servlet.WebDriverContextCustomizerFactory$Customizer@48db58e, org.springframework.boot.test.context.filter.ExcludeFilterContextCustomizer@59323de6, org.springframework.boot.test.json.DuplicateJsonObjectContextCustomizerFactory$DuplicateJsonObjectContextCustomizer@6a0ffa3e, org.springframework.boot.test.mock.mockito.MockitoContextCustomizer@0, org.springframework.boot.test.web.client.TestRestTemplateContextCustomizer@49aecf08], resourceBasePath = 'src/main/webapp', contextLoader = 'org.springframework.boot.test.context.SpringBootContextLoader', parent = [null]]]
2021-11-26 18:41:57.480 DEBUG 38388 --- [    Test worker] org.springframework.test.context.cache   : Spring test ApplicationContext cache statistics: [DefaultContextCache@2fb6ab0d size = 1, maxSize = 32, parentContextCount = 0, hitCount = 14, missCount = 1]
2021-11-26 18:41:57.481 DEBUG 38388 --- [    Test worker] c.DefaultCacheAwareContextLoaderDelegate : Retrieved ApplicationContext from cache with key [[WebMergedContextConfiguration@6d50af18 testClass = GetCashLockSpec, locations = '{}', classes = '{class com.loyalty.avenger.cashlock.components.TestApplication, class com.loyalty.avenger.cashlock.components.TestApplication}', contextInitializerClasses = '[]', activeProfiles = '{int}', propertySourceLocations = '{}', propertySourceProperties = '{org.springframework.boot.test.context.SpringBootTestContextBootstrapper=true}', contextCustomizers = set[org.spockframework.spring.mock.SpockContextCustomizer@0, org.springframework.boot.test.autoconfigure.properties.PropertyMappingContextCustomizer@0, org.springframework.boot.test.autoconfigure.web.servlet.WebDriverContextCustomizerFactory$Customizer@48db58e, org.springframework.boot.test.context.filter.ExcludeFilterContextCustomizer@59323de6, org.springframework.boot.test.json.DuplicateJsonObjectContextCustomizerFactory$DuplicateJsonObjectContextCustomizer@6a0ffa3e, org.springframework.boot.test.mock.mockito.MockitoContextCustomizer@0, org.springframework.boot.test.web.client.TestRestTemplateContextCustomizer@49aecf08], resourceBasePath = 'src/main/webapp', contextLoader = 'org.springframework.boot.test.context.SpringBootContextLoader', parent = [null]]]
2021-11-26 18:41:57.481 DEBUG 38388 --- [    Test worker] org.springframework.test.context.cache   : Spring test ApplicationContext cache statistics: [DefaultContextCache@2fb6ab0d size = 1, maxSize = 32, parentContextCount = 0, hitCount = 15, missCount = 1]
2021-11-26 18:41:57.486 DEBUG 38388 --- [    Test worker] tractDirtiesContextTestExecutionListener : After test method: context [DefaultTestContext@4941bdb5 testClass = GetCashLockSpec, testInstance = com.loyalty.avenger.cashlock.specification.GetCashLockSpec@3591f18c, testMethod = $spock_feature_1_1@GetCashLockSpec, testException = [null], mergedContextConfiguration = [WebMergedContextConfiguration@6d50af18 testClass = GetCashLockSpec, locations = '{}', classes = '{class com.loyalty.avenger.cashlock.components.TestApplication, class com.loyalty.avenger.cashlock.components.TestApplication}', contextInitializerClasses = '[]', activeProfiles = '{int}', propertySourceLocations = '{}', propertySourceProperties = '{org.springframework.boot.test.context.SpringBootTestContextBootstrapper=true}', contextCustomizers = set[org.spockframework.spring.mock.SpockContextCustomizer@0, org.springframework.boot.test.autoconfigure.properties.PropertyMappingContextCustomizer@0, org.springframework.boot.test.autoconfigure.web.servlet.WebDriverContextCustomizerFactory$Customizer@48db58e, org.springframework.boot.test.context.filter.ExcludeFilterContextCustomizer@59323de6, org.springframework.boot.test.json.DuplicateJsonObjectContextCustomizerFactory$DuplicateJsonObjectContextCustomizer@6a0ffa3e, org.springframework.boot.test.mock.mockito.MockitoContextCustomizer@0, org.springframework.boot.test.web.client.TestRestTemplateContextCustomizer@49aecf08], resourceBasePath = 'src/main/webapp', contextLoader = 'org.springframework.boot.test.context.SpringBootContextLoader', parent = [null]], attributes = map['org.springframework.test.context.web.ServletTestExecutionListener.activateListener' -> true, 'org.spockframework.spring.SpringMockTestExecutionListener.MOCKED_BEANS_LIST' -> list[[empty]], 'org.springframework.test.context.web.ServletTestExecutionListener.populatedRequestContextHolder' -> true, 'org.springframework.test.context.web.ServletTestExecutionListener.resetRequestContextHolder' -> true]], class annotated with @DirtiesContext [false] with mode [null], method annotated with @DirtiesContext [false] with mode [null].
2021-11-26 18:41:57.486 DEBUG 38388 --- [    Test worker] o.s.t.c.w.ServletTestExecutionListener   : Resetting RequestContextHolder for test context [DefaultTestContext@4941bdb5 testClass = GetCashLockSpec, testInstance = com.loyalty.avenger.cashlock.specification.GetCashLockSpec@3591f18c, testMethod = $spock_feature_1_1@GetCashLockSpec, testException = [null], mergedContextConfiguration = [WebMergedContextConfiguration@6d50af18 testClass = GetCashLockSpec, locations = '{}', classes = '{class com.loyalty.avenger.cashlock.components.TestApplication, class com.loyalty.avenger.cashlock.components.TestApplication}', contextInitializerClasses = '[]', activeProfiles = '{int}', propertySourceLocations = '{}', propertySourceProperties = '{org.springframework.boot.test.context.SpringBootTestContextBootstrapper=true}', contextCustomizers = set[org.spockframework.spring.mock.SpockContextCustomizer@0, org.springframework.boot.test.autoconfigure.properties.PropertyMappingContextCustomizer@0, org.springframework.boot.test.autoconfigure.web.servlet.WebDriverContextCustomizerFactory$Customizer@48db58e, org.springframework.boot.test.context.filter.ExcludeFilterContextCustomizer@59323de6, org.springframework.boot.test.json.DuplicateJsonObjectContextCustomizerFactory$DuplicateJsonObjectContextCustomizer@6a0ffa3e, org.springframework.boot.test.mock.mockito.MockitoContextCustomizer@0, org.springframework.boot.test.web.client.TestRestTemplateContextCustomizer@49aecf08], resourceBasePath = 'src/main/webapp', contextLoader = 'org.springframework.boot.test.context.SpringBootContextLoader', parent = [null]], attributes = map['org.springframework.test.context.web.ServletTestExecutionListener.activateListener' -> true, 'org.spockframework.spring.SpringMockTestExecutionListener.MOCKED_BEANS_LIST' -> list[[empty]], 'org.springframework.test.context.web.ServletTestExecutionListener.populatedRequestContextHolder' -> true, 'org.springframework.test.context.web.ServletTestExecutionListener.resetRequestContextHolder' -> true]].
2021-11-26 18:41:57.487 DEBUG 38388 --- [    Test worker] c.DefaultCacheAwareContextLoaderDelegate : Retrieved ApplicationContext from cache with key [[WebMergedContextConfiguration@6d50af18 testClass = GetCashLockSpec, locations = '{}', classes = '{class com.loyalty.avenger.cashlock.components.TestApplication, class com.loyalty.avenger.cashlock.components.TestApplication}', contextInitializerClasses = '[]', activeProfiles = '{int}', propertySourceLocations = '{}', propertySourceProperties = '{org.springframework.boot.test.context.SpringBootTestContextBootstrapper=true}', contextCustomizers = set[org.spockframework.spring.mock.SpockContextCustomizer@0, org.springframework.boot.test.autoconfigure.properties.PropertyMappingContextCustomizer@0, org.springframework.boot.test.autoconfigure.web.servlet.WebDriverContextCustomizerFactory$Customizer@48db58e, org.springframework.boot.test.context.filter.ExcludeFilterContextCustomizer@59323de6, org.springframework.boot.test.json.DuplicateJsonObjectContextCustomizerFactory$DuplicateJsonObjectContextCustomizer@6a0ffa3e, org.springframework.boot.test.mock.mockito.MockitoContextCustomizer@0, org.springframework.boot.test.web.client.TestRestTemplateContextCustomizer@49aecf08], resourceBasePath = 'src/main/webapp', contextLoader = 'org.springframework.boot.test.context.SpringBootContextLoader', parent = [null]]]
2021-11-26 18:41:57.487 DEBUG 38388 --- [    Test worker] org.springframework.test.context.cache   : Spring test ApplicationContext cache statistics: [DefaultContextCache@2fb6ab0d size = 1, maxSize = 32, parentContextCount = 0, hitCount = 16, missCount = 1]
2021-11-26 18:41:57.487 DEBUG 38388 --- [    Test worker] o.s.t.c.w.ServletTestExecutionListener   : Setting up MockHttpServletRequest, MockHttpServletResponse, ServletWebRequest, and RequestContextHolder for test context [DefaultTestContext@4941bdb5 testClass = GetCashLockSpec, testInstance = com.loyalty.avenger.cashlock.specification.GetCashLockSpec@d66ca58, testMethod = [null], testException = [null], mergedContextConfiguration = [WebMergedContextConfiguration@6d50af18 testClass = GetCashLockSpec, locations = '{}', classes = '{class com.loyalty.avenger.cashlock.components.TestApplication, class com.loyalty.avenger.cashlock.components.TestApplication}', contextInitializerClasses = '[]', activeProfiles = '{int}', propertySourceLocations = '{}', propertySourceProperties = '{org.springframework.boot.test.context.SpringBootTestContextBootstrapper=true}', contextCustomizers = set[org.spockframework.spring.mock.SpockContextCustomizer@0, org.springframework.boot.test.autoconfigure.properties.PropertyMappingContextCustomizer@0, org.springframework.boot.test.autoconfigure.web.servlet.WebDriverContextCustomizerFactory$Customizer@48db58e, org.springframework.boot.test.context.filter.ExcludeFilterContextCustomizer@59323de6, org.springframework.boot.test.json.DuplicateJsonObjectContextCustomizerFactory$DuplicateJsonObjectContextCustomizer@6a0ffa3e, org.springframework.boot.test.mock.mockito.MockitoContextCustomizer@0, org.springframework.boot.test.web.client.TestRestTemplateContextCustomizer@49aecf08], resourceBasePath = 'src/main/webapp', contextLoader = 'org.springframework.boot.test.context.SpringBootContextLoader', parent = [null]], attributes = map['org.springframework.test.context.web.ServletTestExecutionListener.activateListener' -> true, 'org.spockframework.spring.SpringMockTestExecutionListener.MOCKED_BEANS_LIST' -> list[[empty]], 'org.springframework.test.context.support.DependencyInjectionTestExecutionListener.reinjectDependencies' -> true]].
2021-11-26 18:41:57.488 DEBUG 38388 --- [    Test worker] DependencyInjectionTestExecutionListener : Performing dependency injection for test context [[DefaultTestContext@4941bdb5 testClass = GetCashLockSpec, testInstance = com.loyalty.avenger.cashlock.specification.GetCashLockSpec@d66ca58, testMethod = [null], testException = [null], mergedContextConfiguration = [WebMergedContextConfiguration@6d50af18 testClass = GetCashLockSpec, locations = '{}', classes = '{class com.loyalty.avenger.cashlock.components.TestApplication, class com.loyalty.avenger.cashlock.components.TestApplication}', contextInitializerClasses = '[]', activeProfiles = '{int}', propertySourceLocations = '{}', propertySourceProperties = '{org.springframework.boot.test.context.SpringBootTestContextBootstrapper=true}', contextCustomizers = set[org.spockframework.spring.mock.SpockContextCustomizer@0, org.springframework.boot.test.autoconfigure.properties.PropertyMappingContextCustomizer@0, org.springframework.boot.test.autoconfigure.web.servlet.WebDriverContextCustomizerFactory$Customizer@48db58e, org.springframework.boot.test.context.filter.ExcludeFilterContextCustomizer@59323de6, org.springframework.boot.test.json.DuplicateJsonObjectContextCustomizerFactory$DuplicateJsonObjectContextCustomizer@6a0ffa3e, org.springframework.boot.test.mock.mockito.MockitoContextCustomizer@0, org.springframework.boot.test.web.client.TestRestTemplateContextCustomizer@49aecf08], resourceBasePath = 'src/main/webapp', contextLoader = 'org.springframework.boot.test.context.SpringBootContextLoader', parent = [null]], attributes = map['org.springframework.test.context.web.ServletTestExecutionListener.activateListener' -> true, 'org.spockframework.spring.SpringMockTestExecutionListener.MOCKED_BEANS_LIST' -> list[[empty]], 'org.springframework.test.context.web.ServletTestExecutionListener.populatedRequestContextHolder' -> true, 'org.springframework.test.context.web.ServletTestExecutionListener.resetRequestContextHolder' -> true, 'org.springframework.test.context.support.DependencyInjectionTestExecutionListener.reinjectDependencies' -> true]]].
2021-11-26 18:41:57.489 DEBUG 38388 --- [    Test worker] c.DefaultCacheAwareContextLoaderDelegate : Retrieved ApplicationContext from cache with key [[WebMergedContextConfiguration@6d50af18 testClass = GetCashLockSpec, locations = '{}', classes = '{class com.loyalty.avenger.cashlock.components.TestApplication, class com.loyalty.avenger.cashlock.components.TestApplication}', contextInitializerClasses = '[]', activeProfiles = '{int}', propertySourceLocations = '{}', propertySourceProperties = '{org.springframework.boot.test.context.SpringBootTestContextBootstrapper=true}', contextCustomizers = set[org.spockframework.spring.mock.SpockContextCustomizer@0, org.springframework.boot.test.autoconfigure.properties.PropertyMappingContextCustomizer@0, org.springframework.boot.test.autoconfigure.web.servlet.WebDriverContextCustomizerFactory$Customizer@48db58e, org.springframework.boot.test.context.filter.ExcludeFilterContextCustomizer@59323de6, org.springframework.boot.test.json.DuplicateJsonObjectContextCustomizerFactory$DuplicateJsonObjectContextCustomizer@6a0ffa3e, org.springframework.boot.test.mock.mockito.MockitoContextCustomizer@0, org.springframework.boot.test.web.client.TestRestTemplateContextCustomizer@49aecf08], resourceBasePath = 'src/main/webapp', contextLoader = 'org.springframework.boot.test.context.SpringBootContextLoader', parent = [null]]]
2021-11-26 18:41:57.489 DEBUG 38388 --- [    Test worker] org.springframework.test.context.cache   : Spring test ApplicationContext cache statistics: [DefaultContextCache@2fb6ab0d size = 1, maxSize = 32, parentContextCount = 0, hitCount = 17, missCount = 1]
2021-11-26 18:41:57.490 DEBUG 38388 --- [    Test worker] c.DefaultCacheAwareContextLoaderDelegate : Retrieved ApplicationContext from cache with key [[WebMergedContextConfiguration@6d50af18 testClass = GetCashLockSpec, locations = '{}', classes = '{class com.loyalty.avenger.cashlock.components.TestApplication, class com.loyalty.avenger.cashlock.components.TestApplication}', contextInitializerClasses = '[]', activeProfiles = '{int}', propertySourceLocations = '{}', propertySourceProperties = '{org.springframework.boot.test.context.SpringBootTestContextBootstrapper=true}', contextCustomizers = set[org.spockframework.spring.mock.SpockContextCustomizer@0, org.springframework.boot.test.autoconfigure.properties.PropertyMappingContextCustomizer@0, org.springframework.boot.test.autoconfigure.web.servlet.WebDriverContextCustomizerFactory$Customizer@48db58e, org.springframework.boot.test.context.filter.ExcludeFilterContextCustomizer@59323de6, org.springframework.boot.test.json.DuplicateJsonObjectContextCustomizerFactory$DuplicateJsonObjectContextCustomizer@6a0ffa3e, org.springframework.boot.test.mock.mockito.MockitoContextCustomizer@0, org.springframework.boot.test.web.client.TestRestTemplateContextCustomizer@49aecf08], resourceBasePath = 'src/main/webapp', contextLoader = 'org.springframework.boot.test.context.SpringBootContextLoader', parent = [null]]]
2021-11-26 18:41:57.491 DEBUG 38388 --- [    Test worker] org.springframework.test.context.cache   : Spring test ApplicationContext cache statistics: [DefaultContextCache@2fb6ab0d size = 1, maxSize = 32, parentContextCount = 0, hitCount = 18, missCount = 1]
2021-11-26 18:41:57.492 DEBUG 38388 --- [    Test worker] tractDirtiesContextTestExecutionListener : Before test method: context [DefaultTestContext@4941bdb5 testClass = GetCashLockSpec, testInstance = com.loyalty.avenger.cashlock.specification.GetCashLockSpec@d66ca58, testMethod = $spock_feature_1_2@GetCashLockSpec, testException = [null], mergedContextConfiguration = [WebMergedContextConfiguration@6d50af18 testClass = GetCashLockSpec, locations = '{}', classes = '{class com.loyalty.avenger.cashlock.components.TestApplication, class com.loyalty.avenger.cashlock.components.TestApplication}', contextInitializerClasses = '[]', activeProfiles = '{int}', propertySourceLocations = '{}', propertySourceProperties = '{org.springframework.boot.test.context.SpringBootTestContextBootstrapper=true}', contextCustomizers = set[org.spockframework.spring.mock.SpockContextCustomizer@0, org.springframework.boot.test.autoconfigure.properties.PropertyMappingContextCustomizer@0, org.springframework.boot.test.autoconfigure.web.servlet.WebDriverContextCustomizerFactory$Customizer@48db58e, org.springframework.boot.test.context.filter.ExcludeFilterContextCustomizer@59323de6, org.springframework.boot.test.json.DuplicateJsonObjectContextCustomizerFactory$DuplicateJsonObjectContextCustomizer@6a0ffa3e, org.springframework.boot.test.mock.mockito.MockitoContextCustomizer@0, org.springframework.boot.test.web.client.TestRestTemplateContextCustomizer@49aecf08], resourceBasePath = 'src/main/webapp', contextLoader = 'org.springframework.boot.test.context.SpringBootContextLoader', parent = [null]], attributes = map['org.springframework.test.context.web.ServletTestExecutionListener.activateListener' -> true, 'org.spockframework.spring.SpringMockTestExecutionListener.MOCKED_BEANS_LIST' -> list[[empty]], 'org.springframework.test.context.web.ServletTestExecutionListener.populatedRequestContextHolder' -> true, 'org.springframework.test.context.web.ServletTestExecutionListener.resetRequestContextHolder' -> true]], class annotated with @DirtiesContext [false] with mode [null], method annotated with @DirtiesContext [false] with mode [null].
2021-11-26 18:41:57.493 DEBUG 38388 --- [    Test worker] c.DefaultCacheAwareContextLoaderDelegate : Retrieved ApplicationContext from cache with key [[WebMergedContextConfiguration@6d50af18 testClass = GetCashLockSpec, locations = '{}', classes = '{class com.loyalty.avenger.cashlock.components.TestApplication, class com.loyalty.avenger.cashlock.components.TestApplication}', contextInitializerClasses = '[]', activeProfiles = '{int}', propertySourceLocations = '{}', propertySourceProperties = '{org.springframework.boot.test.context.SpringBootTestContextBootstrapper=true}', contextCustomizers = set[org.spockframework.spring.mock.SpockContextCustomizer@0, org.springframework.boot.test.autoconfigure.properties.PropertyMappingContextCustomizer@0, org.springframework.boot.test.autoconfigure.web.servlet.WebDriverContextCustomizerFactory$Customizer@48db58e, org.springframework.boot.test.context.filter.ExcludeFilterContextCustomizer@59323de6, org.springframework.boot.test.json.DuplicateJsonObjectContextCustomizerFactory$DuplicateJsonObjectContextCustomizer@6a0ffa3e, org.springframework.boot.test.mock.mockito.MockitoContextCustomizer@0, org.springframework.boot.test.web.client.TestRestTemplateContextCustomizer@49aecf08], resourceBasePath = 'src/main/webapp', contextLoader = 'org.springframework.boot.test.context.SpringBootContextLoader', parent = [null]]]
2021-11-26 18:41:57.494 DEBUG 38388 --- [    Test worker] org.springframework.test.context.cache   : Spring test ApplicationContext cache statistics: [DefaultContextCache@2fb6ab0d size = 1, maxSize = 32, parentContextCount = 0, hitCount = 19, missCount = 1]
2021-11-26 18:41:57.495 DEBUG 38388 --- [    Test worker] c.DefaultCacheAwareContextLoaderDelegate : Retrieved ApplicationContext from cache with key [[WebMergedContextConfiguration@6d50af18 testClass = GetCashLockSpec, locations = '{}', classes = '{class com.loyalty.avenger.cashlock.components.TestApplication, class com.loyalty.avenger.cashlock.components.TestApplication}', contextInitializerClasses = '[]', activeProfiles = '{int}', propertySourceLocations = '{}', propertySourceProperties = '{org.springframework.boot.test.context.SpringBootTestContextBootstrapper=true}', contextCustomizers = set[org.spockframework.spring.mock.SpockContextCustomizer@0, org.springframework.boot.test.autoconfigure.properties.PropertyMappingContextCustomizer@0, org.springframework.boot.test.autoconfigure.web.servlet.WebDriverContextCustomizerFactory$Customizer@48db58e, org.springframework.boot.test.context.filter.ExcludeFilterContextCustomizer@59323de6, org.springframework.boot.test.json.DuplicateJsonObjectContextCustomizerFactory$DuplicateJsonObjectContextCustomizer@6a0ffa3e, org.springframework.boot.test.mock.mockito.MockitoContextCustomizer@0, org.springframework.boot.test.web.client.TestRestTemplateContextCustomizer@49aecf08], resourceBasePath = 'src/main/webapp', contextLoader = 'org.springframework.boot.test.context.SpringBootContextLoader', parent = [null]]]
2021-11-26 18:41:57.495 DEBUG 38388 --- [    Test worker] org.springframework.test.context.cache   : Spring test ApplicationContext cache statistics: [DefaultContextCache@2fb6ab0d size = 1, maxSize = 32, parentContextCount = 0, hitCount = 20, missCount = 1]
2021-11-26 18:41:57.496 DEBUG 38388 --- [    Test worker] o.s.jdbc.core.JdbcTemplate               : Executing SQL query [select mem.member_id
from cpm.cpm_member mem
join cpm.cpm_customer cu
on mem.customer_id = cu.customer_id
JOIN CPM.cpm_member_card mc
ON mc.member_id=mem.member_id
join cpm.cpm_mbr_earning_pref mep
on mep.member_id = mem.member_id
join cpm.cpm_mbr_opt_in_pref f
on f.member_id = mem.member_id
and mem.`status` = 31
and mem.is_ghost = '0' 
and f.category = 4 
and f.sub_category = 36 
and mem.test_member = 0
and mep.earning_ratio != 100
and mem.membership_type != 829
and mem.member_id < 90000000000
and cu.email not in ('abc@abc.com', 'test@test.com', 'hellothere@gmail.com', 'CoUZM@gmai', 'CoUZM@gmail.com', 'abc^&amp;@#@loyalty.com', 'lvukadin@loyalty.com', 'awcawec@aedcace.cas', 'jbulatao@loyalty.com', 'jhellinga@loyalty.com', 'abc@loyalty.com', '15ekha@loyalty.com', 'test@loyalty.com')
and cu.email like '%_@__%.___%'
and mep.is_active = 1
limit 100]
2021-11-26 18:41:57.497 DEBUG 38388 --- [    Test worker] o.s.jdbc.datasource.DataSourceUtils      : Fetching JDBC Connection from DataSource
2021-11-26 18:41:57.654  INFO 38388 --- [    Test worker] c.l.a.cashlock.components.util.Logger    : 

[TEST AUTOMATION]
Card Number: 80000004991, New Security Pin: 1111

2021-11-26 18:42:37.677  INFO 38388 --- [    Test worker] c.l.a.cashlock.components.util.Logger    : 

[TEST AUTOMATION]
URI: https://oauth-int.airmiles.ca/oauth/token
Body Parameters: grant_type=password&client_id=nRGyXItWmxlCgGf0CG2aj8XFk069TFa9&audience=https%3A%2F%2Fmembers.loyalty.com&client_secret=Y0YOqWqx9pmdYMNk-f72zDNdIfOkYPxJCL9tjuZBGVZajArlvZqs8RsGLxqdkDuc&username=80000004991&password=1111&channel=WEB

2021-11-26 18:42:38.220  WARN 38388 --- [    Test worker] o.a.h.c.protocol.ResponseProcessCookies  : Invalid cookie header: "Set-Cookie: did=s%3Av0%3A89a329a0-4f12-11ec-8d09-71395ed4dbfc.cysOo%2BV7fYG8zq8J0VwRF8w43ItZTXh0cp4oYfC%2BBGA; Max-Age=31557600; Path=/; Expires=Sun, 27 Nov 2022 05:42:37 GMT; HttpOnly; Secure; SameSite=None". Invalid 'expires' attribute: Sun, 27 Nov 2022 05:42:37 GMT
2021-11-26 18:42:38.221  WARN 38388 --- [    Test worker] o.a.h.c.protocol.ResponseProcessCookies  : Invalid cookie header: "Set-Cookie: did_compat=s%3Av0%3A89a329a0-4f12-11ec-8d09-71395ed4dbfc.cysOo%2BV7fYG8zq8J0VwRF8w43ItZTXh0cp4oYfC%2BBGA; Max-Age=31557600; Path=/; Expires=Sun, 27 Nov 2022 05:42:38 GMT; HttpOnly; Secure". Invalid 'expires' attribute: Sun, 27 Nov 2022 05:42:38 GMT
2021-11-26 18:42:38.222  INFO 38388 --- [    Test worker] c.l.a.cashlock.components.util.Logger    : 

[TEST AUTOMATION]
Access token: eyJhbGciOiJSUzI1NiIsInR5cCI6IkpXVCIsImtpZCI6IlFqSkNOVVZHTVVVMk1rWkVRamcyTURsRk4wVTVOREF5UmpnM01UUXpOemsxTmpnM056UXdOUSJ9.eyJodHRwczovL21lbWJlcnMubG95YWx0eS5jb20vdmVyc2lvbiI6IjIiLCJodHRwczovL21lbWJlcnMubG95YWx0eS5jb20vbWVtYmVySWQiOiJjMTc4ODA4ZS02ZTg1LTMxNzQtYjRiMi03ZGY0NjAwMWZlZjkiLCJodHRwczovL21lbWJlcnMubG95YWx0eS5jb20vY29sbGVjdG9yTnVtYmVyIjoiODAwMDAwMDQ5OTEiLCJodHRwczovL21lbWJlcnMubG95YWx0eS5jb20vaW5mb3JtYXRpb25TdXBwcmVzc2lvbiI6ZmFsc2UsImh0dHBzOi8vbWVtYmVycy5sb3lhbHR5LmNvbS9pc0F1dGhlbnRpY2F0ZWQiOnRydWUsImlzcyI6Imh0dHBzOi8vb2F1dGgtaW50LmFpcm1pbGVzLmNhLyIsInN1YiI6ImF1dGgwfHYyLTgwMDAwMDA0OTkxIiwiYXVkIjoiaHR0cHM6Ly9tZW1iZXJzLmxveWFsdHkuY29tIiwiaWF0IjoxNjM3OTcwMTU4LCJleHAiOjE2Mzc5NzA3NTgsImF6cCI6Im5SR3lYSXRXbXhsQ2dHZjBDRzJhajhYRmswNjlURmE5Iiwic2NvcGUiOiJtZW1iZXJiYW5uZXIiLCJndHkiOiJwYXNzd29yZCJ9.pMBRaccteHRKM_TDvYwyAKJRe_SoVkWphwx_Gg3nhGcphhmkpwturaw3Npl7JL9zJFubMgM8KVtzMi2ysiSpHzSwQpE7B7yKOk5rxf_9ROlobHFyfSaq6pfo7By5J11CoZnQo5yQ_-s2U2Ccen_x6dnV4lgUg_4X6kg2aSv3jWYA4kt4HC7D0fpderc6-nqRPbK7OoDYhSms7dRYmE_iw7jucAguuBLQNRafclNjtw2JtUTFeDSUQh6ECSyUKtXVv_JEAEn_XSjGBh5SjgjaIi7qNme0KKCDTMovW1gbKJiuACmD6GOG6uBxeSHwWsg7aOqz-evwZ4R4oP5aITswAQ

2021-11-26 18:42:38.223  INFO 38388 --- [    Test worker] c.l.a.cashlock.components.util.Logger    : 

[TEST AUTOMATION]
URI: https://int.airmilesapis.ca/member-preference/cash-lock
Body Parameters: {"cashRedemptionLocked":"true"}

{"cashRedemptionLocked":"true"}
2021-11-26 18:42:38.710  INFO 38388 --- [    Test worker] c.l.a.cashlock.components.util.Logger    : 

[TEST AUTOMATION]
Status Code
Expected Result Data: 200
Actual  Result  Data: 200

2021-11-26 18:42:38.711  INFO 38388 --- [    Test worker] c.l.a.cashlock.components.util.Logger    : 

[TEST AUTOMATION]
cashRedemptionLocked
Expected Result Data: true
Actual  Result  Data: true

2021-11-26 18:42:38.711  INFO 38388 --- [    Test worker] c.l.a.cashlock.components.util.Logger    : 

[TEST AUTOMATION]
URI: https://int.airmilesapis.ca/member-preference/cash-lock


2021-11-26 18:42:38.964  INFO 38388 --- [    Test worker] c.l.a.cashlock.components.util.Logger    : 

[TEST AUTOMATION]
Status Code
Expected Result Data: 200
Actual  Result  Data: 200

2021-11-26 18:42:38.965  INFO 38388 --- [    Test worker] c.l.a.cashlock.components.util.Logger    : 

[TEST AUTOMATION]
cashRedemptionLocked
Expected Result Data: true
Actual  Result  Data: true

2021-11-26 18:42:38.966 DEBUG 38388 --- [    Test worker] c.DefaultCacheAwareContextLoaderDelegate : Retrieved ApplicationContext from cache with key [[WebMergedContextConfiguration@6d50af18 testClass = GetCashLockSpec, locations = '{}', classes = '{class com.loyalty.avenger.cashlock.components.TestApplication, class com.loyalty.avenger.cashlock.components.TestApplication}', contextInitializerClasses = '[]', activeProfiles = '{int}', propertySourceLocations = '{}', propertySourceProperties = '{org.springframework.boot.test.context.SpringBootTestContextBootstrapper=true}', contextCustomizers = set[org.spockframework.spring.mock.SpockContextCustomizer@0, org.springframework.boot.test.autoconfigure.properties.PropertyMappingContextCustomizer@0, org.springframework.boot.test.autoconfigure.web.servlet.WebDriverContextCustomizerFactory$Customizer@48db58e, org.springframework.boot.test.context.filter.ExcludeFilterContextCustomizer@59323de6, org.springframework.boot.test.json.DuplicateJsonObjectContextCustomizerFactory$DuplicateJsonObjectContextCustomizer@6a0ffa3e, org.springframework.boot.test.mock.mockito.MockitoContextCustomizer@0, org.springframework.boot.test.web.client.TestRestTemplateContextCustomizer@49aecf08], resourceBasePath = 'src/main/webapp', contextLoader = 'org.springframework.boot.test.context.SpringBootContextLoader', parent = [null]]]
2021-11-26 18:42:38.966 DEBUG 38388 --- [    Test worker] org.springframework.test.context.cache   : Spring test ApplicationContext cache statistics: [DefaultContextCache@2fb6ab0d size = 1, maxSize = 32, parentContextCount = 0, hitCount = 21, missCount = 1]
2021-11-26 18:42:38.967 DEBUG 38388 --- [    Test worker] c.DefaultCacheAwareContextLoaderDelegate : Retrieved ApplicationContext from cache with key [[WebMergedContextConfiguration@6d50af18 testClass = GetCashLockSpec, locations = '{}', classes = '{class com.loyalty.avenger.cashlock.components.TestApplication, class com.loyalty.avenger.cashlock.components.TestApplication}', contextInitializerClasses = '[]', activeProfiles = '{int}', propertySourceLocations = '{}', propertySourceProperties = '{org.springframework.boot.test.context.SpringBootTestContextBootstrapper=true}', contextCustomizers = set[org.spockframework.spring.mock.SpockContextCustomizer@0, org.springframework.boot.test.autoconfigure.properties.PropertyMappingContextCustomizer@0, org.springframework.boot.test.autoconfigure.web.servlet.WebDriverContextCustomizerFactory$Customizer@48db58e, org.springframework.boot.test.context.filter.ExcludeFilterContextCustomizer@59323de6, org.springframework.boot.test.json.DuplicateJsonObjectContextCustomizerFactory$DuplicateJsonObjectContextCustomizer@6a0ffa3e, org.springframework.boot.test.mock.mockito.MockitoContextCustomizer@0, org.springframework.boot.test.web.client.TestRestTemplateContextCustomizer@49aecf08], resourceBasePath = 'src/main/webapp', contextLoader = 'org.springframework.boot.test.context.SpringBootContextLoader', parent = [null]]]
2021-11-26 18:42:38.967 DEBUG 38388 --- [    Test worker] org.springframework.test.context.cache   : Spring test ApplicationContext cache statistics: [DefaultContextCache@2fb6ab0d size = 1, maxSize = 32, parentContextCount = 0, hitCount = 22, missCount = 1]
2021-11-26 18:42:38.968 DEBUG 38388 --- [    Test worker] c.DefaultCacheAwareContextLoaderDelegate : Retrieved ApplicationContext from cache with key [[WebMergedContextConfiguration@6d50af18 testClass = GetCashLockSpec, locations = '{}', classes = '{class com.loyalty.avenger.cashlock.components.TestApplication, class com.loyalty.avenger.cashlock.components.TestApplication}', contextInitializerClasses = '[]', activeProfiles = '{int}', propertySourceLocations = '{}', propertySourceProperties = '{org.springframework.boot.test.context.SpringBootTestContextBootstrapper=true}', contextCustomizers = set[org.spockframework.spring.mock.SpockContextCustomizer@0, org.springframework.boot.test.autoconfigure.properties.PropertyMappingContextCustomizer@0, org.springframework.boot.test.autoconfigure.web.servlet.WebDriverContextCustomizerFactory$Customizer@48db58e, org.springframework.boot.test.context.filter.ExcludeFilterContextCustomizer@59323de6, org.springframework.boot.test.json.DuplicateJsonObjectContextCustomizerFactory$DuplicateJsonObjectContextCustomizer@6a0ffa3e, org.springframework.boot.test.mock.mockito.MockitoContextCustomizer@0, org.springframework.boot.test.web.client.TestRestTemplateContextCustomizer@49aecf08], resourceBasePath = 'src/main/webapp', contextLoader = 'org.springframework.boot.test.context.SpringBootContextLoader', parent = [null]]]
2021-11-26 18:42:38.968 DEBUG 38388 --- [    Test worker] org.springframework.test.context.cache   : Spring test ApplicationContext cache statistics: [DefaultContextCache@2fb6ab0d size = 1, maxSize = 32, parentContextCount = 0, hitCount = 23, missCount = 1]
2021-11-26 18:42:38.972 DEBUG 38388 --- [    Test worker] tractDirtiesContextTestExecutionListener : After test method: context [DefaultTestContext@4941bdb5 testClass = GetCashLockSpec, testInstance = com.loyalty.avenger.cashlock.specification.GetCashLockSpec@d66ca58, testMethod = $spock_feature_1_2@GetCashLockSpec, testException = [null], mergedContextConfiguration = [WebMergedContextConfiguration@6d50af18 testClass = GetCashLockSpec, locations = '{}', classes = '{class com.loyalty.avenger.cashlock.components.TestApplication, class com.loyalty.avenger.cashlock.components.TestApplication}', contextInitializerClasses = '[]', activeProfiles = '{int}', propertySourceLocations = '{}', propertySourceProperties = '{org.springframework.boot.test.context.SpringBootTestContextBootstrapper=true}', contextCustomizers = set[org.spockframework.spring.mock.SpockContextCustomizer@0, org.springframework.boot.test.autoconfigure.properties.PropertyMappingContextCustomizer@0, org.springframework.boot.test.autoconfigure.web.servlet.WebDriverContextCustomizerFactory$Customizer@48db58e, org.springframework.boot.test.context.filter.ExcludeFilterContextCustomizer@59323de6, org.springframework.boot.test.json.DuplicateJsonObjectContextCustomizerFactory$DuplicateJsonObjectContextCustomizer@6a0ffa3e, org.springframework.boot.test.mock.mockito.MockitoContextCustomizer@0, org.springframework.boot.test.web.client.TestRestTemplateContextCustomizer@49aecf08], resourceBasePath = 'src/main/webapp', contextLoader = 'org.springframework.boot.test.context.SpringBootContextLoader', parent = [null]], attributes = map['org.springframework.test.context.web.ServletTestExecutionListener.activateListener' -> true, 'org.spockframework.spring.SpringMockTestExecutionListener.MOCKED_BEANS_LIST' -> list[[empty]], 'org.springframework.test.context.web.ServletTestExecutionListener.populatedRequestContextHolder' -> true, 'org.springframework.test.context.web.ServletTestExecutionListener.resetRequestContextHolder' -> true]], class annotated with @DirtiesContext [false] with mode [null], method annotated with @DirtiesContext [false] with mode [null].
2021-11-26 18:42:38.974 DEBUG 38388 --- [    Test worker] o.s.t.c.w.ServletTestExecutionListener   : Resetting RequestContextHolder for test context [DefaultTestContext@4941bdb5 testClass = GetCashLockSpec, testInstance = com.loyalty.avenger.cashlock.specification.GetCashLockSpec@d66ca58, testMethod = $spock_feature_1_2@GetCashLockSpec, testException = [null], mergedContextConfiguration = [WebMergedContextConfiguration@6d50af18 testClass = GetCashLockSpec, locations = '{}', classes = '{class com.loyalty.avenger.cashlock.components.TestApplication, class com.loyalty.avenger.cashlock.components.TestApplication}', contextInitializerClasses = '[]', activeProfiles = '{int}', propertySourceLocations = '{}', propertySourceProperties = '{org.springframework.boot.test.context.SpringBootTestContextBootstrapper=true}', contextCustomizers = set[org.spockframework.spring.mock.SpockContextCustomizer@0, org.springframework.boot.test.autoconfigure.properties.PropertyMappingContextCustomizer@0, org.springframework.boot.test.autoconfigure.web.servlet.WebDriverContextCustomizerFactory$Customizer@48db58e, org.springframework.boot.test.context.filter.ExcludeFilterContextCustomizer@59323de6, org.springframework.boot.test.json.DuplicateJsonObjectContextCustomizerFactory$DuplicateJsonObjectContextCustomizer@6a0ffa3e, org.springframework.boot.test.mock.mockito.MockitoContextCustomizer@0, org.springframework.boot.test.web.client.TestRestTemplateContextCustomizer@49aecf08], resourceBasePath = 'src/main/webapp', contextLoader = 'org.springframework.boot.test.context.SpringBootContextLoader', parent = [null]], attributes = map['org.springframework.test.context.web.ServletTestExecutionListener.activateListener' -> true, 'org.spockframework.spring.SpringMockTestExecutionListener.MOCKED_BEANS_LIST' -> list[[empty]], 'org.springframework.test.context.web.ServletTestExecutionListener.populatedRequestContextHolder' -> true, 'org.springframework.test.context.web.ServletTestExecutionListener.resetRequestContextHolder' -> true]].
2021-11-26 18:42:38.975 DEBUG 38388 --- [    Test worker] c.DefaultCacheAwareContextLoaderDelegate : Retrieved ApplicationContext from cache with key [[WebMergedContextConfiguration@6d50af18 testClass = GetCashLockSpec, locations = '{}', classes = '{class com.loyalty.avenger.cashlock.components.TestApplication, class com.loyalty.avenger.cashlock.components.TestApplication}', contextInitializerClasses = '[]', activeProfiles = '{int}', propertySourceLocations = '{}', propertySourceProperties = '{org.springframework.boot.test.context.SpringBootTestContextBootstrapper=true}', contextCustomizers = set[org.spockframework.spring.mock.SpockContextCustomizer@0, org.springframework.boot.test.autoconfigure.properties.PropertyMappingContextCustomizer@0, org.springframework.boot.test.autoconfigure.web.servlet.WebDriverContextCustomizerFactory$Customizer@48db58e, org.springframework.boot.test.context.filter.ExcludeFilterContextCustomizer@59323de6, org.springframework.boot.test.json.DuplicateJsonObjectContextCustomizerFactory$DuplicateJsonObjectContextCustomizer@6a0ffa3e, org.springframework.boot.test.mock.mockito.MockitoContextCustomizer@0, org.springframework.boot.test.web.client.TestRestTemplateContextCustomizer@49aecf08], resourceBasePath = 'src/main/webapp', contextLoader = 'org.springframework.boot.test.context.SpringBootContextLoader', parent = [null]]]
2021-11-26 18:42:38.975 DEBUG 38388 --- [    Test worker] org.springframework.test.context.cache   : Spring test ApplicationContext cache statistics: [DefaultContextCache@2fb6ab0d size = 1, maxSize = 32, parentContextCount = 0, hitCount = 24, missCount = 1]
2021-11-26 18:42:38.975 DEBUG 38388 --- [    Test worker] o.s.t.c.w.ServletTestExecutionListener   : Setting up MockHttpServletRequest, MockHttpServletResponse, ServletWebRequest, and RequestContextHolder for test context [DefaultTestContext@4941bdb5 testClass = GetCashLockSpec, testInstance = com.loyalty.avenger.cashlock.specification.GetCashLockSpec@35fb981a, testMethod = [null], testException = [null], mergedContextConfiguration = [WebMergedContextConfiguration@6d50af18 testClass = GetCashLockSpec, locations = '{}', classes = '{class com.loyalty.avenger.cashlock.components.TestApplication, class com.loyalty.avenger.cashlock.components.TestApplication}', contextInitializerClasses = '[]', activeProfiles = '{int}', propertySourceLocations = '{}', propertySourceProperties = '{org.springframework.boot.test.context.SpringBootTestContextBootstrapper=true}', contextCustomizers = set[org.spockframework.spring.mock.SpockContextCustomizer@0, org.springframework.boot.test.autoconfigure.properties.PropertyMappingContextCustomizer@0, org.springframework.boot.test.autoconfigure.web.servlet.WebDriverContextCustomizerFactory$Customizer@48db58e, org.springframework.boot.test.context.filter.ExcludeFilterContextCustomizer@59323de6, org.springframework.boot.test.json.DuplicateJsonObjectContextCustomizerFactory$DuplicateJsonObjectContextCustomizer@6a0ffa3e, org.springframework.boot.test.mock.mockito.MockitoContextCustomizer@0, org.springframework.boot.test.web.client.TestRestTemplateContextCustomizer@49aecf08], resourceBasePath = 'src/main/webapp', contextLoader = 'org.springframework.boot.test.context.SpringBootContextLoader', parent = [null]], attributes = map['org.springframework.test.context.web.ServletTestExecutionListener.activateListener' -> true, 'org.spockframework.spring.SpringMockTestExecutionListener.MOCKED_BEANS_LIST' -> list[[empty]], 'org.springframework.test.context.support.DependencyInjectionTestExecutionListener.reinjectDependencies' -> true]].
2021-11-26 18:42:38.976 DEBUG 38388 --- [    Test worker] DependencyInjectionTestExecutionListener : Performing dependency injection for test context [[DefaultTestContext@4941bdb5 testClass = GetCashLockSpec, testInstance = com.loyalty.avenger.cashlock.specification.GetCashLockSpec@35fb981a, testMethod = [null], testException = [null], mergedContextConfiguration = [WebMergedContextConfiguration@6d50af18 testClass = GetCashLockSpec, locations = '{}', classes = '{class com.loyalty.avenger.cashlock.components.TestApplication, class com.loyalty.avenger.cashlock.components.TestApplication}', contextInitializerClasses = '[]', activeProfiles = '{int}', propertySourceLocations = '{}', propertySourceProperties = '{org.springframework.boot.test.context.SpringBootTestContextBootstrapper=true}', contextCustomizers = set[org.spockframework.spring.mock.SpockContextCustomizer@0, org.springframework.boot.test.autoconfigure.properties.PropertyMappingContextCustomizer@0, org.springframework.boot.test.autoconfigure.web.servlet.WebDriverContextCustomizerFactory$Customizer@48db58e, org.springframework.boot.test.context.filter.ExcludeFilterContextCustomizer@59323de6, org.springframework.boot.test.json.DuplicateJsonObjectContextCustomizerFactory$DuplicateJsonObjectContextCustomizer@6a0ffa3e, org.springframework.boot.test.mock.mockito.MockitoContextCustomizer@0, org.springframework.boot.test.web.client.TestRestTemplateContextCustomizer@49aecf08], resourceBasePath = 'src/main/webapp', contextLoader = 'org.springframework.boot.test.context.SpringBootContextLoader', parent = [null]], attributes = map['org.springframework.test.context.web.ServletTestExecutionListener.activateListener' -> true, 'org.spockframework.spring.SpringMockTestExecutionListener.MOCKED_BEANS_LIST' -> list[[empty]], 'org.springframework.test.context.web.ServletTestExecutionListener.populatedRequestContextHolder' -> true, 'org.springframework.test.context.web.ServletTestExecutionListener.resetRequestContextHolder' -> true, 'org.springframework.test.context.support.DependencyInjectionTestExecutionListener.reinjectDependencies' -> true]]].
2021-11-26 18:42:38.977 DEBUG 38388 --- [    Test worker] c.DefaultCacheAwareContextLoaderDelegate : Retrieved ApplicationContext from cache with key [[WebMergedContextConfiguration@6d50af18 testClass = GetCashLockSpec, locations = '{}', classes = '{class com.loyalty.avenger.cashlock.components.TestApplication, class com.loyalty.avenger.cashlock.components.TestApplication}', contextInitializerClasses = '[]', activeProfiles = '{int}', propertySourceLocations = '{}', propertySourceProperties = '{org.springframework.boot.test.context.SpringBootTestContextBootstrapper=true}', contextCustomizers = set[org.spockframework.spring.mock.SpockContextCustomizer@0, org.springframework.boot.test.autoconfigure.properties.PropertyMappingContextCustomizer@0, org.springframework.boot.test.autoconfigure.web.servlet.WebDriverContextCustomizerFactory$Customizer@48db58e, org.springframework.boot.test.context.filter.ExcludeFilterContextCustomizer@59323de6, org.springframework.boot.test.json.DuplicateJsonObjectContextCustomizerFactory$DuplicateJsonObjectContextCustomizer@6a0ffa3e, org.springframework.boot.test.mock.mockito.MockitoContextCustomizer@0, org.springframework.boot.test.web.client.TestRestTemplateContextCustomizer@49aecf08], resourceBasePath = 'src/main/webapp', contextLoader = 'org.springframework.boot.test.context.SpringBootContextLoader', parent = [null]]]
2021-11-26 18:42:38.977 DEBUG 38388 --- [    Test worker] org.springframework.test.context.cache   : Spring test ApplicationContext cache statistics: [DefaultContextCache@2fb6ab0d size = 1, maxSize = 32, parentContextCount = 0, hitCount = 25, missCount = 1]
2021-11-26 18:42:38.978 DEBUG 38388 --- [    Test worker] c.DefaultCacheAwareContextLoaderDelegate : Retrieved ApplicationContext from cache with key [[WebMergedContextConfiguration@6d50af18 testClass = GetCashLockSpec, locations = '{}', classes = '{class com.loyalty.avenger.cashlock.components.TestApplication, class com.loyalty.avenger.cashlock.components.TestApplication}', contextInitializerClasses = '[]', activeProfiles = '{int}', propertySourceLocations = '{}', propertySourceProperties = '{org.springframework.boot.test.context.SpringBootTestContextBootstrapper=true}', contextCustomizers = set[org.spockframework.spring.mock.SpockContextCustomizer@0, org.springframework.boot.test.autoconfigure.properties.PropertyMappingContextCustomizer@0, org.springframework.boot.test.autoconfigure.web.servlet.WebDriverContextCustomizerFactory$Customizer@48db58e, org.springframework.boot.test.context.filter.ExcludeFilterContextCustomizer@59323de6, org.springframework.boot.test.json.DuplicateJsonObjectContextCustomizerFactory$DuplicateJsonObjectContextCustomizer@6a0ffa3e, org.springframework.boot.test.mock.mockito.MockitoContextCustomizer@0, org.springframework.boot.test.web.client.TestRestTemplateContextCustomizer@49aecf08], resourceBasePath = 'src/main/webapp', contextLoader = 'org.springframework.boot.test.context.SpringBootContextLoader', parent = [null]]]
2021-11-26 18:42:38.978 DEBUG 38388 --- [    Test worker] org.springframework.test.context.cache   : Spring test ApplicationContext cache statistics: [DefaultContextCache@2fb6ab0d size = 1, maxSize = 32, parentContextCount = 0, hitCount = 26, missCount = 1]
2021-11-26 18:42:38.978 DEBUG 38388 --- [    Test worker] tractDirtiesContextTestExecutionListener : Before test method: context [DefaultTestContext@4941bdb5 testClass = GetCashLockSpec, testInstance = com.loyalty.avenger.cashlock.specification.GetCashLockSpec@35fb981a, testMethod = $spock_feature_1_3@GetCashLockSpec, testException = [null], mergedContextConfiguration = [WebMergedContextConfiguration@6d50af18 testClass = GetCashLockSpec, locations = '{}', classes = '{class com.loyalty.avenger.cashlock.components.TestApplication, class com.loyalty.avenger.cashlock.components.TestApplication}', contextInitializerClasses = '[]', activeProfiles = '{int}', propertySourceLocations = '{}', propertySourceProperties = '{org.springframework.boot.test.context.SpringBootTestContextBootstrapper=true}', contextCustomizers = set[org.spockframework.spring.mock.SpockContextCustomizer@0, org.springframework.boot.test.autoconfigure.properties.PropertyMappingContextCustomizer@0, org.springframework.boot.test.autoconfigure.web.servlet.WebDriverContextCustomizerFactory$Customizer@48db58e, org.springframework.boot.test.context.filter.ExcludeFilterContextCustomizer@59323de6, org.springframework.boot.test.json.DuplicateJsonObjectContextCustomizerFactory$DuplicateJsonObjectContextCustomizer@6a0ffa3e, org.springframework.boot.test.mock.mockito.MockitoContextCustomizer@0, org.springframework.boot.test.web.client.TestRestTemplateContextCustomizer@49aecf08], resourceBasePath = 'src/main/webapp', contextLoader = 'org.springframework.boot.test.context.SpringBootContextLoader', parent = [null]], attributes = map['org.springframework.test.context.web.ServletTestExecutionListener.activateListener' -> true, 'org.spockframework.spring.SpringMockTestExecutionListener.MOCKED_BEANS_LIST' -> list[[empty]], 'org.springframework.test.context.web.ServletTestExecutionListener.populatedRequestContextHolder' -> true, 'org.springframework.test.context.web.ServletTestExecutionListener.resetRequestContextHolder' -> true]], class annotated with @DirtiesContext [false] with mode [null], method annotated with @DirtiesContext [false] with mode [null].
2021-11-26 18:42:38.981 DEBUG 38388 --- [    Test worker] c.DefaultCacheAwareContextLoaderDelegate : Retrieved ApplicationContext from cache with key [[WebMergedContextConfiguration@6d50af18 testClass = GetCashLockSpec, locations = '{}', classes = '{class com.loyalty.avenger.cashlock.components.TestApplication, class com.loyalty.avenger.cashlock.components.TestApplication}', contextInitializerClasses = '[]', activeProfiles = '{int}', propertySourceLocations = '{}', propertySourceProperties = '{org.springframework.boot.test.context.SpringBootTestContextBootstrapper=true}', contextCustomizers = set[org.spockframework.spring.mock.SpockContextCustomizer@0, org.springframework.boot.test.autoconfigure.properties.PropertyMappingContextCustomizer@0, org.springframework.boot.test.autoconfigure.web.servlet.WebDriverContextCustomizerFactory$Customizer@48db58e, org.springframework.boot.test.context.filter.ExcludeFilterContextCustomizer@59323de6, org.springframework.boot.test.json.DuplicateJsonObjectContextCustomizerFactory$DuplicateJsonObjectContextCustomizer@6a0ffa3e, org.springframework.boot.test.mock.mockito.MockitoContextCustomizer@0, org.springframework.boot.test.web.client.TestRestTemplateContextCustomizer@49aecf08], resourceBasePath = 'src/main/webapp', contextLoader = 'org.springframework.boot.test.context.SpringBootContextLoader', parent = [null]]]
2021-11-26 18:42:38.981 DEBUG 38388 --- [    Test worker] org.springframework.test.context.cache   : Spring test ApplicationContext cache statistics: [DefaultContextCache@2fb6ab0d size = 1, maxSize = 32, parentContextCount = 0, hitCount = 27, missCount = 1]
2021-11-26 18:42:38.982 DEBUG 38388 --- [    Test worker] c.DefaultCacheAwareContextLoaderDelegate : Retrieved ApplicationContext from cache with key [[WebMergedContextConfiguration@6d50af18 testClass = GetCashLockSpec, locations = '{}', classes = '{class com.loyalty.avenger.cashlock.components.TestApplication, class com.loyalty.avenger.cashlock.components.TestApplication}', contextInitializerClasses = '[]', activeProfiles = '{int}', propertySourceLocations = '{}', propertySourceProperties = '{org.springframework.boot.test.context.SpringBootTestContextBootstrapper=true}', contextCustomizers = set[org.spockframework.spring.mock.SpockContextCustomizer@0, org.springframework.boot.test.autoconfigure.properties.PropertyMappingContextCustomizer@0, org.springframework.boot.test.autoconfigure.web.servlet.WebDriverContextCustomizerFactory$Customizer@48db58e, org.springframework.boot.test.context.filter.ExcludeFilterContextCustomizer@59323de6, org.springframework.boot.test.json.DuplicateJsonObjectContextCustomizerFactory$DuplicateJsonObjectContextCustomizer@6a0ffa3e, org.springframework.boot.test.mock.mockito.MockitoContextCustomizer@0, org.springframework.boot.test.web.client.TestRestTemplateContextCustomizer@49aecf08], resourceBasePath = 'src/main/webapp', contextLoader = 'org.springframework.boot.test.context.SpringBootContextLoader', parent = [null]]]
2021-11-26 18:42:38.982 DEBUG 38388 --- [    Test worker] org.springframework.test.context.cache   : Spring test ApplicationContext cache statistics: [DefaultContextCache@2fb6ab0d size = 1, maxSize = 32, parentContextCount = 0, hitCount = 28, missCount = 1]
2021-11-26 18:42:38.984 DEBUG 38388 --- [    Test worker] o.s.jdbc.core.JdbcTemplate               : Executing SQL query [select mem.member_id
from cpm.cpm_member mem
join cpm.cpm_customer cu
on mem.customer_id = cu.customer_id
JOIN CPM.cpm_member_card mc
ON mc.member_id=mem.member_id
join cpm.cpm_mbr_earning_pref mep
on mep.member_id = mem.member_id
join cpm.cpm_mbr_opt_in_pref f
on f.member_id = mem.member_id
and mem.`status` = 31
and mem.is_ghost = '0' 
and f.category = 4 
and f.sub_category = 36 
and mem.test_member = 0
and mep.earning_ratio != 100
and mem.membership_type != 829
and mem.member_id < 90000000000
and cu.email not in ('abc@abc.com', 'test@test.com', 'hellothere@gmail.com', 'CoUZM@gmai', 'CoUZM@gmail.com', 'abc^&amp;@#@loyalty.com', 'lvukadin@loyalty.com', 'awcawec@aedcace.cas', 'jbulatao@loyalty.com', 'jhellinga@loyalty.com', 'abc@loyalty.com', '15ekha@loyalty.com', 'test@loyalty.com')
and cu.email like '%_@__%.___%'
and mep.is_active = 1
limit 100]
2021-11-26 18:42:38.984 DEBUG 38388 --- [    Test worker] o.s.jdbc.datasource.DataSourceUtils      : Fetching JDBC Connection from DataSource
2021-11-26 18:42:39.156  INFO 38388 --- [    Test worker] c.l.a.cashlock.components.util.Logger    : 

[TEST AUTOMATION]
Card Number: 80000007717, New Security Pin: 1111

2021-11-26 18:43:19.171  INFO 38388 --- [    Test worker] c.l.a.cashlock.components.util.Logger    : 

[TEST AUTOMATION]
URI: https://oauth-int.airmiles.ca/oauth/token
Body Parameters: grant_type=password&client_id=nRGyXItWmxlCgGf0CG2aj8XFk069TFa9&audience=https%3A%2F%2Fmembers.loyalty.com&client_secret=Y0YOqWqx9pmdYMNk-f72zDNdIfOkYPxJCL9tjuZBGVZajArlvZqs8RsGLxqdkDuc&username=80000007717&password=1111&channel=WEB

2021-11-26 18:43:19.676  WARN 38388 --- [    Test worker] o.a.h.c.protocol.ResponseProcessCookies  : Invalid cookie header: "Set-Cookie: did=s%3Av0%3Aa24b4410-4f12-11ec-8d09-71395ed4dbfc.k4H5v7yX7mplRFR7Lz7dg7g2%2BGVnu5veFQTFyUz1EHI; Max-Age=31557600; Path=/; Expires=Sun, 27 Nov 2022 05:43:19 GMT; HttpOnly; Secure; SameSite=None". Invalid 'expires' attribute: Sun, 27 Nov 2022 05:43:19 GMT
2021-11-26 18:43:19.676  WARN 38388 --- [    Test worker] o.a.h.c.protocol.ResponseProcessCookies  : Invalid cookie header: "Set-Cookie: did_compat=s%3Av0%3Aa24b4410-4f12-11ec-8d09-71395ed4dbfc.k4H5v7yX7mplRFR7Lz7dg7g2%2BGVnu5veFQTFyUz1EHI; Max-Age=31557600; Path=/; Expires=Sun, 27 Nov 2022 05:43:19 GMT; HttpOnly; Secure". Invalid 'expires' attribute: Sun, 27 Nov 2022 05:43:19 GMT
2021-11-26 18:43:19.677  INFO 38388 --- [    Test worker] c.l.a.cashlock.components.util.Logger    : 

[TEST AUTOMATION]
Access token: eyJhbGciOiJSUzI1NiIsInR5cCI6IkpXVCIsImtpZCI6IlFqSkNOVVZHTVVVMk1rWkVRamcyTURsRk4wVTVOREF5UmpnM01UUXpOemsxTmpnM056UXdOUSJ9.eyJodHRwczovL21lbWJlcnMubG95YWx0eS5jb20vdmVyc2lvbiI6IjIiLCJodHRwczovL21lbWJlcnMubG95YWx0eS5jb20vbWVtYmVySWQiOiI0MjBjNTNhMC02N2YwLTM0NWUtODYzMS01M2MzNDM4ZjZjNmUiLCJodHRwczovL21lbWJlcnMubG95YWx0eS5jb20vY29sbGVjdG9yTnVtYmVyIjoiODAwMDAwMDc3MTciLCJodHRwczovL21lbWJlcnMubG95YWx0eS5jb20vaW5mb3JtYXRpb25TdXBwcmVzc2lvbiI6ZmFsc2UsImh0dHBzOi8vbWVtYmVycy5sb3lhbHR5LmNvbS9pc0F1dGhlbnRpY2F0ZWQiOnRydWUsImlzcyI6Imh0dHBzOi8vb2F1dGgtaW50LmFpcm1pbGVzLmNhLyIsInN1YiI6ImF1dGgwfHYyLTgwMDAwMDA3NzE3IiwiYXVkIjoiaHR0cHM6Ly9tZW1iZXJzLmxveWFsdHkuY29tIiwiaWF0IjoxNjM3OTcwMTk5LCJleHAiOjE2Mzc5NzA3OTksImF6cCI6Im5SR3lYSXRXbXhsQ2dHZjBDRzJhajhYRmswNjlURmE5Iiwic2NvcGUiOiJtZW1iZXJiYW5uZXIiLCJndHkiOiJwYXNzd29yZCJ9.Zf2W8IAD28z9-dSea1IUPuPF-tEcgYJO_0oj40uQfIRZAWVvmmkRp5fhGX67UgE21ksIGq7e-XQmlc6LokR7fBoeDY8C8BFy9osRTaHGZJTysvKmwKxIyKN1g03XNW420U2ECwP7-LhpmRULcHuE3A8m2tQdb9lvnxZ2Lenwkqkrz58kyrsZYcb7Cbe0A4xhnkruLKWPfmFIBiLoZRqjMQM-afej93Pi15GgIvWk69U5tSA2YnXwhszQtp6qXZceao8ESAK_FEN8PLWwLOVga33c24k41nwt4OQmnwEOuUMK3pSJW4cCu0GD-67aUX_urcJgG5RqKyrgNTHmFZ1ETw

2021-11-26 18:43:19.678  INFO 38388 --- [    Test worker] c.l.a.cashlock.components.util.Logger    : 

[TEST AUTOMATION]
URI: https://int.airmilesapis.ca/member-preference/cash-lock
Body Parameters: {"cashRedemptionLocked":"false"}

{"cashRedemptionLocked":"false"}
2021-11-26 18:43:19.917  INFO 38388 --- [    Test worker] c.l.a.cashlock.components.util.Logger    : 

[TEST AUTOMATION]
Status Code
Expected Result Data: 200
Actual  Result  Data: 200

2021-11-26 18:43:19.918  INFO 38388 --- [    Test worker] c.l.a.cashlock.components.util.Logger    : 

[TEST AUTOMATION]
cashRedemptionLocked
Expected Result Data: false
Actual  Result  Data: false

2021-11-26 18:43:19.918  INFO 38388 --- [    Test worker] c.l.a.cashlock.components.util.Logger    : 

[TEST AUTOMATION]
URI: https://int.airmilesapis.ca/member-preference/cash-lock


2021-11-26 18:43:20.148  INFO 38388 --- [    Test worker] c.l.a.cashlock.components.util.Logger    : 

[TEST AUTOMATION]
Status Code
Expected Result Data: 200
Actual  Result  Data: 200

2021-11-26 18:43:20.149  INFO 38388 --- [    Test worker] c.l.a.cashlock.components.util.Logger    : 

[TEST AUTOMATION]
cashRedemptionLocked
Expected Result Data: false
Actual  Result  Data: false

2021-11-26 18:43:20.149 DEBUG 38388 --- [    Test worker] c.DefaultCacheAwareContextLoaderDelegate : Retrieved ApplicationContext from cache with key [[WebMergedContextConfiguration@6d50af18 testClass = GetCashLockSpec, locations = '{}', classes = '{class com.loyalty.avenger.cashlock.components.TestApplication, class com.loyalty.avenger.cashlock.components.TestApplication}', contextInitializerClasses = '[]', activeProfiles = '{int}', propertySourceLocations = '{}', propertySourceProperties = '{org.springframework.boot.test.context.SpringBootTestContextBootstrapper=true}', contextCustomizers = set[org.spockframework.spring.mock.SpockContextCustomizer@0, org.springframework.boot.test.autoconfigure.properties.PropertyMappingContextCustomizer@0, org.springframework.boot.test.autoconfigure.web.servlet.WebDriverContextCustomizerFactory$Customizer@48db58e, org.springframework.boot.test.context.filter.ExcludeFilterContextCustomizer@59323de6, org.springframework.boot.test.json.DuplicateJsonObjectContextCustomizerFactory$DuplicateJsonObjectContextCustomizer@6a0ffa3e, org.springframework.boot.test.mock.mockito.MockitoContextCustomizer@0, org.springframework.boot.test.web.client.TestRestTemplateContextCustomizer@49aecf08], resourceBasePath = 'src/main/webapp', contextLoader = 'org.springframework.boot.test.context.SpringBootContextLoader', parent = [null]]]
2021-11-26 18:43:20.149 DEBUG 38388 --- [    Test worker] org.springframework.test.context.cache   : Spring test ApplicationContext cache statistics: [DefaultContextCache@2fb6ab0d size = 1, maxSize = 32, parentContextCount = 0, hitCount = 29, missCount = 1]
2021-11-26 18:43:20.150 DEBUG 38388 --- [    Test worker] c.DefaultCacheAwareContextLoaderDelegate : Retrieved ApplicationContext from cache with key [[WebMergedContextConfiguration@6d50af18 testClass = GetCashLockSpec, locations = '{}', classes = '{class com.loyalty.avenger.cashlock.components.TestApplication, class com.loyalty.avenger.cashlock.components.TestApplication}', contextInitializerClasses = '[]', activeProfiles = '{int}', propertySourceLocations = '{}', propertySourceProperties = '{org.springframework.boot.test.context.SpringBootTestContextBootstrapper=true}', contextCustomizers = set[org.spockframework.spring.mock.SpockContextCustomizer@0, org.springframework.boot.test.autoconfigure.properties.PropertyMappingContextCustomizer@0, org.springframework.boot.test.autoconfigure.web.servlet.WebDriverContextCustomizerFactory$Customizer@48db58e, org.springframework.boot.test.context.filter.ExcludeFilterContextCustomizer@59323de6, org.springframework.boot.test.json.DuplicateJsonObjectContextCustomizerFactory$DuplicateJsonObjectContextCustomizer@6a0ffa3e, org.springframework.boot.test.mock.mockito.MockitoContextCustomizer@0, org.springframework.boot.test.web.client.TestRestTemplateContextCustomizer@49aecf08], resourceBasePath = 'src/main/webapp', contextLoader = 'org.springframework.boot.test.context.SpringBootContextLoader', parent = [null]]]
2021-11-26 18:43:20.150 DEBUG 38388 --- [    Test worker] org.springframework.test.context.cache   : Spring test ApplicationContext cache statistics: [DefaultContextCache@2fb6ab0d size = 1, maxSize = 32, parentContextCount = 0, hitCount = 30, missCount = 1]
2021-11-26 18:43:20.150 DEBUG 38388 --- [    Test worker] c.DefaultCacheAwareContextLoaderDelegate : Retrieved ApplicationContext from cache with key [[WebMergedContextConfiguration@6d50af18 testClass = GetCashLockSpec, locations = '{}', classes = '{class com.loyalty.avenger.cashlock.components.TestApplication, class com.loyalty.avenger.cashlock.components.TestApplication}', contextInitializerClasses = '[]', activeProfiles = '{int}', propertySourceLocations = '{}', propertySourceProperties = '{org.springframework.boot.test.context.SpringBootTestContextBootstrapper=true}', contextCustomizers = set[org.spockframework.spring.mock.SpockContextCustomizer@0, org.springframework.boot.test.autoconfigure.properties.PropertyMappingContextCustomizer@0, org.springframework.boot.test.autoconfigure.web.servlet.WebDriverContextCustomizerFactory$Customizer@48db58e, org.springframework.boot.test.context.filter.ExcludeFilterContextCustomizer@59323de6, org.springframework.boot.test.json.DuplicateJsonObjectContextCustomizerFactory$DuplicateJsonObjectContextCustomizer@6a0ffa3e, org.springframework.boot.test.mock.mockito.MockitoContextCustomizer@0, org.springframework.boot.test.web.client.TestRestTemplateContextCustomizer@49aecf08], resourceBasePath = 'src/main/webapp', contextLoader = 'org.springframework.boot.test.context.SpringBootContextLoader', parent = [null]]]
2021-11-26 18:43:20.150 DEBUG 38388 --- [    Test worker] org.springframework.test.context.cache   : Spring test ApplicationContext cache statistics: [DefaultContextCache@2fb6ab0d size = 1, maxSize = 32, parentContextCount = 0, hitCount = 31, missCount = 1]
2021-11-26 18:43:20.152 DEBUG 38388 --- [    Test worker] tractDirtiesContextTestExecutionListener : After test method: context [DefaultTestContext@4941bdb5 testClass = GetCashLockSpec, testInstance = com.loyalty.avenger.cashlock.specification.GetCashLockSpec@35fb981a, testMethod = $spock_feature_1_3@GetCashLockSpec, testException = [null], mergedContextConfiguration = [WebMergedContextConfiguration@6d50af18 testClass = GetCashLockSpec, locations = '{}', classes = '{class com.loyalty.avenger.cashlock.components.TestApplication, class com.loyalty.avenger.cashlock.components.TestApplication}', contextInitializerClasses = '[]', activeProfiles = '{int}', propertySourceLocations = '{}', propertySourceProperties = '{org.springframework.boot.test.context.SpringBootTestContextBootstrapper=true}', contextCustomizers = set[org.spockframework.spring.mock.SpockContextCustomizer@0, org.springframework.boot.test.autoconfigure.properties.PropertyMappingContextCustomizer@0, org.springframework.boot.test.autoconfigure.web.servlet.WebDriverContextCustomizerFactory$Customizer@48db58e, org.springframework.boot.test.context.filter.ExcludeFilterContextCustomizer@59323de6, org.springframework.boot.test.json.DuplicateJsonObjectContextCustomizerFactory$DuplicateJsonObjectContextCustomizer@6a0ffa3e, org.springframework.boot.test.mock.mockito.MockitoContextCustomizer@0, org.springframework.boot.test.web.client.TestRestTemplateContextCustomizer@49aecf08], resourceBasePath = 'src/main/webapp', contextLoader = 'org.springframework.boot.test.context.SpringBootContextLoader', parent = [null]], attributes = map['org.springframework.test.context.web.ServletTestExecutionListener.activateListener' -> true, 'org.spockframework.spring.SpringMockTestExecutionListener.MOCKED_BEANS_LIST' -> list[[empty]], 'org.springframework.test.context.web.ServletTestExecutionListener.populatedRequestContextHolder' -> true, 'org.springframework.test.context.web.ServletTestExecutionListener.resetRequestContextHolder' -> true]], class annotated with @DirtiesContext [false] with mode [null], method annotated with @DirtiesContext [false] with mode [null].
2021-11-26 18:43:20.152 DEBUG 38388 --- [    Test worker] o.s.t.c.w.ServletTestExecutionListener   : Resetting RequestContextHolder for test context [DefaultTestContext@4941bdb5 testClass = GetCashLockSpec, testInstance = com.loyalty.avenger.cashlock.specification.GetCashLockSpec@35fb981a, testMethod = $spock_feature_1_3@GetCashLockSpec, testException = [null], mergedContextConfiguration = [WebMergedContextConfiguration@6d50af18 testClass = GetCashLockSpec, locations = '{}', classes = '{class com.loyalty.avenger.cashlock.components.TestApplication, class com.loyalty.avenger.cashlock.components.TestApplication}', contextInitializerClasses = '[]', activeProfiles = '{int}', propertySourceLocations = '{}', propertySourceProperties = '{org.springframework.boot.test.context.SpringBootTestContextBootstrapper=true}', contextCustomizers = set[org.spockframework.spring.mock.SpockContextCustomizer@0, org.springframework.boot.test.autoconfigure.properties.PropertyMappingContextCustomizer@0, org.springframework.boot.test.autoconfigure.web.servlet.WebDriverContextCustomizerFactory$Customizer@48db58e, org.springframework.boot.test.context.filter.ExcludeFilterContextCustomizer@59323de6, org.springframework.boot.test.json.DuplicateJsonObjectContextCustomizerFactory$DuplicateJsonObjectContextCustomizer@6a0ffa3e, org.springframework.boot.test.mock.mockito.MockitoContextCustomizer@0, org.springframework.boot.test.web.client.TestRestTemplateContextCustomizer@49aecf08], resourceBasePath = 'src/main/webapp', contextLoader = 'org.springframework.boot.test.context.SpringBootContextLoader', parent = [null]], attributes = map['org.springframework.test.context.web.ServletTestExecutionListener.activateListener' -> true, 'org.spockframework.spring.SpringMockTestExecutionListener.MOCKED_BEANS_LIST' -> list[[empty]], 'org.springframework.test.context.web.ServletTestExecutionListener.populatedRequestContextHolder' -> true, 'org.springframework.test.context.web.ServletTestExecutionListener.resetRequestContextHolder' -> true]].
2021-11-26 18:43:20.152 DEBUG 38388 --- [    Test worker] c.DefaultCacheAwareContextLoaderDelegate : Retrieved ApplicationContext from cache with key [[WebMergedContextConfiguration@6d50af18 testClass = GetCashLockSpec, locations = '{}', classes = '{class com.loyalty.avenger.cashlock.components.TestApplication, class com.loyalty.avenger.cashlock.components.TestApplication}', contextInitializerClasses = '[]', activeProfiles = '{int}', propertySourceLocations = '{}', propertySourceProperties = '{org.springframework.boot.test.context.SpringBootTestContextBootstrapper=true}', contextCustomizers = set[org.spockframework.spring.mock.SpockContextCustomizer@0, org.springframework.boot.test.autoconfigure.properties.PropertyMappingContextCustomizer@0, org.springframework.boot.test.autoconfigure.web.servlet.WebDriverContextCustomizerFactory$Customizer@48db58e, org.springframework.boot.test.context.filter.ExcludeFilterContextCustomizer@59323de6, org.springframework.boot.test.json.DuplicateJsonObjectContextCustomizerFactory$DuplicateJsonObjectContextCustomizer@6a0ffa3e, org.springframework.boot.test.mock.mockito.MockitoContextCustomizer@0, org.springframework.boot.test.web.client.TestRestTemplateContextCustomizer@49aecf08], resourceBasePath = 'src/main/webapp', contextLoader = 'org.springframework.boot.test.context.SpringBootContextLoader', parent = [null]]]
2021-11-26 18:43:20.152 DEBUG 38388 --- [    Test worker] org.springframework.test.context.cache   : Spring test ApplicationContext cache statistics: [DefaultContextCache@2fb6ab0d size = 1, maxSize = 32, parentContextCount = 0, hitCount = 32, missCount = 1]
2021-11-26 18:43:20.152 DEBUG 38388 --- [    Test worker] o.s.t.c.w.ServletTestExecutionListener   : Setting up MockHttpServletRequest, MockHttpServletResponse, ServletWebRequest, and RequestContextHolder for test context [DefaultTestContext@4941bdb5 testClass = GetCashLockSpec, testInstance = com.loyalty.avenger.cashlock.specification.GetCashLockSpec@24ee028e, testMethod = [null], testException = [null], mergedContextConfiguration = [WebMergedContextConfiguration@6d50af18 testClass = GetCashLockSpec, locations = '{}', classes = '{class com.loyalty.avenger.cashlock.components.TestApplication, class com.loyalty.avenger.cashlock.components.TestApplication}', contextInitializerClasses = '[]', activeProfiles = '{int}', propertySourceLocations = '{}', propertySourceProperties = '{org.springframework.boot.test.context.SpringBootTestContextBootstrapper=true}', contextCustomizers = set[org.spockframework.spring.mock.SpockContextCustomizer@0, org.springframework.boot.test.autoconfigure.properties.PropertyMappingContextCustomizer@0, org.springframework.boot.test.autoconfigure.web.servlet.WebDriverContextCustomizerFactory$Customizer@48db58e, org.springframework.boot.test.context.filter.ExcludeFilterContextCustomizer@59323de6, org.springframework.boot.test.json.DuplicateJsonObjectContextCustomizerFactory$DuplicateJsonObjectContextCustomizer@6a0ffa3e, org.springframework.boot.test.mock.mockito.MockitoContextCustomizer@0, org.springframework.boot.test.web.client.TestRestTemplateContextCustomizer@49aecf08], resourceBasePath = 'src/main/webapp', contextLoader = 'org.springframework.boot.test.context.SpringBootContextLoader', parent = [null]], attributes = map['org.springframework.test.context.web.ServletTestExecutionListener.activateListener' -> true, 'org.spockframework.spring.SpringMockTestExecutionListener.MOCKED_BEANS_LIST' -> list[[empty]], 'org.springframework.test.context.support.DependencyInjectionTestExecutionListener.reinjectDependencies' -> true]].
2021-11-26 18:43:20.153 DEBUG 38388 --- [    Test worker] DependencyInjectionTestExecutionListener : Performing dependency injection for test context [[DefaultTestContext@4941bdb5 testClass = GetCashLockSpec, testInstance = com.loyalty.avenger.cashlock.specification.GetCashLockSpec@24ee028e, testMethod = [null], testException = [null], mergedContextConfiguration = [WebMergedContextConfiguration@6d50af18 testClass = GetCashLockSpec, locations = '{}', classes = '{class com.loyalty.avenger.cashlock.components.TestApplication, class com.loyalty.avenger.cashlock.components.TestApplication}', contextInitializerClasses = '[]', activeProfiles = '{int}', propertySourceLocations = '{}', propertySourceProperties = '{org.springframework.boot.test.context.SpringBootTestContextBootstrapper=true}', contextCustomizers = set[org.spockframework.spring.mock.SpockContextCustomizer@0, org.springframework.boot.test.autoconfigure.properties.PropertyMappingContextCustomizer@0, org.springframework.boot.test.autoconfigure.web.servlet.WebDriverContextCustomizerFactory$Customizer@48db58e, org.springframework.boot.test.context.filter.ExcludeFilterContextCustomizer@59323de6, org.springframework.boot.test.json.DuplicateJsonObjectContextCustomizerFactory$DuplicateJsonObjectContextCustomizer@6a0ffa3e, org.springframework.boot.test.mock.mockito.MockitoContextCustomizer@0, org.springframework.boot.test.web.client.TestRestTemplateContextCustomizer@49aecf08], resourceBasePath = 'src/main/webapp', contextLoader = 'org.springframework.boot.test.context.SpringBootContextLoader', parent = [null]], attributes = map['org.springframework.test.context.web.ServletTestExecutionListener.activateListener' -> true, 'org.spockframework.spring.SpringMockTestExecutionListener.MOCKED_BEANS_LIST' -> list[[empty]], 'org.springframework.test.context.web.ServletTestExecutionListener.populatedRequestContextHolder' -> true, 'org.springframework.test.context.web.ServletTestExecutionListener.resetRequestContextHolder' -> true, 'org.springframework.test.context.support.DependencyInjectionTestExecutionListener.reinjectDependencies' -> true]]].
2021-11-26 18:43:20.153 DEBUG 38388 --- [    Test worker] c.DefaultCacheAwareContextLoaderDelegate : Retrieved ApplicationContext from cache with key [[WebMergedContextConfiguration@6d50af18 testClass = GetCashLockSpec, locations = '{}', classes = '{class com.loyalty.avenger.cashlock.components.TestApplication, class com.loyalty.avenger.cashlock.components.TestApplication}', contextInitializerClasses = '[]', activeProfiles = '{int}', propertySourceLocations = '{}', propertySourceProperties = '{org.springframework.boot.test.context.SpringBootTestContextBootstrapper=true}', contextCustomizers = set[org.spockframework.spring.mock.SpockContextCustomizer@0, org.springframework.boot.test.autoconfigure.properties.PropertyMappingContextCustomizer@0, org.springframework.boot.test.autoconfigure.web.servlet.WebDriverContextCustomizerFactory$Customizer@48db58e, org.springframework.boot.test.context.filter.ExcludeFilterContextCustomizer@59323de6, org.springframework.boot.test.json.DuplicateJsonObjectContextCustomizerFactory$DuplicateJsonObjectContextCustomizer@6a0ffa3e, org.springframework.boot.test.mock.mockito.MockitoContextCustomizer@0, org.springframework.boot.test.web.client.TestRestTemplateContextCustomizer@49aecf08], resourceBasePath = 'src/main/webapp', contextLoader = 'org.springframework.boot.test.context.SpringBootContextLoader', parent = [null]]]
2021-11-26 18:43:20.153 DEBUG 38388 --- [    Test worker] org.springframework.test.context.cache   : Spring test ApplicationContext cache statistics: [DefaultContextCache@2fb6ab0d size = 1, maxSize = 32, parentContextCount = 0, hitCount = 33, missCount = 1]
2021-11-26 18:43:20.154 DEBUG 38388 --- [    Test worker] c.DefaultCacheAwareContextLoaderDelegate : Retrieved ApplicationContext from cache with key [[WebMergedContextConfiguration@6d50af18 testClass = GetCashLockSpec, locations = '{}', classes = '{class com.loyalty.avenger.cashlock.components.TestApplication, class com.loyalty.avenger.cashlock.components.TestApplication}', contextInitializerClasses = '[]', activeProfiles = '{int}', propertySourceLocations = '{}', propertySourceProperties = '{org.springframework.boot.test.context.SpringBootTestContextBootstrapper=true}', contextCustomizers = set[org.spockframework.spring.mock.SpockContextCustomizer@0, org.springframework.boot.test.autoconfigure.properties.PropertyMappingContextCustomizer@0, org.springframework.boot.test.autoconfigure.web.servlet.WebDriverContextCustomizerFactory$Customizer@48db58e, org.springframework.boot.test.context.filter.ExcludeFilterContextCustomizer@59323de6, org.springframework.boot.test.json.DuplicateJsonObjectContextCustomizerFactory$DuplicateJsonObjectContextCustomizer@6a0ffa3e, org.springframework.boot.test.mock.mockito.MockitoContextCustomizer@0, org.springframework.boot.test.web.client.TestRestTemplateContextCustomizer@49aecf08], resourceBasePath = 'src/main/webapp', contextLoader = 'org.springframework.boot.test.context.SpringBootContextLoader', parent = [null]]]
2021-11-26 18:43:20.154 DEBUG 38388 --- [    Test worker] org.springframework.test.context.cache   : Spring test ApplicationContext cache statistics: [DefaultContextCache@2fb6ab0d size = 1, maxSize = 32, parentContextCount = 0, hitCount = 34, missCount = 1]
2021-11-26 18:43:20.154 DEBUG 38388 --- [    Test worker] tractDirtiesContextTestExecutionListener : Before test method: context [DefaultTestContext@4941bdb5 testClass = GetCashLockSpec, testInstance = com.loyalty.avenger.cashlock.specification.GetCashLockSpec@24ee028e, testMethod = $spock_feature_1_4@GetCashLockSpec, testException = [null], mergedContextConfiguration = [WebMergedContextConfiguration@6d50af18 testClass = GetCashLockSpec, locations = '{}', classes = '{class com.loyalty.avenger.cashlock.components.TestApplication, class com.loyalty.avenger.cashlock.components.TestApplication}', contextInitializerClasses = '[]', activeProfiles = '{int}', propertySourceLocations = '{}', propertySourceProperties = '{org.springframework.boot.test.context.SpringBootTestContextBootstrapper=true}', contextCustomizers = set[org.spockframework.spring.mock.SpockContextCustomizer@0, org.springframework.boot.test.autoconfigure.properties.PropertyMappingContextCustomizer@0, org.springframework.boot.test.autoconfigure.web.servlet.WebDriverContextCustomizerFactory$Customizer@48db58e, org.springframework.boot.test.context.filter.ExcludeFilterContextCustomizer@59323de6, org.springframework.boot.test.json.DuplicateJsonObjectContextCustomizerFactory$DuplicateJsonObjectContextCustomizer@6a0ffa3e, org.springframework.boot.test.mock.mockito.MockitoContextCustomizer@0, org.springframework.boot.test.web.client.TestRestTemplateContextCustomizer@49aecf08], resourceBasePath = 'src/main/webapp', contextLoader = 'org.springframework.boot.test.context.SpringBootContextLoader', parent = [null]], attributes = map['org.springframework.test.context.web.ServletTestExecutionListener.activateListener' -> true, 'org.spockframework.spring.SpringMockTestExecutionListener.MOCKED_BEANS_LIST' -> list[[empty]], 'org.springframework.test.context.web.ServletTestExecutionListener.populatedRequestContextHolder' -> true, 'org.springframework.test.context.web.ServletTestExecutionListener.resetRequestContextHolder' -> true]], class annotated with @DirtiesContext [false] with mode [null], method annotated with @DirtiesContext [false] with mode [null].
2021-11-26 18:43:20.155 DEBUG 38388 --- [    Test worker] c.DefaultCacheAwareContextLoaderDelegate : Retrieved ApplicationContext from cache with key [[WebMergedContextConfiguration@6d50af18 testClass = GetCashLockSpec, locations = '{}', classes = '{class com.loyalty.avenger.cashlock.components.TestApplication, class com.loyalty.avenger.cashlock.components.TestApplication}', contextInitializerClasses = '[]', activeProfiles = '{int}', propertySourceLocations = '{}', propertySourceProperties = '{org.springframework.boot.test.context.SpringBootTestContextBootstrapper=true}', contextCustomizers = set[org.spockframework.spring.mock.SpockContextCustomizer@0, org.springframework.boot.test.autoconfigure.properties.PropertyMappingContextCustomizer@0, org.springframework.boot.test.autoconfigure.web.servlet.WebDriverContextCustomizerFactory$Customizer@48db58e, org.springframework.boot.test.context.filter.ExcludeFilterContextCustomizer@59323de6, org.springframework.boot.test.json.DuplicateJsonObjectContextCustomizerFactory$DuplicateJsonObjectContextCustomizer@6a0ffa3e, org.springframework.boot.test.mock.mockito.MockitoContextCustomizer@0, org.springframework.boot.test.web.client.TestRestTemplateContextCustomizer@49aecf08], resourceBasePath = 'src/main/webapp', contextLoader = 'org.springframework.boot.test.context.SpringBootContextLoader', parent = [null]]]
2021-11-26 18:43:20.155 DEBUG 38388 --- [    Test worker] org.springframework.test.context.cache   : Spring test ApplicationContext cache statistics: [DefaultContextCache@2fb6ab0d size = 1, maxSize = 32, parentContextCount = 0, hitCount = 35, missCount = 1]
2021-11-26 18:43:20.156 DEBUG 38388 --- [    Test worker] c.DefaultCacheAwareContextLoaderDelegate : Retrieved ApplicationContext from cache with key [[WebMergedContextConfiguration@6d50af18 testClass = GetCashLockSpec, locations = '{}', classes = '{class com.loyalty.avenger.cashlock.components.TestApplication, class com.loyalty.avenger.cashlock.components.TestApplication}', contextInitializerClasses = '[]', activeProfiles = '{int}', propertySourceLocations = '{}', propertySourceProperties = '{org.springframework.boot.test.context.SpringBootTestContextBootstrapper=true}', contextCustomizers = set[org.spockframework.spring.mock.SpockContextCustomizer@0, org.springframework.boot.test.autoconfigure.properties.PropertyMappingContextCustomizer@0, org.springframework.boot.test.autoconfigure.web.servlet.WebDriverContextCustomizerFactory$Customizer@48db58e, org.springframework.boot.test.context.filter.ExcludeFilterContextCustomizer@59323de6, org.springframework.boot.test.json.DuplicateJsonObjectContextCustomizerFactory$DuplicateJsonObjectContextCustomizer@6a0ffa3e, org.springframework.boot.test.mock.mockito.MockitoContextCustomizer@0, org.springframework.boot.test.web.client.TestRestTemplateContextCustomizer@49aecf08], resourceBasePath = 'src/main/webapp', contextLoader = 'org.springframework.boot.test.context.SpringBootContextLoader', parent = [null]]]
2021-11-26 18:43:20.156 DEBUG 38388 --- [    Test worker] org.springframework.test.context.cache   : Spring test ApplicationContext cache statistics: [DefaultContextCache@2fb6ab0d size = 1, maxSize = 32, parentContextCount = 0, hitCount = 36, missCount = 1]
2021-11-26 18:43:20.157 DEBUG 38388 --- [    Test worker] o.s.jdbc.core.JdbcTemplate               : Executing SQL query [select mem.member_id
from cpm.cpm_member mem
join cpm.cpm_customer cu
on mem.customer_id = cu.customer_id
JOIN CPM.cpm_member_card mc
ON mc.member_id=mem.member_id
join cpm.cpm_mbr_earning_pref mep
on mep.member_id = mem.member_id
join cpm.cpm_mbr_opt_in_pref f
on f.member_id = mem.member_id
and mem.`status` = 31
and mem.is_ghost = '0' 
and f.category = 4 
and f.sub_category = 36 
and mem.test_member = 0
and mep.earning_ratio != 100
and mem.membership_type != 829
and mem.member_id < 90000000000
and cu.email not in ('abc@abc.com', 'test@test.com', 'hellothere@gmail.com', 'CoUZM@gmai', 'CoUZM@gmail.com', 'abc^&amp;@#@loyalty.com', 'lvukadin@loyalty.com', 'awcawec@aedcace.cas', 'jbulatao@loyalty.com', 'jhellinga@loyalty.com', 'abc@loyalty.com', '15ekha@loyalty.com', 'test@loyalty.com')
and cu.email like '%_@__%.___%'
and mep.is_active = 1
limit 100]
2021-11-26 18:43:20.157 DEBUG 38388 --- [    Test worker] o.s.jdbc.datasource.DataSourceUtils      : Fetching JDBC Connection from DataSource
2021-11-26 18:43:20.335  INFO 38388 --- [    Test worker] c.l.a.cashlock.components.util.Logger    : 

[TEST AUTOMATION]
Card Number: 80000008210, New Security Pin: 1111

2021-11-26 18:44:00.265  INFO 38388 --- [    Test worker] c.l.a.cashlock.components.util.Logger    : 

[TEST AUTOMATION]
URI: https://oauth-int.airmiles.ca/oauth/token
Body Parameters: grant_type=password&client_id=nRGyXItWmxlCgGf0CG2aj8XFk069TFa9&audience=https%3A%2F%2Fmembers.loyalty.com&client_secret=Y0YOqWqx9pmdYMNk-f72zDNdIfOkYPxJCL9tjuZBGVZajArlvZqs8RsGLxqdkDuc&username=80000008210&password=1111&channel=GRSC

2021-11-26 18:44:00.828  WARN 38388 --- [    Test worker] o.a.h.c.protocol.ResponseProcessCookies  : Invalid cookie header: "Set-Cookie: did=s%3Av0%3Abae6b450-4f12-11ec-8d09-71395ed4dbfc.JSO2WS%2BP1CgIx52VDZR2qryu2Ck%2F6ULTXxzRWOXcrtM; Max-Age=31557600; Path=/; Expires=Sun, 27 Nov 2022 05:44:00 GMT; HttpOnly; Secure; SameSite=None". Invalid 'expires' attribute: Sun, 27 Nov 2022 05:44:00 GMT
2021-11-26 18:44:00.829  WARN 38388 --- [    Test worker] o.a.h.c.protocol.ResponseProcessCookies  : Invalid cookie header: "Set-Cookie: did_compat=s%3Av0%3Abae6b450-4f12-11ec-8d09-71395ed4dbfc.JSO2WS%2BP1CgIx52VDZR2qryu2Ck%2F6ULTXxzRWOXcrtM; Max-Age=31557600; Path=/; Expires=Sun, 27 Nov 2022 05:44:00 GMT; HttpOnly; Secure". Invalid 'expires' attribute: Sun, 27 Nov 2022 05:44:00 GMT
2021-11-26 18:44:00.830  INFO 38388 --- [    Test worker] c.l.a.cashlock.components.util.Logger    : 

[TEST AUTOMATION]
Access token: eyJhbGciOiJSUzI1NiIsInR5cCI6IkpXVCIsImtpZCI6IlFqSkNOVVZHTVVVMk1rWkVRamcyTURsRk4wVTVOREF5UmpnM01UUXpOemsxTmpnM056UXdOUSJ9.eyJodHRwczovL21lbWJlcnMubG95YWx0eS5jb20vdmVyc2lvbiI6IjIiLCJodHRwczovL21lbWJlcnMubG95YWx0eS5jb20vbWVtYmVySWQiOiJiNmE0NjVjYy00OWViLTM1MTUtOTRlZi1kY2U5NjdmNzcyMDgiLCJodHRwczovL21lbWJlcnMubG95YWx0eS5jb20vY29sbGVjdG9yTnVtYmVyIjoiODAwMDAwMDgyMTAiLCJodHRwczovL21lbWJlcnMubG95YWx0eS5jb20vaW5mb3JtYXRpb25TdXBwcmVzc2lvbiI6ZmFsc2UsImh0dHBzOi8vbWVtYmVycy5sb3lhbHR5LmNvbS9pc0F1dGhlbnRpY2F0ZWQiOnRydWUsImlzcyI6Imh0dHBzOi8vb2F1dGgtaW50LmFpcm1pbGVzLmNhLyIsInN1YiI6ImF1dGgwfHYyLTgwMDAwMDA4MjEwIiwiYXVkIjoiaHR0cHM6Ly9tZW1iZXJzLmxveWFsdHkuY29tIiwiaWF0IjoxNjM3OTcwMjQwLCJleHAiOjE2Mzc5NzA4NDAsImF6cCI6Im5SR3lYSXRXbXhsQ2dHZjBDRzJhajhYRmswNjlURmE5Iiwic2NvcGUiOiJtZW1iZXJiYW5uZXIiLCJndHkiOiJwYXNzd29yZCJ9.MHKQLGk6Jm0Y92qHyirQ2HhJe4U_YXPSad74FNresmUB8OBTOClQFLXmHXkmjEpH1D8T1MTgqToTXeuuKyxtyxJQzS2mfnh0YKJzhi4ueyXClTvE_qfI5W-JzEL42XTZfj9LX8N0hGx934TpU2f5cmmEdmmPYwSNIaqMLWG98PBxSuMIz1BV1iiI9yRnDj6rlA2jjb4vd9_LVlc7hNt7Y064SdfYMJlRSyhjO_pZjDXzXRi5KmNEaHWza0nR29yOHOURHGmpZfL2OT_0xUsplrx2srBh7sdft8h0QZRhGAYQKoUcUtseBx_hTUILKoeOZUuADpt8VKtGoUZxL7AQ6A

2021-11-26 18:44:00.831  INFO 38388 --- [    Test worker] c.l.a.cashlock.components.util.Logger    : 

[TEST AUTOMATION]
URI: https://int.airmilesapis.ca/member-preference/cash-lock
Body Parameters: {"cashRedemptionLocked":"true"}

{"cashRedemptionLocked":"true"}
2021-11-26 18:44:01.583  INFO 38388 --- [    Test worker] c.l.a.cashlock.components.util.Logger    : 

[TEST AUTOMATION]
Status Code
Expected Result Data: 200
Actual  Result  Data: 200

2021-11-26 18:44:01.584  INFO 38388 --- [    Test worker] c.l.a.cashlock.components.util.Logger    : 

[TEST AUTOMATION]
cashRedemptionLocked
Expected Result Data: true
Actual  Result  Data: true

2021-11-26 18:44:01.584  INFO 38388 --- [    Test worker] c.l.a.cashlock.components.util.Logger    : 

[TEST AUTOMATION]
URI: https://int.airmilesapis.ca/member-preference/cash-lock


2021-11-26 18:44:01.815  INFO 38388 --- [    Test worker] c.l.a.cashlock.components.util.Logger    : 

[TEST AUTOMATION]
Status Code
Expected Result Data: 200
Actual  Result  Data: 200

2021-11-26 18:44:01.815  INFO 38388 --- [    Test worker] c.l.a.cashlock.components.util.Logger    : 

[TEST AUTOMATION]
cashRedemptionLocked
Expected Result Data: true
Actual  Result  Data: true

2021-11-26 18:44:01.816 DEBUG 38388 --- [    Test worker] c.DefaultCacheAwareContextLoaderDelegate : Retrieved ApplicationContext from cache with key [[WebMergedContextConfiguration@6d50af18 testClass = GetCashLockSpec, locations = '{}', classes = '{class com.loyalty.avenger.cashlock.components.TestApplication, class com.loyalty.avenger.cashlock.components.TestApplication}', contextInitializerClasses = '[]', activeProfiles = '{int}', propertySourceLocations = '{}', propertySourceProperties = '{org.springframework.boot.test.context.SpringBootTestContextBootstrapper=true}', contextCustomizers = set[org.spockframework.spring.mock.SpockContextCustomizer@0, org.springframework.boot.test.autoconfigure.properties.PropertyMappingContextCustomizer@0, org.springframework.boot.test.autoconfigure.web.servlet.WebDriverContextCustomizerFactory$Customizer@48db58e, org.springframework.boot.test.context.filter.ExcludeFilterContextCustomizer@59323de6, org.springframework.boot.test.json.DuplicateJsonObjectContextCustomizerFactory$DuplicateJsonObjectContextCustomizer@6a0ffa3e, org.springframework.boot.test.mock.mockito.MockitoContextCustomizer@0, org.springframework.boot.test.web.client.TestRestTemplateContextCustomizer@49aecf08], resourceBasePath = 'src/main/webapp', contextLoader = 'org.springframework.boot.test.context.SpringBootContextLoader', parent = [null]]]
2021-11-26 18:44:01.816 DEBUG 38388 --- [    Test worker] org.springframework.test.context.cache   : Spring test ApplicationContext cache statistics: [DefaultContextCache@2fb6ab0d size = 1, maxSize = 32, parentContextCount = 0, hitCount = 37, missCount = 1]
2021-11-26 18:44:01.817 DEBUG 38388 --- [    Test worker] c.DefaultCacheAwareContextLoaderDelegate : Retrieved ApplicationContext from cache with key [[WebMergedContextConfiguration@6d50af18 testClass = GetCashLockSpec, locations = '{}', classes = '{class com.loyalty.avenger.cashlock.components.TestApplication, class com.loyalty.avenger.cashlock.components.TestApplication}', contextInitializerClasses = '[]', activeProfiles = '{int}', propertySourceLocations = '{}', propertySourceProperties = '{org.springframework.boot.test.context.SpringBootTestContextBootstrapper=true}', contextCustomizers = set[org.spockframework.spring.mock.SpockContextCustomizer@0, org.springframework.boot.test.autoconfigure.properties.PropertyMappingContextCustomizer@0, org.springframework.boot.test.autoconfigure.web.servlet.WebDriverContextCustomizerFactory$Customizer@48db58e, org.springframework.boot.test.context.filter.ExcludeFilterContextCustomizer@59323de6, org.springframework.boot.test.json.DuplicateJsonObjectContextCustomizerFactory$DuplicateJsonObjectContextCustomizer@6a0ffa3e, org.springframework.boot.test.mock.mockito.MockitoContextCustomizer@0, org.springframework.boot.test.web.client.TestRestTemplateContextCustomizer@49aecf08], resourceBasePath = 'src/main/webapp', contextLoader = 'org.springframework.boot.test.context.SpringBootContextLoader', parent = [null]]]
2021-11-26 18:44:01.817 DEBUG 38388 --- [    Test worker] org.springframework.test.context.cache   : Spring test ApplicationContext cache statistics: [DefaultContextCache@2fb6ab0d size = 1, maxSize = 32, parentContextCount = 0, hitCount = 38, missCount = 1]
2021-11-26 18:44:01.817 DEBUG 38388 --- [    Test worker] c.DefaultCacheAwareContextLoaderDelegate : Retrieved ApplicationContext from cache with key [[WebMergedContextConfiguration@6d50af18 testClass = GetCashLockSpec, locations = '{}', classes = '{class com.loyalty.avenger.cashlock.components.TestApplication, class com.loyalty.avenger.cashlock.components.TestApplication}', contextInitializerClasses = '[]', activeProfiles = '{int}', propertySourceLocations = '{}', propertySourceProperties = '{org.springframework.boot.test.context.SpringBootTestContextBootstrapper=true}', contextCustomizers = set[org.spockframework.spring.mock.SpockContextCustomizer@0, org.springframework.boot.test.autoconfigure.properties.PropertyMappingContextCustomizer@0, org.springframework.boot.test.autoconfigure.web.servlet.WebDriverContextCustomizerFactory$Customizer@48db58e, org.springframework.boot.test.context.filter.ExcludeFilterContextCustomizer@59323de6, org.springframework.boot.test.json.DuplicateJsonObjectContextCustomizerFactory$DuplicateJsonObjectContextCustomizer@6a0ffa3e, org.springframework.boot.test.mock.mockito.MockitoContextCustomizer@0, org.springframework.boot.test.web.client.TestRestTemplateContextCustomizer@49aecf08], resourceBasePath = 'src/main/webapp', contextLoader = 'org.springframework.boot.test.context.SpringBootContextLoader', parent = [null]]]
2021-11-26 18:44:01.818 DEBUG 38388 --- [    Test worker] org.springframework.test.context.cache   : Spring test ApplicationContext cache statistics: [DefaultContextCache@2fb6ab0d size = 1, maxSize = 32, parentContextCount = 0, hitCount = 39, missCount = 1]
2021-11-26 18:44:01.821 DEBUG 38388 --- [    Test worker] tractDirtiesContextTestExecutionListener : After test method: context [DefaultTestContext@4941bdb5 testClass = GetCashLockSpec, testInstance = com.loyalty.avenger.cashlock.specification.GetCashLockSpec@24ee028e, testMethod = $spock_feature_1_4@GetCashLockSpec, testException = [null], mergedContextConfiguration = [WebMergedContextConfiguration@6d50af18 testClass = GetCashLockSpec, locations = '{}', classes = '{class com.loyalty.avenger.cashlock.components.TestApplication, class com.loyalty.avenger.cashlock.components.TestApplication}', contextInitializerClasses = '[]', activeProfiles = '{int}', propertySourceLocations = '{}', propertySourceProperties = '{org.springframework.boot.test.context.SpringBootTestContextBootstrapper=true}', contextCustomizers = set[org.spockframework.spring.mock.SpockContextCustomizer@0, org.springframework.boot.test.autoconfigure.properties.PropertyMappingContextCustomizer@0, org.springframework.boot.test.autoconfigure.web.servlet.WebDriverContextCustomizerFactory$Customizer@48db58e, org.springframework.boot.test.context.filter.ExcludeFilterContextCustomizer@59323de6, org.springframework.boot.test.json.DuplicateJsonObjectContextCustomizerFactory$DuplicateJsonObjectContextCustomizer@6a0ffa3e, org.springframework.boot.test.mock.mockito.MockitoContextCustomizer@0, org.springframework.boot.test.web.client.TestRestTemplateContextCustomizer@49aecf08], resourceBasePath = 'src/main/webapp', contextLoader = 'org.springframework.boot.test.context.SpringBootContextLoader', parent = [null]], attributes = map['org.springframework.test.context.web.ServletTestExecutionListener.activateListener' -> true, 'org.spockframework.spring.SpringMockTestExecutionListener.MOCKED_BEANS_LIST' -> list[[empty]], 'org.springframework.test.context.web.ServletTestExecutionListener.populatedRequestContextHolder' -> true, 'org.springframework.test.context.web.ServletTestExecutionListener.resetRequestContextHolder' -> true]], class annotated with @DirtiesContext [false] with mode [null], method annotated with @DirtiesContext [false] with mode [null].
2021-11-26 18:44:01.821 DEBUG 38388 --- [    Test worker] o.s.t.c.w.ServletTestExecutionListener   : Resetting RequestContextHolder for test context [DefaultTestContext@4941bdb5 testClass = GetCashLockSpec, testInstance = com.loyalty.avenger.cashlock.specification.GetCashLockSpec@24ee028e, testMethod = $spock_feature_1_4@GetCashLockSpec, testException = [null], mergedContextConfiguration = [WebMergedContextConfiguration@6d50af18 testClass = GetCashLockSpec, locations = '{}', classes = '{class com.loyalty.avenger.cashlock.components.TestApplication, class com.loyalty.avenger.cashlock.components.TestApplication}', contextInitializerClasses = '[]', activeProfiles = '{int}', propertySourceLocations = '{}', propertySourceProperties = '{org.springframework.boot.test.context.SpringBootTestContextBootstrapper=true}', contextCustomizers = set[org.spockframework.spring.mock.SpockContextCustomizer@0, org.springframework.boot.test.autoconfigure.properties.PropertyMappingContextCustomizer@0, org.springframework.boot.test.autoconfigure.web.servlet.WebDriverContextCustomizerFactory$Customizer@48db58e, org.springframework.boot.test.context.filter.ExcludeFilterContextCustomizer@59323de6, org.springframework.boot.test.json.DuplicateJsonObjectContextCustomizerFactory$DuplicateJsonObjectContextCustomizer@6a0ffa3e, org.springframework.boot.test.mock.mockito.MockitoContextCustomizer@0, org.springframework.boot.test.web.client.TestRestTemplateContextCustomizer@49aecf08], resourceBasePath = 'src/main/webapp', contextLoader = 'org.springframework.boot.test.context.SpringBootContextLoader', parent = [null]], attributes = map['org.springframework.test.context.web.ServletTestExecutionListener.activateListener' -> true, 'org.spockframework.spring.SpringMockTestExecutionListener.MOCKED_BEANS_LIST' -> list[[empty]], 'org.springframework.test.context.web.ServletTestExecutionListener.populatedRequestContextHolder' -> true, 'org.springframework.test.context.web.ServletTestExecutionListener.resetRequestContextHolder' -> true]].
2021-11-26 18:44:01.822 DEBUG 38388 --- [    Test worker] c.DefaultCacheAwareContextLoaderDelegate : Retrieved ApplicationContext from cache with key [[WebMergedContextConfiguration@6d50af18 testClass = GetCashLockSpec, locations = '{}', classes = '{class com.loyalty.avenger.cashlock.components.TestApplication, class com.loyalty.avenger.cashlock.components.TestApplication}', contextInitializerClasses = '[]', activeProfiles = '{int}', propertySourceLocations = '{}', propertySourceProperties = '{org.springframework.boot.test.context.SpringBootTestContextBootstrapper=true}', contextCustomizers = set[org.spockframework.spring.mock.SpockContextCustomizer@0, org.springframework.boot.test.autoconfigure.properties.PropertyMappingContextCustomizer@0, org.springframework.boot.test.autoconfigure.web.servlet.WebDriverContextCustomizerFactory$Customizer@48db58e, org.springframework.boot.test.context.filter.ExcludeFilterContextCustomizer@59323de6, org.springframework.boot.test.json.DuplicateJsonObjectContextCustomizerFactory$DuplicateJsonObjectContextCustomizer@6a0ffa3e, org.springframework.boot.test.mock.mockito.MockitoContextCustomizer@0, org.springframework.boot.test.web.client.TestRestTemplateContextCustomizer@49aecf08], resourceBasePath = 'src/main/webapp', contextLoader = 'org.springframework.boot.test.context.SpringBootContextLoader', parent = [null]]]
2021-11-26 18:44:01.822 DEBUG 38388 --- [    Test worker] org.springframework.test.context.cache   : Spring test ApplicationContext cache statistics: [DefaultContextCache@2fb6ab0d size = 1, maxSize = 32, parentContextCount = 0, hitCount = 40, missCount = 1]
2021-11-26 18:44:01.822 DEBUG 38388 --- [    Test worker] o.s.t.c.w.ServletTestExecutionListener   : Setting up MockHttpServletRequest, MockHttpServletResponse, ServletWebRequest, and RequestContextHolder for test context [DefaultTestContext@4941bdb5 testClass = GetCashLockSpec, testInstance = com.loyalty.avenger.cashlock.specification.GetCashLockSpec@6cbec165, testMethod = [null], testException = [null], mergedContextConfiguration = [WebMergedContextConfiguration@6d50af18 testClass = GetCashLockSpec, locations = '{}', classes = '{class com.loyalty.avenger.cashlock.components.TestApplication, class com.loyalty.avenger.cashlock.components.TestApplication}', contextInitializerClasses = '[]', activeProfiles = '{int}', propertySourceLocations = '{}', propertySourceProperties = '{org.springframework.boot.test.context.SpringBootTestContextBootstrapper=true}', contextCustomizers = set[org.spockframework.spring.mock.SpockContextCustomizer@0, org.springframework.boot.test.autoconfigure.properties.PropertyMappingContextCustomizer@0, org.springframework.boot.test.autoconfigure.web.servlet.WebDriverContextCustomizerFactory$Customizer@48db58e, org.springframework.boot.test.context.filter.ExcludeFilterContextCustomizer@59323de6, org.springframework.boot.test.json.DuplicateJsonObjectContextCustomizerFactory$DuplicateJsonObjectContextCustomizer@6a0ffa3e, org.springframework.boot.test.mock.mockito.MockitoContextCustomizer@0, org.springframework.boot.test.web.client.TestRestTemplateContextCustomizer@49aecf08], resourceBasePath = 'src/main/webapp', contextLoader = 'org.springframework.boot.test.context.SpringBootContextLoader', parent = [null]], attributes = map['org.springframework.test.context.web.ServletTestExecutionListener.activateListener' -> true, 'org.spockframework.spring.SpringMockTestExecutionListener.MOCKED_BEANS_LIST' -> list[[empty]], 'org.springframework.test.context.support.DependencyInjectionTestExecutionListener.reinjectDependencies' -> true]].
2021-11-26 18:44:01.823 DEBUG 38388 --- [    Test worker] DependencyInjectionTestExecutionListener : Performing dependency injection for test context [[DefaultTestContext@4941bdb5 testClass = GetCashLockSpec, testInstance = com.loyalty.avenger.cashlock.specification.GetCashLockSpec@6cbec165, testMethod = [null], testException = [null], mergedContextConfiguration = [WebMergedContextConfiguration@6d50af18 testClass = GetCashLockSpec, locations = '{}', classes = '{class com.loyalty.avenger.cashlock.components.TestApplication, class com.loyalty.avenger.cashlock.components.TestApplication}', contextInitializerClasses = '[]', activeProfiles = '{int}', propertySourceLocations = '{}', propertySourceProperties = '{org.springframework.boot.test.context.SpringBootTestContextBootstrapper=true}', contextCustomizers = set[org.spockframework.spring.mock.SpockContextCustomizer@0, org.springframework.boot.test.autoconfigure.properties.PropertyMappingContextCustomizer@0, org.springframework.boot.test.autoconfigure.web.servlet.WebDriverContextCustomizerFactory$Customizer@48db58e, org.springframework.boot.test.context.filter.ExcludeFilterContextCustomizer@59323de6, org.springframework.boot.test.json.DuplicateJsonObjectContextCustomizerFactory$DuplicateJsonObjectContextCustomizer@6a0ffa3e, org.springframework.boot.test.mock.mockito.MockitoContextCustomizer@0, org.springframework.boot.test.web.client.TestRestTemplateContextCustomizer@49aecf08], resourceBasePath = 'src/main/webapp', contextLoader = 'org.springframework.boot.test.context.SpringBootContextLoader', parent = [null]], attributes = map['org.springframework.test.context.web.ServletTestExecutionListener.activateListener' -> true, 'org.spockframework.spring.SpringMockTestExecutionListener.MOCKED_BEANS_LIST' -> list[[empty]], 'org.springframework.test.context.web.ServletTestExecutionListener.populatedRequestContextHolder' -> true, 'org.springframework.test.context.web.ServletTestExecutionListener.resetRequestContextHolder' -> true, 'org.springframework.test.context.support.DependencyInjectionTestExecutionListener.reinjectDependencies' -> true]]].
2021-11-26 18:44:01.823 DEBUG 38388 --- [    Test worker] c.DefaultCacheAwareContextLoaderDelegate : Retrieved ApplicationContext from cache with key [[WebMergedContextConfiguration@6d50af18 testClass = GetCashLockSpec, locations = '{}', classes = '{class com.loyalty.avenger.cashlock.components.TestApplication, class com.loyalty.avenger.cashlock.components.TestApplication}', contextInitializerClasses = '[]', activeProfiles = '{int}', propertySourceLocations = '{}', propertySourceProperties = '{org.springframework.boot.test.context.SpringBootTestContextBootstrapper=true}', contextCustomizers = set[org.spockframework.spring.mock.SpockContextCustomizer@0, org.springframework.boot.test.autoconfigure.properties.PropertyMappingContextCustomizer@0, org.springframework.boot.test.autoconfigure.web.servlet.WebDriverContextCustomizerFactory$Customizer@48db58e, org.springframework.boot.test.context.filter.ExcludeFilterContextCustomizer@59323de6, org.springframework.boot.test.json.DuplicateJsonObjectContextCustomizerFactory$DuplicateJsonObjectContextCustomizer@6a0ffa3e, org.springframework.boot.test.mock.mockito.MockitoContextCustomizer@0, org.springframework.boot.test.web.client.TestRestTemplateContextCustomizer@49aecf08], resourceBasePath = 'src/main/webapp', contextLoader = 'org.springframework.boot.test.context.SpringBootContextLoader', parent = [null]]]
2021-11-26 18:44:01.823 DEBUG 38388 --- [    Test worker] org.springframework.test.context.cache   : Spring test ApplicationContext cache statistics: [DefaultContextCache@2fb6ab0d size = 1, maxSize = 32, parentContextCount = 0, hitCount = 41, missCount = 1]
2021-11-26 18:44:01.824 DEBUG 38388 --- [    Test worker] c.DefaultCacheAwareContextLoaderDelegate : Retrieved ApplicationContext from cache with key [[WebMergedContextConfiguration@6d50af18 testClass = GetCashLockSpec, locations = '{}', classes = '{class com.loyalty.avenger.cashlock.components.TestApplication, class com.loyalty.avenger.cashlock.components.TestApplication}', contextInitializerClasses = '[]', activeProfiles = '{int}', propertySourceLocations = '{}', propertySourceProperties = '{org.springframework.boot.test.context.SpringBootTestContextBootstrapper=true}', contextCustomizers = set[org.spockframework.spring.mock.SpockContextCustomizer@0, org.springframework.boot.test.autoconfigure.properties.PropertyMappingContextCustomizer@0, org.springframework.boot.test.autoconfigure.web.servlet.WebDriverContextCustomizerFactory$Customizer@48db58e, org.springframework.boot.test.context.filter.ExcludeFilterContextCustomizer@59323de6, org.springframework.boot.test.json.DuplicateJsonObjectContextCustomizerFactory$DuplicateJsonObjectContextCustomizer@6a0ffa3e, org.springframework.boot.test.mock.mockito.MockitoContextCustomizer@0, org.springframework.boot.test.web.client.TestRestTemplateContextCustomizer@49aecf08], resourceBasePath = 'src/main/webapp', contextLoader = 'org.springframework.boot.test.context.SpringBootContextLoader', parent = [null]]]
2021-11-26 18:44:01.825 DEBUG 38388 --- [    Test worker] org.springframework.test.context.cache   : Spring test ApplicationContext cache statistics: [DefaultContextCache@2fb6ab0d size = 1, maxSize = 32, parentContextCount = 0, hitCount = 42, missCount = 1]
2021-11-26 18:44:01.825 DEBUG 38388 --- [    Test worker] tractDirtiesContextTestExecutionListener : Before test method: context [DefaultTestContext@4941bdb5 testClass = GetCashLockSpec, testInstance = com.loyalty.avenger.cashlock.specification.GetCashLockSpec@6cbec165, testMethod = $spock_feature_1_5@GetCashLockSpec, testException = [null], mergedContextConfiguration = [WebMergedContextConfiguration@6d50af18 testClass = GetCashLockSpec, locations = '{}', classes = '{class com.loyalty.avenger.cashlock.components.TestApplication, class com.loyalty.avenger.cashlock.components.TestApplication}', contextInitializerClasses = '[]', activeProfiles = '{int}', propertySourceLocations = '{}', propertySourceProperties = '{org.springframework.boot.test.context.SpringBootTestContextBootstrapper=true}', contextCustomizers = set[org.spockframework.spring.mock.SpockContextCustomizer@0, org.springframework.boot.test.autoconfigure.properties.PropertyMappingContextCustomizer@0, org.springframework.boot.test.autoconfigure.web.servlet.WebDriverContextCustomizerFactory$Customizer@48db58e, org.springframework.boot.test.context.filter.ExcludeFilterContextCustomizer@59323de6, org.springframework.boot.test.json.DuplicateJsonObjectContextCustomizerFactory$DuplicateJsonObjectContextCustomizer@6a0ffa3e, org.springframework.boot.test.mock.mockito.MockitoContextCustomizer@0, org.springframework.boot.test.web.client.TestRestTemplateContextCustomizer@49aecf08], resourceBasePath = 'src/main/webapp', contextLoader = 'org.springframework.boot.test.context.SpringBootContextLoader', parent = [null]], attributes = map['org.springframework.test.context.web.ServletTestExecutionListener.activateListener' -> true, 'org.spockframework.spring.SpringMockTestExecutionListener.MOCKED_BEANS_LIST' -> list[[empty]], 'org.springframework.test.context.web.ServletTestExecutionListener.populatedRequestContextHolder' -> true, 'org.springframework.test.context.web.ServletTestExecutionListener.resetRequestContextHolder' -> true]], class annotated with @DirtiesContext [false] with mode [null], method annotated with @DirtiesContext [false] with mode [null].
2021-11-26 18:44:01.827 DEBUG 38388 --- [    Test worker] c.DefaultCacheAwareContextLoaderDelegate : Retrieved ApplicationContext from cache with key [[WebMergedContextConfiguration@6d50af18 testClass = GetCashLockSpec, locations = '{}', classes = '{class com.loyalty.avenger.cashlock.components.TestApplication, class com.loyalty.avenger.cashlock.components.TestApplication}', contextInitializerClasses = '[]', activeProfiles = '{int}', propertySourceLocations = '{}', propertySourceProperties = '{org.springframework.boot.test.context.SpringBootTestContextBootstrapper=true}', contextCustomizers = set[org.spockframework.spring.mock.SpockContextCustomizer@0, org.springframework.boot.test.autoconfigure.properties.PropertyMappingContextCustomizer@0, org.springframework.boot.test.autoconfigure.web.servlet.WebDriverContextCustomizerFactory$Customizer@48db58e, org.springframework.boot.test.context.filter.ExcludeFilterContextCustomizer@59323de6, org.springframework.boot.test.json.DuplicateJsonObjectContextCustomizerFactory$DuplicateJsonObjectContextCustomizer@6a0ffa3e, org.springframework.boot.test.mock.mockito.MockitoContextCustomizer@0, org.springframework.boot.test.web.client.TestRestTemplateContextCustomizer@49aecf08], resourceBasePath = 'src/main/webapp', contextLoader = 'org.springframework.boot.test.context.SpringBootContextLoader', parent = [null]]]
2021-11-26 18:44:01.827 DEBUG 38388 --- [    Test worker] org.springframework.test.context.cache   : Spring test ApplicationContext cache statistics: [DefaultContextCache@2fb6ab0d size = 1, maxSize = 32, parentContextCount = 0, hitCount = 43, missCount = 1]
2021-11-26 18:44:01.828 DEBUG 38388 --- [    Test worker] c.DefaultCacheAwareContextLoaderDelegate : Retrieved ApplicationContext from cache with key [[WebMergedContextConfiguration@6d50af18 testClass = GetCashLockSpec, locations = '{}', classes = '{class com.loyalty.avenger.cashlock.components.TestApplication, class com.loyalty.avenger.cashlock.components.TestApplication}', contextInitializerClasses = '[]', activeProfiles = '{int}', propertySourceLocations = '{}', propertySourceProperties = '{org.springframework.boot.test.context.SpringBootTestContextBootstrapper=true}', contextCustomizers = set[org.spockframework.spring.mock.SpockContextCustomizer@0, org.springframework.boot.test.autoconfigure.properties.PropertyMappingContextCustomizer@0, org.springframework.boot.test.autoconfigure.web.servlet.WebDriverContextCustomizerFactory$Customizer@48db58e, org.springframework.boot.test.context.filter.ExcludeFilterContextCustomizer@59323de6, org.springframework.boot.test.json.DuplicateJsonObjectContextCustomizerFactory$DuplicateJsonObjectContextCustomizer@6a0ffa3e, org.springframework.boot.test.mock.mockito.MockitoContextCustomizer@0, org.springframework.boot.test.web.client.TestRestTemplateContextCustomizer@49aecf08], resourceBasePath = 'src/main/webapp', contextLoader = 'org.springframework.boot.test.context.SpringBootContextLoader', parent = [null]]]
2021-11-26 18:44:01.829 DEBUG 38388 --- [    Test worker] org.springframework.test.context.cache   : Spring test ApplicationContext cache statistics: [DefaultContextCache@2fb6ab0d size = 1, maxSize = 32, parentContextCount = 0, hitCount = 44, missCount = 1]
2021-11-26 18:44:01.830 DEBUG 38388 --- [    Test worker] o.s.jdbc.core.JdbcTemplate               : Executing SQL query [select mem.member_id
from cpm.cpm_member mem
join cpm.cpm_customer cu
on mem.customer_id = cu.customer_id
JOIN CPM.cpm_member_card mc
ON mc.member_id=mem.member_id
join cpm.cpm_mbr_earning_pref mep
on mep.member_id = mem.member_id
join cpm.cpm_mbr_opt_in_pref f
on f.member_id = mem.member_id
and mem.`status` = 31
and mem.is_ghost = '0' 
and f.category = 4 
and f.sub_category = 36 
and mem.test_member = 0
and mep.earning_ratio != 100
and mem.membership_type != 829
and mem.member_id < 90000000000
and cu.email not in ('abc@abc.com', 'test@test.com', 'hellothere@gmail.com', 'CoUZM@gmai', 'CoUZM@gmail.com', 'abc^&amp;@#@loyalty.com', 'lvukadin@loyalty.com', 'awcawec@aedcace.cas', 'jbulatao@loyalty.com', 'jhellinga@loyalty.com', 'abc@loyalty.com', '15ekha@loyalty.com', 'test@loyalty.com')
and cu.email like '%_@__%.___%'
and mep.is_active = 1
limit 100]
2021-11-26 18:44:01.830 DEBUG 38388 --- [    Test worker] o.s.jdbc.datasource.DataSourceUtils      : Fetching JDBC Connection from DataSource
2021-11-26 18:44:01.985  INFO 38388 --- [    Test worker] c.l.a.cashlock.components.util.Logger    : 

[TEST AUTOMATION]
Card Number: 80000002677, New Security Pin: 1111

2021-11-26 18:44:42.005  INFO 38388 --- [    Test worker] c.l.a.cashlock.components.util.Logger    : 

[TEST AUTOMATION]
URI: https://oauth-int.airmiles.ca/oauth/token
Body Parameters: grant_type=password&client_id=nRGyXItWmxlCgGf0CG2aj8XFk069TFa9&audience=https%3A%2F%2Fmembers.loyalty.com&client_secret=Y0YOqWqx9pmdYMNk-f72zDNdIfOkYPxJCL9tjuZBGVZajArlvZqs8RsGLxqdkDuc&username=80000002677&password=1111&channel=GRSC

2021-11-26 18:44:42.750  WARN 38388 --- [    Test worker] o.a.h.c.protocol.ResponseProcessCookies  : Invalid cookie header: "Set-Cookie: did=s%3Av0%3Ad3b876d0-4f12-11ec-8d09-71395ed4dbfc.fwJZYhsjTjC4l4VvYYlU6R62MiAb8vWC0I%2B%2BZiYDqrI; Max-Age=31557600; Path=/; Expires=Sun, 27 Nov 2022 05:44:42 GMT; HttpOnly; Secure; SameSite=None". Invalid 'expires' attribute: Sun, 27 Nov 2022 05:44:42 GMT
2021-11-26 18:44:42.751  WARN 38388 --- [    Test worker] o.a.h.c.protocol.ResponseProcessCookies  : Invalid cookie header: "Set-Cookie: did_compat=s%3Av0%3Ad3b876d0-4f12-11ec-8d09-71395ed4dbfc.fwJZYhsjTjC4l4VvYYlU6R62MiAb8vWC0I%2B%2BZiYDqrI; Max-Age=31557600; Path=/; Expires=Sun, 27 Nov 2022 05:44:42 GMT; HttpOnly; Secure". Invalid 'expires' attribute: Sun, 27 Nov 2022 05:44:42 GMT
2021-11-26 18:44:42.753  INFO 38388 --- [    Test worker] c.l.a.cashlock.components.util.Logger    : 

[TEST AUTOMATION]
Access token: eyJhbGciOiJSUzI1NiIsInR5cCI6IkpXVCIsImtpZCI6IlFqSkNOVVZHTVVVMk1rWkVRamcyTURsRk4wVTVOREF5UmpnM01UUXpOemsxTmpnM056UXdOUSJ9.eyJodHRwczovL21lbWJlcnMubG95YWx0eS5jb20vdmVyc2lvbiI6IjIiLCJodHRwczovL21lbWJlcnMubG95YWx0eS5jb20vbWVtYmVySWQiOiI2OWZmYzQyYy00ZGE2LTNlNWYtODk4OC1iNThlZDkxNTRiODYiLCJodHRwczovL21lbWJlcnMubG95YWx0eS5jb20vY29sbGVjdG9yTnVtYmVyIjoiODAwMDAwMDI2NzciLCJodHRwczovL21lbWJlcnMubG95YWx0eS5jb20vaW5mb3JtYXRpb25TdXBwcmVzc2lvbiI6ZmFsc2UsImh0dHBzOi8vbWVtYmVycy5sb3lhbHR5LmNvbS9pc0F1dGhlbnRpY2F0ZWQiOnRydWUsImlzcyI6Imh0dHBzOi8vb2F1dGgtaW50LmFpcm1pbGVzLmNhLyIsInN1YiI6ImF1dGgwfHYyLTgwMDAwMDAyNjc3IiwiYXVkIjoiaHR0cHM6Ly9tZW1iZXJzLmxveWFsdHkuY29tIiwiaWF0IjoxNjM3OTcwMjgyLCJleHAiOjE2Mzc5NzA4ODIsImF6cCI6Im5SR3lYSXRXbXhsQ2dHZjBDRzJhajhYRmswNjlURmE5Iiwic2NvcGUiOiJtZW1iZXJiYW5uZXIiLCJndHkiOiJwYXNzd29yZCJ9.r960EG4dCJx9G9Jfjh04tEdj2mPGlellVakFYhpiEKuV50_AAhLi21V4DoM_gPhPAOD8j09gEXM-V7jUtwZ-TSMPh0QlBY-Wa3dCinaUHL84ul_uvxM2iHkFq9KtCFE0IAuEkFidfukkKy4L7BuIlvl4ORTYE6W2gf4-OvrnR-OJhNuY7eT8RatBm-mP1Rwoyuq0va3pQwrT-UDuc3NgQGAW9dkUeug-jWBOt9Wd3OxkABqUziTkjoBXsHLGiWK9g6SOxhADvXOMKZNZIVQsB7VLjUekfxZiEYhjT6vQhrziImwAN7_8scj4UprqgL2-IjOFRG197rL4l1juBLO_BA

2021-11-26 18:44:42.754  INFO 38388 --- [    Test worker] c.l.a.cashlock.components.util.Logger    : 

[TEST AUTOMATION]
URI: https://int.airmilesapis.ca/member-preference/cash-lock
Body Parameters: {"cashRedemptionLocked":"false"}

{"cashRedemptionLocked":"false"}
2021-11-26 18:44:43.024  INFO 38388 --- [    Test worker] c.l.a.cashlock.components.util.Logger    : 

[TEST AUTOMATION]
Status Code
Expected Result Data: 200
Actual  Result  Data: 200

2021-11-26 18:44:43.025  INFO 38388 --- [    Test worker] c.l.a.cashlock.components.util.Logger    : 

[TEST AUTOMATION]
cashRedemptionLocked
Expected Result Data: false
Actual  Result  Data: false

2021-11-26 18:44:43.025  INFO 38388 --- [    Test worker] c.l.a.cashlock.components.util.Logger    : 

[TEST AUTOMATION]
URI: https://int.airmilesapis.ca/member-preference/cash-lock


2021-11-26 18:44:43.277  INFO 38388 --- [    Test worker] c.l.a.cashlock.components.util.Logger    : 

[TEST AUTOMATION]
Status Code
Expected Result Data: 200
Actual  Result  Data: 200

2021-11-26 18:44:43.277  INFO 38388 --- [    Test worker] c.l.a.cashlock.components.util.Logger    : 

[TEST AUTOMATION]
cashRedemptionLocked
Expected Result Data: false
Actual  Result  Data: false

2021-11-26 18:44:43.277 DEBUG 38388 --- [    Test worker] c.DefaultCacheAwareContextLoaderDelegate : Retrieved ApplicationContext from cache with key [[WebMergedContextConfiguration@6d50af18 testClass = GetCashLockSpec, locations = '{}', classes = '{class com.loyalty.avenger.cashlock.components.TestApplication, class com.loyalty.avenger.cashlock.components.TestApplication}', contextInitializerClasses = '[]', activeProfiles = '{int}', propertySourceLocations = '{}', propertySourceProperties = '{org.springframework.boot.test.context.SpringBootTestContextBootstrapper=true}', contextCustomizers = set[org.spockframework.spring.mock.SpockContextCustomizer@0, org.springframework.boot.test.autoconfigure.properties.PropertyMappingContextCustomizer@0, org.springframework.boot.test.autoconfigure.web.servlet.WebDriverContextCustomizerFactory$Customizer@48db58e, org.springframework.boot.test.context.filter.ExcludeFilterContextCustomizer@59323de6, org.springframework.boot.test.json.DuplicateJsonObjectContextCustomizerFactory$DuplicateJsonObjectContextCustomizer@6a0ffa3e, org.springframework.boot.test.mock.mockito.MockitoContextCustomizer@0, org.springframework.boot.test.web.client.TestRestTemplateContextCustomizer@49aecf08], resourceBasePath = 'src/main/webapp', contextLoader = 'org.springframework.boot.test.context.SpringBootContextLoader', parent = [null]]]
2021-11-26 18:44:43.277 DEBUG 38388 --- [    Test worker] org.springframework.test.context.cache   : Spring test ApplicationContext cache statistics: [DefaultContextCache@2fb6ab0d size = 1, maxSize = 32, parentContextCount = 0, hitCount = 45, missCount = 1]
2021-11-26 18:44:43.278 DEBUG 38388 --- [    Test worker] c.DefaultCacheAwareContextLoaderDelegate : Retrieved ApplicationContext from cache with key [[WebMergedContextConfiguration@6d50af18 testClass = GetCashLockSpec, locations = '{}', classes = '{class com.loyalty.avenger.cashlock.components.TestApplication, class com.loyalty.avenger.cashlock.components.TestApplication}', contextInitializerClasses = '[]', activeProfiles = '{int}', propertySourceLocations = '{}', propertySourceProperties = '{org.springframework.boot.test.context.SpringBootTestContextBootstrapper=true}', contextCustomizers = set[org.spockframework.spring.mock.SpockContextCustomizer@0, org.springframework.boot.test.autoconfigure.properties.PropertyMappingContextCustomizer@0, org.springframework.boot.test.autoconfigure.web.servlet.WebDriverContextCustomizerFactory$Customizer@48db58e, org.springframework.boot.test.context.filter.ExcludeFilterContextCustomizer@59323de6, org.springframework.boot.test.json.DuplicateJsonObjectContextCustomizerFactory$DuplicateJsonObjectContextCustomizer@6a0ffa3e, org.springframework.boot.test.mock.mockito.MockitoContextCustomizer@0, org.springframework.boot.test.web.client.TestRestTemplateContextCustomizer@49aecf08], resourceBasePath = 'src/main/webapp', contextLoader = 'org.springframework.boot.test.context.SpringBootContextLoader', parent = [null]]]
2021-11-26 18:44:43.278 DEBUG 38388 --- [    Test worker] org.springframework.test.context.cache   : Spring test ApplicationContext cache statistics: [DefaultContextCache@2fb6ab0d size = 1, maxSize = 32, parentContextCount = 0, hitCount = 46, missCount = 1]
2021-11-26 18:44:43.278 DEBUG 38388 --- [    Test worker] c.DefaultCacheAwareContextLoaderDelegate : Retrieved ApplicationContext from cache with key [[WebMergedContextConfiguration@6d50af18 testClass = GetCashLockSpec, locations = '{}', classes = '{class com.loyalty.avenger.cashlock.components.TestApplication, class com.loyalty.avenger.cashlock.components.TestApplication}', contextInitializerClasses = '[]', activeProfiles = '{int}', propertySourceLocations = '{}', propertySourceProperties = '{org.springframework.boot.test.context.SpringBootTestContextBootstrapper=true}', contextCustomizers = set[org.spockframework.spring.mock.SpockContextCustomizer@0, org.springframework.boot.test.autoconfigure.properties.PropertyMappingContextCustomizer@0, org.springframework.boot.test.autoconfigure.web.servlet.WebDriverContextCustomizerFactory$Customizer@48db58e, org.springframework.boot.test.context.filter.ExcludeFilterContextCustomizer@59323de6, org.springframework.boot.test.json.DuplicateJsonObjectContextCustomizerFactory$DuplicateJsonObjectContextCustomizer@6a0ffa3e, org.springframework.boot.test.mock.mockito.MockitoContextCustomizer@0, org.springframework.boot.test.web.client.TestRestTemplateContextCustomizer@49aecf08], resourceBasePath = 'src/main/webapp', contextLoader = 'org.springframework.boot.test.context.SpringBootContextLoader', parent = [null]]]
2021-11-26 18:44:43.278 DEBUG 38388 --- [    Test worker] org.springframework.test.context.cache   : Spring test ApplicationContext cache statistics: [DefaultContextCache@2fb6ab0d size = 1, maxSize = 32, parentContextCount = 0, hitCount = 47, missCount = 1]
2021-11-26 18:44:43.280 DEBUG 38388 --- [    Test worker] tractDirtiesContextTestExecutionListener : After test method: context [DefaultTestContext@4941bdb5 testClass = GetCashLockSpec, testInstance = com.loyalty.avenger.cashlock.specification.GetCashLockSpec@6cbec165, testMethod = $spock_feature_1_5@GetCashLockSpec, testException = [null], mergedContextConfiguration = [WebMergedContextConfiguration@6d50af18 testClass = GetCashLockSpec, locations = '{}', classes = '{class com.loyalty.avenger.cashlock.components.TestApplication, class com.loyalty.avenger.cashlock.components.TestApplication}', contextInitializerClasses = '[]', activeProfiles = '{int}', propertySourceLocations = '{}', propertySourceProperties = '{org.springframework.boot.test.context.SpringBootTestContextBootstrapper=true}', contextCustomizers = set[org.spockframework.spring.mock.SpockContextCustomizer@0, org.springframework.boot.test.autoconfigure.properties.PropertyMappingContextCustomizer@0, org.springframework.boot.test.autoconfigure.web.servlet.WebDriverContextCustomizerFactory$Customizer@48db58e, org.springframework.boot.test.context.filter.ExcludeFilterContextCustomizer@59323de6, org.springframework.boot.test.json.DuplicateJsonObjectContextCustomizerFactory$DuplicateJsonObjectContextCustomizer@6a0ffa3e, org.springframework.boot.test.mock.mockito.MockitoContextCustomizer@0, org.springframework.boot.test.web.client.TestRestTemplateContextCustomizer@49aecf08], resourceBasePath = 'src/main/webapp', contextLoader = 'org.springframework.boot.test.context.SpringBootContextLoader', parent = [null]], attributes = map['org.springframework.test.context.web.ServletTestExecutionListener.activateListener' -> true, 'org.spockframework.spring.SpringMockTestExecutionListener.MOCKED_BEANS_LIST' -> list[[empty]], 'org.springframework.test.context.web.ServletTestExecutionListener.populatedRequestContextHolder' -> true, 'org.springframework.test.context.web.ServletTestExecutionListener.resetRequestContextHolder' -> true]], class annotated with @DirtiesContext [false] with mode [null], method annotated with @DirtiesContext [false] with mode [null].
2021-11-26 18:44:43.280 DEBUG 38388 --- [    Test worker] o.s.t.c.w.ServletTestExecutionListener   : Resetting RequestContextHolder for test context [DefaultTestContext@4941bdb5 testClass = GetCashLockSpec, testInstance = com.loyalty.avenger.cashlock.specification.GetCashLockSpec@6cbec165, testMethod = $spock_feature_1_5@GetCashLockSpec, testException = [null], mergedContextConfiguration = [WebMergedContextConfiguration@6d50af18 testClass = GetCashLockSpec, locations = '{}', classes = '{class com.loyalty.avenger.cashlock.components.TestApplication, class com.loyalty.avenger.cashlock.components.TestApplication}', contextInitializerClasses = '[]', activeProfiles = '{int}', propertySourceLocations = '{}', propertySourceProperties = '{org.springframework.boot.test.context.SpringBootTestContextBootstrapper=true}', contextCustomizers = set[org.spockframework.spring.mock.SpockContextCustomizer@0, org.springframework.boot.test.autoconfigure.properties.PropertyMappingContextCustomizer@0, org.springframework.boot.test.autoconfigure.web.servlet.WebDriverContextCustomizerFactory$Customizer@48db58e, org.springframework.boot.test.context.filter.ExcludeFilterContextCustomizer@59323de6, org.springframework.boot.test.json.DuplicateJsonObjectContextCustomizerFactory$DuplicateJsonObjectContextCustomizer@6a0ffa3e, org.springframework.boot.test.mock.mockito.MockitoContextCustomizer@0, org.springframework.boot.test.web.client.TestRestTemplateContextCustomizer@49aecf08], resourceBasePath = 'src/main/webapp', contextLoader = 'org.springframework.boot.test.context.SpringBootContextLoader', parent = [null]], attributes = map['org.springframework.test.context.web.ServletTestExecutionListener.activateListener' -> true, 'org.spockframework.spring.SpringMockTestExecutionListener.MOCKED_BEANS_LIST' -> list[[empty]], 'org.springframework.test.context.web.ServletTestExecutionListener.populatedRequestContextHolder' -> true, 'org.springframework.test.context.web.ServletTestExecutionListener.resetRequestContextHolder' -> true]].
2021-11-26 18:44:43.281 DEBUG 38388 --- [    Test worker] c.DefaultCacheAwareContextLoaderDelegate : Retrieved ApplicationContext from cache with key [[WebMergedContextConfiguration@6d50af18 testClass = GetCashLockSpec, locations = '{}', classes = '{class com.loyalty.avenger.cashlock.components.TestApplication, class com.loyalty.avenger.cashlock.components.TestApplication}', contextInitializerClasses = '[]', activeProfiles = '{int}', propertySourceLocations = '{}', propertySourceProperties = '{org.springframework.boot.test.context.SpringBootTestContextBootstrapper=true}', contextCustomizers = set[org.spockframework.spring.mock.SpockContextCustomizer@0, org.springframework.boot.test.autoconfigure.properties.PropertyMappingContextCustomizer@0, org.springframework.boot.test.autoconfigure.web.servlet.WebDriverContextCustomizerFactory$Customizer@48db58e, org.springframework.boot.test.context.filter.ExcludeFilterContextCustomizer@59323de6, org.springframework.boot.test.json.DuplicateJsonObjectContextCustomizerFactory$DuplicateJsonObjectContextCustomizer@6a0ffa3e, org.springframework.boot.test.mock.mockito.MockitoContextCustomizer@0, org.springframework.boot.test.web.client.TestRestTemplateContextCustomizer@49aecf08], resourceBasePath = 'src/main/webapp', contextLoader = 'org.springframework.boot.test.context.SpringBootContextLoader', parent = [null]]]
2021-11-26 18:44:43.281 DEBUG 38388 --- [    Test worker] org.springframework.test.context.cache   : Spring test ApplicationContext cache statistics: [DefaultContextCache@2fb6ab0d size = 1, maxSize = 32, parentContextCount = 0, hitCount = 48, missCount = 1]
2021-11-26 18:44:43.281 DEBUG 38388 --- [    Test worker] o.s.t.c.w.ServletTestExecutionListener   : Setting up MockHttpServletRequest, MockHttpServletResponse, ServletWebRequest, and RequestContextHolder for test context [DefaultTestContext@4941bdb5 testClass = GetCashLockSpec, testInstance = com.loyalty.avenger.cashlock.specification.GetCashLockSpec@3402ece9, testMethod = [null], testException = [null], mergedContextConfiguration = [WebMergedContextConfiguration@6d50af18 testClass = GetCashLockSpec, locations = '{}', classes = '{class com.loyalty.avenger.cashlock.components.TestApplication, class com.loyalty.avenger.cashlock.components.TestApplication}', contextInitializerClasses = '[]', activeProfiles = '{int}', propertySourceLocations = '{}', propertySourceProperties = '{org.springframework.boot.test.context.SpringBootTestContextBootstrapper=true}', contextCustomizers = set[org.spockframework.spring.mock.SpockContextCustomizer@0, org.springframework.boot.test.autoconfigure.properties.PropertyMappingContextCustomizer@0, org.springframework.boot.test.autoconfigure.web.servlet.WebDriverContextCustomizerFactory$Customizer@48db58e, org.springframework.boot.test.context.filter.ExcludeFilterContextCustomizer@59323de6, org.springframework.boot.test.json.DuplicateJsonObjectContextCustomizerFactory$DuplicateJsonObjectContextCustomizer@6a0ffa3e, org.springframework.boot.test.mock.mockito.MockitoContextCustomizer@0, org.springframework.boot.test.web.client.TestRestTemplateContextCustomizer@49aecf08], resourceBasePath = 'src/main/webapp', contextLoader = 'org.springframework.boot.test.context.SpringBootContextLoader', parent = [null]], attributes = map['org.springframework.test.context.web.ServletTestExecutionListener.activateListener' -> true, 'org.spockframework.spring.SpringMockTestExecutionListener.MOCKED_BEANS_LIST' -> list[[empty]], 'org.springframework.test.context.support.DependencyInjectionTestExecutionListener.reinjectDependencies' -> true]].
2021-11-26 18:44:43.281 DEBUG 38388 --- [    Test worker] DependencyInjectionTestExecutionListener : Performing dependency injection for test context [[DefaultTestContext@4941bdb5 testClass = GetCashLockSpec, testInstance = com.loyalty.avenger.cashlock.specification.GetCashLockSpec@3402ece9, testMethod = [null], testException = [null], mergedContextConfiguration = [WebMergedContextConfiguration@6d50af18 testClass = GetCashLockSpec, locations = '{}', classes = '{class com.loyalty.avenger.cashlock.components.TestApplication, class com.loyalty.avenger.cashlock.components.TestApplication}', contextInitializerClasses = '[]', activeProfiles = '{int}', propertySourceLocations = '{}', propertySourceProperties = '{org.springframework.boot.test.context.SpringBootTestContextBootstrapper=true}', contextCustomizers = set[org.spockframework.spring.mock.SpockContextCustomizer@0, org.springframework.boot.test.autoconfigure.properties.PropertyMappingContextCustomizer@0, org.springframework.boot.test.autoconfigure.web.servlet.WebDriverContextCustomizerFactory$Customizer@48db58e, org.springframework.boot.test.context.filter.ExcludeFilterContextCustomizer@59323de6, org.springframework.boot.test.json.DuplicateJsonObjectContextCustomizerFactory$DuplicateJsonObjectContextCustomizer@6a0ffa3e, org.springframework.boot.test.mock.mockito.MockitoContextCustomizer@0, org.springframework.boot.test.web.client.TestRestTemplateContextCustomizer@49aecf08], resourceBasePath = 'src/main/webapp', contextLoader = 'org.springframework.boot.test.context.SpringBootContextLoader', parent = [null]], attributes = map['org.springframework.test.context.web.ServletTestExecutionListener.activateListener' -> true, 'org.spockframework.spring.SpringMockTestExecutionListener.MOCKED_BEANS_LIST' -> list[[empty]], 'org.springframework.test.context.web.ServletTestExecutionListener.populatedRequestContextHolder' -> true, 'org.springframework.test.context.web.ServletTestExecutionListener.resetRequestContextHolder' -> true, 'org.springframework.test.context.support.DependencyInjectionTestExecutionListener.reinjectDependencies' -> true]]].
2021-11-26 18:44:43.282 DEBUG 38388 --- [    Test worker] c.DefaultCacheAwareContextLoaderDelegate : Retrieved ApplicationContext from cache with key [[WebMergedContextConfiguration@6d50af18 testClass = GetCashLockSpec, locations = '{}', classes = '{class com.loyalty.avenger.cashlock.components.TestApplication, class com.loyalty.avenger.cashlock.components.TestApplication}', contextInitializerClasses = '[]', activeProfiles = '{int}', propertySourceLocations = '{}', propertySourceProperties = '{org.springframework.boot.test.context.SpringBootTestContextBootstrapper=true}', contextCustomizers = set[org.spockframework.spring.mock.SpockContextCustomizer@0, org.springframework.boot.test.autoconfigure.properties.PropertyMappingContextCustomizer@0, org.springframework.boot.test.autoconfigure.web.servlet.WebDriverContextCustomizerFactory$Customizer@48db58e, org.springframework.boot.test.context.filter.ExcludeFilterContextCustomizer@59323de6, org.springframework.boot.test.json.DuplicateJsonObjectContextCustomizerFactory$DuplicateJsonObjectContextCustomizer@6a0ffa3e, org.springframework.boot.test.mock.mockito.MockitoContextCustomizer@0, org.springframework.boot.test.web.client.TestRestTemplateContextCustomizer@49aecf08], resourceBasePath = 'src/main/webapp', contextLoader = 'org.springframework.boot.test.context.SpringBootContextLoader', parent = [null]]]
2021-11-26 18:44:43.282 DEBUG 38388 --- [    Test worker] org.springframework.test.context.cache   : Spring test ApplicationContext cache statistics: [DefaultContextCache@2fb6ab0d size = 1, maxSize = 32, parentContextCount = 0, hitCount = 49, missCount = 1]
2021-11-26 18:44:43.282 DEBUG 38388 --- [    Test worker] c.DefaultCacheAwareContextLoaderDelegate : Retrieved ApplicationContext from cache with key [[WebMergedContextConfiguration@6d50af18 testClass = GetCashLockSpec, locations = '{}', classes = '{class com.loyalty.avenger.cashlock.components.TestApplication, class com.loyalty.avenger.cashlock.components.TestApplication}', contextInitializerClasses = '[]', activeProfiles = '{int}', propertySourceLocations = '{}', propertySourceProperties = '{org.springframework.boot.test.context.SpringBootTestContextBootstrapper=true}', contextCustomizers = set[org.spockframework.spring.mock.SpockContextCustomizer@0, org.springframework.boot.test.autoconfigure.properties.PropertyMappingContextCustomizer@0, org.springframework.boot.test.autoconfigure.web.servlet.WebDriverContextCustomizerFactory$Customizer@48db58e, org.springframework.boot.test.context.filter.ExcludeFilterContextCustomizer@59323de6, org.springframework.boot.test.json.DuplicateJsonObjectContextCustomizerFactory$DuplicateJsonObjectContextCustomizer@6a0ffa3e, org.springframework.boot.test.mock.mockito.MockitoContextCustomizer@0, org.springframework.boot.test.web.client.TestRestTemplateContextCustomizer@49aecf08], resourceBasePath = 'src/main/webapp', contextLoader = 'org.springframework.boot.test.context.SpringBootContextLoader', parent = [null]]]
2021-11-26 18:44:43.282 DEBUG 38388 --- [    Test worker] org.springframework.test.context.cache   : Spring test ApplicationContext cache statistics: [DefaultContextCache@2fb6ab0d size = 1, maxSize = 32, parentContextCount = 0, hitCount = 50, missCount = 1]
2021-11-26 18:44:43.283 DEBUG 38388 --- [    Test worker] tractDirtiesContextTestExecutionListener : Before test method: context [DefaultTestContext@4941bdb5 testClass = GetCashLockSpec, testInstance = com.loyalty.avenger.cashlock.specification.GetCashLockSpec@3402ece9, testMethod = $spock_feature_1_6@GetCashLockSpec, testException = [null], mergedContextConfiguration = [WebMergedContextConfiguration@6d50af18 testClass = GetCashLockSpec, locations = '{}', classes = '{class com.loyalty.avenger.cashlock.components.TestApplication, class com.loyalty.avenger.cashlock.components.TestApplication}', contextInitializerClasses = '[]', activeProfiles = '{int}', propertySourceLocations = '{}', propertySourceProperties = '{org.springframework.boot.test.context.SpringBootTestContextBootstrapper=true}', contextCustomizers = set[org.spockframework.spring.mock.SpockContextCustomizer@0, org.springframework.boot.test.autoconfigure.properties.PropertyMappingContextCustomizer@0, org.springframework.boot.test.autoconfigure.web.servlet.WebDriverContextCustomizerFactory$Customizer@48db58e, org.springframework.boot.test.context.filter.ExcludeFilterContextCustomizer@59323de6, org.springframework.boot.test.json.DuplicateJsonObjectContextCustomizerFactory$DuplicateJsonObjectContextCustomizer@6a0ffa3e, org.springframework.boot.test.mock.mockito.MockitoContextCustomizer@0, org.springframework.boot.test.web.client.TestRestTemplateContextCustomizer@49aecf08], resourceBasePath = 'src/main/webapp', contextLoader = 'org.springframework.boot.test.context.SpringBootContextLoader', parent = [null]], attributes = map['org.springframework.test.context.web.ServletTestExecutionListener.activateListener' -> true, 'org.spockframework.spring.SpringMockTestExecutionListener.MOCKED_BEANS_LIST' -> list[[empty]], 'org.springframework.test.context.web.ServletTestExecutionListener.populatedRequestContextHolder' -> true, 'org.springframework.test.context.web.ServletTestExecutionListener.resetRequestContextHolder' -> true]], class annotated with @DirtiesContext [false] with mode [null], method annotated with @DirtiesContext [false] with mode [null].
2021-11-26 18:44:43.283 DEBUG 38388 --- [    Test worker] c.DefaultCacheAwareContextLoaderDelegate : Retrieved ApplicationContext from cache with key [[WebMergedContextConfiguration@6d50af18 testClass = GetCashLockSpec, locations = '{}', classes = '{class com.loyalty.avenger.cashlock.components.TestApplication, class com.loyalty.avenger.cashlock.components.TestApplication}', contextInitializerClasses = '[]', activeProfiles = '{int}', propertySourceLocations = '{}', propertySourceProperties = '{org.springframework.boot.test.context.SpringBootTestContextBootstrapper=true}', contextCustomizers = set[org.spockframework.spring.mock.SpockContextCustomizer@0, org.springframework.boot.test.autoconfigure.properties.PropertyMappingContextCustomizer@0, org.springframework.boot.test.autoconfigure.web.servlet.WebDriverContextCustomizerFactory$Customizer@48db58e, org.springframework.boot.test.context.filter.ExcludeFilterContextCustomizer@59323de6, org.springframework.boot.test.json.DuplicateJsonObjectContextCustomizerFactory$DuplicateJsonObjectContextCustomizer@6a0ffa3e, org.springframework.boot.test.mock.mockito.MockitoContextCustomizer@0, org.springframework.boot.test.web.client.TestRestTemplateContextCustomizer@49aecf08], resourceBasePath = 'src/main/webapp', contextLoader = 'org.springframework.boot.test.context.SpringBootContextLoader', parent = [null]]]
2021-11-26 18:44:43.284 DEBUG 38388 --- [    Test worker] org.springframework.test.context.cache   : Spring test ApplicationContext cache statistics: [DefaultContextCache@2fb6ab0d size = 1, maxSize = 32, parentContextCount = 0, hitCount = 51, missCount = 1]
2021-11-26 18:44:43.284 DEBUG 38388 --- [    Test worker] c.DefaultCacheAwareContextLoaderDelegate : Retrieved ApplicationContext from cache with key [[WebMergedContextConfiguration@6d50af18 testClass = GetCashLockSpec, locations = '{}', classes = '{class com.loyalty.avenger.cashlock.components.TestApplication, class com.loyalty.avenger.cashlock.components.TestApplication}', contextInitializerClasses = '[]', activeProfiles = '{int}', propertySourceLocations = '{}', propertySourceProperties = '{org.springframework.boot.test.context.SpringBootTestContextBootstrapper=true}', contextCustomizers = set[org.spockframework.spring.mock.SpockContextCustomizer@0, org.springframework.boot.test.autoconfigure.properties.PropertyMappingContextCustomizer@0, org.springframework.boot.test.autoconfigure.web.servlet.WebDriverContextCustomizerFactory$Customizer@48db58e, org.springframework.boot.test.context.filter.ExcludeFilterContextCustomizer@59323de6, org.springframework.boot.test.json.DuplicateJsonObjectContextCustomizerFactory$DuplicateJsonObjectContextCustomizer@6a0ffa3e, org.springframework.boot.test.mock.mockito.MockitoContextCustomizer@0, org.springframework.boot.test.web.client.TestRestTemplateContextCustomizer@49aecf08], resourceBasePath = 'src/main/webapp', contextLoader = 'org.springframework.boot.test.context.SpringBootContextLoader', parent = [null]]]
2021-11-26 18:44:43.284 DEBUG 38388 --- [    Test worker] org.springframework.test.context.cache   : Spring test ApplicationContext cache statistics: [DefaultContextCache@2fb6ab0d size = 1, maxSize = 32, parentContextCount = 0, hitCount = 52, missCount = 1]
2021-11-26 18:44:43.285 DEBUG 38388 --- [    Test worker] o.s.jdbc.core.JdbcTemplate               : Executing SQL query [select mem.member_id
from cpm.cpm_member mem
join cpm.cpm_customer cu
on mem.customer_id = cu.customer_id
JOIN CPM.cpm_member_card mc
ON mc.member_id=mem.member_id
join cpm.cpm_mbr_earning_pref mep
on mep.member_id = mem.member_id
join cpm.cpm_mbr_opt_in_pref f
on f.member_id = mem.member_id
and mem.`status` = 32
and mem.is_ghost = '0' 
and f.category = 4 
and f.sub_category = 36 
and mem.test_member = 0
and mep.earning_ratio != 100
and mem.membership_type != 829
and mem.member_id < 90000000000
and cu.email not in ('abc@abc.com', 'test@test.com', 'hellothere@gmail.com', 'CoUZM@gmai', 'CoUZM@gmail.com', 'abc^&amp;@#@loyalty.com', 'lvukadin@loyalty.com', 'awcawec@aedcace.cas', 'jbulatao@loyalty.com', 'jhellinga@loyalty.com', 'abc@loyalty.com', '15ekha@loyalty.com', 'test@loyalty.com')
and cu.email like '%_@__%.___%'
and mep.is_active = 1
limit 100]
2021-11-26 18:44:43.285 DEBUG 38388 --- [    Test worker] o.s.jdbc.datasource.DataSourceUtils      : Fetching JDBC Connection from DataSource
2021-11-26 18:44:43.470  INFO 38388 --- [    Test worker] c.l.a.cashlock.components.util.Logger    : 

[TEST AUTOMATION]
Card Number: 80000002937, New Security Pin: 1111

2021-11-26 18:45:23.485  INFO 38388 --- [    Test worker] c.l.a.cashlock.components.util.Logger    : 

[TEST AUTOMATION]
URI: https://oauth-int.airmiles.ca/oauth/token
Body Parameters: grant_type=password&client_id=nRGyXItWmxlCgGf0CG2aj8XFk069TFa9&audience=https%3A%2F%2Fmembers.loyalty.com&client_secret=Y0YOqWqx9pmdYMNk-f72zDNdIfOkYPxJCL9tjuZBGVZajArlvZqs8RsGLxqdkDuc&username=80000002937&password=1111&channel=WEB

2021-11-26 18:45:24.128  WARN 38388 --- [    Test worker] o.a.h.c.protocol.ResponseProcessCookies  : Invalid cookie header: "Set-Cookie: did=s%3Av0%3Aec7ea090-4f12-11ec-8d09-71395ed4dbfc.SuKc6HwCf%2F78ZnciCpZ2%2BSx9q8pCZ63oZmI9ihoXkec; Max-Age=31557600; Path=/; Expires=Sun, 27 Nov 2022 05:45:23 GMT; HttpOnly; Secure; SameSite=None". Invalid 'expires' attribute: Sun, 27 Nov 2022 05:45:23 GMT
2021-11-26 18:45:24.128  WARN 38388 --- [    Test worker] o.a.h.c.protocol.ResponseProcessCookies  : Invalid cookie header: "Set-Cookie: did_compat=s%3Av0%3Aec7ea090-4f12-11ec-8d09-71395ed4dbfc.SuKc6HwCf%2F78ZnciCpZ2%2BSx9q8pCZ63oZmI9ihoXkec; Max-Age=31557600; Path=/; Expires=Sun, 27 Nov 2022 05:45:24 GMT; HttpOnly; Secure". Invalid 'expires' attribute: Sun, 27 Nov 2022 05:45:24 GMT
2021-11-26 18:45:24.130  INFO 38388 --- [    Test worker] c.l.a.cashlock.components.util.Logger    : 

[TEST AUTOMATION]
Access token: eyJhbGciOiJSUzI1NiIsInR5cCI6IkpXVCIsImtpZCI6IlFqSkNOVVZHTVVVMk1rWkVRamcyTURsRk4wVTVOREF5UmpnM01UUXpOemsxTmpnM056UXdOUSJ9.eyJodHRwczovL21lbWJlcnMubG95YWx0eS5jb20vdmVyc2lvbiI6IjIiLCJodHRwczovL21lbWJlcnMubG95YWx0eS5jb20vbWVtYmVySWQiOiIxYzRiODFkZS1mN2QwLTNmM2MtYWNmYy0xNjVjMTgzMTJmZTIiLCJodHRwczovL21lbWJlcnMubG95YWx0eS5jb20vY29sbGVjdG9yTnVtYmVyIjoiODAwMDAwMDI5MzciLCJodHRwczovL21lbWJlcnMubG95YWx0eS5jb20vaW5mb3JtYXRpb25TdXBwcmVzc2lvbiI6ZmFsc2UsImh0dHBzOi8vbWVtYmVycy5sb3lhbHR5LmNvbS9pc0F1dGhlbnRpY2F0ZWQiOnRydWUsImlzcyI6Imh0dHBzOi8vb2F1dGgtaW50LmFpcm1pbGVzLmNhLyIsInN1YiI6ImF1dGgwfHYyLTgwMDAwMDAyOTM3IiwiYXVkIjoiaHR0cHM6Ly9tZW1iZXJzLmxveWFsdHkuY29tIiwiaWF0IjoxNjM3OTcwMzI0LCJleHAiOjE2Mzc5NzA5MjQsImF6cCI6Im5SR3lYSXRXbXhsQ2dHZjBDRzJhajhYRmswNjlURmE5Iiwic2NvcGUiOiJtZW1iZXJiYW5uZXIiLCJndHkiOiJwYXNzd29yZCJ9.rd7SxOta7S2UK4TKNAcKH5xom9N3O4P7YeGW7PtH3gPcD6KE3JzMjSHsVjwAr3o-mOS5YaTQzLFB2JRx7j-pnqorM0s4vXUJVqNt6h8x7XFXuhGai6HgmwEipoiXAg3QjJdhsMjS4SvZFg4IOCb-vZY7aObC84eDP2W4M38_jokEkqvE0Ogz0p2qBkwXofPvPrxY7nfTAB1KqyghZI3cOnsSM6CdMjNHiddj_z4bYQn7Q8DbaimTIs204Zjof5zvj_WihQDMNuyKPqYyDFWKyYTDg8a1XXK9CixsORFZxQJ_71Wv7VuftDpHEft8HyWMOBGwGIb0E8zmsqDIltjhQQ

2021-11-26 18:45:24.131  INFO 38388 --- [    Test worker] c.l.a.cashlock.components.util.Logger    : 

[TEST AUTOMATION]
URI: https://int.airmilesapis.ca/member-preference/cash-lock
Body Parameters: {"cashRedemptionLocked":"true"}

{"cashRedemptionLocked":"true"}
2021-11-26 18:45:24.533  INFO 38388 --- [    Test worker] c.l.a.cashlock.components.util.Logger    : 

[TEST AUTOMATION]
Status Code
Expected Result Data: 200
Actual  Result  Data: 200

2021-11-26 18:45:24.534  INFO 38388 --- [    Test worker] c.l.a.cashlock.components.util.Logger    : 

[TEST AUTOMATION]
cashRedemptionLocked
Expected Result Data: true
Actual  Result  Data: true

2021-11-26 18:45:24.535  INFO 38388 --- [    Test worker] c.l.a.cashlock.components.util.Logger    : 

[TEST AUTOMATION]
URI: https://int.airmilesapis.ca/member-preference/cash-lock


2021-11-26 18:45:24.820  INFO 38388 --- [    Test worker] c.l.a.cashlock.components.util.Logger    : 

[TEST AUTOMATION]
Status Code
Expected Result Data: 200
Actual  Result  Data: 200

2021-11-26 18:45:24.821  INFO 38388 --- [    Test worker] c.l.a.cashlock.components.util.Logger    : 

[TEST AUTOMATION]
cashRedemptionLocked
Expected Result Data: true
Actual  Result  Data: true

2021-11-26 18:45:24.821 DEBUG 38388 --- [    Test worker] c.DefaultCacheAwareContextLoaderDelegate : Retrieved ApplicationContext from cache with key [[WebMergedContextConfiguration@6d50af18 testClass = GetCashLockSpec, locations = '{}', classes = '{class com.loyalty.avenger.cashlock.components.TestApplication, class com.loyalty.avenger.cashlock.components.TestApplication}', contextInitializerClasses = '[]', activeProfiles = '{int}', propertySourceLocations = '{}', propertySourceProperties = '{org.springframework.boot.test.context.SpringBootTestContextBootstrapper=true}', contextCustomizers = set[org.spockframework.spring.mock.SpockContextCustomizer@0, org.springframework.boot.test.autoconfigure.properties.PropertyMappingContextCustomizer@0, org.springframework.boot.test.autoconfigure.web.servlet.WebDriverContextCustomizerFactory$Customizer@48db58e, org.springframework.boot.test.context.filter.ExcludeFilterContextCustomizer@59323de6, org.springframework.boot.test.json.DuplicateJsonObjectContextCustomizerFactory$DuplicateJsonObjectContextCustomizer@6a0ffa3e, org.springframework.boot.test.mock.mockito.MockitoContextCustomizer@0, org.springframework.boot.test.web.client.TestRestTemplateContextCustomizer@49aecf08], resourceBasePath = 'src/main/webapp', contextLoader = 'org.springframework.boot.test.context.SpringBootContextLoader', parent = [null]]]
2021-11-26 18:45:24.822 DEBUG 38388 --- [    Test worker] org.springframework.test.context.cache   : Spring test ApplicationContext cache statistics: [DefaultContextCache@2fb6ab0d size = 1, maxSize = 32, parentContextCount = 0, hitCount = 53, missCount = 1]
2021-11-26 18:45:24.823 DEBUG 38388 --- [    Test worker] c.DefaultCacheAwareContextLoaderDelegate : Retrieved ApplicationContext from cache with key [[WebMergedContextConfiguration@6d50af18 testClass = GetCashLockSpec, locations = '{}', classes = '{class com.loyalty.avenger.cashlock.components.TestApplication, class com.loyalty.avenger.cashlock.components.TestApplication}', contextInitializerClasses = '[]', activeProfiles = '{int}', propertySourceLocations = '{}', propertySourceProperties = '{org.springframework.boot.test.context.SpringBootTestContextBootstrapper=true}', contextCustomizers = set[org.spockframework.spring.mock.SpockContextCustomizer@0, org.springframework.boot.test.autoconfigure.properties.PropertyMappingContextCustomizer@0, org.springframework.boot.test.autoconfigure.web.servlet.WebDriverContextCustomizerFactory$Customizer@48db58e, org.springframework.boot.test.context.filter.ExcludeFilterContextCustomizer@59323de6, org.springframework.boot.test.json.DuplicateJsonObjectContextCustomizerFactory$DuplicateJsonObjectContextCustomizer@6a0ffa3e, org.springframework.boot.test.mock.mockito.MockitoContextCustomizer@0, org.springframework.boot.test.web.client.TestRestTemplateContextCustomizer@49aecf08], resourceBasePath = 'src/main/webapp', contextLoader = 'org.springframework.boot.test.context.SpringBootContextLoader', parent = [null]]]
2021-11-26 18:45:24.823 DEBUG 38388 --- [    Test worker] org.springframework.test.context.cache   : Spring test ApplicationContext cache statistics: [DefaultContextCache@2fb6ab0d size = 1, maxSize = 32, parentContextCount = 0, hitCount = 54, missCount = 1]
2021-11-26 18:45:24.823 DEBUG 38388 --- [    Test worker] c.DefaultCacheAwareContextLoaderDelegate : Retrieved ApplicationContext from cache with key [[WebMergedContextConfiguration@6d50af18 testClass = GetCashLockSpec, locations = '{}', classes = '{class com.loyalty.avenger.cashlock.components.TestApplication, class com.loyalty.avenger.cashlock.components.TestApplication}', contextInitializerClasses = '[]', activeProfiles = '{int}', propertySourceLocations = '{}', propertySourceProperties = '{org.springframework.boot.test.context.SpringBootTestContextBootstrapper=true}', contextCustomizers = set[org.spockframework.spring.mock.SpockContextCustomizer@0, org.springframework.boot.test.autoconfigure.properties.PropertyMappingContextCustomizer@0, org.springframework.boot.test.autoconfigure.web.servlet.WebDriverContextCustomizerFactory$Customizer@48db58e, org.springframework.boot.test.context.filter.ExcludeFilterContextCustomizer@59323de6, org.springframework.boot.test.json.DuplicateJsonObjectContextCustomizerFactory$DuplicateJsonObjectContextCustomizer@6a0ffa3e, org.springframework.boot.test.mock.mockito.MockitoContextCustomizer@0, org.springframework.boot.test.web.client.TestRestTemplateContextCustomizer@49aecf08], resourceBasePath = 'src/main/webapp', contextLoader = 'org.springframework.boot.test.context.SpringBootContextLoader', parent = [null]]]
2021-11-26 18:45:24.823 DEBUG 38388 --- [    Test worker] org.springframework.test.context.cache   : Spring test ApplicationContext cache statistics: [DefaultContextCache@2fb6ab0d size = 1, maxSize = 32, parentContextCount = 0, hitCount = 55, missCount = 1]
2021-11-26 18:45:24.826 DEBUG 38388 --- [    Test worker] tractDirtiesContextTestExecutionListener : After test method: context [DefaultTestContext@4941bdb5 testClass = GetCashLockSpec, testInstance = com.loyalty.avenger.cashlock.specification.GetCashLockSpec@3402ece9, testMethod = $spock_feature_1_6@GetCashLockSpec, testException = [null], mergedContextConfiguration = [WebMergedContextConfiguration@6d50af18 testClass = GetCashLockSpec, locations = '{}', classes = '{class com.loyalty.avenger.cashlock.components.TestApplication, class com.loyalty.avenger.cashlock.components.TestApplication}', contextInitializerClasses = '[]', activeProfiles = '{int}', propertySourceLocations = '{}', propertySourceProperties = '{org.springframework.boot.test.context.SpringBootTestContextBootstrapper=true}', contextCustomizers = set[org.spockframework.spring.mock.SpockContextCustomizer@0, org.springframework.boot.test.autoconfigure.properties.PropertyMappingContextCustomizer@0, org.springframework.boot.test.autoconfigure.web.servlet.WebDriverContextCustomizerFactory$Customizer@48db58e, org.springframework.boot.test.context.filter.ExcludeFilterContextCustomizer@59323de6, org.springframework.boot.test.json.DuplicateJsonObjectContextCustomizerFactory$DuplicateJsonObjectContextCustomizer@6a0ffa3e, org.springframework.boot.test.mock.mockito.MockitoContextCustomizer@0, org.springframework.boot.test.web.client.TestRestTemplateContextCustomizer@49aecf08], resourceBasePath = 'src/main/webapp', contextLoader = 'org.springframework.boot.test.context.SpringBootContextLoader', parent = [null]], attributes = map['org.springframework.test.context.web.ServletTestExecutionListener.activateListener' -> true, 'org.spockframework.spring.SpringMockTestExecutionListener.MOCKED_BEANS_LIST' -> list[[empty]], 'org.springframework.test.context.web.ServletTestExecutionListener.populatedRequestContextHolder' -> true, 'org.springframework.test.context.web.ServletTestExecutionListener.resetRequestContextHolder' -> true]], class annotated with @DirtiesContext [false] with mode [null], method annotated with @DirtiesContext [false] with mode [null].
2021-11-26 18:45:24.827 DEBUG 38388 --- [    Test worker] o.s.t.c.w.ServletTestExecutionListener   : Resetting RequestContextHolder for test context [DefaultTestContext@4941bdb5 testClass = GetCashLockSpec, testInstance = com.loyalty.avenger.cashlock.specification.GetCashLockSpec@3402ece9, testMethod = $spock_feature_1_6@GetCashLockSpec, testException = [null], mergedContextConfiguration = [WebMergedContextConfiguration@6d50af18 testClass = GetCashLockSpec, locations = '{}', classes = '{class com.loyalty.avenger.cashlock.components.TestApplication, class com.loyalty.avenger.cashlock.components.TestApplication}', contextInitializerClasses = '[]', activeProfiles = '{int}', propertySourceLocations = '{}', propertySourceProperties = '{org.springframework.boot.test.context.SpringBootTestContextBootstrapper=true}', contextCustomizers = set[org.spockframework.spring.mock.SpockContextCustomizer@0, org.springframework.boot.test.autoconfigure.properties.PropertyMappingContextCustomizer@0, org.springframework.boot.test.autoconfigure.web.servlet.WebDriverContextCustomizerFactory$Customizer@48db58e, org.springframework.boot.test.context.filter.ExcludeFilterContextCustomizer@59323de6, org.springframework.boot.test.json.DuplicateJsonObjectContextCustomizerFactory$DuplicateJsonObjectContextCustomizer@6a0ffa3e, org.springframework.boot.test.mock.mockito.MockitoContextCustomizer@0, org.springframework.boot.test.web.client.TestRestTemplateContextCustomizer@49aecf08], resourceBasePath = 'src/main/webapp', contextLoader = 'org.springframework.boot.test.context.SpringBootContextLoader', parent = [null]], attributes = map['org.springframework.test.context.web.ServletTestExecutionListener.activateListener' -> true, 'org.spockframework.spring.SpringMockTestExecutionListener.MOCKED_BEANS_LIST' -> list[[empty]], 'org.springframework.test.context.web.ServletTestExecutionListener.populatedRequestContextHolder' -> true, 'org.springframework.test.context.web.ServletTestExecutionListener.resetRequestContextHolder' -> true]].
2021-11-26 18:45:24.827 DEBUG 38388 --- [    Test worker] c.DefaultCacheAwareContextLoaderDelegate : Retrieved ApplicationContext from cache with key [[WebMergedContextConfiguration@6d50af18 testClass = GetCashLockSpec, locations = '{}', classes = '{class com.loyalty.avenger.cashlock.components.TestApplication, class com.loyalty.avenger.cashlock.components.TestApplication}', contextInitializerClasses = '[]', activeProfiles = '{int}', propertySourceLocations = '{}', propertySourceProperties = '{org.springframework.boot.test.context.SpringBootTestContextBootstrapper=true}', contextCustomizers = set[org.spockframework.spring.mock.SpockContextCustomizer@0, org.springframework.boot.test.autoconfigure.properties.PropertyMappingContextCustomizer@0, org.springframework.boot.test.autoconfigure.web.servlet.WebDriverContextCustomizerFactory$Customizer@48db58e, org.springframework.boot.test.context.filter.ExcludeFilterContextCustomizer@59323de6, org.springframework.boot.test.json.DuplicateJsonObjectContextCustomizerFactory$DuplicateJsonObjectContextCustomizer@6a0ffa3e, org.springframework.boot.test.mock.mockito.MockitoContextCustomizer@0, org.springframework.boot.test.web.client.TestRestTemplateContextCustomizer@49aecf08], resourceBasePath = 'src/main/webapp', contextLoader = 'org.springframework.boot.test.context.SpringBootContextLoader', parent = [null]]]
2021-11-26 18:45:24.827 DEBUG 38388 --- [    Test worker] org.springframework.test.context.cache   : Spring test ApplicationContext cache statistics: [DefaultContextCache@2fb6ab0d size = 1, maxSize = 32, parentContextCount = 0, hitCount = 56, missCount = 1]
2021-11-26 18:45:24.828 DEBUG 38388 --- [    Test worker] o.s.t.c.w.ServletTestExecutionListener   : Setting up MockHttpServletRequest, MockHttpServletResponse, ServletWebRequest, and RequestContextHolder for test context [DefaultTestContext@4941bdb5 testClass = GetCashLockSpec, testInstance = com.loyalty.avenger.cashlock.specification.GetCashLockSpec@21e524f7, testMethod = [null], testException = [null], mergedContextConfiguration = [WebMergedContextConfiguration@6d50af18 testClass = GetCashLockSpec, locations = '{}', classes = '{class com.loyalty.avenger.cashlock.components.TestApplication, class com.loyalty.avenger.cashlock.components.TestApplication}', contextInitializerClasses = '[]', activeProfiles = '{int}', propertySourceLocations = '{}', propertySourceProperties = '{org.springframework.boot.test.context.SpringBootTestContextBootstrapper=true}', contextCustomizers = set[org.spockframework.spring.mock.SpockContextCustomizer@0, org.springframework.boot.test.autoconfigure.properties.PropertyMappingContextCustomizer@0, org.springframework.boot.test.autoconfigure.web.servlet.WebDriverContextCustomizerFactory$Customizer@48db58e, org.springframework.boot.test.context.filter.ExcludeFilterContextCustomizer@59323de6, org.springframework.boot.test.json.DuplicateJsonObjectContextCustomizerFactory$DuplicateJsonObjectContextCustomizer@6a0ffa3e, org.springframework.boot.test.mock.mockito.MockitoContextCustomizer@0, org.springframework.boot.test.web.client.TestRestTemplateContextCustomizer@49aecf08], resourceBasePath = 'src/main/webapp', contextLoader = 'org.springframework.boot.test.context.SpringBootContextLoader', parent = [null]], attributes = map['org.springframework.test.context.web.ServletTestExecutionListener.activateListener' -> true, 'org.spockframework.spring.SpringMockTestExecutionListener.MOCKED_BEANS_LIST' -> list[[empty]], 'org.springframework.test.context.support.DependencyInjectionTestExecutionListener.reinjectDependencies' -> true]].
2021-11-26 18:45:24.828 DEBUG 38388 --- [    Test worker] DependencyInjectionTestExecutionListener : Performing dependency injection for test context [[DefaultTestContext@4941bdb5 testClass = GetCashLockSpec, testInstance = com.loyalty.avenger.cashlock.specification.GetCashLockSpec@21e524f7, testMethod = [null], testException = [null], mergedContextConfiguration = [WebMergedContextConfiguration@6d50af18 testClass = GetCashLockSpec, locations = '{}', classes = '{class com.loyalty.avenger.cashlock.components.TestApplication, class com.loyalty.avenger.cashlock.components.TestApplication}', contextInitializerClasses = '[]', activeProfiles = '{int}', propertySourceLocations = '{}', propertySourceProperties = '{org.springframework.boot.test.context.SpringBootTestContextBootstrapper=true}', contextCustomizers = set[org.spockframework.spring.mock.SpockContextCustomizer@0, org.springframework.boot.test.autoconfigure.properties.PropertyMappingContextCustomizer@0, org.springframework.boot.test.autoconfigure.web.servlet.WebDriverContextCustomizerFactory$Customizer@48db58e, org.springframework.boot.test.context.filter.ExcludeFilterContextCustomizer@59323de6, org.springframework.boot.test.json.DuplicateJsonObjectContextCustomizerFactory$DuplicateJsonObjectContextCustomizer@6a0ffa3e, org.springframework.boot.test.mock.mockito.MockitoContextCustomizer@0, org.springframework.boot.test.web.client.TestRestTemplateContextCustomizer@49aecf08], resourceBasePath = 'src/main/webapp', contextLoader = 'org.springframework.boot.test.context.SpringBootContextLoader', parent = [null]], attributes = map['org.springframework.test.context.web.ServletTestExecutionListener.activateListener' -> true, 'org.spockframework.spring.SpringMockTestExecutionListener.MOCKED_BEANS_LIST' -> list[[empty]], 'org.springframework.test.context.web.ServletTestExecutionListener.populatedRequestContextHolder' -> true, 'org.springframework.test.context.web.ServletTestExecutionListener.resetRequestContextHolder' -> true, 'org.springframework.test.context.support.DependencyInjectionTestExecutionListener.reinjectDependencies' -> true]]].
2021-11-26 18:45:24.828 DEBUG 38388 --- [    Test worker] c.DefaultCacheAwareContextLoaderDelegate : Retrieved ApplicationContext from cache with key [[WebMergedContextConfiguration@6d50af18 testClass = GetCashLockSpec, locations = '{}', classes = '{class com.loyalty.avenger.cashlock.components.TestApplication, class com.loyalty.avenger.cashlock.components.TestApplication}', contextInitializerClasses = '[]', activeProfiles = '{int}', propertySourceLocations = '{}', propertySourceProperties = '{org.springframework.boot.test.context.SpringBootTestContextBootstrapper=true}', contextCustomizers = set[org.spockframework.spring.mock.SpockContextCustomizer@0, org.springframework.boot.test.autoconfigure.properties.PropertyMappingContextCustomizer@0, org.springframework.boot.test.autoconfigure.web.servlet.WebDriverContextCustomizerFactory$Customizer@48db58e, org.springframework.boot.test.context.filter.ExcludeFilterContextCustomizer@59323de6, org.springframework.boot.test.json.DuplicateJsonObjectContextCustomizerFactory$DuplicateJsonObjectContextCustomizer@6a0ffa3e, org.springframework.boot.test.mock.mockito.MockitoContextCustomizer@0, org.springframework.boot.test.web.client.TestRestTemplateContextCustomizer@49aecf08], resourceBasePath = 'src/main/webapp', contextLoader = 'org.springframework.boot.test.context.SpringBootContextLoader', parent = [null]]]
2021-11-26 18:45:24.828 DEBUG 38388 --- [    Test worker] org.springframework.test.context.cache   : Spring test ApplicationContext cache statistics: [DefaultContextCache@2fb6ab0d size = 1, maxSize = 32, parentContextCount = 0, hitCount = 57, missCount = 1]
2021-11-26 18:45:24.830 DEBUG 38388 --- [    Test worker] c.DefaultCacheAwareContextLoaderDelegate : Retrieved ApplicationContext from cache with key [[WebMergedContextConfiguration@6d50af18 testClass = GetCashLockSpec, locations = '{}', classes = '{class com.loyalty.avenger.cashlock.components.TestApplication, class com.loyalty.avenger.cashlock.components.TestApplication}', contextInitializerClasses = '[]', activeProfiles = '{int}', propertySourceLocations = '{}', propertySourceProperties = '{org.springframework.boot.test.context.SpringBootTestContextBootstrapper=true}', contextCustomizers = set[org.spockframework.spring.mock.SpockContextCustomizer@0, org.springframework.boot.test.autoconfigure.properties.PropertyMappingContextCustomizer@0, org.springframework.boot.test.autoconfigure.web.servlet.WebDriverContextCustomizerFactory$Customizer@48db58e, org.springframework.boot.test.context.filter.ExcludeFilterContextCustomizer@59323de6, org.springframework.boot.test.json.DuplicateJsonObjectContextCustomizerFactory$DuplicateJsonObjectContextCustomizer@6a0ffa3e, org.springframework.boot.test.mock.mockito.MockitoContextCustomizer@0, org.springframework.boot.test.web.client.TestRestTemplateContextCustomizer@49aecf08], resourceBasePath = 'src/main/webapp', contextLoader = 'org.springframework.boot.test.context.SpringBootContextLoader', parent = [null]]]
2021-11-26 18:45:24.830 DEBUG 38388 --- [    Test worker] org.springframework.test.context.cache   : Spring test ApplicationContext cache statistics: [DefaultContextCache@2fb6ab0d size = 1, maxSize = 32, parentContextCount = 0, hitCount = 58, missCount = 1]
2021-11-26 18:45:24.830 DEBUG 38388 --- [    Test worker] tractDirtiesContextTestExecutionListener : Before test method: context [DefaultTestContext@4941bdb5 testClass = GetCashLockSpec, testInstance = com.loyalty.avenger.cashlock.specification.GetCashLockSpec@21e524f7, testMethod = $spock_feature_1_7@GetCashLockSpec, testException = [null], mergedContextConfiguration = [WebMergedContextConfiguration@6d50af18 testClass = GetCashLockSpec, locations = '{}', classes = '{class com.loyalty.avenger.cashlock.components.TestApplication, class com.loyalty.avenger.cashlock.components.TestApplication}', contextInitializerClasses = '[]', activeProfiles = '{int}', propertySourceLocations = '{}', propertySourceProperties = '{org.springframework.boot.test.context.SpringBootTestContextBootstrapper=true}', contextCustomizers = set[org.spockframework.spring.mock.SpockContextCustomizer@0, org.springframework.boot.test.autoconfigure.properties.PropertyMappingContextCustomizer@0, org.springframework.boot.test.autoconfigure.web.servlet.WebDriverContextCustomizerFactory$Customizer@48db58e, org.springframework.boot.test.context.filter.ExcludeFilterContextCustomizer@59323de6, org.springframework.boot.test.json.DuplicateJsonObjectContextCustomizerFactory$DuplicateJsonObjectContextCustomizer@6a0ffa3e, org.springframework.boot.test.mock.mockito.MockitoContextCustomizer@0, org.springframework.boot.test.web.client.TestRestTemplateContextCustomizer@49aecf08], resourceBasePath = 'src/main/webapp', contextLoader = 'org.springframework.boot.test.context.SpringBootContextLoader', parent = [null]], attributes = map['org.springframework.test.context.web.ServletTestExecutionListener.activateListener' -> true, 'org.spockframework.spring.SpringMockTestExecutionListener.MOCKED_BEANS_LIST' -> list[[empty]], 'org.springframework.test.context.web.ServletTestExecutionListener.populatedRequestContextHolder' -> true, 'org.springframework.test.context.web.ServletTestExecutionListener.resetRequestContextHolder' -> true]], class annotated with @DirtiesContext [false] with mode [null], method annotated with @DirtiesContext [false] with mode [null].
2021-11-26 18:45:24.832 DEBUG 38388 --- [    Test worker] c.DefaultCacheAwareContextLoaderDelegate : Retrieved ApplicationContext from cache with key [[WebMergedContextConfiguration@6d50af18 testClass = GetCashLockSpec, locations = '{}', classes = '{class com.loyalty.avenger.cashlock.components.TestApplication, class com.loyalty.avenger.cashlock.components.TestApplication}', contextInitializerClasses = '[]', activeProfiles = '{int}', propertySourceLocations = '{}', propertySourceProperties = '{org.springframework.boot.test.context.SpringBootTestContextBootstrapper=true}', contextCustomizers = set[org.spockframework.spring.mock.SpockContextCustomizer@0, org.springframework.boot.test.autoconfigure.properties.PropertyMappingContextCustomizer@0, org.springframework.boot.test.autoconfigure.web.servlet.WebDriverContextCustomizerFactory$Customizer@48db58e, org.springframework.boot.test.context.filter.ExcludeFilterContextCustomizer@59323de6, org.springframework.boot.test.json.DuplicateJsonObjectContextCustomizerFactory$DuplicateJsonObjectContextCustomizer@6a0ffa3e, org.springframework.boot.test.mock.mockito.MockitoContextCustomizer@0, org.springframework.boot.test.web.client.TestRestTemplateContextCustomizer@49aecf08], resourceBasePath = 'src/main/webapp', contextLoader = 'org.springframework.boot.test.context.SpringBootContextLoader', parent = [null]]]
2021-11-26 18:45:24.832 DEBUG 38388 --- [    Test worker] org.springframework.test.context.cache   : Spring test ApplicationContext cache statistics: [DefaultContextCache@2fb6ab0d size = 1, maxSize = 32, parentContextCount = 0, hitCount = 59, missCount = 1]
2021-11-26 18:45:24.834 DEBUG 38388 --- [    Test worker] c.DefaultCacheAwareContextLoaderDelegate : Retrieved ApplicationContext from cache with key [[WebMergedContextConfiguration@6d50af18 testClass = GetCashLockSpec, locations = '{}', classes = '{class com.loyalty.avenger.cashlock.components.TestApplication, class com.loyalty.avenger.cashlock.components.TestApplication}', contextInitializerClasses = '[]', activeProfiles = '{int}', propertySourceLocations = '{}', propertySourceProperties = '{org.springframework.boot.test.context.SpringBootTestContextBootstrapper=true}', contextCustomizers = set[org.spockframework.spring.mock.SpockContextCustomizer@0, org.springframework.boot.test.autoconfigure.properties.PropertyMappingContextCustomizer@0, org.springframework.boot.test.autoconfigure.web.servlet.WebDriverContextCustomizerFactory$Customizer@48db58e, org.springframework.boot.test.context.filter.ExcludeFilterContextCustomizer@59323de6, org.springframework.boot.test.json.DuplicateJsonObjectContextCustomizerFactory$DuplicateJsonObjectContextCustomizer@6a0ffa3e, org.springframework.boot.test.mock.mockito.MockitoContextCustomizer@0, org.springframework.boot.test.web.client.TestRestTemplateContextCustomizer@49aecf08], resourceBasePath = 'src/main/webapp', contextLoader = 'org.springframework.boot.test.context.SpringBootContextLoader', parent = [null]]]
2021-11-26 18:45:24.834 DEBUG 38388 --- [    Test worker] org.springframework.test.context.cache   : Spring test ApplicationContext cache statistics: [DefaultContextCache@2fb6ab0d size = 1, maxSize = 32, parentContextCount = 0, hitCount = 60, missCount = 1]
2021-11-26 18:45:24.835 DEBUG 38388 --- [    Test worker] o.s.jdbc.core.JdbcTemplate               : Executing SQL query [select mem.member_id
from cpm.cpm_member mem
join cpm.cpm_customer cu
on mem.customer_id = cu.customer_id
JOIN CPM.cpm_member_card mc
ON mc.member_id=mem.member_id
join cpm.cpm_mbr_earning_pref mep
on mep.member_id = mem.member_id
join cpm.cpm_mbr_opt_in_pref f
on f.member_id = mem.member_id
and mem.`status` = 32
and mem.is_ghost = '0' 
and f.category = 4 
and f.sub_category = 36 
and mem.test_member = 0
and mep.earning_ratio != 100
and mem.membership_type != 829
and mem.member_id < 90000000000
and cu.email not in ('abc@abc.com', 'test@test.com', 'hellothere@gmail.com', 'CoUZM@gmai', 'CoUZM@gmail.com', 'abc^&amp;@#@loyalty.com', 'lvukadin@loyalty.com', 'awcawec@aedcace.cas', 'jbulatao@loyalty.com', 'jhellinga@loyalty.com', 'abc@loyalty.com', '15ekha@loyalty.com', 'test@loyalty.com')
and cu.email like '%_@__%.___%'
and mep.is_active = 1
limit 100]
2021-11-26 18:45:24.835 DEBUG 38388 --- [    Test worker] o.s.jdbc.datasource.DataSourceUtils      : Fetching JDBC Connection from DataSource
2021-11-26 18:45:25.000  INFO 38388 --- [    Test worker] c.l.a.cashlock.components.util.Logger    : 

[TEST AUTOMATION]
Card Number: 80000001543, New Security Pin: 1111

2021-11-26 18:46:05.047  INFO 38388 --- [    Test worker] c.l.a.cashlock.components.util.Logger    : 

[TEST AUTOMATION]
URI: https://oauth-int.airmiles.ca/oauth/token
Body Parameters: grant_type=password&client_id=nRGyXItWmxlCgGf0CG2aj8XFk069TFa9&audience=https%3A%2F%2Fmembers.loyalty.com&client_secret=Y0YOqWqx9pmdYMNk-f72zDNdIfOkYPxJCL9tjuZBGVZajArlvZqs8RsGLxqdkDuc&username=80000001543&password=1111&channel=WEB

2021-11-26 18:46:05.497  WARN 38388 --- [    Test worker] o.a.h.c.protocol.ResponseProcessCookies  : Invalid cookie header: "Set-Cookie: did=s%3Av0%3A0539f4e0-4f13-11ec-8d09-71395ed4dbfc.Dm8D61GZsKuv9mcLzEYWdOt34bDITprv%2Fx2dZQ9exGg; Max-Age=31557600; Path=/; Expires=Sun, 27 Nov 2022 05:46:05 GMT; HttpOnly; Secure; SameSite=None". Invalid 'expires' attribute: Sun, 27 Nov 2022 05:46:05 GMT
2021-11-26 18:46:05.498  WARN 38388 --- [    Test worker] o.a.h.c.protocol.ResponseProcessCookies  : Invalid cookie header: "Set-Cookie: did_compat=s%3Av0%3A0539f4e0-4f13-11ec-8d09-71395ed4dbfc.Dm8D61GZsKuv9mcLzEYWdOt34bDITprv%2Fx2dZQ9exGg; Max-Age=31557600; Path=/; Expires=Sun, 27 Nov 2022 05:46:05 GMT; HttpOnly; Secure". Invalid 'expires' attribute: Sun, 27 Nov 2022 05:46:05 GMT
2021-11-26 18:46:05.500  INFO 38388 --- [    Test worker] c.l.a.cashlock.components.util.Logger    : 

[TEST AUTOMATION]
Access token: eyJhbGciOiJSUzI1NiIsInR5cCI6IkpXVCIsImtpZCI6IlFqSkNOVVZHTVVVMk1rWkVRamcyTURsRk4wVTVOREF5UmpnM01UUXpOemsxTmpnM056UXdOUSJ9.eyJodHRwczovL21lbWJlcnMubG95YWx0eS5jb20vdmVyc2lvbiI6IjIiLCJodHRwczovL21lbWJlcnMubG95YWx0eS5jb20vbWVtYmVySWQiOiJmNDFmNzdkMS1lZTlhLTNjYjYtOWQ2Ny1hYWUzMDM1NjMwYmYiLCJodHRwczovL21lbWJlcnMubG95YWx0eS5jb20vY29sbGVjdG9yTnVtYmVyIjoiODAwMDAwMDE1NDMiLCJodHRwczovL21lbWJlcnMubG95YWx0eS5jb20vaW5mb3JtYXRpb25TdXBwcmVzc2lvbiI6ZmFsc2UsImh0dHBzOi8vbWVtYmVycy5sb3lhbHR5LmNvbS9pc0F1dGhlbnRpY2F0ZWQiOnRydWUsImlzcyI6Imh0dHBzOi8vb2F1dGgtaW50LmFpcm1pbGVzLmNhLyIsInN1YiI6ImF1dGgwfHYyLTgwMDAwMDAxNTQzIiwiYXVkIjoiaHR0cHM6Ly9tZW1iZXJzLmxveWFsdHkuY29tIiwiaWF0IjoxNjM3OTcwMzY1LCJleHAiOjE2Mzc5NzA5NjUsImF6cCI6Im5SR3lYSXRXbXhsQ2dHZjBDRzJhajhYRmswNjlURmE5Iiwic2NvcGUiOiJtZW1iZXJiYW5uZXIiLCJndHkiOiJwYXNzd29yZCJ9.R_Jts5r3a_SEEX8vHsOLjhnmBr3WocS2uBL-FwiCtHRGuu9X7KGesCnNcf-3lDwI_jW7h7XyUweV5eZOHHu4nAeQNsRWXu6E9PP5cyC3d-PBBxulBkLyd8dppoXCG9ONjlv-hDe7A_C_AwRLMSYbCiU3c6FxuGvfaLU5prW5omxvqx_KWdst9rk8x2JsK7S0t0hRbFFsEUhnSkyCJlDGFOM5dtEA5dlzvwRTicl8uoLzbWwYw3noxzd4FhKsMzc3ivmu197glrcmC2O2cIBd__hBLGB1cWWvwosM-Bg6TOiOP9u0k-mUmRXgG50GyOYEarXGqA-5XjLcpUbdEEJVeA

2021-11-26 18:46:05.501  INFO 38388 --- [    Test worker] c.l.a.cashlock.components.util.Logger    : 

[TEST AUTOMATION]
URI: https://int.airmilesapis.ca/member-preference/cash-lock
Body Parameters: {"cashRedemptionLocked":"false"}

{"cashRedemptionLocked":"false"}
2021-11-26 18:46:05.776  INFO 38388 --- [    Test worker] c.l.a.cashlock.components.util.Logger    : 

[TEST AUTOMATION]
Status Code
Expected Result Data: 200
Actual  Result  Data: 200

2021-11-26 18:46:05.776  INFO 38388 --- [    Test worker] c.l.a.cashlock.components.util.Logger    : 

[TEST AUTOMATION]
cashRedemptionLocked
Expected Result Data: false
Actual  Result  Data: false

2021-11-26 18:46:05.776  INFO 38388 --- [    Test worker] c.l.a.cashlock.components.util.Logger    : 

[TEST AUTOMATION]
URI: https://int.airmilesapis.ca/member-preference/cash-lock


2021-11-26 18:46:06.016  INFO 38388 --- [    Test worker] c.l.a.cashlock.components.util.Logger    : 

[TEST AUTOMATION]
Status Code
Expected Result Data: 200
Actual  Result  Data: 200

2021-11-26 18:46:06.017  INFO 38388 --- [    Test worker] c.l.a.cashlock.components.util.Logger    : 

[TEST AUTOMATION]
cashRedemptionLocked
Expected Result Data: false
Actual  Result  Data: false

2021-11-26 18:46:06.017 DEBUG 38388 --- [    Test worker] c.DefaultCacheAwareContextLoaderDelegate : Retrieved ApplicationContext from cache with key [[WebMergedContextConfiguration@6d50af18 testClass = GetCashLockSpec, locations = '{}', classes = '{class com.loyalty.avenger.cashlock.components.TestApplication, class com.loyalty.avenger.cashlock.components.TestApplication}', contextInitializerClasses = '[]', activeProfiles = '{int}', propertySourceLocations = '{}', propertySourceProperties = '{org.springframework.boot.test.context.SpringBootTestContextBootstrapper=true}', contextCustomizers = set[org.spockframework.spring.mock.SpockContextCustomizer@0, org.springframework.boot.test.autoconfigure.properties.PropertyMappingContextCustomizer@0, org.springframework.boot.test.autoconfigure.web.servlet.WebDriverContextCustomizerFactory$Customizer@48db58e, org.springframework.boot.test.context.filter.ExcludeFilterContextCustomizer@59323de6, org.springframework.boot.test.json.DuplicateJsonObjectContextCustomizerFactory$DuplicateJsonObjectContextCustomizer@6a0ffa3e, org.springframework.boot.test.mock.mockito.MockitoContextCustomizer@0, org.springframework.boot.test.web.client.TestRestTemplateContextCustomizer@49aecf08], resourceBasePath = 'src/main/webapp', contextLoader = 'org.springframework.boot.test.context.SpringBootContextLoader', parent = [null]]]
2021-11-26 18:46:06.018 DEBUG 38388 --- [    Test worker] org.springframework.test.context.cache   : Spring test ApplicationContext cache statistics: [DefaultContextCache@2fb6ab0d size = 1, maxSize = 32, parentContextCount = 0, hitCount = 61, missCount = 1]
2021-11-26 18:46:06.019 DEBUG 38388 --- [    Test worker] c.DefaultCacheAwareContextLoaderDelegate : Retrieved ApplicationContext from cache with key [[WebMergedContextConfiguration@6d50af18 testClass = GetCashLockSpec, locations = '{}', classes = '{class com.loyalty.avenger.cashlock.components.TestApplication, class com.loyalty.avenger.cashlock.components.TestApplication}', contextInitializerClasses = '[]', activeProfiles = '{int}', propertySourceLocations = '{}', propertySourceProperties = '{org.springframework.boot.test.context.SpringBootTestContextBootstrapper=true}', contextCustomizers = set[org.spockframework.spring.mock.SpockContextCustomizer@0, org.springframework.boot.test.autoconfigure.properties.PropertyMappingContextCustomizer@0, org.springframework.boot.test.autoconfigure.web.servlet.WebDriverContextCustomizerFactory$Customizer@48db58e, org.springframework.boot.test.context.filter.ExcludeFilterContextCustomizer@59323de6, org.springframework.boot.test.json.DuplicateJsonObjectContextCustomizerFactory$DuplicateJsonObjectContextCustomizer@6a0ffa3e, org.springframework.boot.test.mock.mockito.MockitoContextCustomizer@0, org.springframework.boot.test.web.client.TestRestTemplateContextCustomizer@49aecf08], resourceBasePath = 'src/main/webapp', contextLoader = 'org.springframework.boot.test.context.SpringBootContextLoader', parent = [null]]]
2021-11-26 18:46:06.019 DEBUG 38388 --- [    Test worker] org.springframework.test.context.cache   : Spring test ApplicationContext cache statistics: [DefaultContextCache@2fb6ab0d size = 1, maxSize = 32, parentContextCount = 0, hitCount = 62, missCount = 1]
2021-11-26 18:46:06.019 DEBUG 38388 --- [    Test worker] c.DefaultCacheAwareContextLoaderDelegate : Retrieved ApplicationContext from cache with key [[WebMergedContextConfiguration@6d50af18 testClass = GetCashLockSpec, locations = '{}', classes = '{class com.loyalty.avenger.cashlock.components.TestApplication, class com.loyalty.avenger.cashlock.components.TestApplication}', contextInitializerClasses = '[]', activeProfiles = '{int}', propertySourceLocations = '{}', propertySourceProperties = '{org.springframework.boot.test.context.SpringBootTestContextBootstrapper=true}', contextCustomizers = set[org.spockframework.spring.mock.SpockContextCustomizer@0, org.springframework.boot.test.autoconfigure.properties.PropertyMappingContextCustomizer@0, org.springframework.boot.test.autoconfigure.web.servlet.WebDriverContextCustomizerFactory$Customizer@48db58e, org.springframework.boot.test.context.filter.ExcludeFilterContextCustomizer@59323de6, org.springframework.boot.test.json.DuplicateJsonObjectContextCustomizerFactory$DuplicateJsonObjectContextCustomizer@6a0ffa3e, org.springframework.boot.test.mock.mockito.MockitoContextCustomizer@0, org.springframework.boot.test.web.client.TestRestTemplateContextCustomizer@49aecf08], resourceBasePath = 'src/main/webapp', contextLoader = 'org.springframework.boot.test.context.SpringBootContextLoader', parent = [null]]]
2021-11-26 18:46:06.019 DEBUG 38388 --- [    Test worker] org.springframework.test.context.cache   : Spring test ApplicationContext cache statistics: [DefaultContextCache@2fb6ab0d size = 1, maxSize = 32, parentContextCount = 0, hitCount = 63, missCount = 1]
2021-11-26 18:46:06.022 DEBUG 38388 --- [    Test worker] tractDirtiesContextTestExecutionListener : After test method: context [DefaultTestContext@4941bdb5 testClass = GetCashLockSpec, testInstance = com.loyalty.avenger.cashlock.specification.GetCashLockSpec@21e524f7, testMethod = $spock_feature_1_7@GetCashLockSpec, testException = [null], mergedContextConfiguration = [WebMergedContextConfiguration@6d50af18 testClass = GetCashLockSpec, locations = '{}', classes = '{class com.loyalty.avenger.cashlock.components.TestApplication, class com.loyalty.avenger.cashlock.components.TestApplication}', contextInitializerClasses = '[]', activeProfiles = '{int}', propertySourceLocations = '{}', propertySourceProperties = '{org.springframework.boot.test.context.SpringBootTestContextBootstrapper=true}', contextCustomizers = set[org.spockframework.spring.mock.SpockContextCustomizer@0, org.springframework.boot.test.autoconfigure.properties.PropertyMappingContextCustomizer@0, org.springframework.boot.test.autoconfigure.web.servlet.WebDriverContextCustomizerFactory$Customizer@48db58e, org.springframework.boot.test.context.filter.ExcludeFilterContextCustomizer@59323de6, org.springframework.boot.test.json.DuplicateJsonObjectContextCustomizerFactory$DuplicateJsonObjectContextCustomizer@6a0ffa3e, org.springframework.boot.test.mock.mockito.MockitoContextCustomizer@0, org.springframework.boot.test.web.client.TestRestTemplateContextCustomizer@49aecf08], resourceBasePath = 'src/main/webapp', contextLoader = 'org.springframework.boot.test.context.SpringBootContextLoader', parent = [null]], attributes = map['org.springframework.test.context.web.ServletTestExecutionListener.activateListener' -> true, 'org.spockframework.spring.SpringMockTestExecutionListener.MOCKED_BEANS_LIST' -> list[[empty]], 'org.springframework.test.context.web.ServletTestExecutionListener.populatedRequestContextHolder' -> true, 'org.springframework.test.context.web.ServletTestExecutionListener.resetRequestContextHolder' -> true]], class annotated with @DirtiesContext [false] with mode [null], method annotated with @DirtiesContext [false] with mode [null].
2021-11-26 18:46:06.023 DEBUG 38388 --- [    Test worker] o.s.t.c.w.ServletTestExecutionListener   : Resetting RequestContextHolder for test context [DefaultTestContext@4941bdb5 testClass = GetCashLockSpec, testInstance = com.loyalty.avenger.cashlock.specification.GetCashLockSpec@21e524f7, testMethod = $spock_feature_1_7@GetCashLockSpec, testException = [null], mergedContextConfiguration = [WebMergedContextConfiguration@6d50af18 testClass = GetCashLockSpec, locations = '{}', classes = '{class com.loyalty.avenger.cashlock.components.TestApplication, class com.loyalty.avenger.cashlock.components.TestApplication}', contextInitializerClasses = '[]', activeProfiles = '{int}', propertySourceLocations = '{}', propertySourceProperties = '{org.springframework.boot.test.context.SpringBootTestContextBootstrapper=true}', contextCustomizers = set[org.spockframework.spring.mock.SpockContextCustomizer@0, org.springframework.boot.test.autoconfigure.properties.PropertyMappingContextCustomizer@0, org.springframework.boot.test.autoconfigure.web.servlet.WebDriverContextCustomizerFactory$Customizer@48db58e, org.springframework.boot.test.context.filter.ExcludeFilterContextCustomizer@59323de6, org.springframework.boot.test.json.DuplicateJsonObjectContextCustomizerFactory$DuplicateJsonObjectContextCustomizer@6a0ffa3e, org.springframework.boot.test.mock.mockito.MockitoContextCustomizer@0, org.springframework.boot.test.web.client.TestRestTemplateContextCustomizer@49aecf08], resourceBasePath = 'src/main/webapp', contextLoader = 'org.springframework.boot.test.context.SpringBootContextLoader', parent = [null]], attributes = map['org.springframework.test.context.web.ServletTestExecutionListener.activateListener' -> true, 'org.spockframework.spring.SpringMockTestExecutionListener.MOCKED_BEANS_LIST' -> list[[empty]], 'org.springframework.test.context.web.ServletTestExecutionListener.populatedRequestContextHolder' -> true, 'org.springframework.test.context.web.ServletTestExecutionListener.resetRequestContextHolder' -> true]].
2021-11-26 18:46:06.024 DEBUG 38388 --- [    Test worker] c.DefaultCacheAwareContextLoaderDelegate : Retrieved ApplicationContext from cache with key [[WebMergedContextConfiguration@6d50af18 testClass = GetCashLockSpec, locations = '{}', classes = '{class com.loyalty.avenger.cashlock.components.TestApplication, class com.loyalty.avenger.cashlock.components.TestApplication}', contextInitializerClasses = '[]', activeProfiles = '{int}', propertySourceLocations = '{}', propertySourceProperties = '{org.springframework.boot.test.context.SpringBootTestContextBootstrapper=true}', contextCustomizers = set[org.spockframework.spring.mock.SpockContextCustomizer@0, org.springframework.boot.test.autoconfigure.properties.PropertyMappingContextCustomizer@0, org.springframework.boot.test.autoconfigure.web.servlet.WebDriverContextCustomizerFactory$Customizer@48db58e, org.springframework.boot.test.context.filter.ExcludeFilterContextCustomizer@59323de6, org.springframework.boot.test.json.DuplicateJsonObjectContextCustomizerFactory$DuplicateJsonObjectContextCustomizer@6a0ffa3e, org.springframework.boot.test.mock.mockito.MockitoContextCustomizer@0, org.springframework.boot.test.web.client.TestRestTemplateContextCustomizer@49aecf08], resourceBasePath = 'src/main/webapp', contextLoader = 'org.springframework.boot.test.context.SpringBootContextLoader', parent = [null]]]
2021-11-26 18:46:06.024 DEBUG 38388 --- [    Test worker] org.springframework.test.context.cache   : Spring test ApplicationContext cache statistics: [DefaultContextCache@2fb6ab0d size = 1, maxSize = 32, parentContextCount = 0, hitCount = 64, missCount = 1]
2021-11-26 18:46:06.024 DEBUG 38388 --- [    Test worker] o.s.t.c.w.ServletTestExecutionListener   : Setting up MockHttpServletRequest, MockHttpServletResponse, ServletWebRequest, and RequestContextHolder for test context [DefaultTestContext@4941bdb5 testClass = GetCashLockSpec, testInstance = com.loyalty.avenger.cashlock.specification.GetCashLockSpec@236a0d45, testMethod = [null], testException = [null], mergedContextConfiguration = [WebMergedContextConfiguration@6d50af18 testClass = GetCashLockSpec, locations = '{}', classes = '{class com.loyalty.avenger.cashlock.components.TestApplication, class com.loyalty.avenger.cashlock.components.TestApplication}', contextInitializerClasses = '[]', activeProfiles = '{int}', propertySourceLocations = '{}', propertySourceProperties = '{org.springframework.boot.test.context.SpringBootTestContextBootstrapper=true}', contextCustomizers = set[org.spockframework.spring.mock.SpockContextCustomizer@0, org.springframework.boot.test.autoconfigure.properties.PropertyMappingContextCustomizer@0, org.springframework.boot.test.autoconfigure.web.servlet.WebDriverContextCustomizerFactory$Customizer@48db58e, org.springframework.boot.test.context.filter.ExcludeFilterContextCustomizer@59323de6, org.springframework.boot.test.json.DuplicateJsonObjectContextCustomizerFactory$DuplicateJsonObjectContextCustomizer@6a0ffa3e, org.springframework.boot.test.mock.mockito.MockitoContextCustomizer@0, org.springframework.boot.test.web.client.TestRestTemplateContextCustomizer@49aecf08], resourceBasePath = 'src/main/webapp', contextLoader = 'org.springframework.boot.test.context.SpringBootContextLoader', parent = [null]], attributes = map['org.springframework.test.context.web.ServletTestExecutionListener.activateListener' -> true, 'org.spockframework.spring.SpringMockTestExecutionListener.MOCKED_BEANS_LIST' -> list[[empty]], 'org.springframework.test.context.support.DependencyInjectionTestExecutionListener.reinjectDependencies' -> true]].
2021-11-26 18:46:06.024 DEBUG 38388 --- [    Test worker] DependencyInjectionTestExecutionListener : Performing dependency injection for test context [[DefaultTestContext@4941bdb5 testClass = GetCashLockSpec, testInstance = com.loyalty.avenger.cashlock.specification.GetCashLockSpec@236a0d45, testMethod = [null], testException = [null], mergedContextConfiguration = [WebMergedContextConfiguration@6d50af18 testClass = GetCashLockSpec, locations = '{}', classes = '{class com.loyalty.avenger.cashlock.components.TestApplication, class com.loyalty.avenger.cashlock.components.TestApplication}', contextInitializerClasses = '[]', activeProfiles = '{int}', propertySourceLocations = '{}', propertySourceProperties = '{org.springframework.boot.test.context.SpringBootTestContextBootstrapper=true}', contextCustomizers = set[org.spockframework.spring.mock.SpockContextCustomizer@0, org.springframework.boot.test.autoconfigure.properties.PropertyMappingContextCustomizer@0, org.springframework.boot.test.autoconfigure.web.servlet.WebDriverContextCustomizerFactory$Customizer@48db58e, org.springframework.boot.test.context.filter.ExcludeFilterContextCustomizer@59323de6, org.springframework.boot.test.json.DuplicateJsonObjectContextCustomizerFactory$DuplicateJsonObjectContextCustomizer@6a0ffa3e, org.springframework.boot.test.mock.mockito.MockitoContextCustomizer@0, org.springframework.boot.test.web.client.TestRestTemplateContextCustomizer@49aecf08], resourceBasePath = 'src/main/webapp', contextLoader = 'org.springframework.boot.test.context.SpringBootContextLoader', parent = [null]], attributes = map['org.springframework.test.context.web.ServletTestExecutionListener.activateListener' -> true, 'org.spockframework.spring.SpringMockTestExecutionListener.MOCKED_BEANS_LIST' -> list[[empty]], 'org.springframework.test.context.web.ServletTestExecutionListener.populatedRequestContextHolder' -> true, 'org.springframework.test.context.web.ServletTestExecutionListener.resetRequestContextHolder' -> true, 'org.springframework.test.context.support.DependencyInjectionTestExecutionListener.reinjectDependencies' -> true]]].
2021-11-26 18:46:06.025 DEBUG 38388 --- [    Test worker] c.DefaultCacheAwareContextLoaderDelegate : Retrieved ApplicationContext from cache with key [[WebMergedContextConfiguration@6d50af18 testClass = GetCashLockSpec, locations = '{}', classes = '{class com.loyalty.avenger.cashlock.components.TestApplication, class com.loyalty.avenger.cashlock.components.TestApplication}', contextInitializerClasses = '[]', activeProfiles = '{int}', propertySourceLocations = '{}', propertySourceProperties = '{org.springframework.boot.test.context.SpringBootTestContextBootstrapper=true}', contextCustomizers = set[org.spockframework.spring.mock.SpockContextCustomizer@0, org.springframework.boot.test.autoconfigure.properties.PropertyMappingContextCustomizer@0, org.springframework.boot.test.autoconfigure.web.servlet.WebDriverContextCustomizerFactory$Customizer@48db58e, org.springframework.boot.test.context.filter.ExcludeFilterContextCustomizer@59323de6, org.springframework.boot.test.json.DuplicateJsonObjectContextCustomizerFactory$DuplicateJsonObjectContextCustomizer@6a0ffa3e, org.springframework.boot.test.mock.mockito.MockitoContextCustomizer@0, org.springframework.boot.test.web.client.TestRestTemplateContextCustomizer@49aecf08], resourceBasePath = 'src/main/webapp', contextLoader = 'org.springframework.boot.test.context.SpringBootContextLoader', parent = [null]]]
2021-11-26 18:46:06.025 DEBUG 38388 --- [    Test worker] org.springframework.test.context.cache   : Spring test ApplicationContext cache statistics: [DefaultContextCache@2fb6ab0d size = 1, maxSize = 32, parentContextCount = 0, hitCount = 65, missCount = 1]
2021-11-26 18:46:06.025 DEBUG 38388 --- [    Test worker] c.DefaultCacheAwareContextLoaderDelegate : Retrieved ApplicationContext from cache with key [[WebMergedContextConfiguration@6d50af18 testClass = GetCashLockSpec, locations = '{}', classes = '{class com.loyalty.avenger.cashlock.components.TestApplication, class com.loyalty.avenger.cashlock.components.TestApplication}', contextInitializerClasses = '[]', activeProfiles = '{int}', propertySourceLocations = '{}', propertySourceProperties = '{org.springframework.boot.test.context.SpringBootTestContextBootstrapper=true}', contextCustomizers = set[org.spockframework.spring.mock.SpockContextCustomizer@0, org.springframework.boot.test.autoconfigure.properties.PropertyMappingContextCustomizer@0, org.springframework.boot.test.autoconfigure.web.servlet.WebDriverContextCustomizerFactory$Customizer@48db58e, org.springframework.boot.test.context.filter.ExcludeFilterContextCustomizer@59323de6, org.springframework.boot.test.json.DuplicateJsonObjectContextCustomizerFactory$DuplicateJsonObjectContextCustomizer@6a0ffa3e, org.springframework.boot.test.mock.mockito.MockitoContextCustomizer@0, org.springframework.boot.test.web.client.TestRestTemplateContextCustomizer@49aecf08], resourceBasePath = 'src/main/webapp', contextLoader = 'org.springframework.boot.test.context.SpringBootContextLoader', parent = [null]]]
2021-11-26 18:46:06.026 DEBUG 38388 --- [    Test worker] org.springframework.test.context.cache   : Spring test ApplicationContext cache statistics: [DefaultContextCache@2fb6ab0d size = 1, maxSize = 32, parentContextCount = 0, hitCount = 66, missCount = 1]
2021-11-26 18:46:06.026 DEBUG 38388 --- [    Test worker] tractDirtiesContextTestExecutionListener : Before test method: context [DefaultTestContext@4941bdb5 testClass = GetCashLockSpec, testInstance = com.loyalty.avenger.cashlock.specification.GetCashLockSpec@236a0d45, testMethod = $spock_feature_1_8@GetCashLockSpec, testException = [null], mergedContextConfiguration = [WebMergedContextConfiguration@6d50af18 testClass = GetCashLockSpec, locations = '{}', classes = '{class com.loyalty.avenger.cashlock.components.TestApplication, class com.loyalty.avenger.cashlock.components.TestApplication}', contextInitializerClasses = '[]', activeProfiles = '{int}', propertySourceLocations = '{}', propertySourceProperties = '{org.springframework.boot.test.context.SpringBootTestContextBootstrapper=true}', contextCustomizers = set[org.spockframework.spring.mock.SpockContextCustomizer@0, org.springframework.boot.test.autoconfigure.properties.PropertyMappingContextCustomizer@0, org.springframework.boot.test.autoconfigure.web.servlet.WebDriverContextCustomizerFactory$Customizer@48db58e, org.springframework.boot.test.context.filter.ExcludeFilterContextCustomizer@59323de6, org.springframework.boot.test.json.DuplicateJsonObjectContextCustomizerFactory$DuplicateJsonObjectContextCustomizer@6a0ffa3e, org.springframework.boot.test.mock.mockito.MockitoContextCustomizer@0, org.springframework.boot.test.web.client.TestRestTemplateContextCustomizer@49aecf08], resourceBasePath = 'src/main/webapp', contextLoader = 'org.springframework.boot.test.context.SpringBootContextLoader', parent = [null]], attributes = map['org.springframework.test.context.web.ServletTestExecutionListener.activateListener' -> true, 'org.spockframework.spring.SpringMockTestExecutionListener.MOCKED_BEANS_LIST' -> list[[empty]], 'org.springframework.test.context.web.ServletTestExecutionListener.populatedRequestContextHolder' -> true, 'org.springframework.test.context.web.ServletTestExecutionListener.resetRequestContextHolder' -> true]], class annotated with @DirtiesContext [false] with mode [null], method annotated with @DirtiesContext [false] with mode [null].
2021-11-26 18:46:06.028 DEBUG 38388 --- [    Test worker] c.DefaultCacheAwareContextLoaderDelegate : Retrieved ApplicationContext from cache with key [[WebMergedContextConfiguration@6d50af18 testClass = GetCashLockSpec, locations = '{}', classes = '{class com.loyalty.avenger.cashlock.components.TestApplication, class com.loyalty.avenger.cashlock.components.TestApplication}', contextInitializerClasses = '[]', activeProfiles = '{int}', propertySourceLocations = '{}', propertySourceProperties = '{org.springframework.boot.test.context.SpringBootTestContextBootstrapper=true}', contextCustomizers = set[org.spockframework.spring.mock.SpockContextCustomizer@0, org.springframework.boot.test.autoconfigure.properties.PropertyMappingContextCustomizer@0, org.springframework.boot.test.autoconfigure.web.servlet.WebDriverContextCustomizerFactory$Customizer@48db58e, org.springframework.boot.test.context.filter.ExcludeFilterContextCustomizer@59323de6, org.springframework.boot.test.json.DuplicateJsonObjectContextCustomizerFactory$DuplicateJsonObjectContextCustomizer@6a0ffa3e, org.springframework.boot.test.mock.mockito.MockitoContextCustomizer@0, org.springframework.boot.test.web.client.TestRestTemplateContextCustomizer@49aecf08], resourceBasePath = 'src/main/webapp', contextLoader = 'org.springframework.boot.test.context.SpringBootContextLoader', parent = [null]]]
2021-11-26 18:46:06.028 DEBUG 38388 --- [    Test worker] org.springframework.test.context.cache   : Spring test ApplicationContext cache statistics: [DefaultContextCache@2fb6ab0d size = 1, maxSize = 32, parentContextCount = 0, hitCount = 67, missCount = 1]
2021-11-26 18:46:06.029 DEBUG 38388 --- [    Test worker] c.DefaultCacheAwareContextLoaderDelegate : Retrieved ApplicationContext from cache with key [[WebMergedContextConfiguration@6d50af18 testClass = GetCashLockSpec, locations = '{}', classes = '{class com.loyalty.avenger.cashlock.components.TestApplication, class com.loyalty.avenger.cashlock.components.TestApplication}', contextInitializerClasses = '[]', activeProfiles = '{int}', propertySourceLocations = '{}', propertySourceProperties = '{org.springframework.boot.test.context.SpringBootTestContextBootstrapper=true}', contextCustomizers = set[org.spockframework.spring.mock.SpockContextCustomizer@0, org.springframework.boot.test.autoconfigure.properties.PropertyMappingContextCustomizer@0, org.springframework.boot.test.autoconfigure.web.servlet.WebDriverContextCustomizerFactory$Customizer@48db58e, org.springframework.boot.test.context.filter.ExcludeFilterContextCustomizer@59323de6, org.springframework.boot.test.json.DuplicateJsonObjectContextCustomizerFactory$DuplicateJsonObjectContextCustomizer@6a0ffa3e, org.springframework.boot.test.mock.mockito.MockitoContextCustomizer@0, org.springframework.boot.test.web.client.TestRestTemplateContextCustomizer@49aecf08], resourceBasePath = 'src/main/webapp', contextLoader = 'org.springframework.boot.test.context.SpringBootContextLoader', parent = [null]]]
2021-11-26 18:46:06.029 DEBUG 38388 --- [    Test worker] org.springframework.test.context.cache   : Spring test ApplicationContext cache statistics: [DefaultContextCache@2fb6ab0d size = 1, maxSize = 32, parentContextCount = 0, hitCount = 68, missCount = 1]
2021-11-26 18:46:06.030 DEBUG 38388 --- [    Test worker] o.s.jdbc.core.JdbcTemplate               : Executing SQL query [select mem.member_id
from cpm.cpm_member mem
join cpm.cpm_customer cu
on mem.customer_id = cu.customer_id
JOIN CPM.cpm_member_card mc
ON mc.member_id=mem.member_id
join cpm.cpm_mbr_earning_pref mep
on mep.member_id = mem.member_id
join cpm.cpm_mbr_opt_in_pref f
on f.member_id = mem.member_id
and mem.`status` = 616
and mem.is_ghost = '0' 
and f.category = 4 
and f.sub_category = 36 
and mem.test_member = 0
and mep.earning_ratio != 100
and mem.membership_type != 829
and mem.member_id < 90000000000
and cu.email not in ('abc@abc.com', 'test@test.com', 'hellothere@gmail.com', 'CoUZM@gmai', 'CoUZM@gmail.com', 'abc^&amp;@#@loyalty.com', 'lvukadin@loyalty.com', 'awcawec@aedcace.cas', 'jbulatao@loyalty.com', 'jhellinga@loyalty.com', 'abc@loyalty.com', '15ekha@loyalty.com', 'test@loyalty.com')
and cu.email like '%_@__%.___%'
and mep.is_active = 1
limit 100]
2021-11-26 18:46:06.031 DEBUG 38388 --- [    Test worker] o.s.jdbc.datasource.DataSourceUtils      : Fetching JDBC Connection from DataSource
2021-11-26 18:46:06.425  INFO 38388 --- [    Test worker] c.l.a.cashlock.components.util.Logger    : 

[TEST AUTOMATION]
Card Number: 80001327104, New Security Pin: 1111

2021-11-26 18:46:46.438  INFO 38388 --- [    Test worker] c.l.a.cashlock.components.util.Logger    : 

[TEST AUTOMATION]
URI: https://oauth-int.airmiles.ca/oauth/token
Body Parameters: grant_type=password&client_id=nRGyXItWmxlCgGf0CG2aj8XFk069TFa9&audience=https%3A%2F%2Fmembers.loyalty.com&client_secret=Y0YOqWqx9pmdYMNk-f72zDNdIfOkYPxJCL9tjuZBGVZajArlvZqs8RsGLxqdkDuc&username=80001327104&password=1111&channel=WEB

2021-11-26 18:46:46.865  WARN 38388 --- [    Test worker] o.a.h.c.protocol.ResponseProcessCookies  : Invalid cookie header: "Set-Cookie: did=s%3Av0%3A1de23660-4f13-11ec-8d09-71395ed4dbfc.BCuVdeJHohMpSfHBMu%2BTECltG3UW3HIajYLXQDGVPnc; Max-Age=31557600; Path=/; Expires=Sun, 27 Nov 2022 05:46:46 GMT; HttpOnly; Secure; SameSite=None". Invalid 'expires' attribute: Sun, 27 Nov 2022 05:46:46 GMT
2021-11-26 18:46:46.865  WARN 38388 --- [    Test worker] o.a.h.c.protocol.ResponseProcessCookies  : Invalid cookie header: "Set-Cookie: did_compat=s%3Av0%3A1de23660-4f13-11ec-8d09-71395ed4dbfc.BCuVdeJHohMpSfHBMu%2BTECltG3UW3HIajYLXQDGVPnc; Max-Age=31557600; Path=/; Expires=Sun, 27 Nov 2022 05:46:46 GMT; HttpOnly; Secure". Invalid 'expires' attribute: Sun, 27 Nov 2022 05:46:46 GMT
2021-11-26 18:46:46.875  INFO 38388 --- [    Test worker] c.l.a.cashlock.components.util.Logger    : 

[TEST AUTOMATION]
URI: https://oauth-int.airmiles.ca/oauth/token
Body Parameters: grant_type=password&client_id=nRGyXItWmxlCgGf0CG2aj8XFk069TFa9&audience=https%3A%2F%2Fmembers.loyalty.com&client_secret=Y0YOqWqx9pmdYMNk-f72zDNdIfOkYPxJCL9tjuZBGVZajArlvZqs8RsGLxqdkDuc&username=80001327104&password=1111&channel=WEB

2021-11-26 18:46:47.202  WARN 38388 --- [    Test worker] o.a.h.c.protocol.ResponseProcessCookies  : Invalid cookie header: "Set-Cookie: did=s%3Av0%3A1e211420-4f13-11ec-8d09-71395ed4dbfc.V3OQXHP%2BETeF9f0jXwiZxzZlplSfBbTf%2BuhaCnu6WMA; Max-Age=31557600; Path=/; Expires=Sun, 27 Nov 2022 05:46:47 GMT; HttpOnly; Secure; SameSite=None". Invalid 'expires' attribute: Sun, 27 Nov 2022 05:46:47 GMT
2021-11-26 18:46:47.203  WARN 38388 --- [    Test worker] o.a.h.c.protocol.ResponseProcessCookies  : Invalid cookie header: "Set-Cookie: did_compat=s%3Av0%3A1e211420-4f13-11ec-8d09-71395ed4dbfc.V3OQXHP%2BETeF9f0jXwiZxzZlplSfBbTf%2BuhaCnu6WMA; Max-Age=31557600; Path=/; Expires=Sun, 27 Nov 2022 05:46:47 GMT; HttpOnly; Secure". Invalid 'expires' attribute: Sun, 27 Nov 2022 05:46:47 GMT
2021-11-26 18:46:47.203  INFO 38388 --- [    Test worker] c.l.a.cashlock.components.util.Logger    : 

[TEST AUTOMATION]
Response Status
Expected Result Data: 403
Actual  Result  Data: 403

2021-11-26 18:46:47.204 DEBUG 38388 --- [    Test worker] c.DefaultCacheAwareContextLoaderDelegate : Retrieved ApplicationContext from cache with key [[WebMergedContextConfiguration@6d50af18 testClass = GetCashLockSpec, locations = '{}', classes = '{class com.loyalty.avenger.cashlock.components.TestApplication, class com.loyalty.avenger.cashlock.components.TestApplication}', contextInitializerClasses = '[]', activeProfiles = '{int}', propertySourceLocations = '{}', propertySourceProperties = '{org.springframework.boot.test.context.SpringBootTestContextBootstrapper=true}', contextCustomizers = set[org.spockframework.spring.mock.SpockContextCustomizer@0, org.springframework.boot.test.autoconfigure.properties.PropertyMappingContextCustomizer@0, org.springframework.boot.test.autoconfigure.web.servlet.WebDriverContextCustomizerFactory$Customizer@48db58e, org.springframework.boot.test.context.filter.ExcludeFilterContextCustomizer@59323de6, org.springframework.boot.test.json.DuplicateJsonObjectContextCustomizerFactory$DuplicateJsonObjectContextCustomizer@6a0ffa3e, org.springframework.boot.test.mock.mockito.MockitoContextCustomizer@0, org.springframework.boot.test.web.client.TestRestTemplateContextCustomizer@49aecf08], resourceBasePath = 'src/main/webapp', contextLoader = 'org.springframework.boot.test.context.SpringBootContextLoader', parent = [null]]]
2021-11-26 18:46:47.204 DEBUG 38388 --- [    Test worker] org.springframework.test.context.cache   : Spring test ApplicationContext cache statistics: [DefaultContextCache@2fb6ab0d size = 1, maxSize = 32, parentContextCount = 0, hitCount = 69, missCount = 1]
2021-11-26 18:46:47.205 DEBUG 38388 --- [    Test worker] c.DefaultCacheAwareContextLoaderDelegate : Retrieved ApplicationContext from cache with key [[WebMergedContextConfiguration@6d50af18 testClass = GetCashLockSpec, locations = '{}', classes = '{class com.loyalty.avenger.cashlock.components.TestApplication, class com.loyalty.avenger.cashlock.components.TestApplication}', contextInitializerClasses = '[]', activeProfiles = '{int}', propertySourceLocations = '{}', propertySourceProperties = '{org.springframework.boot.test.context.SpringBootTestContextBootstrapper=true}', contextCustomizers = set[org.spockframework.spring.mock.SpockContextCustomizer@0, org.springframework.boot.test.autoconfigure.properties.PropertyMappingContextCustomizer@0, org.springframework.boot.test.autoconfigure.web.servlet.WebDriverContextCustomizerFactory$Customizer@48db58e, org.springframework.boot.test.context.filter.ExcludeFilterContextCustomizer@59323de6, org.springframework.boot.test.json.DuplicateJsonObjectContextCustomizerFactory$DuplicateJsonObjectContextCustomizer@6a0ffa3e, org.springframework.boot.test.mock.mockito.MockitoContextCustomizer@0, org.springframework.boot.test.web.client.TestRestTemplateContextCustomizer@49aecf08], resourceBasePath = 'src/main/webapp', contextLoader = 'org.springframework.boot.test.context.SpringBootContextLoader', parent = [null]]]
2021-11-26 18:46:47.205 DEBUG 38388 --- [    Test worker] org.springframework.test.context.cache   : Spring test ApplicationContext cache statistics: [DefaultContextCache@2fb6ab0d size = 1, maxSize = 32, parentContextCount = 0, hitCount = 70, missCount = 1]
2021-11-26 18:46:47.205 DEBUG 38388 --- [    Test worker] c.DefaultCacheAwareContextLoaderDelegate : Retrieved ApplicationContext from cache with key [[WebMergedContextConfiguration@6d50af18 testClass = GetCashLockSpec, locations = '{}', classes = '{class com.loyalty.avenger.cashlock.components.TestApplication, class com.loyalty.avenger.cashlock.components.TestApplication}', contextInitializerClasses = '[]', activeProfiles = '{int}', propertySourceLocations = '{}', propertySourceProperties = '{org.springframework.boot.test.context.SpringBootTestContextBootstrapper=true}', contextCustomizers = set[org.spockframework.spring.mock.SpockContextCustomizer@0, org.springframework.boot.test.autoconfigure.properties.PropertyMappingContextCustomizer@0, org.springframework.boot.test.autoconfigure.web.servlet.WebDriverContextCustomizerFactory$Customizer@48db58e, org.springframework.boot.test.context.filter.ExcludeFilterContextCustomizer@59323de6, org.springframework.boot.test.json.DuplicateJsonObjectContextCustomizerFactory$DuplicateJsonObjectContextCustomizer@6a0ffa3e, org.springframework.boot.test.mock.mockito.MockitoContextCustomizer@0, org.springframework.boot.test.web.client.TestRestTemplateContextCustomizer@49aecf08], resourceBasePath = 'src/main/webapp', contextLoader = 'org.springframework.boot.test.context.SpringBootContextLoader', parent = [null]]]
2021-11-26 18:46:47.205 DEBUG 38388 --- [    Test worker] org.springframework.test.context.cache   : Spring test ApplicationContext cache statistics: [DefaultContextCache@2fb6ab0d size = 1, maxSize = 32, parentContextCount = 0, hitCount = 71, missCount = 1]
2021-11-26 18:46:47.207 DEBUG 38388 --- [    Test worker] tractDirtiesContextTestExecutionListener : After test method: context [DefaultTestContext@4941bdb5 testClass = GetCashLockSpec, testInstance = com.loyalty.avenger.cashlock.specification.GetCashLockSpec@236a0d45, testMethod = $spock_feature_1_8@GetCashLockSpec, testException = [null], mergedContextConfiguration = [WebMergedContextConfiguration@6d50af18 testClass = GetCashLockSpec, locations = '{}', classes = '{class com.loyalty.avenger.cashlock.components.TestApplication, class com.loyalty.avenger.cashlock.components.TestApplication}', contextInitializerClasses = '[]', activeProfiles = '{int}', propertySourceLocations = '{}', propertySourceProperties = '{org.springframework.boot.test.context.SpringBootTestContextBootstrapper=true}', contextCustomizers = set[org.spockframework.spring.mock.SpockContextCustomizer@0, org.springframework.boot.test.autoconfigure.properties.PropertyMappingContextCustomizer@0, org.springframework.boot.test.autoconfigure.web.servlet.WebDriverContextCustomizerFactory$Customizer@48db58e, org.springframework.boot.test.context.filter.ExcludeFilterContextCustomizer@59323de6, org.springframework.boot.test.json.DuplicateJsonObjectContextCustomizerFactory$DuplicateJsonObjectContextCustomizer@6a0ffa3e, org.springframework.boot.test.mock.mockito.MockitoContextCustomizer@0, org.springframework.boot.test.web.client.TestRestTemplateContextCustomizer@49aecf08], resourceBasePath = 'src/main/webapp', contextLoader = 'org.springframework.boot.test.context.SpringBootContextLoader', parent = [null]], attributes = map['org.springframework.test.context.web.ServletTestExecutionListener.activateListener' -> true, 'org.spockframework.spring.SpringMockTestExecutionListener.MOCKED_BEANS_LIST' -> list[[empty]], 'org.springframework.test.context.web.ServletTestExecutionListener.populatedRequestContextHolder' -> true, 'org.springframework.test.context.web.ServletTestExecutionListener.resetRequestContextHolder' -> true]], class annotated with @DirtiesContext [false] with mode [null], method annotated with @DirtiesContext [false] with mode [null].
2021-11-26 18:46:47.207 DEBUG 38388 --- [    Test worker] o.s.t.c.w.ServletTestExecutionListener   : Resetting RequestContextHolder for test context [DefaultTestContext@4941bdb5 testClass = GetCashLockSpec, testInstance = com.loyalty.avenger.cashlock.specification.GetCashLockSpec@236a0d45, testMethod = $spock_feature_1_8@GetCashLockSpec, testException = [null], mergedContextConfiguration = [WebMergedContextConfiguration@6d50af18 testClass = GetCashLockSpec, locations = '{}', classes = '{class com.loyalty.avenger.cashlock.components.TestApplication, class com.loyalty.avenger.cashlock.components.TestApplication}', contextInitializerClasses = '[]', activeProfiles = '{int}', propertySourceLocations = '{}', propertySourceProperties = '{org.springframework.boot.test.context.SpringBootTestContextBootstrapper=true}', contextCustomizers = set[org.spockframework.spring.mock.SpockContextCustomizer@0, org.springframework.boot.test.autoconfigure.properties.PropertyMappingContextCustomizer@0, org.springframework.boot.test.autoconfigure.web.servlet.WebDriverContextCustomizerFactory$Customizer@48db58e, org.springframework.boot.test.context.filter.ExcludeFilterContextCustomizer@59323de6, org.springframework.boot.test.json.DuplicateJsonObjectContextCustomizerFactory$DuplicateJsonObjectContextCustomizer@6a0ffa3e, org.springframework.boot.test.mock.mockito.MockitoContextCustomizer@0, org.springframework.boot.test.web.client.TestRestTemplateContextCustomizer@49aecf08], resourceBasePath = 'src/main/webapp', contextLoader = 'org.springframework.boot.test.context.SpringBootContextLoader', parent = [null]], attributes = map['org.springframework.test.context.web.ServletTestExecutionListener.activateListener' -> true, 'org.spockframework.spring.SpringMockTestExecutionListener.MOCKED_BEANS_LIST' -> list[[empty]], 'org.springframework.test.context.web.ServletTestExecutionListener.populatedRequestContextHolder' -> true, 'org.springframework.test.context.web.ServletTestExecutionListener.resetRequestContextHolder' -> true]].
2021-11-26 18:46:47.207 DEBUG 38388 --- [    Test worker] c.DefaultCacheAwareContextLoaderDelegate : Retrieved ApplicationContext from cache with key [[WebMergedContextConfiguration@6d50af18 testClass = GetCashLockSpec, locations = '{}', classes = '{class com.loyalty.avenger.cashlock.components.TestApplication, class com.loyalty.avenger.cashlock.components.TestApplication}', contextInitializerClasses = '[]', activeProfiles = '{int}', propertySourceLocations = '{}', propertySourceProperties = '{org.springframework.boot.test.context.SpringBootTestContextBootstrapper=true}', contextCustomizers = set[org.spockframework.spring.mock.SpockContextCustomizer@0, org.springframework.boot.test.autoconfigure.properties.PropertyMappingContextCustomizer@0, org.springframework.boot.test.autoconfigure.web.servlet.WebDriverContextCustomizerFactory$Customizer@48db58e, org.springframework.boot.test.context.filter.ExcludeFilterContextCustomizer@59323de6, org.springframework.boot.test.json.DuplicateJsonObjectContextCustomizerFactory$DuplicateJsonObjectContextCustomizer@6a0ffa3e, org.springframework.boot.test.mock.mockito.MockitoContextCustomizer@0, org.springframework.boot.test.web.client.TestRestTemplateContextCustomizer@49aecf08], resourceBasePath = 'src/main/webapp', contextLoader = 'org.springframework.boot.test.context.SpringBootContextLoader', parent = [null]]]
2021-11-26 18:46:47.207 DEBUG 38388 --- [    Test worker] org.springframework.test.context.cache   : Spring test ApplicationContext cache statistics: [DefaultContextCache@2fb6ab0d size = 1, maxSize = 32, parentContextCount = 0, hitCount = 72, missCount = 1]
2021-11-26 18:46:47.207 DEBUG 38388 --- [    Test worker] o.s.t.c.w.ServletTestExecutionListener   : Setting up MockHttpServletRequest, MockHttpServletResponse, ServletWebRequest, and RequestContextHolder for test context [DefaultTestContext@4941bdb5 testClass = GetCashLockSpec, testInstance = com.loyalty.avenger.cashlock.specification.GetCashLockSpec@392572b9, testMethod = [null], testException = [null], mergedContextConfiguration = [WebMergedContextConfiguration@6d50af18 testClass = GetCashLockSpec, locations = '{}', classes = '{class com.loyalty.avenger.cashlock.components.TestApplication, class com.loyalty.avenger.cashlock.components.TestApplication}', contextInitializerClasses = '[]', activeProfiles = '{int}', propertySourceLocations = '{}', propertySourceProperties = '{org.springframework.boot.test.context.SpringBootTestContextBootstrapper=true}', contextCustomizers = set[org.spockframework.spring.mock.SpockContextCustomizer@0, org.springframework.boot.test.autoconfigure.properties.PropertyMappingContextCustomizer@0, org.springframework.boot.test.autoconfigure.web.servlet.WebDriverContextCustomizerFactory$Customizer@48db58e, org.springframework.boot.test.context.filter.ExcludeFilterContextCustomizer@59323de6, org.springframework.boot.test.json.DuplicateJsonObjectContextCustomizerFactory$DuplicateJsonObjectContextCustomizer@6a0ffa3e, org.springframework.boot.test.mock.mockito.MockitoContextCustomizer@0, org.springframework.boot.test.web.client.TestRestTemplateContextCustomizer@49aecf08], resourceBasePath = 'src/main/webapp', contextLoader = 'org.springframework.boot.test.context.SpringBootContextLoader', parent = [null]], attributes = map['org.springframework.test.context.web.ServletTestExecutionListener.activateListener' -> true, 'org.spockframework.spring.SpringMockTestExecutionListener.MOCKED_BEANS_LIST' -> list[[empty]], 'org.springframework.test.context.support.DependencyInjectionTestExecutionListener.reinjectDependencies' -> true]].
2021-11-26 18:46:47.208 DEBUG 38388 --- [    Test worker] DependencyInjectionTestExecutionListener : Performing dependency injection for test context [[DefaultTestContext@4941bdb5 testClass = GetCashLockSpec, testInstance = com.loyalty.avenger.cashlock.specification.GetCashLockSpec@392572b9, testMethod = [null], testException = [null], mergedContextConfiguration = [WebMergedContextConfiguration@6d50af18 testClass = GetCashLockSpec, locations = '{}', classes = '{class com.loyalty.avenger.cashlock.components.TestApplication, class com.loyalty.avenger.cashlock.components.TestApplication}', contextInitializerClasses = '[]', activeProfiles = '{int}', propertySourceLocations = '{}', propertySourceProperties = '{org.springframework.boot.test.context.SpringBootTestContextBootstrapper=true}', contextCustomizers = set[org.spockframework.spring.mock.SpockContextCustomizer@0, org.springframework.boot.test.autoconfigure.properties.PropertyMappingContextCustomizer@0, org.springframework.boot.test.autoconfigure.web.servlet.WebDriverContextCustomizerFactory$Customizer@48db58e, org.springframework.boot.test.context.filter.ExcludeFilterContextCustomizer@59323de6, org.springframework.boot.test.json.DuplicateJsonObjectContextCustomizerFactory$DuplicateJsonObjectContextCustomizer@6a0ffa3e, org.springframework.boot.test.mock.mockito.MockitoContextCustomizer@0, org.springframework.boot.test.web.client.TestRestTemplateContextCustomizer@49aecf08], resourceBasePath = 'src/main/webapp', contextLoader = 'org.springframework.boot.test.context.SpringBootContextLoader', parent = [null]], attributes = map['org.springframework.test.context.web.ServletTestExecutionListener.activateListener' -> true, 'org.spockframework.spring.SpringMockTestExecutionListener.MOCKED_BEANS_LIST' -> list[[empty]], 'org.springframework.test.context.web.ServletTestExecutionListener.populatedRequestContextHolder' -> true, 'org.springframework.test.context.web.ServletTestExecutionListener.resetRequestContextHolder' -> true, 'org.springframework.test.context.support.DependencyInjectionTestExecutionListener.reinjectDependencies' -> true]]].
2021-11-26 18:46:47.208 DEBUG 38388 --- [    Test worker] c.DefaultCacheAwareContextLoaderDelegate : Retrieved ApplicationContext from cache with key [[WebMergedContextConfiguration@6d50af18 testClass = GetCashLockSpec, locations = '{}', classes = '{class com.loyalty.avenger.cashlock.components.TestApplication, class com.loyalty.avenger.cashlock.components.TestApplication}', contextInitializerClasses = '[]', activeProfiles = '{int}', propertySourceLocations = '{}', propertySourceProperties = '{org.springframework.boot.test.context.SpringBootTestContextBootstrapper=true}', contextCustomizers = set[org.spockframework.spring.mock.SpockContextCustomizer@0, org.springframework.boot.test.autoconfigure.properties.PropertyMappingContextCustomizer@0, org.springframework.boot.test.autoconfigure.web.servlet.WebDriverContextCustomizerFactory$Customizer@48db58e, org.springframework.boot.test.context.filter.ExcludeFilterContextCustomizer@59323de6, org.springframework.boot.test.json.DuplicateJsonObjectContextCustomizerFactory$DuplicateJsonObjectContextCustomizer@6a0ffa3e, org.springframework.boot.test.mock.mockito.MockitoContextCustomizer@0, org.springframework.boot.test.web.client.TestRestTemplateContextCustomizer@49aecf08], resourceBasePath = 'src/main/webapp', contextLoader = 'org.springframework.boot.test.context.SpringBootContextLoader', parent = [null]]]
2021-11-26 18:46:47.208 DEBUG 38388 --- [    Test worker] org.springframework.test.context.cache   : Spring test ApplicationContext cache statistics: [DefaultContextCache@2fb6ab0d size = 1, maxSize = 32, parentContextCount = 0, hitCount = 73, missCount = 1]
2021-11-26 18:46:47.208 DEBUG 38388 --- [    Test worker] c.DefaultCacheAwareContextLoaderDelegate : Retrieved ApplicationContext from cache with key [[WebMergedContextConfiguration@6d50af18 testClass = GetCashLockSpec, locations = '{}', classes = '{class com.loyalty.avenger.cashlock.components.TestApplication, class com.loyalty.avenger.cashlock.components.TestApplication}', contextInitializerClasses = '[]', activeProfiles = '{int}', propertySourceLocations = '{}', propertySourceProperties = '{org.springframework.boot.test.context.SpringBootTestContextBootstrapper=true}', contextCustomizers = set[org.spockframework.spring.mock.SpockContextCustomizer@0, org.springframework.boot.test.autoconfigure.properties.PropertyMappingContextCustomizer@0, org.springframework.boot.test.autoconfigure.web.servlet.WebDriverContextCustomizerFactory$Customizer@48db58e, org.springframework.boot.test.context.filter.ExcludeFilterContextCustomizer@59323de6, org.springframework.boot.test.json.DuplicateJsonObjectContextCustomizerFactory$DuplicateJsonObjectContextCustomizer@6a0ffa3e, org.springframework.boot.test.mock.mockito.MockitoContextCustomizer@0, org.springframework.boot.test.web.client.TestRestTemplateContextCustomizer@49aecf08], resourceBasePath = 'src/main/webapp', contextLoader = 'org.springframework.boot.test.context.SpringBootContextLoader', parent = [null]]]
2021-11-26 18:46:47.209 DEBUG 38388 --- [    Test worker] org.springframework.test.context.cache   : Spring test ApplicationContext cache statistics: [DefaultContextCache@2fb6ab0d size = 1, maxSize = 32, parentContextCount = 0, hitCount = 74, missCount = 1]
2021-11-26 18:46:47.209 DEBUG 38388 --- [    Test worker] tractDirtiesContextTestExecutionListener : Before test method: context [DefaultTestContext@4941bdb5 testClass = GetCashLockSpec, testInstance = com.loyalty.avenger.cashlock.specification.GetCashLockSpec@392572b9, testMethod = $spock_feature_1_9@GetCashLockSpec, testException = [null], mergedContextConfiguration = [WebMergedContextConfiguration@6d50af18 testClass = GetCashLockSpec, locations = '{}', classes = '{class com.loyalty.avenger.cashlock.components.TestApplication, class com.loyalty.avenger.cashlock.components.TestApplication}', contextInitializerClasses = '[]', activeProfiles = '{int}', propertySourceLocations = '{}', propertySourceProperties = '{org.springframework.boot.test.context.SpringBootTestContextBootstrapper=true}', contextCustomizers = set[org.spockframework.spring.mock.SpockContextCustomizer@0, org.springframework.boot.test.autoconfigure.properties.PropertyMappingContextCustomizer@0, org.springframework.boot.test.autoconfigure.web.servlet.WebDriverContextCustomizerFactory$Customizer@48db58e, org.springframework.boot.test.context.filter.ExcludeFilterContextCustomizer@59323de6, org.springframework.boot.test.json.DuplicateJsonObjectContextCustomizerFactory$DuplicateJsonObjectContextCustomizer@6a0ffa3e, org.springframework.boot.test.mock.mockito.MockitoContextCustomizer@0, org.springframework.boot.test.web.client.TestRestTemplateContextCustomizer@49aecf08], resourceBasePath = 'src/main/webapp', contextLoader = 'org.springframework.boot.test.context.SpringBootContextLoader', parent = [null]], attributes = map['org.springframework.test.context.web.ServletTestExecutionListener.activateListener' -> true, 'org.spockframework.spring.SpringMockTestExecutionListener.MOCKED_BEANS_LIST' -> list[[empty]], 'org.springframework.test.context.web.ServletTestExecutionListener.populatedRequestContextHolder' -> true, 'org.springframework.test.context.web.ServletTestExecutionListener.resetRequestContextHolder' -> true]], class annotated with @DirtiesContext [false] with mode [null], method annotated with @DirtiesContext [false] with mode [null].
2021-11-26 18:46:47.210 DEBUG 38388 --- [    Test worker] c.DefaultCacheAwareContextLoaderDelegate : Retrieved ApplicationContext from cache with key [[WebMergedContextConfiguration@6d50af18 testClass = GetCashLockSpec, locations = '{}', classes = '{class com.loyalty.avenger.cashlock.components.TestApplication, class com.loyalty.avenger.cashlock.components.TestApplication}', contextInitializerClasses = '[]', activeProfiles = '{int}', propertySourceLocations = '{}', propertySourceProperties = '{org.springframework.boot.test.context.SpringBootTestContextBootstrapper=true}', contextCustomizers = set[org.spockframework.spring.mock.SpockContextCustomizer@0, org.springframework.boot.test.autoconfigure.properties.PropertyMappingContextCustomizer@0, org.springframework.boot.test.autoconfigure.web.servlet.WebDriverContextCustomizerFactory$Customizer@48db58e, org.springframework.boot.test.context.filter.ExcludeFilterContextCustomizer@59323de6, org.springframework.boot.test.json.DuplicateJsonObjectContextCustomizerFactory$DuplicateJsonObjectContextCustomizer@6a0ffa3e, org.springframework.boot.test.mock.mockito.MockitoContextCustomizer@0, org.springframework.boot.test.web.client.TestRestTemplateContextCustomizer@49aecf08], resourceBasePath = 'src/main/webapp', contextLoader = 'org.springframework.boot.test.context.SpringBootContextLoader', parent = [null]]]
2021-11-26 18:46:47.210 DEBUG 38388 --- [    Test worker] org.springframework.test.context.cache   : Spring test ApplicationContext cache statistics: [DefaultContextCache@2fb6ab0d size = 1, maxSize = 32, parentContextCount = 0, hitCount = 75, missCount = 1]
2021-11-26 18:46:47.210 DEBUG 38388 --- [    Test worker] c.DefaultCacheAwareContextLoaderDelegate : Retrieved ApplicationContext from cache with key [[WebMergedContextConfiguration@6d50af18 testClass = GetCashLockSpec, locations = '{}', classes = '{class com.loyalty.avenger.cashlock.components.TestApplication, class com.loyalty.avenger.cashlock.components.TestApplication}', contextInitializerClasses = '[]', activeProfiles = '{int}', propertySourceLocations = '{}', propertySourceProperties = '{org.springframework.boot.test.context.SpringBootTestContextBootstrapper=true}', contextCustomizers = set[org.spockframework.spring.mock.SpockContextCustomizer@0, org.springframework.boot.test.autoconfigure.properties.PropertyMappingContextCustomizer@0, org.springframework.boot.test.autoconfigure.web.servlet.WebDriverContextCustomizerFactory$Customizer@48db58e, org.springframework.boot.test.context.filter.ExcludeFilterContextCustomizer@59323de6, org.springframework.boot.test.json.DuplicateJsonObjectContextCustomizerFactory$DuplicateJsonObjectContextCustomizer@6a0ffa3e, org.springframework.boot.test.mock.mockito.MockitoContextCustomizer@0, org.springframework.boot.test.web.client.TestRestTemplateContextCustomizer@49aecf08], resourceBasePath = 'src/main/webapp', contextLoader = 'org.springframework.boot.test.context.SpringBootContextLoader', parent = [null]]]
2021-11-26 18:46:47.210 DEBUG 38388 --- [    Test worker] org.springframework.test.context.cache   : Spring test ApplicationContext cache statistics: [DefaultContextCache@2fb6ab0d size = 1, maxSize = 32, parentContextCount = 0, hitCount = 76, missCount = 1]
2021-11-26 18:46:47.211 DEBUG 38388 --- [    Test worker] o.s.jdbc.core.JdbcTemplate               : Executing SQL query [select mem.member_id
from cpm.cpm_member mem
join cpm.cpm_customer cu
on mem.customer_id = cu.customer_id
JOIN CPM.cpm_member_card mc
ON mc.member_id=mem.member_id
join cpm.cpm_mbr_earning_pref mep
on mep.member_id = mem.member_id
join cpm.cpm_mbr_opt_in_pref f
on f.member_id = mem.member_id
and mem.`status` = 251
and mem.is_ghost = '0' 
and f.category = 4 
and f.sub_category = 36 
and mem.test_member = 0
and mep.earning_ratio != 100
and mem.membership_type != 829
and mem.member_id < 90000000000
and cu.email not in ('abc@abc.com', 'test@test.com', 'hellothere@gmail.com', 'CoUZM@gmai', 'CoUZM@gmail.com', 'abc^&amp;@#@loyalty.com', 'lvukadin@loyalty.com', 'awcawec@aedcace.cas', 'jbulatao@loyalty.com', 'jhellinga@loyalty.com', 'abc@loyalty.com', '15ekha@loyalty.com', 'test@loyalty.com')
and cu.email like '%_@__%.___%'
and mep.is_active = 1
limit 100]
2021-11-26 18:46:47.211 DEBUG 38388 --- [    Test worker] o.s.jdbc.datasource.DataSourceUtils      : Fetching JDBC Connection from DataSource
2021-11-26 18:46:47.391  INFO 38388 --- [    Test worker] c.l.a.cashlock.components.util.Logger    : 

[TEST AUTOMATION]
Card Number: 80000033570, New Security Pin: 1111

2021-11-26 18:47:27.404  INFO 38388 --- [    Test worker] c.l.a.cashlock.components.util.Logger    : 

[TEST AUTOMATION]
URI: https://oauth-int.airmiles.ca/oauth/token
Body Parameters: grant_type=password&client_id=nRGyXItWmxlCgGf0CG2aj8XFk069TFa9&audience=https%3A%2F%2Fmembers.loyalty.com&client_secret=Y0YOqWqx9pmdYMNk-f72zDNdIfOkYPxJCL9tjuZBGVZajArlvZqs8RsGLxqdkDuc&username=80000033570&password=1111&channel=WEB

2021-11-26 18:47:27.827  WARN 38388 --- [    Test worker] o.a.h.c.protocol.ResponseProcessCookies  : Invalid cookie header: "Set-Cookie: did=s%3Av0%3A364ad6d0-4f13-11ec-8d09-71395ed4dbfc.vNk9DS%2FH8xMv1%2B3yp8R3eXjuW4wIR0purMP3ypz0HBA; Max-Age=31557600; Path=/; Expires=Sun, 27 Nov 2022 05:47:27 GMT; HttpOnly; Secure; SameSite=None". Invalid 'expires' attribute: Sun, 27 Nov 2022 05:47:27 GMT
2021-11-26 18:47:27.828  WARN 38388 --- [    Test worker] o.a.h.c.protocol.ResponseProcessCookies  : Invalid cookie header: "Set-Cookie: did_compat=s%3Av0%3A364ad6d0-4f13-11ec-8d09-71395ed4dbfc.vNk9DS%2FH8xMv1%2B3yp8R3eXjuW4wIR0purMP3ypz0HBA; Max-Age=31557600; Path=/; Expires=Sun, 27 Nov 2022 05:47:27 GMT; HttpOnly; Secure". Invalid 'expires' attribute: Sun, 27 Nov 2022 05:47:27 GMT
2021-11-26 18:47:27.839  INFO 38388 --- [    Test worker] c.l.a.cashlock.components.util.Logger    : 

[TEST AUTOMATION]
URI: https://oauth-int.airmiles.ca/oauth/token
Body Parameters: grant_type=password&client_id=nRGyXItWmxlCgGf0CG2aj8XFk069TFa9&audience=https%3A%2F%2Fmembers.loyalty.com&client_secret=Y0YOqWqx9pmdYMNk-f72zDNdIfOkYPxJCL9tjuZBGVZajArlvZqs8RsGLxqdkDuc&username=80000033570&password=1111&channel=WEB

2021-11-26 18:47:28.240  WARN 38388 --- [    Test worker] o.a.h.c.protocol.ResponseProcessCookies  : Invalid cookie header: "Set-Cookie: did=s%3Av0%3A368bfe80-4f13-11ec-8d09-71395ed4dbfc.wO8ittY5rGC%2BFvIoPehgYPu0HBnyQlhfKNvXBssRaiQ; Max-Age=31557600; Path=/; Expires=Sun, 27 Nov 2022 05:47:27 GMT; HttpOnly; Secure; SameSite=None". Invalid 'expires' attribute: Sun, 27 Nov 2022 05:47:27 GMT
2021-11-26 18:47:28.240  WARN 38388 --- [    Test worker] o.a.h.c.protocol.ResponseProcessCookies  : Invalid cookie header: "Set-Cookie: did_compat=s%3Av0%3A368bfe80-4f13-11ec-8d09-71395ed4dbfc.wO8ittY5rGC%2BFvIoPehgYPu0HBnyQlhfKNvXBssRaiQ; Max-Age=31557600; Path=/; Expires=Sun, 27 Nov 2022 05:47:28 GMT; HttpOnly; Secure". Invalid 'expires' attribute: Sun, 27 Nov 2022 05:47:28 GMT
2021-11-26 18:47:28.242  INFO 38388 --- [    Test worker] c.l.a.cashlock.components.util.Logger    : 

[TEST AUTOMATION]
Response Status
Expected Result Data: 403
Actual  Result  Data: 403

2021-11-26 18:47:28.242 DEBUG 38388 --- [    Test worker] c.DefaultCacheAwareContextLoaderDelegate : Retrieved ApplicationContext from cache with key [[WebMergedContextConfiguration@6d50af18 testClass = GetCashLockSpec, locations = '{}', classes = '{class com.loyalty.avenger.cashlock.components.TestApplication, class com.loyalty.avenger.cashlock.components.TestApplication}', contextInitializerClasses = '[]', activeProfiles = '{int}', propertySourceLocations = '{}', propertySourceProperties = '{org.springframework.boot.test.context.SpringBootTestContextBootstrapper=true}', contextCustomizers = set[org.spockframework.spring.mock.SpockContextCustomizer@0, org.springframework.boot.test.autoconfigure.properties.PropertyMappingContextCustomizer@0, org.springframework.boot.test.autoconfigure.web.servlet.WebDriverContextCustomizerFactory$Customizer@48db58e, org.springframework.boot.test.context.filter.ExcludeFilterContextCustomizer@59323de6, org.springframework.boot.test.json.DuplicateJsonObjectContextCustomizerFactory$DuplicateJsonObjectContextCustomizer@6a0ffa3e, org.springframework.boot.test.mock.mockito.MockitoContextCustomizer@0, org.springframework.boot.test.web.client.TestRestTemplateContextCustomizer@49aecf08], resourceBasePath = 'src/main/webapp', contextLoader = 'org.springframework.boot.test.context.SpringBootContextLoader', parent = [null]]]
2021-11-26 18:47:28.242 DEBUG 38388 --- [    Test worker] org.springframework.test.context.cache   : Spring test ApplicationContext cache statistics: [DefaultContextCache@2fb6ab0d size = 1, maxSize = 32, parentContextCount = 0, hitCount = 77, missCount = 1]
2021-11-26 18:47:28.243 DEBUG 38388 --- [    Test worker] c.DefaultCacheAwareContextLoaderDelegate : Retrieved ApplicationContext from cache with key [[WebMergedContextConfiguration@6d50af18 testClass = GetCashLockSpec, locations = '{}', classes = '{class com.loyalty.avenger.cashlock.components.TestApplication, class com.loyalty.avenger.cashlock.components.TestApplication}', contextInitializerClasses = '[]', activeProfiles = '{int}', propertySourceLocations = '{}', propertySourceProperties = '{org.springframework.boot.test.context.SpringBootTestContextBootstrapper=true}', contextCustomizers = set[org.spockframework.spring.mock.SpockContextCustomizer@0, org.springframework.boot.test.autoconfigure.properties.PropertyMappingContextCustomizer@0, org.springframework.boot.test.autoconfigure.web.servlet.WebDriverContextCustomizerFactory$Customizer@48db58e, org.springframework.boot.test.context.filter.ExcludeFilterContextCustomizer@59323de6, org.springframework.boot.test.json.DuplicateJsonObjectContextCustomizerFactory$DuplicateJsonObjectContextCustomizer@6a0ffa3e, org.springframework.boot.test.mock.mockito.MockitoContextCustomizer@0, org.springframework.boot.test.web.client.TestRestTemplateContextCustomizer@49aecf08], resourceBasePath = 'src/main/webapp', contextLoader = 'org.springframework.boot.test.context.SpringBootContextLoader', parent = [null]]]
2021-11-26 18:47:28.243 DEBUG 38388 --- [    Test worker] org.springframework.test.context.cache   : Spring test ApplicationContext cache statistics: [DefaultContextCache@2fb6ab0d size = 1, maxSize = 32, parentContextCount = 0, hitCount = 78, missCount = 1]
2021-11-26 18:47:28.244 DEBUG 38388 --- [    Test worker] c.DefaultCacheAwareContextLoaderDelegate : Retrieved ApplicationContext from cache with key [[WebMergedContextConfiguration@6d50af18 testClass = GetCashLockSpec, locations = '{}', classes = '{class com.loyalty.avenger.cashlock.components.TestApplication, class com.loyalty.avenger.cashlock.components.TestApplication}', contextInitializerClasses = '[]', activeProfiles = '{int}', propertySourceLocations = '{}', propertySourceProperties = '{org.springframework.boot.test.context.SpringBootTestContextBootstrapper=true}', contextCustomizers = set[org.spockframework.spring.mock.SpockContextCustomizer@0, org.springframework.boot.test.autoconfigure.properties.PropertyMappingContextCustomizer@0, org.springframework.boot.test.autoconfigure.web.servlet.WebDriverContextCustomizerFactory$Customizer@48db58e, org.springframework.boot.test.context.filter.ExcludeFilterContextCustomizer@59323de6, org.springframework.boot.test.json.DuplicateJsonObjectContextCustomizerFactory$DuplicateJsonObjectContextCustomizer@6a0ffa3e, org.springframework.boot.test.mock.mockito.MockitoContextCustomizer@0, org.springframework.boot.test.web.client.TestRestTemplateContextCustomizer@49aecf08], resourceBasePath = 'src/main/webapp', contextLoader = 'org.springframework.boot.test.context.SpringBootContextLoader', parent = [null]]]
2021-11-26 18:47:28.244 DEBUG 38388 --- [    Test worker] org.springframework.test.context.cache   : Spring test ApplicationContext cache statistics: [DefaultContextCache@2fb6ab0d size = 1, maxSize = 32, parentContextCount = 0, hitCount = 79, missCount = 1]
2021-11-26 18:47:28.247 DEBUG 38388 --- [    Test worker] tractDirtiesContextTestExecutionListener : After test method: context [DefaultTestContext@4941bdb5 testClass = GetCashLockSpec, testInstance = com.loyalty.avenger.cashlock.specification.GetCashLockSpec@392572b9, testMethod = $spock_feature_1_9@GetCashLockSpec, testException = [null], mergedContextConfiguration = [WebMergedContextConfiguration@6d50af18 testClass = GetCashLockSpec, locations = '{}', classes = '{class com.loyalty.avenger.cashlock.components.TestApplication, class com.loyalty.avenger.cashlock.components.TestApplication}', contextInitializerClasses = '[]', activeProfiles = '{int}', propertySourceLocations = '{}', propertySourceProperties = '{org.springframework.boot.test.context.SpringBootTestContextBootstrapper=true}', contextCustomizers = set[org.spockframework.spring.mock.SpockContextCustomizer@0, org.springframework.boot.test.autoconfigure.properties.PropertyMappingContextCustomizer@0, org.springframework.boot.test.autoconfigure.web.servlet.WebDriverContextCustomizerFactory$Customizer@48db58e, org.springframework.boot.test.context.filter.ExcludeFilterContextCustomizer@59323de6, org.springframework.boot.test.json.DuplicateJsonObjectContextCustomizerFactory$DuplicateJsonObjectContextCustomizer@6a0ffa3e, org.springframework.boot.test.mock.mockito.MockitoContextCustomizer@0, org.springframework.boot.test.web.client.TestRestTemplateContextCustomizer@49aecf08], resourceBasePath = 'src/main/webapp', contextLoader = 'org.springframework.boot.test.context.SpringBootContextLoader', parent = [null]], attributes = map['org.springframework.test.context.web.ServletTestExecutionListener.activateListener' -> true, 'org.spockframework.spring.SpringMockTestExecutionListener.MOCKED_BEANS_LIST' -> list[[empty]], 'org.springframework.test.context.web.ServletTestExecutionListener.populatedRequestContextHolder' -> true, 'org.springframework.test.context.web.ServletTestExecutionListener.resetRequestContextHolder' -> true]], class annotated with @DirtiesContext [false] with mode [null], method annotated with @DirtiesContext [false] with mode [null].
2021-11-26 18:47:28.248 DEBUG 38388 --- [    Test worker] o.s.t.c.w.ServletTestExecutionListener   : Resetting RequestContextHolder for test context [DefaultTestContext@4941bdb5 testClass = GetCashLockSpec, testInstance = com.loyalty.avenger.cashlock.specification.GetCashLockSpec@392572b9, testMethod = $spock_feature_1_9@GetCashLockSpec, testException = [null], mergedContextConfiguration = [WebMergedContextConfiguration@6d50af18 testClass = GetCashLockSpec, locations = '{}', classes = '{class com.loyalty.avenger.cashlock.components.TestApplication, class com.loyalty.avenger.cashlock.components.TestApplication}', contextInitializerClasses = '[]', activeProfiles = '{int}', propertySourceLocations = '{}', propertySourceProperties = '{org.springframework.boot.test.context.SpringBootTestContextBootstrapper=true}', contextCustomizers = set[org.spockframework.spring.mock.SpockContextCustomizer@0, org.springframework.boot.test.autoconfigure.properties.PropertyMappingContextCustomizer@0, org.springframework.boot.test.autoconfigure.web.servlet.WebDriverContextCustomizerFactory$Customizer@48db58e, org.springframework.boot.test.context.filter.ExcludeFilterContextCustomizer@59323de6, org.springframework.boot.test.json.DuplicateJsonObjectContextCustomizerFactory$DuplicateJsonObjectContextCustomizer@6a0ffa3e, org.springframework.boot.test.mock.mockito.MockitoContextCustomizer@0, org.springframework.boot.test.web.client.TestRestTemplateContextCustomizer@49aecf08], resourceBasePath = 'src/main/webapp', contextLoader = 'org.springframework.boot.test.context.SpringBootContextLoader', parent = [null]], attributes = map['org.springframework.test.context.web.ServletTestExecutionListener.activateListener' -> true, 'org.spockframework.spring.SpringMockTestExecutionListener.MOCKED_BEANS_LIST' -> list[[empty]], 'org.springframework.test.context.web.ServletTestExecutionListener.populatedRequestContextHolder' -> true, 'org.springframework.test.context.web.ServletTestExecutionListener.resetRequestContextHolder' -> true]].
2021-11-26 18:47:28.248 DEBUG 38388 --- [    Test worker] c.DefaultCacheAwareContextLoaderDelegate : Retrieved ApplicationContext from cache with key [[WebMergedContextConfiguration@6d50af18 testClass = GetCashLockSpec, locations = '{}', classes = '{class com.loyalty.avenger.cashlock.components.TestApplication, class com.loyalty.avenger.cashlock.components.TestApplication}', contextInitializerClasses = '[]', activeProfiles = '{int}', propertySourceLocations = '{}', propertySourceProperties = '{org.springframework.boot.test.context.SpringBootTestContextBootstrapper=true}', contextCustomizers = set[org.spockframework.spring.mock.SpockContextCustomizer@0, org.springframework.boot.test.autoconfigure.properties.PropertyMappingContextCustomizer@0, org.springframework.boot.test.autoconfigure.web.servlet.WebDriverContextCustomizerFactory$Customizer@48db58e, org.springframework.boot.test.context.filter.ExcludeFilterContextCustomizer@59323de6, org.springframework.boot.test.json.DuplicateJsonObjectContextCustomizerFactory$DuplicateJsonObjectContextCustomizer@6a0ffa3e, org.springframework.boot.test.mock.mockito.MockitoContextCustomizer@0, org.springframework.boot.test.web.client.TestRestTemplateContextCustomizer@49aecf08], resourceBasePath = 'src/main/webapp', contextLoader = 'org.springframework.boot.test.context.SpringBootContextLoader', parent = [null]]]
2021-11-26 18:47:28.248 DEBUG 38388 --- [    Test worker] org.springframework.test.context.cache   : Spring test ApplicationContext cache statistics: [DefaultContextCache@2fb6ab0d size = 1, maxSize = 32, parentContextCount = 0, hitCount = 80, missCount = 1]
2021-11-26 18:47:28.249 DEBUG 38388 --- [    Test worker] o.s.t.c.w.ServletTestExecutionListener   : Setting up MockHttpServletRequest, MockHttpServletResponse, ServletWebRequest, and RequestContextHolder for test context [DefaultTestContext@4941bdb5 testClass = GetCashLockSpec, testInstance = com.loyalty.avenger.cashlock.specification.GetCashLockSpec@859a732, testMethod = [null], testException = [null], mergedContextConfiguration = [WebMergedContextConfiguration@6d50af18 testClass = GetCashLockSpec, locations = '{}', classes = '{class com.loyalty.avenger.cashlock.components.TestApplication, class com.loyalty.avenger.cashlock.components.TestApplication}', contextInitializerClasses = '[]', activeProfiles = '{int}', propertySourceLocations = '{}', propertySourceProperties = '{org.springframework.boot.test.context.SpringBootTestContextBootstrapper=true}', contextCustomizers = set[org.spockframework.spring.mock.SpockContextCustomizer@0, org.springframework.boot.test.autoconfigure.properties.PropertyMappingContextCustomizer@0, org.springframework.boot.test.autoconfigure.web.servlet.WebDriverContextCustomizerFactory$Customizer@48db58e, org.springframework.boot.test.context.filter.ExcludeFilterContextCustomizer@59323de6, org.springframework.boot.test.json.DuplicateJsonObjectContextCustomizerFactory$DuplicateJsonObjectContextCustomizer@6a0ffa3e, org.springframework.boot.test.mock.mockito.MockitoContextCustomizer@0, org.springframework.boot.test.web.client.TestRestTemplateContextCustomizer@49aecf08], resourceBasePath = 'src/main/webapp', contextLoader = 'org.springframework.boot.test.context.SpringBootContextLoader', parent = [null]], attributes = map['org.springframework.test.context.web.ServletTestExecutionListener.activateListener' -> true, 'org.spockframework.spring.SpringMockTestExecutionListener.MOCKED_BEANS_LIST' -> list[[empty]], 'org.springframework.test.context.support.DependencyInjectionTestExecutionListener.reinjectDependencies' -> true]].
2021-11-26 18:47:28.249 DEBUG 38388 --- [    Test worker] DependencyInjectionTestExecutionListener : Performing dependency injection for test context [[DefaultTestContext@4941bdb5 testClass = GetCashLockSpec, testInstance = com.loyalty.avenger.cashlock.specification.GetCashLockSpec@859a732, testMethod = [null], testException = [null], mergedContextConfiguration = [WebMergedContextConfiguration@6d50af18 testClass = GetCashLockSpec, locations = '{}', classes = '{class com.loyalty.avenger.cashlock.components.TestApplication, class com.loyalty.avenger.cashlock.components.TestApplication}', contextInitializerClasses = '[]', activeProfiles = '{int}', propertySourceLocations = '{}', propertySourceProperties = '{org.springframework.boot.test.context.SpringBootTestContextBootstrapper=true}', contextCustomizers = set[org.spockframework.spring.mock.SpockContextCustomizer@0, org.springframework.boot.test.autoconfigure.properties.PropertyMappingContextCustomizer@0, org.springframework.boot.test.autoconfigure.web.servlet.WebDriverContextCustomizerFactory$Customizer@48db58e, org.springframework.boot.test.context.filter.ExcludeFilterContextCustomizer@59323de6, org.springframework.boot.test.json.DuplicateJsonObjectContextCustomizerFactory$DuplicateJsonObjectContextCustomizer@6a0ffa3e, org.springframework.boot.test.mock.mockito.MockitoContextCustomizer@0, org.springframework.boot.test.web.client.TestRestTemplateContextCustomizer@49aecf08], resourceBasePath = 'src/main/webapp', contextLoader = 'org.springframework.boot.test.context.SpringBootContextLoader', parent = [null]], attributes = map['org.springframework.test.context.web.ServletTestExecutionListener.activateListener' -> true, 'org.spockframework.spring.SpringMockTestExecutionListener.MOCKED_BEANS_LIST' -> list[[empty]], 'org.springframework.test.context.web.ServletTestExecutionListener.populatedRequestContextHolder' -> true, 'org.springframework.test.context.web.ServletTestExecutionListener.resetRequestContextHolder' -> true, 'org.springframework.test.context.support.DependencyInjectionTestExecutionListener.reinjectDependencies' -> true]]].
2021-11-26 18:47:28.249 DEBUG 38388 --- [    Test worker] c.DefaultCacheAwareContextLoaderDelegate : Retrieved ApplicationContext from cache with key [[WebMergedContextConfiguration@6d50af18 testClass = GetCashLockSpec, locations = '{}', classes = '{class com.loyalty.avenger.cashlock.components.TestApplication, class com.loyalty.avenger.cashlock.components.TestApplication}', contextInitializerClasses = '[]', activeProfiles = '{int}', propertySourceLocations = '{}', propertySourceProperties = '{org.springframework.boot.test.context.SpringBootTestContextBootstrapper=true}', contextCustomizers = set[org.spockframework.spring.mock.SpockContextCustomizer@0, org.springframework.boot.test.autoconfigure.properties.PropertyMappingContextCustomizer@0, org.springframework.boot.test.autoconfigure.web.servlet.WebDriverContextCustomizerFactory$Customizer@48db58e, org.springframework.boot.test.context.filter.ExcludeFilterContextCustomizer@59323de6, org.springframework.boot.test.json.DuplicateJsonObjectContextCustomizerFactory$DuplicateJsonObjectContextCustomizer@6a0ffa3e, org.springframework.boot.test.mock.mockito.MockitoContextCustomizer@0, org.springframework.boot.test.web.client.TestRestTemplateContextCustomizer@49aecf08], resourceBasePath = 'src/main/webapp', contextLoader = 'org.springframework.boot.test.context.SpringBootContextLoader', parent = [null]]]
2021-11-26 18:47:28.249 DEBUG 38388 --- [    Test worker] org.springframework.test.context.cache   : Spring test ApplicationContext cache statistics: [DefaultContextCache@2fb6ab0d size = 1, maxSize = 32, parentContextCount = 0, hitCount = 81, missCount = 1]
2021-11-26 18:47:28.250 DEBUG 38388 --- [    Test worker] c.DefaultCacheAwareContextLoaderDelegate : Retrieved ApplicationContext from cache with key [[WebMergedContextConfiguration@6d50af18 testClass = GetCashLockSpec, locations = '{}', classes = '{class com.loyalty.avenger.cashlock.components.TestApplication, class com.loyalty.avenger.cashlock.components.TestApplication}', contextInitializerClasses = '[]', activeProfiles = '{int}', propertySourceLocations = '{}', propertySourceProperties = '{org.springframework.boot.test.context.SpringBootTestContextBootstrapper=true}', contextCustomizers = set[org.spockframework.spring.mock.SpockContextCustomizer@0, org.springframework.boot.test.autoconfigure.properties.PropertyMappingContextCustomizer@0, org.springframework.boot.test.autoconfigure.web.servlet.WebDriverContextCustomizerFactory$Customizer@48db58e, org.springframework.boot.test.context.filter.ExcludeFilterContextCustomizer@59323de6, org.springframework.boot.test.json.DuplicateJsonObjectContextCustomizerFactory$DuplicateJsonObjectContextCustomizer@6a0ffa3e, org.springframework.boot.test.mock.mockito.MockitoContextCustomizer@0, org.springframework.boot.test.web.client.TestRestTemplateContextCustomizer@49aecf08], resourceBasePath = 'src/main/webapp', contextLoader = 'org.springframework.boot.test.context.SpringBootContextLoader', parent = [null]]]
2021-11-26 18:47:28.250 DEBUG 38388 --- [    Test worker] org.springframework.test.context.cache   : Spring test ApplicationContext cache statistics: [DefaultContextCache@2fb6ab0d size = 1, maxSize = 32, parentContextCount = 0, hitCount = 82, missCount = 1]
2021-11-26 18:47:28.251 DEBUG 38388 --- [    Test worker] tractDirtiesContextTestExecutionListener : Before test method: context [DefaultTestContext@4941bdb5 testClass = GetCashLockSpec, testInstance = com.loyalty.avenger.cashlock.specification.GetCashLockSpec@859a732, testMethod = $spock_feature_1_10@GetCashLockSpec, testException = [null], mergedContextConfiguration = [WebMergedContextConfiguration@6d50af18 testClass = GetCashLockSpec, locations = '{}', classes = '{class com.loyalty.avenger.cashlock.components.TestApplication, class com.loyalty.avenger.cashlock.components.TestApplication}', contextInitializerClasses = '[]', activeProfiles = '{int}', propertySourceLocations = '{}', propertySourceProperties = '{org.springframework.boot.test.context.SpringBootTestContextBootstrapper=true}', contextCustomizers = set[org.spockframework.spring.mock.SpockContextCustomizer@0, org.springframework.boot.test.autoconfigure.properties.PropertyMappingContextCustomizer@0, org.springframework.boot.test.autoconfigure.web.servlet.WebDriverContextCustomizerFactory$Customizer@48db58e, org.springframework.boot.test.context.filter.ExcludeFilterContextCustomizer@59323de6, org.springframework.boot.test.json.DuplicateJsonObjectContextCustomizerFactory$DuplicateJsonObjectContextCustomizer@6a0ffa3e, org.springframework.boot.test.mock.mockito.MockitoContextCustomizer@0, org.springframework.boot.test.web.client.TestRestTemplateContextCustomizer@49aecf08], resourceBasePath = 'src/main/webapp', contextLoader = 'org.springframework.boot.test.context.SpringBootContextLoader', parent = [null]], attributes = map['org.springframework.test.context.web.ServletTestExecutionListener.activateListener' -> true, 'org.spockframework.spring.SpringMockTestExecutionListener.MOCKED_BEANS_LIST' -> list[[empty]], 'org.springframework.test.context.web.ServletTestExecutionListener.populatedRequestContextHolder' -> true, 'org.springframework.test.context.web.ServletTestExecutionListener.resetRequestContextHolder' -> true]], class annotated with @DirtiesContext [false] with mode [null], method annotated with @DirtiesContext [false] with mode [null].
2021-11-26 18:47:28.253 DEBUG 38388 --- [    Test worker] c.DefaultCacheAwareContextLoaderDelegate : Retrieved ApplicationContext from cache with key [[WebMergedContextConfiguration@6d50af18 testClass = GetCashLockSpec, locations = '{}', classes = '{class com.loyalty.avenger.cashlock.components.TestApplication, class com.loyalty.avenger.cashlock.components.TestApplication}', contextInitializerClasses = '[]', activeProfiles = '{int}', propertySourceLocations = '{}', propertySourceProperties = '{org.springframework.boot.test.context.SpringBootTestContextBootstrapper=true}', contextCustomizers = set[org.spockframework.spring.mock.SpockContextCustomizer@0, org.springframework.boot.test.autoconfigure.properties.PropertyMappingContextCustomizer@0, org.springframework.boot.test.autoconfigure.web.servlet.WebDriverContextCustomizerFactory$Customizer@48db58e, org.springframework.boot.test.context.filter.ExcludeFilterContextCustomizer@59323de6, org.springframework.boot.test.json.DuplicateJsonObjectContextCustomizerFactory$DuplicateJsonObjectContextCustomizer@6a0ffa3e, org.springframework.boot.test.mock.mockito.MockitoContextCustomizer@0, org.springframework.boot.test.web.client.TestRestTemplateContextCustomizer@49aecf08], resourceBasePath = 'src/main/webapp', contextLoader = 'org.springframework.boot.test.context.SpringBootContextLoader', parent = [null]]]
2021-11-26 18:47:28.253 DEBUG 38388 --- [    Test worker] org.springframework.test.context.cache   : Spring test ApplicationContext cache statistics: [DefaultContextCache@2fb6ab0d size = 1, maxSize = 32, parentContextCount = 0, hitCount = 83, missCount = 1]
2021-11-26 18:47:28.254 DEBUG 38388 --- [    Test worker] c.DefaultCacheAwareContextLoaderDelegate : Retrieved ApplicationContext from cache with key [[WebMergedContextConfiguration@6d50af18 testClass = GetCashLockSpec, locations = '{}', classes = '{class com.loyalty.avenger.cashlock.components.TestApplication, class com.loyalty.avenger.cashlock.components.TestApplication}', contextInitializerClasses = '[]', activeProfiles = '{int}', propertySourceLocations = '{}', propertySourceProperties = '{org.springframework.boot.test.context.SpringBootTestContextBootstrapper=true}', contextCustomizers = set[org.spockframework.spring.mock.SpockContextCustomizer@0, org.springframework.boot.test.autoconfigure.properties.PropertyMappingContextCustomizer@0, org.springframework.boot.test.autoconfigure.web.servlet.WebDriverContextCustomizerFactory$Customizer@48db58e, org.springframework.boot.test.context.filter.ExcludeFilterContextCustomizer@59323de6, org.springframework.boot.test.json.DuplicateJsonObjectContextCustomizerFactory$DuplicateJsonObjectContextCustomizer@6a0ffa3e, org.springframework.boot.test.mock.mockito.MockitoContextCustomizer@0, org.springframework.boot.test.web.client.TestRestTemplateContextCustomizer@49aecf08], resourceBasePath = 'src/main/webapp', contextLoader = 'org.springframework.boot.test.context.SpringBootContextLoader', parent = [null]]]
2021-11-26 18:47:28.254 DEBUG 38388 --- [    Test worker] org.springframework.test.context.cache   : Spring test ApplicationContext cache statistics: [DefaultContextCache@2fb6ab0d size = 1, maxSize = 32, parentContextCount = 0, hitCount = 84, missCount = 1]
2021-11-26 18:47:28.255 DEBUG 38388 --- [    Test worker] o.s.jdbc.core.JdbcTemplate               : Executing SQL query [select mem.member_id
from cpm.cpm_member mem
join cpm.cpm_customer cu
on mem.customer_id = cu.customer_id
JOIN CPM.cpm_member_card mc
ON mc.member_id=mem.member_id
join cpm.cpm_mbr_earning_pref mep
on mep.member_id = mem.member_id
join cpm.cpm_mbr_opt_in_pref f
on f.member_id = mem.member_id
and mem.`status` = 251
and mem.is_ghost = '0' 
and f.category = 4 
and f.sub_category = 36 
and mem.test_member = 0
and mep.earning_ratio != 100
and mem.membership_type != 829
and mem.member_id < 90000000000
and cu.email not in ('abc@abc.com', 'test@test.com', 'hellothere@gmail.com', 'CoUZM@gmai', 'CoUZM@gmail.com', 'abc^&amp;@#@loyalty.com', 'lvukadin@loyalty.com', 'awcawec@aedcace.cas', 'jbulatao@loyalty.com', 'jhellinga@loyalty.com', 'abc@loyalty.com', '15ekha@loyalty.com', 'test@loyalty.com')
and cu.email like '%_@__%.___%'
and mep.is_active = 1
limit 100]
2021-11-26 18:47:28.255 DEBUG 38388 --- [    Test worker] o.s.jdbc.datasource.DataSourceUtils      : Fetching JDBC Connection from DataSource
2021-11-26 18:47:28.411  INFO 38388 --- [    Test worker] c.l.a.cashlock.components.util.Logger    : 

[TEST AUTOMATION]
Card Number: 80000025310, New Security Pin: 1111

2021-11-26 18:48:08.424  INFO 38388 --- [    Test worker] c.l.a.cashlock.components.util.Logger    : 

[TEST AUTOMATION]
URI: https://oauth-int.airmiles.ca/oauth/token
Body Parameters: grant_type=password&client_id=nRGyXItWmxlCgGf0CG2aj8XFk069TFa9&audience=https%3A%2F%2Fmembers.loyalty.com&client_secret=Y0YOqWqx9pmdYMNk-f72zDNdIfOkYPxJCL9tjuZBGVZajArlvZqs8RsGLxqdkDuc&username=80000025310&password=1111&channel=WEB

2021-11-26 18:48:09.001  WARN 38388 --- [    Test worker] o.a.h.c.protocol.ResponseProcessCookies  : Invalid cookie header: "Set-Cookie: did=s%3Av0%3A4ec614e0-4f13-11ec-8d09-71395ed4dbfc.4GaDgvbTt7XFoFuKYHJBuCRfKo4rXgtuwCfC1AGhKX0; Max-Age=31557600; Path=/; Expires=Sun, 27 Nov 2022 05:48:08 GMT; HttpOnly; Secure; SameSite=None". Invalid 'expires' attribute: Sun, 27 Nov 2022 05:48:08 GMT
2021-11-26 18:48:09.001  WARN 38388 --- [    Test worker] o.a.h.c.protocol.ResponseProcessCookies  : Invalid cookie header: "Set-Cookie: did_compat=s%3Av0%3A4ec614e0-4f13-11ec-8d09-71395ed4dbfc.4GaDgvbTt7XFoFuKYHJBuCRfKo4rXgtuwCfC1AGhKX0; Max-Age=31557600; Path=/; Expires=Sun, 27 Nov 2022 05:48:08 GMT; HttpOnly; Secure". Invalid 'expires' attribute: Sun, 27 Nov 2022 05:48:08 GMT
2021-11-26 18:48:09.007  INFO 38388 --- [    Test worker] c.l.a.cashlock.components.util.Logger    : 

[TEST AUTOMATION]
URI: https://oauth-int.airmiles.ca/oauth/token
Body Parameters: grant_type=password&client_id=nRGyXItWmxlCgGf0CG2aj8XFk069TFa9&audience=https%3A%2F%2Fmembers.loyalty.com&client_secret=Y0YOqWqx9pmdYMNk-f72zDNdIfOkYPxJCL9tjuZBGVZajArlvZqs8RsGLxqdkDuc&username=80000025310&password=1111&channel=WEB

2021-11-26 18:48:09.407  WARN 38388 --- [    Test worker] o.a.h.c.protocol.ResponseProcessCookies  : Invalid cookie header: "Set-Cookie: did=s%3Av0%3A4f16a5e0-4f13-11ec-8d09-71395ed4dbfc.h9GRO6MD2rM8YdvJtnsqcAOrqU2tA1MDo455vhFn32w; Max-Age=31557600; Path=/; Expires=Sun, 27 Nov 2022 05:48:09 GMT; HttpOnly; Secure; SameSite=None". Invalid 'expires' attribute: Sun, 27 Nov 2022 05:48:09 GMT
2021-11-26 18:48:09.407  WARN 38388 --- [    Test worker] o.a.h.c.protocol.ResponseProcessCookies  : Invalid cookie header: "Set-Cookie: did_compat=s%3Av0%3A4f16a5e0-4f13-11ec-8d09-71395ed4dbfc.h9GRO6MD2rM8YdvJtnsqcAOrqU2tA1MDo455vhFn32w; Max-Age=31557600; Path=/; Expires=Sun, 27 Nov 2022 05:48:09 GMT; HttpOnly; Secure". Invalid 'expires' attribute: Sun, 27 Nov 2022 05:48:09 GMT
2021-11-26 18:48:09.408  INFO 38388 --- [    Test worker] c.l.a.cashlock.components.util.Logger    : 

[TEST AUTOMATION]
Response Status
Expected Result Data: 403
Actual  Result  Data: 403

2021-11-26 18:48:09.408 DEBUG 38388 --- [    Test worker] c.DefaultCacheAwareContextLoaderDelegate : Retrieved ApplicationContext from cache with key [[WebMergedContextConfiguration@6d50af18 testClass = GetCashLockSpec, locations = '{}', classes = '{class com.loyalty.avenger.cashlock.components.TestApplication, class com.loyalty.avenger.cashlock.components.TestApplication}', contextInitializerClasses = '[]', activeProfiles = '{int}', propertySourceLocations = '{}', propertySourceProperties = '{org.springframework.boot.test.context.SpringBootTestContextBootstrapper=true}', contextCustomizers = set[org.spockframework.spring.mock.SpockContextCustomizer@0, org.springframework.boot.test.autoconfigure.properties.PropertyMappingContextCustomizer@0, org.springframework.boot.test.autoconfigure.web.servlet.WebDriverContextCustomizerFactory$Customizer@48db58e, org.springframework.boot.test.context.filter.ExcludeFilterContextCustomizer@59323de6, org.springframework.boot.test.json.DuplicateJsonObjectContextCustomizerFactory$DuplicateJsonObjectContextCustomizer@6a0ffa3e, org.springframework.boot.test.mock.mockito.MockitoContextCustomizer@0, org.springframework.boot.test.web.client.TestRestTemplateContextCustomizer@49aecf08], resourceBasePath = 'src/main/webapp', contextLoader = 'org.springframework.boot.test.context.SpringBootContextLoader', parent = [null]]]
2021-11-26 18:48:09.408 DEBUG 38388 --- [    Test worker] org.springframework.test.context.cache   : Spring test ApplicationContext cache statistics: [DefaultContextCache@2fb6ab0d size = 1, maxSize = 32, parentContextCount = 0, hitCount = 85, missCount = 1]
2021-11-26 18:48:09.408 DEBUG 38388 --- [    Test worker] c.DefaultCacheAwareContextLoaderDelegate : Retrieved ApplicationContext from cache with key [[WebMergedContextConfiguration@6d50af18 testClass = GetCashLockSpec, locations = '{}', classes = '{class com.loyalty.avenger.cashlock.components.TestApplication, class com.loyalty.avenger.cashlock.components.TestApplication}', contextInitializerClasses = '[]', activeProfiles = '{int}', propertySourceLocations = '{}', propertySourceProperties = '{org.springframework.boot.test.context.SpringBootTestContextBootstrapper=true}', contextCustomizers = set[org.spockframework.spring.mock.SpockContextCustomizer@0, org.springframework.boot.test.autoconfigure.properties.PropertyMappingContextCustomizer@0, org.springframework.boot.test.autoconfigure.web.servlet.WebDriverContextCustomizerFactory$Customizer@48db58e, org.springframework.boot.test.context.filter.ExcludeFilterContextCustomizer@59323de6, org.springframework.boot.test.json.DuplicateJsonObjectContextCustomizerFactory$DuplicateJsonObjectContextCustomizer@6a0ffa3e, org.springframework.boot.test.mock.mockito.MockitoContextCustomizer@0, org.springframework.boot.test.web.client.TestRestTemplateContextCustomizer@49aecf08], resourceBasePath = 'src/main/webapp', contextLoader = 'org.springframework.boot.test.context.SpringBootContextLoader', parent = [null]]]
2021-11-26 18:48:09.408 DEBUG 38388 --- [    Test worker] org.springframework.test.context.cache   : Spring test ApplicationContext cache statistics: [DefaultContextCache@2fb6ab0d size = 1, maxSize = 32, parentContextCount = 0, hitCount = 86, missCount = 1]
2021-11-26 18:48:09.408 DEBUG 38388 --- [    Test worker] c.DefaultCacheAwareContextLoaderDelegate : Retrieved ApplicationContext from cache with key [[WebMergedContextConfiguration@6d50af18 testClass = GetCashLockSpec, locations = '{}', classes = '{class com.loyalty.avenger.cashlock.components.TestApplication, class com.loyalty.avenger.cashlock.components.TestApplication}', contextInitializerClasses = '[]', activeProfiles = '{int}', propertySourceLocations = '{}', propertySourceProperties = '{org.springframework.boot.test.context.SpringBootTestContextBootstrapper=true}', contextCustomizers = set[org.spockframework.spring.mock.SpockContextCustomizer@0, org.springframework.boot.test.autoconfigure.properties.PropertyMappingContextCustomizer@0, org.springframework.boot.test.autoconfigure.web.servlet.WebDriverContextCustomizerFactory$Customizer@48db58e, org.springframework.boot.test.context.filter.ExcludeFilterContextCustomizer@59323de6, org.springframework.boot.test.json.DuplicateJsonObjectContextCustomizerFactory$DuplicateJsonObjectContextCustomizer@6a0ffa3e, org.springframework.boot.test.mock.mockito.MockitoContextCustomizer@0, org.springframework.boot.test.web.client.TestRestTemplateContextCustomizer@49aecf08], resourceBasePath = 'src/main/webapp', contextLoader = 'org.springframework.boot.test.context.SpringBootContextLoader', parent = [null]]]
2021-11-26 18:48:09.408 DEBUG 38388 --- [    Test worker] org.springframework.test.context.cache   : Spring test ApplicationContext cache statistics: [DefaultContextCache@2fb6ab0d size = 1, maxSize = 32, parentContextCount = 0, hitCount = 87, missCount = 1]
2021-11-26 18:48:09.410 DEBUG 38388 --- [    Test worker] tractDirtiesContextTestExecutionListener : After test method: context [DefaultTestContext@4941bdb5 testClass = GetCashLockSpec, testInstance = com.loyalty.avenger.cashlock.specification.GetCashLockSpec@859a732, testMethod = $spock_feature_1_10@GetCashLockSpec, testException = [null], mergedContextConfiguration = [WebMergedContextConfiguration@6d50af18 testClass = GetCashLockSpec, locations = '{}', classes = '{class com.loyalty.avenger.cashlock.components.TestApplication, class com.loyalty.avenger.cashlock.components.TestApplication}', contextInitializerClasses = '[]', activeProfiles = '{int}', propertySourceLocations = '{}', propertySourceProperties = '{org.springframework.boot.test.context.SpringBootTestContextBootstrapper=true}', contextCustomizers = set[org.spockframework.spring.mock.SpockContextCustomizer@0, org.springframework.boot.test.autoconfigure.properties.PropertyMappingContextCustomizer@0, org.springframework.boot.test.autoconfigure.web.servlet.WebDriverContextCustomizerFactory$Customizer@48db58e, org.springframework.boot.test.context.filter.ExcludeFilterContextCustomizer@59323de6, org.springframework.boot.test.json.DuplicateJsonObjectContextCustomizerFactory$DuplicateJsonObjectContextCustomizer@6a0ffa3e, org.springframework.boot.test.mock.mockito.MockitoContextCustomizer@0, org.springframework.boot.test.web.client.TestRestTemplateContextCustomizer@49aecf08], resourceBasePath = 'src/main/webapp', contextLoader = 'org.springframework.boot.test.context.SpringBootContextLoader', parent = [null]], attributes = map['org.springframework.test.context.web.ServletTestExecutionListener.activateListener' -> true, 'org.spockframework.spring.SpringMockTestExecutionListener.MOCKED_BEANS_LIST' -> list[[empty]], 'org.springframework.test.context.web.ServletTestExecutionListener.populatedRequestContextHolder' -> true, 'org.springframework.test.context.web.ServletTestExecutionListener.resetRequestContextHolder' -> true]], class annotated with @DirtiesContext [false] with mode [null], method annotated with @DirtiesContext [false] with mode [null].
2021-11-26 18:48:09.410 DEBUG 38388 --- [    Test worker] o.s.t.c.w.ServletTestExecutionListener   : Resetting RequestContextHolder for test context [DefaultTestContext@4941bdb5 testClass = GetCashLockSpec, testInstance = com.loyalty.avenger.cashlock.specification.GetCashLockSpec@859a732, testMethod = $spock_feature_1_10@GetCashLockSpec, testException = [null], mergedContextConfiguration = [WebMergedContextConfiguration@6d50af18 testClass = GetCashLockSpec, locations = '{}', classes = '{class com.loyalty.avenger.cashlock.components.TestApplication, class com.loyalty.avenger.cashlock.components.TestApplication}', contextInitializerClasses = '[]', activeProfiles = '{int}', propertySourceLocations = '{}', propertySourceProperties = '{org.springframework.boot.test.context.SpringBootTestContextBootstrapper=true}', contextCustomizers = set[org.spockframework.spring.mock.SpockContextCustomizer@0, org.springframework.boot.test.autoconfigure.properties.PropertyMappingContextCustomizer@0, org.springframework.boot.test.autoconfigure.web.servlet.WebDriverContextCustomizerFactory$Customizer@48db58e, org.springframework.boot.test.context.filter.ExcludeFilterContextCustomizer@59323de6, org.springframework.boot.test.json.DuplicateJsonObjectContextCustomizerFactory$DuplicateJsonObjectContextCustomizer@6a0ffa3e, org.springframework.boot.test.mock.mockito.MockitoContextCustomizer@0, org.springframework.boot.test.web.client.TestRestTemplateContextCustomizer@49aecf08], resourceBasePath = 'src/main/webapp', contextLoader = 'org.springframework.boot.test.context.SpringBootContextLoader', parent = [null]], attributes = map['org.springframework.test.context.web.ServletTestExecutionListener.activateListener' -> true, 'org.spockframework.spring.SpringMockTestExecutionListener.MOCKED_BEANS_LIST' -> list[[empty]], 'org.springframework.test.context.web.ServletTestExecutionListener.populatedRequestContextHolder' -> true, 'org.springframework.test.context.web.ServletTestExecutionListener.resetRequestContextHolder' -> true]].
2021-11-26 18:48:09.411 DEBUG 38388 --- [    Test worker] tractDirtiesContextTestExecutionListener : After test class: context [DefaultTestContext@4941bdb5 testClass = GetCashLockSpec, testInstance = [null], testMethod = [null], testException = [null], mergedContextConfiguration = [WebMergedContextConfiguration@6d50af18 testClass = GetCashLockSpec, locations = '{}', classes = '{class com.loyalty.avenger.cashlock.components.TestApplication, class com.loyalty.avenger.cashlock.components.TestApplication}', contextInitializerClasses = '[]', activeProfiles = '{int}', propertySourceLocations = '{}', propertySourceProperties = '{org.springframework.boot.test.context.SpringBootTestContextBootstrapper=true}', contextCustomizers = set[org.spockframework.spring.mock.SpockContextCustomizer@0, org.springframework.boot.test.autoconfigure.properties.PropertyMappingContextCustomizer@0, org.springframework.boot.test.autoconfigure.web.servlet.WebDriverContextCustomizerFactory$Customizer@48db58e, org.springframework.boot.test.context.filter.ExcludeFilterContextCustomizer@59323de6, org.springframework.boot.test.json.DuplicateJsonObjectContextCustomizerFactory$DuplicateJsonObjectContextCustomizer@6a0ffa3e, org.springframework.boot.test.mock.mockito.MockitoContextCustomizer@0, org.springframework.boot.test.web.client.TestRestTemplateContextCustomizer@49aecf08], resourceBasePath = 'src/main/webapp', contextLoader = 'org.springframework.boot.test.context.SpringBootContextLoader', parent = [null]], attributes = map['org.springframework.test.context.web.ServletTestExecutionListener.activateListener' -> true, 'org.spockframework.spring.SpringMockTestExecutionListener.MOCKED_BEANS_LIST' -> list[[empty]], 'org.springframework.test.context.support.DependencyInjectionTestExecutionListener.reinjectDependencies' -> true]], class annotated with @DirtiesContext [false] with mode [null].
]]></system-out>
  <system-err><![CDATA[]]></system-err>
</testsuite>
